
------------------------------------------------------------------------

klsp  =     1
state =     1
name  = Rb_5s1

nwt   =    17
nwb   =    17
nch   =    25
ncp   =     0
npert =     0
ncfg  =    25

State:     1  -2979.82827550  4p-2.4p4.5s.1/2

 ks 2     0.99536311     0.99074771
 kp-2     0.01673291     0.00027999
 kp 2     0.03602489     0.00129779
 kp-3     0.02198316     0.00048326
 kp 3     0.01397700     0.00019536
 kp-4     0.01886827     0.00035601
 kp 4     0.02010684     0.00040429
 ks 3     0.00788625     0.00006219
 kd-2     0.00366714     0.00001345
 ks 4     0.00838657     0.00007033
 kd-3     0.00428815     0.00001839
 kd-4     0.00220557     0.00000486
 kd 2     0.03802371     0.00144580
 kd-5     0.00881828     0.00007776
 kd 3     0.01899675     0.00036088
 ks 5     0.00235976     0.00000557
 kd-6     0.02967825     0.00088080
 ks 6     0.00685060     0.00004693
 kd-7     0.01177598     0.00013867
 kd-8     0.04377109     0.00191591
 kd 4     0.00427643     0.00001829
 kp-5     0.01273238     0.00016211
 kp 5     0.01361304     0.00018531
 kp-6     0.01183479     0.00014006
 kp 6     0.02623482     0.00068827

------------------------------------------------------------------------


------------------------------------------------------------------------

klsp  =     2
state =     1
name  = Rb_5p1

nwt   =    17
nwb   =    17
nch   =    25
ncp   =     0
npert =     0
ncfg  =    25

State:     1  -2979.77526410  4p-2.4p4.5p-.1/2*

 kp-2     0.99752601     0.99505814
 ks 2     0.01108996     0.00012299
 kd-2     0.01479033     0.00021875
 ks 3     0.00915731     0.00008386
 kd-3     0.02043860     0.00041774
 ks 4     0.00755786     0.00005712
 kd-4     0.01266870     0.00016050
 kp-3     0.00002165     0.00000000
 kp 2     0.00740893     0.00005489
 kp-4     0.00108409     0.00000118
 kp 3     0.00174117     0.00000303
 kp 4     0.01086284     0.00011800
 kf-1     0.00262634     0.00000690
 kp 5     0.00166776     0.00000278
 kf-2     0.00242513     0.00000588
 kp-5     0.00503965     0.00002540
 kp 6     0.00007693     0.00000001
 kp-6     0.00008443     0.00000001
 kp 7     0.00232776     0.00000542
 kp 8     0.00055966     0.00000031
 kf-3     0.00463951     0.00002153
 ks 5     0.00825865     0.00006821
 kd-5     0.02813335     0.00079149
 ks 6     0.03662629     0.00134149
 kd-6     0.03773881     0.00142422

------------------------------------------------------------------------


------------------------------------------------------------------------

klsp  =     3
state =     1
name  = Rb_5p3

nwt   =    17
nwb   =    17
nch   =    40
ncp   =     0
npert =     0
ncfg  =    40

State:     1  -2979.77365854  4p-2.4p4.5p.3/2*

 kp 2     0.99803741     0.99607867
 ks 2     0.01551587     0.00024074
 kd-2     0.01123713     0.00012627
 kd 2     0.02331525     0.00054360
 ks 3     0.00723948     0.00005241
 kd-3     0.01972064     0.00038890
 kd 3     0.01072084     0.00011494
 ks 4     0.00105504     0.00000111
 kd-4     0.00606991     0.00003684
 kd 4     0.01126576     0.00012692
 kp-2     0.00228364     0.00000522
 kp 3     0.00209219     0.00000438
 kf-1     0.00162791     0.00000265
 kp-3     0.00134320     0.00000180
 kp 4     0.00990731     0.00009815
 kf-2     0.00130113     0.00000169
 kp-4     0.00035118     0.00000012
 kp 5     0.00141891     0.00000201
 kf-3     0.00279853     0.00000783
 kf 1     0.00431579     0.00001863
 kp-5     0.00112599     0.00000127
 kp 6     0.00373644     0.00001396
 kf-4     0.00102574     0.00000105
 kf 2     0.00185579     0.00000344
 kp-6     0.00009397     0.00000001
 kp 7     0.00099602     0.00000099
 kf-5     0.00422095     0.00001782
 kp-7     0.00236879     0.00000561
 kp 8     0.00120854     0.00000146
 kf-6     0.00187953     0.00000353
 kp-8     0.00277948     0.00000773
 kp 9     0.00104256     0.00000109
 kf-7     0.00319692     0.00001022
 kf 3     0.00193872     0.00000376
 ks 5     0.00464221     0.00002155
 kd-5     0.00822324     0.00006762
 kd 5     0.02408779     0.00058022
 ks 6     0.01012436     0.00010250
 kd-6     0.01119158     0.00012525
 kd 6     0.03634041     0.00132063

------------------------------------------------------------------------


------------------------------------------------------------------------

klsp  =     4
state =     1
name  = Rb_4d3

nwt   =    17
nwb   =    17
nch   =    37
ncp   =     0
npert =     0
ncfg  =    37

State:     1  -2979.74340136  4p-2.4p4.4d-.3/2

 kd-2     0.99795228     0.99590875
 kp-2     0.01073300     0.00011520
 kp 2     0.00426525     0.00001819
 kf-1     0.01336852     0.00017872
 kp-3     0.00822031     0.00006757
 kp 3     0.00484815     0.00002350
 kf-2     0.00683318     0.00004669
 kp-4     0.00749410     0.00005616
 kp 4     0.01412180     0.00019943
 kf-3     0.01504761     0.00022643
 ks 2     0.00177390     0.00000315
 kd-3     0.00129218     0.00000167
 kd 2     0.02074313     0.00043028
 ks 3     0.00148112     0.00000219
 kd-4     0.00070309     0.00000049
 kd 3     0.00598754     0.00003585
 ks 4     0.00642041     0.00004122
 kd-5     0.00331598     0.00001100
 kd 4     0.01731405     0.00029978
 ks 5     0.00263572     0.00000695
 kd-6     0.00226266     0.00000512
 kd 5     0.00538794     0.00002903
 ks 6     0.00435227     0.00001894
 kd-7     0.01396043     0.00019489
 kd 6     0.00010516     0.00000001
 ks 7     0.00144632     0.00000209
 kd-8     0.00393266     0.00001547
 kd 7     0.00265481     0.00000705
 ks 8     0.00099563     0.00000099
 kd-9     0.00767566     0.00005892
 kd 8     0.00155519     0.00000242
 kp-5     0.00758427     0.00005752
 kp 5     0.00067492     0.00000046
 kf-4     0.02529774     0.00063998
 kp-6     0.00336084     0.00001130
 kp 6     0.00238055     0.00000567
 kf-5     0.03579374     0.00128119

------------------------------------------------------------------------


------------------------------------------------------------------------

klsp  =     5
state =     1
name  = Rb_4d5

nwt   =    17
nwb   =    17
nch   =    33
ncp   =     0
npert =     0
ncfg  =    33

State:     1  -2979.74320062  4p-2.4p4.4d.5/2

 kd 2     0.99814268     0.99628882
 kp 2     0.01379531     0.00019031
 kf-1     0.00430393     0.00001852
 kf 1     0.01087528     0.00011827
 kp 3     0.00712934     0.00005083
 kf-2     0.00289523     0.00000838
 kf 2     0.00873218     0.00007625
 kp 4     0.00940643     0.00008848
 kf-3     0.00398949     0.00001592
 kf 3     0.00990651     0.00009814
 kd-2     0.00267182     0.00000714
 kd 3     0.00220672     0.00000487
 kd-3     0.00224123     0.00000502
 kd 4     0.01619610     0.00026231
 ks 2     0.00235625     0.00000555
 kd-4     0.00145725     0.00000212
 kd 5     0.00160960     0.00000259
 ks 3     0.00275054     0.00000757
 kd-5     0.00069453     0.00000048
 kd 6     0.01516586     0.00023000
 kd-6     0.00016172     0.00000003
 kd 7     0.00161530     0.00000261
 kd-7     0.01513129     0.00022896
 kd 8     0.00154728     0.00000239
 ks 4     0.00476105     0.00002267
 kd-8     0.01342431     0.00018021
 kd 9     0.00175932     0.00000310
 kp 5     0.00245024     0.00000600
 kf-4     0.00773259     0.00005979
 kf 4     0.02457600     0.00060398
 kp 6     0.00736606     0.00005426
 kf-5     0.00612420     0.00003751
 kf 5     0.03614557     0.00130650

------------------------------------------------------------------------


------------------------------------------------------------------------

klsp  =     1
state =     2
name  = Rb-6s1

nwt   =    17
nwb   =    17
nch   =    25
ncp   =     0
npert =     0
ncfg  =    25

State:     2  -2979.74073325  4p-2.4p4.6s.1/2

 ks 2     0.99892591     0.99785298
 kp-2     0.00709523     0.00005034
 kp 2     0.01635118     0.00026736
 kp-3     0.01046417     0.00010950
 kp 3     0.00617488     0.00003813
 kp-4     0.00864449     0.00007473
 kp 4     0.00837041     0.00007006
 ks 3     0.00226306     0.00000512
 kd-2     0.00132081     0.00000174
 ks 4     0.00227483     0.00000517
 kd-3     0.00152928     0.00000234
 kd-4     0.00143878     0.00000207
 kd 2     0.01146071     0.00013135
 kd-5     0.00273410     0.00000748
 kd 3     0.00535771     0.00002871
 ks 5     0.00062956     0.00000040
 kd-6     0.00952014     0.00009063
 ks 6     0.00188864     0.00000357
 kd-7     0.00377705     0.00001427
 kd-8     0.01356957     0.00018413
 kd 4     0.00197696     0.00000391
 kp-5     0.01138029     0.00012951
 kp 5     0.01427418     0.00020375
 kp-6     0.01388778     0.00019287
 kp 6     0.02301917     0.00052988

------------------------------------------------------------------------

