GENERATION OF DATA BANK FOR MULTIPOLE MATRIX ELEMENTS:  

transition -> E1

calculation:  continued

mult_bnk:
number of configurations  =    44
number of ang. symmetries =    50

first set:
number of configurations  =    44
number of ang. symmetries =    50

second set:
number of configurations  =    75
number of ang. symmetries =    90

Need of additional calculations --> yes 

 Results for the old symmetry calculations:


 ndet =      37   ndef  =     338  ncoef =    1056
ic =     1    75     1     1  0.0 sec   1s ( 2)  2p-( 2)  3p ( 4)  4s ( 1)
ic =     2    75     1     4  0.0 sec   1s ( 2)  2p-( 2)  3p ( 3)  4s ( 1)  5p-( 1)
ic =     3    75     1     6  0.0 sec   1s ( 2)  2p-( 2)  3p ( 3)  4s ( 1)  5p ( 1)
ic =     4    75     1     3  0.0 sec   1s ( 2)  2p-( 1)  3p ( 4)  4s ( 1)  5p-( 1)
ic =     5    75     1     4  0.0 sec   1s ( 2)  2p-( 1)  3p ( 4)  4s ( 1)  5p ( 1)
ic =     6    75     1     7  0.0 sec   1s ( 2)  2p-( 2)  3p ( 3)  4d-( 1)  5p-( 1)
ic =     7    75     1    10  0.0 sec   1s ( 2)  2p-( 2)  3p ( 3)  4d-( 1)  5p ( 1)
ic =     8    75     1     4  0.0 sec   1s ( 2)  2p-( 2)  3p ( 3)  4p-( 1)  5s ( 1)
ic =     9    75     2     7  0.0 sec   1s ( 2)  2p-( 2)  3p ( 3)  4p-( 1)  5d-( 1)
ic =    10    75     1     7  0.0 sec   1s ( 2)  2p-( 2)  3p ( 3)  4p ( 1)  5s ( 1)
ic =    11    75     2    12  0.0 sec   1s ( 2)  2p-( 2)  3p ( 3)  4p ( 1)  5d-( 1)
ic =    12    75     1     8  0.0 sec   1s ( 2)  2p-( 2)  3p ( 3)  4p-( 1)  5d ( 1)
ic =    13    75     1    12  0.0 sec   1s ( 2)  2p-( 2)  3p ( 3)  4p ( 1)  5d ( 1)
ic =    14    75     1     3  0.0 sec   1s ( 2)  2p-( 1)  3p ( 4)  4p-( 1)  5s ( 1)
ic =    15    75     1     4  0.0 sec   1s ( 2)  2p-( 1)  3p ( 4)  4p-( 1)  5d-( 1)
ic =    16    75     1     4  0.0 sec   1s ( 2)  2p-( 1)  3p ( 4)  4p ( 1)  5s ( 1)
ic =    17    75     2     7  0.0 sec   1s ( 2)  2p-( 1)  3p ( 4)  4p ( 1)  5d-( 1)
ic =    18    75     1     8  0.0 sec   1s ( 2)  2p-( 1)  3p ( 4)  4p ( 1)  5d ( 1)
ic =    19    75     1     4  0.0 sec   1s ( 2)  2p-( 1)  3p ( 4)  4d-( 1)  5p-( 1)
ic =    20    75     1     6  0.0 sec   1s ( 2)  2p-( 1)  3p ( 4)  4d-( 1)  5p ( 1)
ic =    21    75     1     8  0.0 sec   1s ( 2)  2p-( 2)  3p ( 3)  4d ( 1)  5p-( 1)
ic =    22    75     1    12  0.0 sec   1s ( 2)  2p-( 2)  3p ( 3)  4d ( 1)  5p ( 1)
ic =    45    75     1     1  0.0 sec   1s ( 2)  2p-( 2)  3p ( 4)  4p ( 1)
ic =    46    75     1     2  0.0 sec   1s ( 2)  2p-( 2)  3p ( 3)  4s ( 1)  5s ( 1)
ic =    47    75     1     4  0.0 sec   1s ( 2)  2p-( 2)  3p ( 3)  4s ( 1)  5d-( 1)
ic =    48    75     1     6  0.0 sec   1s ( 2)  2p-( 2)  3p ( 3)  4s ( 1)  5d ( 1)
ic =    49    75     1     1  0.0 sec   1s ( 2)  2p-( 1)  3p ( 4)  4s ( 1)  5s ( 1)
ic =    50    75     1     3  0.0 sec   1s ( 2)  2p-( 1)  3p ( 4)  4s ( 1)  5d-( 1)
ic =    51    75     1     4  0.0 sec   1s ( 2)  2p-( 1)  3p ( 4)  4s ( 1)  5d ( 1)
ic =    52    75     1     3  0.0 sec   1s ( 2)  2p-( 2)  3p ( 3)  4d-( 1)  5s ( 1)
ic =    53    75     1     7  0.0 sec   1s ( 2)  2p-( 2)  3p ( 3)  4d-( 1)  5d-( 1)
ic =    54    75     1    10  0.0 sec   1s ( 2)  2p-( 2)  3p ( 3)  4d-( 1)  5d ( 1)
ic =    55    75     2     3  0.0 sec   1s ( 2)  2p-( 2)  3p ( 3)  4p-( 1)  5p-( 1)
ic =    56    75     2     5  0.0 sec   1s ( 2)  2p-( 2)  3p ( 3)  4p-( 1)  5p ( 1)
ic =    57    75     2     7  0.0 sec   1s ( 2)  2p-( 2)  3p ( 3)  4p-( 1)  5f-( 1)
ic =    58    75     2     5  0.0 sec   1s ( 2)  2p-( 2)  3p ( 3)  4p ( 1)  5p-( 1)
ic =    59    75     2     9  0.0 sec   1s ( 2)  2p-( 2)  3p ( 3)  4p ( 1)  5p ( 1)
ic =    60    75     2    12  0.0 sec   1s ( 2)  2p-( 2)  3p ( 3)  4p ( 1)  5f-( 1)
ic =    61    75     1     8  0.0 sec   1s ( 2)  2p-( 2)  3p ( 3)  4p-( 1)  5f ( 1)
ic =    62    75     1    12  0.0 sec   1s ( 2)  2p-( 2)  3p ( 3)  4p ( 1)  5f ( 1)
ic =    63    75     1     1  0.0 sec   1s ( 2)  2p-( 1)  3p ( 4)  4p-( 1)  5p-( 1)
ic =    64    75     1     3  0.0 sec   1s ( 2)  2p-( 1)  3p ( 4)  4p-( 1)  5p ( 1)
ic =    65    75     1     4  0.0 sec   1s ( 2)  2p-( 1)  3p ( 4)  4p-( 1)  5f-( 1)
ic =    66    75     2     3  0.0 sec   1s ( 2)  2p-( 1)  3p ( 4)  4p ( 1)  5p-( 1)
ic =    67    75     2     5  0.0 sec   1s ( 2)  2p-( 1)  3p ( 4)  4p ( 1)  5p ( 1)
ic =    68    75     2     7  0.0 sec   1s ( 2)  2p-( 1)  3p ( 4)  4p ( 1)  5f-( 1)
ic =    69    75     1     8  0.0 sec   1s ( 2)  2p-( 1)  3p ( 4)  4p ( 1)  5f ( 1)
ic =    70    75     1     2  0.0 sec   1s ( 2)  2p-( 1)  3p ( 4)  4d-( 1)  5s ( 1)
ic =    71    75     1     4  0.0 sec   1s ( 2)  2p-( 1)  3p ( 4)  4d-( 1)  5d-( 1)
ic =    72    75     1     6  0.0 sec   1s ( 2)  2p-( 1)  3p ( 4)  4d-( 1)  5d ( 1)
ic =    73    75     1     4  0.0 sec   1s ( 2)  2p-( 2)  3p ( 3)  4d ( 1)  5s ( 1)
ic =    74    75     1     8  0.0 sec   1s ( 2)  2p-( 2)  3p ( 3)  4d ( 1)  5d-( 1)
ic =    75    75     1    12  0.0 sec   1s ( 2)  2p-( 2)  3p ( 3)  4d ( 1)  5d ( 1)

 Results for new angular symmetry calculations:

 number of overlap determinants =        37         2
 number of overlap factors      =       338         5
 total number of coeff.s        =      2193

 DBSR_mult time:         0.00 min
