================================================================================
                   MULTICONFIGURATION B-SPLINE DIRAC-HARTREE-FOCK
================================================================================

Name of case:                     He_n4

Configuration file:               He_n4.c

Angular-coefficients file:        He_n4.bnk

--------------------------------------------------------------------------------

c-file data: 

number of electrons:              2
number of configurations:        16
core orbitals:                    0
number of peel orbitals:         16

     1s      2s      2p-     2p      3s      3p-     3p      3d-     3d      4s 
     4p-     4p      4d-     4d      4f-     4f 

number of J-blocks:   1

block  1  2J=  0   ncfg=    16

optimization mode: eol = 5  -  statistically weighted levels

number of levels to optimize:  1

block  1  level=  1   weight=    1.00000

Memory required for Hamiltonian matrix:      0.00 Mb

--------------------------------------------------------------------------------

B-spline parameters:

ns   =   90             -  number of splines
ks   =    9             -  order  of splines
ksp  =    8             -  for large component
ksq  =    9             -  for small component
he   =    0.250         -  exponetial step size
tmax =   25.674         -  maximum radius

Spline integrals:

kmin =    0             -  min. multipole index
kmax =    7             -  max. multipole index
ntype=    4             -  number of different integrals

Memory required for spline integrals:      160.18 Mb

--------------------------------------------------------------------------------

Initial estimations:

  1s  - read from file He_n3.bsw
  2s  - read from file He_n3.bsw
  2p- - read from file He_n3.bsw
  2p  - read from file He_n3.bsw
  3s  - read from file He_n3.bsw
  3p- - read from file He_n3.bsw
  3p  - read from file He_n3.bsw
  3d- - read from file He_n3.bsw
  3d  - read from file He_n3.bsw
  4s  - hydrogenic orbital with screening  1.00  and  n =  4
  4p- - hydrogenic orbital with screening  1.00  and  n =  4
  4p  - hydrogenic orbital with screening  1.00  and  n =  4
  4d- - hydrogenic orbital with screening  1.00  and  n =  4
  4d  - hydrogenic orbital with screening  1.00  and  n =  4
  4f- - hydrogenic orbital with screening  1.00  and  n =  4
  4f  - hydrogenic orbital with screening  1.00  and  n =  4

--------------------------------------------------------------------------------

Running parameters:

scf_tol =  1.00E-09                    - tolerance for energy convergence
orb_tol =  1.00E-05                    - tolerance for orbital convergence
end_tol =  1.00E-06                    - tolerance for ending zeros
max_it  =  25                          - max. number of iterations

ipzero  =  0                           - initial zeros for larger component
iqzero  =  0                           - initial zeros for small component
jpzero  =  1                           - final zeros for larger component
jqzero  =  1                           - final zeros for small component

--------------------------------------------------------------------------------

Additonal options (not applied if = 0)

method  =  1                           - method for solving MCHF equation
all     =  0                           - collective optimization
irhs    =  0                           - convert right-hand-side to main matrix
newton  =  0                           - use Newton-Rapson method
rotate  =  0                           - use rotations
debug   =  0                           - additional debug output

--------------------------------------------------------------------------------

c_au    =  137.0359997600000           - speed of light

--------------------------------------------------------------------------------

Block Level  2J      Energy      Leading CSFs

    1     1   0     -2.90138048   1  0.9963   2 -0.0594   4  0.0493   3  0.0348   9 -0.0094

--------------------------------------------------------------------------------
Iteration    1
--------------------------------------------------------------------------------

   nl       e(nl)          qsum           dpm           ns

   1s    -0.95027E+00    0.19851E+01    0.18684E-06     72
   2s    -0.30626E+01    0.70545E-02    0.82425E-06     72
   2p-   -0.34940E+01    0.24272E-02    0.86264E-06     69
   2p    -0.34944E+01    0.48550E-02    0.71702E-06     69
   3s    -0.87638E+01    0.91905E-04    0.29118E-05     72
   3p-   -0.92242E+01    0.59617E-04    0.35892E-06     69
   3p    -0.92269E+01    0.11926E-03    0.61229E-06     69
   3d-   -0.70288E+01    0.11848E-03    0.86515E-06     70
   3d    -0.70302E+01    0.17780E-03    0.87662E-06     70
   4s    -0.92801E+03    0.10000E-07    0.60872E+01     72
   4p-   -0.84628E+03    0.10666E-07    0.62386E+01     68
   4p    -0.84263E+03    0.21524E-07    0.62375E+01     68
   4d-   -0.10214E+03    0.10000E-07    0.58656E+01     67
   4d    -0.16709E+03    0.10000E-07    0.60806E+01     67
   4f-   -0.12422E+00    0.10000E-07    0.96565E+00     88
   4f    -0.12402E+00    0.10000E-07    0.96228E+00     88

Block Level  2J      Energy      Leading CSFs

    1     1   0     -2.90185431   1  0.9963   2 -0.0592   4  0.0492   3  0.0348   9 -0.0094

etotal =            -2.90185431

Maximum orbital diff (relative):         6.24D+00  1.00D-05
Energy difference (relative):            1.63D-04  1.00D-09

--------------------------------------------------------------------------------
Iteration    2
--------------------------------------------------------------------------------

   nl       e(nl)          qsum           dpm           ns

   1s    -0.95074E+00    0.19852E+01    0.30766E-03     72
   2s    -0.30630E+01    0.70053E-02    0.11482E-02     72
   2p-   -0.34948E+01    0.24202E-02    0.99075E-03     69
   2p    -0.34952E+01    0.48413E-02    0.96349E-03     69
   3s    -0.88004E+01    0.89833E-04    0.48658E-02     72
   3p-   -0.92491E+01    0.58324E-04    0.52470E-02     69
   3p    -0.92516E+01    0.11674E-03    0.54506E-02     69
   3d-   -0.70298E+01    0.11775E-03    0.50388E-02     70
   3d    -0.70311E+01    0.17677E-03    0.46224E-02     70
   4s    -0.52032E+02    0.13253E-05    0.29163E+00     72
   4p-   -0.51754E+02    0.11226E-05    0.31593E+00     69
   4p    -0.51823E+02    0.22426E-05    0.31452E+00     69
   4d-   -0.30013E+02    0.41588E-05    0.25040E+00     72
   4d    -0.34104E+02    0.53095E-05    0.28134E+00     70
   4f-   -0.39405E+02    0.10000E-07    0.38101E+01     66
   4f    -0.49075E+02    0.10000E-07    0.38526E+01     71

Block Level  2J      Energy      Leading CSFs

    1     1   0     -2.90231428   1  0.9963   2 -0.0592   4  0.0490   3  0.0347   9 -0.0093

etotal =            -2.90231428

Maximum orbital diff (relative):         3.85D+00  1.00D-05
Energy difference (relative):            1.58D-04  1.00D-09

--------------------------------------------------------------------------------
Iteration    3
--------------------------------------------------------------------------------

   nl       e(nl)          qsum           dpm           ns

   1s    -0.95103E+00    0.19852E+01    0.79831E-04     72
   2s    -0.30612E+01    0.69987E-02    0.47647E-03     72
   2p-   -0.34933E+01    0.24039E-02    0.10790E-02     69
   2p    -0.34938E+01    0.48090E-02    0.10914E-02     69
   3s    -0.87166E+01    0.90179E-04    0.39136E-02     72
   3p-   -0.91840E+01    0.58208E-04    0.28431E-02     69
   3p    -0.91866E+01    0.11644E-03    0.29537E-02     69
   3d-   -0.70061E+01    0.11511E-03    0.56234E-02     69
   3d    -0.70103E+01    0.17283E-03    0.58232E-02     71
   4s    -0.28076E+02    0.28622E-05    0.13582E+00     72
   4p-   -0.28009E+02    0.23925E-05    0.12306E+00     70
   4p    -0.28098E+02    0.47735E-05    0.12267E+00     73
   4d-   -0.20343E+02    0.65179E-05    0.86352E-01     69
   4d    -0.21232E+02    0.93174E-05    0.99142E-01     72
   4f-   -0.17498E+02    0.98184E-05    0.18992E+00     66
   4f    -0.18888E+02    0.11930E-04    0.21471E+00     70

Block Level  2J      Energy      Leading CSFs

    1     1   0     -2.90236227   1  0.9963   2 -0.0591   4  0.0490   3  0.0347   9 -0.0093

etotal =            -2.90236227

Maximum orbital diff (relative):         2.15D-01  1.00D-05
Energy difference (relative):            1.65D-05  1.00D-09

--------------------------------------------------------------------------------
Iteration    4
--------------------------------------------------------------------------------

   nl       e(nl)          qsum           dpm           ns

   1s    -0.95105E+00    0.19852E+01    0.77349E-04     72
   2s    -0.30624E+01    0.69937E-02    0.18983E-03     72
   2p-   -0.34910E+01    0.24025E-02    0.62222E-03     69
   2p    -0.34914E+01    0.48058E-02    0.61896E-03     69
   3s    -0.86850E+01    0.90427E-04    0.94322E-03     72
   3p-   -0.91516E+01    0.58354E-04    0.74168E-03     69
   3p    -0.91536E+01    0.11676E-03    0.76541E-03     69
   3d-   -0.69702E+01    0.11513E-03    0.22741E-02     69
   3d    -0.69710E+01    0.17282E-03    0.21760E-02     70
   4s    -0.23380E+02    0.35206E-05    0.41111E-01     72
   4p-   -0.23303E+02    0.29396E-05    0.40427E-01     70
   4p    -0.23356E+02    0.58703E-05    0.40950E-01     73
   4d-   -0.17927E+02    0.75023E-05    0.27860E-01     69
   4d    -0.18190E+02    0.11086E-04    0.34245E-01     71
   4f-   -0.13302E+02    0.13514E-04    0.66468E-01     67
   4f    -0.13649E+02    0.17515E-04    0.80227E-01     67

Block Level  2J      Energy      Leading CSFs

    1     1   0     -2.90237094   1  0.9963   2 -0.0591   4  0.0490   3  0.0346   9 -0.0093

etotal =            -2.90237094

Maximum orbital diff (relative):         8.02D-02  1.00D-05
Energy difference (relative):            2.99D-06  1.00D-09

--------------------------------------------------------------------------------
Iteration    5
--------------------------------------------------------------------------------

   nl       e(nl)          qsum           dpm           ns

   1s    -0.95111E+00    0.19852E+01    0.75050E-05     72
   2s    -0.30626E+01    0.69926E-02    0.81914E-04     72
   2p-   -0.34926E+01    0.24002E-02    0.35793E-03     69
   2p    -0.34929E+01    0.48012E-02    0.37570E-03     69
   3s    -0.86872E+01    0.90397E-04    0.40801E-03     72
   3p-   -0.91534E+01    0.58304E-04    0.76744E-03     69
   3p    -0.91551E+01    0.11666E-03    0.80348E-03     69
   3d-   -0.69818E+01    0.11477E-03    0.17047E-02     69
   3d    -0.69814E+01    0.17228E-03    0.18004E-02     70
   4s    -0.22163E+02    0.37317E-05    0.11612E-01     72
   4p-   -0.22067E+02    0.31174E-05    0.11748E-01     71
   4p    -0.22095E+02    0.62313E-05    0.12091E-01     73
   4d-   -0.17247E+02    0.78146E-05    0.85122E-02     68
   4d    -0.17332E+02    0.11671E-04    0.10830E-01     72
   4f-   -0.12289E+02    0.14771E-04    0.18684E-01     67
   4f    -0.12390E+02    0.19533E-04    0.23412E-01     67

Block Level  2J      Energy      Leading CSFs

    1     1   0     -2.90236903   1  0.9963   2 -0.0591   4  0.0490   3  0.0346   9 -0.0093

etotal =            -2.90236903

Maximum orbital diff (relative):         2.34D-02  1.00D-05
Energy difference (relative):            6.60D-07  1.00D-09

--------------------------------------------------------------------------------
Iteration    6
--------------------------------------------------------------------------------

   nl       e(nl)          qsum           dpm           ns

   1s    -0.95110E+00    0.19852E+01    0.49403E-05     72
   2s    -0.30628E+01    0.69920E-02    0.26920E-04     72
   2p-   -0.34936E+01    0.23990E-02    0.11719E-03     69
   2p    -0.34940E+01    0.47987E-02    0.13176E-03     69
   3s    -0.86914E+01    0.90344E-04    0.20897E-03     72
   3p-   -0.91620E+01    0.58231E-04    0.43045E-03     69
   3p    -0.91638E+01    0.11650E-03    0.46532E-03     69
   3d-   -0.69940E+01    0.11451E-03    0.77455E-03     69
   3d    -0.69942E+01    0.17187E-03    0.85389E-03     69
   4s    -0.21837E+02    0.37914E-05    0.31035E-02     72
   4p-   -0.21729E+02    0.31682E-05    0.30848E-02     71
   4p    -0.21745E+02    0.63360E-05    0.32264E-02     73
   4d-   -0.17068E+02    0.78972E-05    0.22521E-02     68
   4d    -0.17098E+02    0.11834E-04    0.30184E-02     72
   4f-   -0.12028E+02    0.15130E-04    0.50634E-02     67
   4f    -0.12060E+02    0.20131E-04    0.65225E-02     67

Block Level  2J      Energy      Leading CSFs

    1     1   0     -2.90236853   1  0.9963   2 -0.0591   4  0.0490   3  0.0346   9 -0.0093

etotal =            -2.90236853

Maximum orbital diff (relative):         6.52D-03  1.00D-05
Energy difference (relative):            1.71D-07  1.00D-09

--------------------------------------------------------------------------------
Iteration    7
--------------------------------------------------------------------------------

   nl       e(nl)          qsum           dpm           ns

   1s    -0.95110E+00    0.19852E+01    0.11093E-05     72
   2s    -0.30629E+01    0.69919E-02    0.78867E-05     72
   2p-   -0.34940E+01    0.23986E-02    0.35284E-04     69
   2p    -0.34944E+01    0.47978E-02    0.41826E-04     69
   3s    -0.86942E+01    0.90313E-04    0.97199E-04     72
   3p-   -0.91675E+01    0.58189E-04    0.19400E-03     69
   3p    -0.91697E+01    0.11641E-03    0.21681E-03     69
   3d-   -0.69999E+01    0.11439E-03    0.29991E-03     69
   3d    -0.70007E+01    0.17167E-03    0.34144E-03     69
   4s    -0.21752E+02    0.38069E-05    0.75611E-03     72
   4p-   -0.21642E+02    0.31811E-05    0.78863E-03     71
   4p    -0.21654E+02    0.63630E-05    0.84544E-03     73
   4d-   -0.17028E+02    0.79151E-05    0.49121E-03     68
   4d    -0.17041E+02    0.11873E-04    0.72481E-03     72
   4f-   -0.11959E+02    0.15227E-04    0.13500E-02     67
   4f    -0.11971E+02    0.20298E-04    0.17883E-02     67

Block Level  2J      Energy      Leading CSFs

    1     1   0     -2.90236809   1  0.9963   2 -0.0591   4  0.0490   3  0.0346   9 -0.0093

etotal =            -2.90236809

Maximum orbital diff (relative):         1.79D-03  1.00D-05
Energy difference (relative):            1.52D-07  1.00D-09

--------------------------------------------------------------------------------
Iteration    8
--------------------------------------------------------------------------------

   nl       e(nl)          qsum           dpm           ns

   1s    -0.95110E+00    0.19852E+01    0.33144E-06     72
   2s    -0.30629E+01    0.69918E-02    0.15557E-05     72
   2p-   -0.34941E+01    0.23985E-02    0.79448E-05     69
   2p    -0.34945E+01    0.47975E-02    0.10386E-04     69
   3s    -0.86953E+01    0.90299E-04    0.34800E-04     72
   3p-   -0.91699E+01    0.58170E-04    0.69724E-04     69
   3p    -0.91724E+01    0.11637E-03    0.81613E-04     69
   3d-   -0.70022E+01    0.11434E-03    0.10364E-03     69
   3d    -0.70034E+01    0.17159E-03    0.12179E-03     69
   4s    -0.21732E+02    0.38106E-05    0.18076E-03     72
   4p-   -0.21623E+02    0.31839E-05    0.17587E-03     71
   4p    -0.21633E+02    0.63689E-05    0.19227E-03     73
   4d-   -0.17022E+02    0.79176E-05    0.76112E-04     68
   4d    -0.17030E+02    0.11881E-04    0.13979E-03     72
   4f-   -0.11941E+02    0.15253E-04    0.36065E-03     67
   4f    -0.11947E+02    0.20344E-04    0.49079E-03     67

Block Level  2J      Energy      Leading CSFs

    1     1   0     -2.90236800   1  0.9963   2 -0.0591   4  0.0490   3  0.0346   9 -0.0093

etotal =            -2.90236800

Maximum orbital diff (relative):         4.91D-04  1.00D-05
Energy difference (relative):            2.94D-08  1.00D-09

--------------------------------------------------------------------------------
Iteration    9
--------------------------------------------------------------------------------

   nl       e(nl)          qsum           dpm           ns

   1s    -0.95110E+00    0.19852E+01    0.18989E-06     72
   2s    -0.30629E+01    0.69918E-02    0.71196E-06     72
   2p-   -0.34941E+01    0.23984E-02    0.18557E-05     69
   2p    -0.34945E+01    0.47975E-02    0.26211E-05     69
   3s    -0.86957E+01    0.90294E-04    0.12325E-04     72
   3p-   -0.91708E+01    0.58164E-04    0.23421E-04     69
   3p    -0.91734E+01    0.11636E-03    0.28705E-04     69
   3d-   -0.70030E+01    0.11433E-03    0.34400E-04     69
   3d    -0.70043E+01    0.17156E-03    0.41559E-04     69
   4s    -0.21728E+02    0.38113E-05    0.38817E-04     72
   4p-   -0.21620E+02    0.31843E-05    0.28402E-04     71
   4p    -0.21630E+02    0.63697E-05    0.31282E-04     73
   4d-   -0.17022E+02    0.79174E-05    0.46793E-04     68
   4d    -0.17029E+02    0.11881E-04    0.37400E-04     72
   4f-   -0.11936E+02    0.15260E-04    0.95821E-04     67
   4f    -0.11940E+02    0.20357E-04    0.13424E-03     67

Block Level  2J      Energy      Leading CSFs

    1     1   0     -2.90236796   1  0.9963   2 -0.0591   4  0.0490   3  0.0346   9 -0.0093

etotal =            -2.90236796

Maximum orbital diff (relative):         1.34D-04  1.00D-05
Energy difference (relative):            1.66D-08  1.00D-09

--------------------------------------------------------------------------------
Iteration   10
--------------------------------------------------------------------------------

   nl       e(nl)          qsum           dpm           ns

   1s    -0.95110E+00    0.19852E+01    0.18990E-06     72
   2s    -0.30629E+01    0.69918E-02    0.71197E-06     72
   2p-   -0.34941E+01    0.23984E-02    0.82803E-06     69
   2p    -0.34945E+01    0.47975E-02    0.67803E-06     69
   3s    -0.86959E+01    0.90292E-04    0.36022E-05     72
   3p-   -0.91711E+01    0.58162E-04    0.67718E-05     69
   3p    -0.91737E+01    0.11635E-03    0.88910E-05     69
   3d-   -0.70033E+01    0.11432E-03    0.10816E-04     69
   3d    -0.70046E+01    0.17155E-03    0.13477E-04     69
   4s    -0.21727E+02    0.38114E-05    0.63110E-05     72
   4p-   -0.21620E+02    0.31842E-05    0.88987E-05     71
   4p    -0.21630E+02    0.63697E-05    0.12104E-04     73
   4d-   -0.17023E+02    0.79170E-05    0.24175E-04     68
   4d    -0.17029E+02    0.11881E-04    0.23663E-04     72
   4f-   -0.11935E+02    0.15262E-04    0.25629E-04     67
   4f    -0.11938E+02    0.20361E-04    0.36924E-04     67

Block Level  2J      Energy      Leading CSFs

    1     1   0     -2.90236795   1  0.9963   2 -0.0591   4  0.0490   3  0.0346   9 -0.0093

etotal =            -2.90236795

Maximum orbital diff (relative):         3.69D-05  1.00D-05
Energy difference (relative):            2.61D-09  1.00D-09

--------------------------------------------------------------------------------
Iteration   11
--------------------------------------------------------------------------------

   nl       e(nl)          qsum           dpm           ns

   1s    -0.95110E+00    0.19852E+01    0.18989E-06     72
   2s    -0.30629E+01    0.69918E-02    0.71197E-06     72
   2p-   -0.34941E+01    0.23984E-02    0.82803E-06     69
   2p    -0.34945E+01    0.47975E-02    0.67805E-06     69
   3s    -0.86959E+01    0.90292E-04    0.10474E-05     72
   3p-   -0.91712E+01    0.58161E-04    0.18564E-05     69
   3p    -0.91739E+01    0.11635E-03    0.26382E-05     69
   3d-   -0.70034E+01    0.11432E-03    0.33665E-05     69
   3d    -0.70047E+01    0.17155E-03    0.43137E-05     69
   4s    -0.21727E+02    0.38114E-05    0.17825E-05     72
   4p-   -0.21620E+02    0.31842E-05    0.54422E-05     71
   4p    -0.21630E+02    0.63695E-05    0.73440E-05     73
   4d-   -0.17023E+02    0.79167E-05    0.10536E-04     68
   4d    -0.17029E+02    0.11880E-04    0.11276E-04     72
   4f-   -0.11934E+02    0.15263E-04    0.67966E-05     67
   4f    -0.11938E+02    0.20362E-04    0.10107E-04     67

Block Level  2J      Energy      Leading CSFs

    1     1   0     -2.90236794   1  0.9963   2 -0.0591   4  0.0490   3  0.0346   9 -0.0093

etotal =            -2.90236794

Maximum orbital diff (relative):         1.13D-05  1.00D-05
Energy difference (relative):            1.47D-09  1.00D-09

--------------------------------------------------------------------------------
Iteration   12
--------------------------------------------------------------------------------

   nl       e(nl)          qsum           dpm           ns

   1s    -0.95110E+00    0.19852E+01    0.18990E-06     72
   2s    -0.30629E+01    0.69918E-02    0.71197E-06     72
   2p-   -0.34941E+01    0.23984E-02    0.82804E-06     69
   2p    -0.34945E+01    0.47975E-02    0.67805E-06     69
   3s    -0.86959E+01    0.90292E-04    0.33259E-06     72
   3p-   -0.91712E+01    0.58161E-04    0.40770E-06     69
   3p    -0.91739E+01    0.11635E-03    0.67873E-06     69
   3d-   -0.70034E+01    0.11432E-03    0.10085E-05     69
   3d    -0.70048E+01    0.17155E-03    0.13363E-05     69
   4s    -0.21727E+02    0.38114E-05    0.90078E-06     72
   4p-   -0.21620E+02    0.31842E-05    0.22614E-05     71
   4p    -0.21630E+02    0.63695E-05    0.31847E-05     73
   4d-   -0.17023E+02    0.79166E-05    0.41142E-05     68
   4d    -0.17030E+02    0.11880E-04    0.46677E-05     72
   4f-   -0.11934E+02    0.15263E-04    0.18180E-05     67
   4f    -0.11938E+02    0.20362E-04    0.27852E-05     67

Block Level  2J      Energy      Leading CSFs

    1     1   0     -2.90236794   1  0.9963   2 -0.0591   4  0.0490   3  0.0346   9 -0.0093

etotal =            -2.90236794

Maximum orbital diff (relative):         4.67D-06  1.00D-05
Energy difference (relative):            1.54D-10  1.00D-09

--------------------------------------------------------------------------------

ATOM:  He

Convergence (latest difference):
Orbital diff. =                          4.67D-06
SCF diff. =                              1.54D-10

  nl       E(nl)        1/R       R       R**2       dmp       ns     max_R

  1s     -0.95110221    1.710    0.913    1.146    1.90E-07    72     15.67
  2s     -3.06288252    1.926    1.244    2.349    7.12E-07    72     15.67
  2p-    -3.49412010    1.234    0.992    1.169    8.28E-07    69     12.67
  2p     -3.49454977    1.234    0.992    1.169    6.78E-07    69     12.67
  3s     -8.69593417    2.787    1.022    1.892    3.33E-07    72     15.67
  3p-    -9.17117854    1.775    0.920    1.244    4.08E-07    69     12.67
  3p     -9.17389386    1.774    0.920    1.244    6.79E-07    69     12.67
  3d-    -7.00341137    1.200    0.958    1.041    1.01E-06    69     12.67
  3d     -7.00477911    1.200    0.958    1.041    1.34E-06    69     12.67
  4s    -21.72729897    3.655    0.824    1.355    9.01E-07    72     15.67
  4p-   -21.62008689    2.384    0.795    1.045    2.26E-06    71     14.67
  4p    -21.63015278    2.382    0.795    1.044    3.18E-06    73     16.67
  4d-   -17.02310662    1.661    0.853    0.991    4.11E-06    68     11.67
  4d    -17.02954138    1.661    0.853    0.991    4.67E-06    72     15.67
  4f-   -11.93419411    1.193    0.932    0.959    1.82E-06    67     10.67
  4f    -11.93769611    1.193    0.932    0.959    2.79E-06    67     10.67

Average energy:                          -2.9023679427148612

Optimized states:

1s2.0                                    -2.9023679427148612

time:                   24.05  sec

--------------------------------------------------------------------------------


debug timing:

time_matrix:            10.39  sec
time_solve:              5.38  sec
time_diag:               8.12  sec

time_convolution:        8.81  sec
time_density:            0.31  sec

Calls to convol  =      15360
Calls to density =      26976
