================================================================================
                   MULTICONFIGURATION B-SPLINE DIRAC-HARTREE-FOCK
================================================================================

Name of case:                     He_n3

Configuration file:               He_n3.c

Angular-coefficients file:        He_n3.bnk

--------------------------------------------------------------------------------

c-file data: 

number of electrons:              2
number of configurations:         9
core orbitals:                    0
number of peel orbitals:          9

     1s      2s      2p-     2p      3s      3p-     3p      3d-     3d 

number of J-blocks:   1

block  1  2J=  0   ncfg=     9

optimization mode: eol = 5  -  statistically weighted levels

number of levels to optimize:  1

block  1  level=  1   weight=    1.00000

Memory required for Hamiltonian matrix:      0.00 Mb

--------------------------------------------------------------------------------

B-spline parameters:

ns   =   90             -  number of splines
ks   =    9             -  order  of splines
ksp  =    8             -  for large component
ksq  =    9             -  for small component
he   =    0.250         -  exponetial step size
tmax =   25.674         -  maximum radius

Spline integrals:

kmin =    0             -  min. multipole index
kmax =    5             -  max. multipole index
ntype=    4             -  number of different integrals

Memory required for spline integrals:      120.14 Mb

--------------------------------------------------------------------------------

Initial estimations:

  1s  - read from file He_n2.bsw
  2s  - read from file He_n2.bsw
  2p- - read from file He_n2.bsw
  2p  - read from file He_n2.bsw
  3s  - hydrogenic orbital with screening  1.00  and  n =  3
  3p- - hydrogenic orbital with screening  1.00  and  n =  3
  3p  - hydrogenic orbital with screening  1.00  and  n =  3
  3d- - hydrogenic orbital with screening  1.00  and  n =  3
  3d  - hydrogenic orbital with screening  1.00  and  n =  3

--------------------------------------------------------------------------------

Running parameters:

scf_tol =  1.00E-09                    - tolerance for energy convergence
orb_tol =  1.00E-05                    - tolerance for orbital convergence
end_tol =  1.00E-06                    - tolerance for ending zeros
max_it  =  25                          - max. number of iterations

ipzero  =  0                           - initial zeros for larger component
iqzero  =  0                           - initial zeros for small component
jpzero  =  1                           - final zeros for larger component
jqzero  =  1                           - final zeros for small component

--------------------------------------------------------------------------------

Additonal options (not applied if = 0)

method  =  1                           - method for solving MCHF equation
all     =  0                           - collective optimization
irhs    =  0                           - convert right-hand-side to main matrix
newton  =  0                           - use Newton-Rapson method
rotate  =  0                           - use rotations
debug   =  0                           - additional debug output

--------------------------------------------------------------------------------

c_au    =  137.0359997600000           - speed of light

--------------------------------------------------------------------------------

Block Level  2J      Energy      Leading CSFs

    1     1   0     -2.89780921   1  0.9962   2 -0.0618   4  0.0506   3  0.0358   7  0.0004

--------------------------------------------------------------------------------
Iteration    1
--------------------------------------------------------------------------------

   nl       e(nl)          qsum           dpm           ns

   1s    -0.95411E+00    0.19847E+01    0.51155E-06     72
   2s    -0.30191E+01    0.76500E-02    0.64975E-05     77
   2p-   -0.34652E+01    0.25594E-02    0.11660E-05     69
   2p    -0.34656E+01    0.51193E-02    0.16272E-05     69
   3s    -0.47597E+03    0.14641E-06    0.60254E+01     72
   3p-   -0.37661E+03    0.16597E-06    0.54556E+01     69
   3p    -0.37650E+03    0.33212E-06    0.54546E+01     69
   3d-   -0.27260E+03    0.10000E-07    0.43832E+01     67
   3d    -0.41577E+03    0.10000E-07    0.44152E+01     67

Block Level  2J      Energy      Leading CSFs

    1     1   0     -2.90040169   1  0.9962   2 -0.0608   4  0.0500   3  0.0353   9 -0.0045

etotal =            -2.90040169

Maximum orbital diff (relative):         6.03D+00  1.00D-05
Energy difference (relative):            8.94D-04  1.00D-09

--------------------------------------------------------------------------------
Iteration    2
--------------------------------------------------------------------------------

   nl       e(nl)          qsum           dpm           ns

   1s    -0.95671E+00    0.19850E+01    0.78487E-04     72
   2s    -0.30218E+01    0.74008E-02    0.60553E-03     72
   2p-   -0.34677E+01    0.24987E-02    0.43609E-03     69
   2p    -0.34681E+01    0.50005E-02    0.47293E-03     69
   3s    -0.23225E+02    0.25012E-04    0.27919E+00     72
   3p-   -0.23574E+02    0.17337E-04    0.31852E+00     69
   3p    -0.23598E+02    0.34665E-04    0.31635E+00     69
   3d-   -0.19885E+02    0.29809E-04    0.40547E+00     69
   3d    -0.21134E+02    0.40884E-04    0.42230E+00     69

Block Level  2J      Energy      Leading CSFs

    1     1   0     -2.90161125   1  0.9962   2 -0.0606   4  0.0494   3  0.0350   9 -0.0077

etotal =            -2.90161125

Maximum orbital diff (relative):         4.22D-01  1.00D-05
Energy difference (relative):            4.17D-04  1.00D-09

--------------------------------------------------------------------------------
Iteration    3
--------------------------------------------------------------------------------

   nl       e(nl)          qsum           dpm           ns

   1s    -0.95791E+00    0.19849E+01    0.48928E-04     72
   2s    -0.30235E+01    0.73342E-02    0.93611E-04     72
   2p-   -0.34695E+01    0.24435E-02    0.58439E-03     69
   2p    -0.34700E+01    0.48888E-02    0.58671E-03     69
   3s    -0.11479E+02    0.64317E-04    0.11944E+00     72
   3p-   -0.11965E+02    0.42442E-04    0.11807E+00     69
   3p    -0.12017E+02    0.84520E-04    0.11868E+00     69
   3d-   -0.93899E+01    0.81975E-04    0.15318E+00     69
   3d    -0.96205E+01    0.11932E-03    0.15996E+00     67

Block Level  2J      Energy      Leading CSFs

    1     1   0     -2.90181605   1  0.9962   2 -0.0605   4  0.0493   3  0.0348   9 -0.0090

etotal =            -2.90181605

Maximum orbital diff (relative):         1.60D-01  1.00D-05
Energy difference (relative):            7.06D-05  1.00D-09

--------------------------------------------------------------------------------
Iteration    4
--------------------------------------------------------------------------------

   nl       e(nl)          qsum           dpm           ns

   1s    -0.95812E+00    0.19849E+01    0.42176E-04     72
   2s    -0.30237E+01    0.73230E-02    0.65571E-04     72
   2p-   -0.34695E+01    0.24286E-02    0.37289E-03     69
   2p    -0.34699E+01    0.48580E-02    0.39244E-03     69
   3s    -0.93299E+01    0.83251E-04    0.39387E-01     72
   3p-   -0.98007E+01    0.54198E-04    0.39011E-01     69
   3p    -0.98341E+01    0.10804E-03    0.39767E-01     69
   3d-   -0.74563E+01    0.10890E-03    0.49069E-01     70
   3d    -0.75264E+01    0.16162E-03    0.53807E-01     69

Block Level  2J      Energy      Leading CSFs

    1     1   0     -2.90183597   1  0.9962   2 -0.0605   4  0.0493   3  0.0348   9 -0.0094

etotal =            -2.90183597

Maximum orbital diff (relative):         5.38D-02  1.00D-05
Energy difference (relative):            6.86D-06  1.00D-09

--------------------------------------------------------------------------------
Iteration    5
--------------------------------------------------------------------------------

   nl       e(nl)          qsum           dpm           ns

   1s    -0.95814E+00    0.19848E+01    0.12222E-04     72
   2s    -0.30237E+01    0.73209E-02    0.45927E-04     72
   2p-   -0.34694E+01    0.24255E-02    0.11479E-03     69
   2p    -0.34699E+01    0.48516E-02    0.12489E-03     69
   3s    -0.88081E+01    0.89347E-04    0.11260E-01     72
   3p-   -0.92625E+01    0.57991E-04    0.11142E-01     69
   3p    -0.92791E+01    0.11581E-03    0.11721E-01     69
   3d-   -0.70218E+01    0.11707E-03    0.12518E-01     70
   3d    -0.70450E+01    0.17502E-03    0.14312E-01     70

Block Level  2J      Energy      Leading CSFs

    1     1   0     -2.90183746   1  0.9962   2 -0.0605   4  0.0492   3  0.0348   9 -0.0094

etotal =            -2.90183746

Maximum orbital diff (relative):         1.43D-02  1.00D-05
Energy difference (relative):            5.13D-07  1.00D-09

--------------------------------------------------------------------------------
Iteration    6
--------------------------------------------------------------------------------

   nl       e(nl)          qsum           dpm           ns

   1s    -0.95814E+00    0.19848E+01    0.29138E-05     72
   2s    -0.30237E+01    0.73204E-02    0.14236E-04     72
   2p-   -0.34695E+01    0.24249E-02    0.27399E-04     69
   2p    -0.34699E+01    0.48502E-02    0.30004E-04     69
   3s    -0.86720E+01    0.91069E-04    0.30796E-02     72
   3p-   -0.91205E+01    0.59066E-04    0.30473E-02     69
   3p    -0.91287E+01    0.11807E-03    0.33102E-02     69
   3d-   -0.69207E+01    0.11912E-03    0.29994E-02     70
   3d    -0.69288E+01    0.17854E-03    0.35921E-02     70

Block Level  2J      Energy      Leading CSFs

    1     1   0     -2.90183756   1  0.9962   2 -0.0605   4  0.0492   3  0.0348   9 -0.0095

etotal =            -2.90183756

Maximum orbital diff (relative):         3.59D-03  1.00D-05
Energy difference (relative):            3.53D-08  1.00D-09

--------------------------------------------------------------------------------
Iteration    7
--------------------------------------------------------------------------------

   nl       e(nl)          qsum           dpm           ns

   1s    -0.95814E+00    0.19848E+01    0.69859E-06     72
   2s    -0.30237E+01    0.73203E-02    0.38211E-05     72
   2p-   -0.34695E+01    0.24247E-02    0.59991E-05     69
   2p    -0.34699E+01    0.48498E-02    0.65647E-05     69
   3s    -0.86357E+01    0.91538E-04    0.83347E-03     72
   3p-   -0.90826E+01    0.59359E-04    0.82139E-03     69
   3p    -0.90873E+01    0.11871E-03    0.92217E-03     69
   3d-   -0.68971E+01    0.11961E-03    0.70446E-03     70
   3d    -0.69005E+01    0.17942E-03    0.88650E-03     70

Block Level  2J      Energy      Leading CSFs

    1     1   0     -2.90183756   1  0.9962   2 -0.0605   4  0.0492   3  0.0348   9 -0.0095

etotal =            -2.90183756

Maximum orbital diff (relative):         9.22D-04  1.00D-05
Energy difference (relative):            2.40D-09  1.00D-09

--------------------------------------------------------------------------------
Iteration    8
--------------------------------------------------------------------------------

   nl       e(nl)          qsum           dpm           ns

   1s    -0.95814E+00    0.19848E+01    0.35515E-06     72
   2s    -0.30237E+01    0.73202E-02    0.98715E-06     72
   2p-   -0.34695E+01    0.24247E-02    0.12423E-05     69
   2p    -0.34699E+01    0.48497E-02    0.13438E-05     69
   3s    -0.86260E+01    0.91665E-04    0.22539E-03     72
   3p-   -0.90725E+01    0.59437E-04    0.22011E-03     69
   3p    -0.90759E+01    0.11888E-03    0.25567E-03     69
   3d-   -0.68916E+01    0.11972E-03    0.16431E-03     70
   3d    -0.68935E+01    0.17964E-03    0.21802E-03     70

Block Level  2J      Energy      Leading CSFs

    1     1   0     -2.90183757   1  0.9962   2 -0.0605   4  0.0492   3  0.0348   9 -0.0095

etotal =            -2.90183757

Maximum orbital diff (relative):         2.56D-04  1.00D-05
Energy difference (relative):            1.65D-10  1.00D-09

--------------------------------------------------------------------------------
Iteration    9
--------------------------------------------------------------------------------

   nl       e(nl)          qsum           dpm           ns

   1s    -0.95814E+00    0.19848E+01    0.35515E-06     72
   2s    -0.30237E+01    0.73202E-02    0.68593E-06     72
   2p-   -0.34695E+01    0.24246E-02    0.87468E-06     69
   2p    -0.34699E+01    0.48497E-02    0.73087E-06     69
   3s    -0.86233E+01    0.91699E-04    0.61059E-04     72
   3p-   -0.90698E+01    0.59458E-04    0.58783E-04     69
   3p    -0.90728E+01    0.11893E-03    0.70735E-04     69
   3d-   -0.68903E+01    0.11975E-03    0.38178E-04     70
   3d    -0.68918E+01    0.17969E-03    0.53620E-04     70

Block Level  2J      Energy      Leading CSFs

    1     1   0     -2.90183757   1  0.9962   2 -0.0605   4  0.0492   3  0.0348   9 -0.0095

etotal =            -2.90183757

Maximum orbital diff (relative):         7.07D-05  1.00D-05
Energy difference (relative):            1.15D-11  1.00D-09

--------------------------------------------------------------------------------
Iteration   10
--------------------------------------------------------------------------------

   nl       e(nl)          qsum           dpm           ns

   1s    -0.95814E+00    0.19848E+01    0.35515E-06     72
   2s    -0.30237E+01    0.73202E-02    0.68592E-06     72
   2p-   -0.34695E+01    0.24246E-02    0.87468E-06     69
   2p    -0.34699E+01    0.48497E-02    0.73086E-06     69
   3s    -0.86226E+01    0.91709E-04    0.16575E-04     72
   3p-   -0.90691E+01    0.59464E-04    0.15657E-04     69
   3p    -0.90719E+01    0.11895E-03    0.19546E-04     69
   3d-   -0.68900E+01    0.11976E-03    0.88405E-05     70
   3d    -0.68914E+01    0.17970E-03    0.13201E-04     70

Block Level  2J      Energy      Leading CSFs

    1     1   0     -2.90183757   1  0.9962   2 -0.0605   4  0.0492   3  0.0348   9 -0.0095

etotal =            -2.90183757

Maximum orbital diff (relative):         1.95D-05  1.00D-05
Energy difference (relative):            1.21D-12  1.00D-09

--------------------------------------------------------------------------------
Iteration   11
--------------------------------------------------------------------------------

   nl       e(nl)          qsum           dpm           ns

   1s    -0.95814E+00    0.19848E+01    0.35514E-06     72
   2s    -0.30237E+01    0.73202E-02    0.68593E-06     72
   2p-   -0.34695E+01    0.24246E-02    0.87468E-06     69
   2p    -0.34699E+01    0.48497E-02    0.73086E-06     69
   3s    -0.86224E+01    0.91711E-04    0.45082E-05     72
   3p-   -0.90689E+01    0.59465E-04    0.41600E-05     69
   3p    -0.90717E+01    0.11895E-03    0.53961E-05     69
   3d-   -0.68900E+01    0.11976E-03    0.20397E-05     70
   3d    -0.68913E+01    0.17971E-03    0.32546E-05     70

Block Level  2J      Energy      Leading CSFs

    1     1   0     -2.90183757   1  0.9962   2 -0.0605   4  0.0492   3  0.0348   9 -0.0095

etotal =            -2.90183757

Maximum orbital diff (relative):         5.40D-06  1.00D-05
Energy difference (relative):            1.23D-13  1.00D-09

--------------------------------------------------------------------------------

ATOM:  He

Convergence (latest difference):
Orbital diff. =                          5.40D-06
SCF diff. =                              1.23D-13

  nl       E(nl)        1/R       R       R**2       dmp       ns     max_R

  1s     -0.95813940    1.689    0.928    1.189    3.55E-07    72     15.67
  2s     -3.02374738    1.925    1.252    2.392    6.86E-07    72     15.67
  2p-    -3.46945288    1.226    0.999    1.186    8.75E-07    69     12.67
  2p     -3.46992989    1.226    0.999    1.186    7.31E-07    69     12.67
  3s     -8.62241268    2.783    1.024    1.907    4.51E-06    72     15.67
  3p-    -9.06889123    1.764    0.927    1.262    4.16E-06    69     12.67
  3p     -9.07167914    1.763    0.927    1.261    5.40E-06    69     12.67
  3d-    -6.88997658    1.187    0.969    1.065    2.04E-06    70     13.67
  3d     -6.89130270    1.187    0.969    1.065    3.25E-06    70     13.67

Average energy:                          -2.9018375651402235

Optimized states:

1s2.0                                    -2.9018375651402235

time:                    9.73  sec

--------------------------------------------------------------------------------


debug timing:

time_matrix:             4.03  sec
time_solve:              2.97  sec
time_diag:               2.66  sec

time_convolution:        2.42  sec
time_density:            0.06  sec

Calls to convol  =       4756
Calls to density =       7000
