================================================================================
                   MULTICONFIGURATION B-SPLINE DIRAC-HARTREE-FOCK
================================================================================

Name of case:                     He_n5

Configuration file:               He_n5.c

Angular-coefficients file:        He_n5.bnk

--------------------------------------------------------------------------------

c-file data: 

number of electrons:              2
number of configurations:        25
core orbitals:                    0
number of peel orbitals:         25

     1s      2s      2p-     2p      3s      3p-     3p      3d-     3d      4s 
     4p-     4p      4d-     4d      4f-     4f      5s      5p-     5p      5d-
     5d      5f-     5f      5g-     5g 

number of J-blocks:   1

block  1  2J=  0   ncfg=    25

optimization mode: eol = 5  -  statistically weighted levels

number of levels to optimize:  1

block  1  level=  1   weight=    1.00000

Memory required for Hamiltonian matrix:      0.00 Mb

--------------------------------------------------------------------------------

B-spline parameters:

ns   =   90             -  number of splines
ks   =    9             -  order  of splines
ksp  =    8             -  for large component
ksq  =    9             -  for small component
he   =    0.250         -  exponetial step size
tmax =   25.674         -  maximum radius

Spline integrals:

kmin =    0             -  min. multipole index
kmax =    9             -  max. multipole index
ntype=    4             -  number of different integrals

Memory required for spline integrals:      200.23 Mb

--------------------------------------------------------------------------------

Initial estimations:

  1s  - read from file He_n4.bsw
  2s  - read from file He_n4.bsw
  2p- - read from file He_n4.bsw
  2p  - read from file He_n4.bsw
  3s  - read from file He_n4.bsw
  3p- - read from file He_n4.bsw
  3p  - read from file He_n4.bsw
  3d- - read from file He_n4.bsw
  3d  - read from file He_n4.bsw
  4s  - read from file He_n4.bsw
  4p- - read from file He_n4.bsw
  4p  - read from file He_n4.bsw
  4d- - read from file He_n4.bsw
  4d  - read from file He_n4.bsw
  4f- - read from file He_n4.bsw
  4f  - read from file He_n4.bsw
  5s  - hydrogenic orbital with screening  1.00  and  n =  5
  5p- - hydrogenic orbital with screening  1.00  and  n =  5
  5p  - hydrogenic orbital with screening  1.00  and  n =  5
  5d- - hydrogenic orbital with screening  1.00  and  n =  5
  5d  - hydrogenic orbital with screening  1.00  and  n =  5
  5f- - hydrogenic orbital with screening  1.00  and  n =  5
  5f  - hydrogenic orbital with screening  1.00  and  n =  5
  5g- - hydrogenic orbital with screening  1.00  and  n =  5
  5g  - hydrogenic orbital with screening  1.00  and  n =  5

--------------------------------------------------------------------------------

Running parameters:

scf_tol =  1.00E-09                    - tolerance for energy convergence
orb_tol =  1.00E-05                    - tolerance for orbital convergence
end_tol =  1.00E-06                    - tolerance for ending zeros
max_it  =  25                          - max. number of iterations

ipzero  =  0                           - initial zeros for larger component
iqzero  =  0                           - initial zeros for small component
jpzero  =  1                           - final zeros for larger component
jqzero  =  1                           - final zeros for small component

--------------------------------------------------------------------------------

Additonal options (not applied if = 0)

method  =  1                           - method for solving MCHF equation
all     =  0                           - collective optimization
irhs    =  0                           - convert right-hand-side to main matrix
newton  =  0                           - use Newton-Rapson method
rotate  =  0                           - use rotations
debug   =  0                           - additional debug output

--------------------------------------------------------------------------------

c_au    =  137.0359997600000           - speed of light

--------------------------------------------------------------------------------

Block Level  2J      Energy      Leading CSFs

    1     1   0     -2.90236797   1  0.9963   2 -0.0591   4  0.0490   3  0.0346   9 -0.0093

--------------------------------------------------------------------------------
Iteration    1
--------------------------------------------------------------------------------

   nl       e(nl)          qsum           dpm           ns

   1s    -0.95110E+00    0.19852E+01    0.18792E-06     72
   2s    -0.30629E+01    0.69918E-02    0.73090E-06     72
   2p-   -0.34941E+01    0.23984E-02    0.82751E-06     69
   2p    -0.34945E+01    0.47975E-02    0.67749E-06     69
   3s    -0.86959E+01    0.90291E-04    0.29270E-05     72
   3p-   -0.91712E+01    0.58161E-04    0.59460E-06     69
   3p    -0.91739E+01    0.11635E-03    0.67130E-06     69
   3d-   -0.70034E+01    0.11432E-03    0.88899E-06     69
   3d    -0.70048E+01    0.17155E-03    0.99285E-06     69
   4s    -0.21727E+02    0.38114E-05    0.78396E-05     72
   4p-   -0.21620E+02    0.31841E-05    0.93857E-06     71
   4p    -0.21630E+02    0.63694E-05    0.92339E-06     73
   4d-   -0.17023E+02    0.79166E-05    0.26042E-05     68
   4d    -0.17030E+02    0.11880E-04    0.28707E-05     72
   4f-   -0.11934E+02    0.15263E-04    0.42848E-06     67
   4f    -0.11938E+02    0.20362E-04    0.47114E-06     67
   5s    -0.28496E+03    0.10000E-07    0.65291E+01     73
   5p-   -0.33340E+03    0.10000E-07    0.68416E+01     74
   5p    -0.69531E+03    0.10539E-07    0.70959E+01     73
   5d-   -0.89981E+02    0.10000E-07    0.56834E+01     76
   5d    -0.15814E+03    0.10000E-07    0.61585E+01     74
   5f-   -0.12472E+00    0.10000E-07    0.95485E+00     88
   5f    -0.12475E+00    0.10000E-07    0.95485E+00     88
   5g-   -0.79323E-01    0.10000E-07    0.99800E+00     88
   5g    -0.79319E-01    0.10000E-07    0.99750E+00     88

Block Level  2J      Energy      Leading CSFs

    1     1   0     -2.90247674   1  0.9963   2 -0.0591   4  0.0490   3  0.0346   9 -0.0093

etotal =            -2.90247674

Maximum orbital diff (relative):         7.10D+00  1.00D-05
Energy difference (relative):            3.75D-05  1.00D-09

--------------------------------------------------------------------------------
Iteration    2
--------------------------------------------------------------------------------

   nl       e(nl)          qsum           dpm           ns

   1s    -0.95121E+00    0.19852E+01    0.74990E-04     72
   2s    -0.30630E+01    0.69797E-02    0.39106E-03     72
   2p-   -0.34943E+01    0.23971E-02    0.16222E-03     69
   2p    -0.34947E+01    0.47949E-02    0.16041E-03     69
   3s    -0.87062E+01    0.89672E-04    0.11852E-02     72
   3p-   -0.91756E+01    0.57943E-04    0.15127E-02     69
   3p    -0.91783E+01    0.11593E-03    0.15014E-02     70
   3d-   -0.70035E+01    0.11420E-03    0.43236E-03     69
   3d    -0.70049E+01    0.17138E-03    0.40975E-03     70
   4s    -0.21795E+02    0.37491E-05    0.62968E-02     73
   4p-   -0.21678E+02    0.31283E-05    0.46928E-02     71
   4p    -0.21688E+02    0.62609E-05    0.47142E-02     74
   4d-   -0.17035E+02    0.78668E-05    0.49725E-02     72
   4d    -0.17041E+02    0.11810E-04    0.47621E-02     75
   4f-   -0.11934E+02    0.15238E-04    0.10456E-02     70
   4f    -0.11937E+02    0.20331E-04    0.10185E-02     70
   5s    -0.74588E+02    0.17574E-06    0.18212E+01     79
   5p-   -0.76171E+02    0.15834E-06    0.26962E+00     79
   5p    -0.87128E+02    0.26793E-06    0.30390E+00     75
   5d-   -0.47257E+02    0.59589E-06    0.16867E+00     76
   5d    -0.55556E+02    0.74100E-06    0.21983E+00     75
   5f-   -0.17404E+02    0.10000E-07    0.39077E+01     68
   5f    -0.31447E+02    0.10000E-07    0.42130E+01     77
   5g-   -0.79337E-01    0.10000E-07    0.18433E-02     88
   5g    -0.79336E-01    0.10000E-07    0.22668E-02     88

Block Level  2J      Energy      Leading CSFs

    1     1   0     -2.90258973   1  0.9963   2 -0.0591   4  0.0489   3  0.0346   9 -0.0092

etotal =            -2.90258973

Maximum orbital diff (relative):         4.21D+00  1.00D-05
Energy difference (relative):            3.89D-05  1.00D-09

--------------------------------------------------------------------------------
Iteration    3
--------------------------------------------------------------------------------

   nl       e(nl)          qsum           dpm           ns

   1s    -0.95128E+00    0.19852E+01    0.18260E-04     72
   2s    -0.30625E+01    0.69753E-02    0.19009E-03     72
   2p-   -0.34941E+01    0.23939E-02    0.21283E-03     69
   2p    -0.34946E+01    0.47885E-02    0.23276E-03     69
   3s    -0.86834E+01    0.89896E-04    0.71791E-03     72
   3p-   -0.91620E+01    0.57755E-04    0.86699E-03     70
   3p    -0.91655E+01    0.11553E-03    0.86455E-03     71
   3d-   -0.70016E+01    0.11380E-03    0.12435E-02     68
   3d    -0.70031E+01    0.17079E-03    0.13057E-02     67
   4s    -0.21636E+02    0.37646E-05    0.32653E-02     74
   4p-   -0.21514E+02    0.31420E-05    0.22585E-02     72
   4p    -0.21530E+02    0.62853E-05    0.23551E-02     75
   4d-   -0.16967E+02    0.77830E-05    0.19166E-02     74
   4d    -0.16983E+02    0.11674E-04    0.29186E-02     76
   4f-   -0.11929E+02    0.15133E-04    0.56055E-02     73
   4f    -0.11933E+02    0.20197E-04    0.54298E-02     66
   5s    -0.51241E+02    0.27081E-06    0.11036E+00     78
   5p-   -0.50689E+02    0.25318E-06    0.12567E+00     81
   5p    -0.52861E+02    0.48381E-06    0.14560E+00     70
   5d-   -0.38156E+02    0.74942E-06    0.59560E-01     75
   5d    -0.40278E+02    0.10623E-05    0.90193E-01     77
   5f-   -0.22797E+02    0.20319E-05    0.89168E-01     73
   5f    -0.27825E+02    0.22026E-05    0.36764E-01     76
   5g-   -0.79339E-01    0.10000E-07    0.38290E-03     88
   5g    -0.79339E-01    0.10000E-07    0.50160E-03     88

Block Level  2J      Energy      Leading CSFs

    1     1   0     -2.90259210   1  0.9963   2 -0.0591   4  0.0489   3  0.0346   9 -0.0092

etotal =            -2.90259210

Maximum orbital diff (relative):         1.46D-01  1.00D-05
Energy difference (relative):            8.17D-07  1.00D-09

--------------------------------------------------------------------------------
Iteration    4
--------------------------------------------------------------------------------

   nl       e(nl)          qsum           dpm           ns

   1s    -0.95128E+00    0.19852E+01    0.68731E-05     72
   2s    -0.30627E+01    0.69745E-02    0.36645E-04     72
   2p-   -0.34938E+01    0.23941E-02    0.37690E-04     69
   2p    -0.34941E+01    0.47889E-02    0.34636E-04     69
   3s    -0.86788E+01    0.89946E-04    0.16448E-03     72
   3p-   -0.91606E+01    0.57758E-04    0.19877E-03     69
   3p    -0.91613E+01    0.11557E-03    0.11320E-03     70
   3d-   -0.69964E+01    0.11387E-03    0.24723E-03     68
   3d    -0.69970E+01    0.17091E-03    0.20495E-03     67
   4s    -0.21578E+02    0.37751E-05    0.95815E-03     73
   4p-   -0.21477E+02    0.31478E-05    0.40944E-03     72
   4p    -0.21486E+02    0.62981E-05    0.49818E-03     74
   4d-   -0.16958E+02    0.77847E-05    0.13145E-02     73
   4d    -0.16945E+02    0.11698E-04    0.93471E-03     75
   4f-   -0.11877E+02    0.15202E-04    0.10769E-02     72
   4f    -0.11882E+02    0.20280E-04    0.11492E-02     70
   5s    -0.45827E+02    0.30566E-06    0.37452E-01     77
   5p-   -0.44741E+02    0.28950E-06    0.42201E-01     80
   5p    -0.45376E+02    0.57089E-06    0.51510E-01     75
   5d-   -0.35696E+02    0.80498E-06    0.19896E-01     77
   5d    -0.36341E+02    0.11869E-05    0.29725E-01     77
   5f-   -0.25029E+02    0.18468E-05    0.26302E-01     72
   5f    -0.26712E+02    0.23020E-05    0.13144E-01     76
   5g-   -0.79339E-01    0.10000E-07    0.12775E-04     88
   5g    -0.79339E-01    0.10000E-07    0.21538E-04     88

Block Level  2J      Energy      Leading CSFs

    1     1   0     -2.90259312   1  0.9963   2 -0.0591   4  0.0489   3  0.0346   9 -0.0092

etotal =            -2.90259312

Maximum orbital diff (relative):         5.15D-02  1.00D-05
Energy difference (relative):            3.50D-07  1.00D-09

--------------------------------------------------------------------------------
Iteration    5
--------------------------------------------------------------------------------

   nl       e(nl)          qsum           dpm           ns

   1s    -0.95128E+00    0.19852E+01    0.87676E-06     72
   2s    -0.30627E+01    0.69743E-02    0.16707E-04     72
   2p-   -0.34937E+01    0.23941E-02    0.70997E-05     69
   2p    -0.34941E+01    0.47888E-02    0.10858E-04     69
   3s    -0.86799E+01    0.89934E-04    0.94009E-04     72
   3p-   -0.91592E+01    0.57765E-04    0.51901E-04     69
   3p    -0.91606E+01    0.11558E-03    0.40475E-04     70
   3d-   -0.69950E+01    0.11390E-03    0.57754E-04     68
   3d    -0.69959E+01    0.17093E-03    0.34926E-04     67
   4s    -0.21564E+02    0.37774E-05    0.16373E-03     73
   4p-   -0.21473E+02    0.31486E-05    0.14631E-03     72
   4p    -0.21480E+02    0.62998E-05    0.15513E-03     74
   4d-   -0.16938E+02    0.77942E-05    0.62998E-03     72
   4d    -0.16930E+02    0.11708E-04    0.25917E-03     75
   4f-   -0.11863E+02    0.15221E-04    0.27748E-03     71
   4f    -0.11868E+02    0.20305E-04    0.33630E-03     70
   5s    -0.44279E+02    0.31696E-06    0.11717E-01     76
   5p-   -0.43039E+02    0.30148E-06    0.13167E-01     80
   5p    -0.43255E+02    0.60031E-06    0.16387E-01     75
   5d-   -0.34922E+02    0.82411E-06    0.68161E-02     77
   5d    -0.35129E+02    0.12302E-05    0.98169E-02     77
   5f-   -0.25774E+02    0.17913E-05    0.81841E-02     71
   5f    -0.26335E+02    0.23372E-05    0.45151E-02     76
   5g-   -0.79339E-01    0.10000E-07    0.21787E-06     88
   5g    -0.79339E-01    0.10000E-07    0.56692E-06     88

Block Level  2J      Energy      Leading CSFs

    1     1   0     -2.90259306   1  0.9963   2 -0.0591   4  0.0489   3  0.0346   9 -0.0092

etotal =            -2.90259306

Maximum orbital diff (relative):         1.64D-02  1.00D-05
Energy difference (relative):            1.86D-08  1.00D-09

--------------------------------------------------------------------------------
Iteration    6
--------------------------------------------------------------------------------

   nl       e(nl)          qsum           dpm           ns

   1s    -0.95128E+00    0.19852E+01    0.68459E-06     72
   2s    -0.30628E+01    0.69741E-02    0.66011E-05     72
   2p-   -0.34937E+01    0.23940E-02    0.20259E-05     69
   2p    -0.34941E+01    0.47887E-02    0.44357E-05     69
   3s    -0.86810E+01    0.89921E-04    0.49927E-04     72
   3p-   -0.91589E+01    0.57767E-04    0.13125E-04     69
   3p    -0.91609E+01    0.11557E-03    0.25678E-04     70
   3d-   -0.69947E+01    0.11390E-03    0.16961E-04     67
   3d    -0.69958E+01    0.17093E-03    0.91031E-05     67
   4s    -0.21564E+02    0.37772E-05    0.10804E-03     73
   4p-   -0.21475E+02    0.31484E-05    0.75580E-04     72
   4p    -0.21482E+02    0.62989E-05    0.10264E-03     74
   4d-   -0.16927E+02    0.77996E-05    0.26862E-03     72
   4d    -0.16926E+02    0.11710E-04    0.61790E-04     75
   4f-   -0.11859E+02    0.15226E-04    0.68788E-04     71
   4f    -0.11864E+02    0.20312E-04    0.98837E-04     70
   5s    -0.43817E+02    0.32044E-06    0.35213E-02     76
   5p-   -0.42528E+02    0.30523E-06    0.19981E+01     80
   5p    -0.42612E+02    0.60967E-06    0.50563E-02     69
   5d-   -0.34664E+02    0.83070E-06    0.23791E-02     77
   5d    -0.34737E+02    0.12448E-05    0.32252E-02     77
   5f-   -0.26014E+02    0.17739E-05    0.25971E-02     71
   5f    -0.26206E+02    0.23494E-05    0.15352E-02     76
   5g-   -0.79339E-01    0.10000E-07    0.73034E-07     88
   5g    -0.79339E-01    0.10000E-07    0.12023E-06     88

Block Level  2J      Energy      Leading CSFs

    1     1   0     -2.90259310   1  0.9963   2 -0.0591   4  0.0489   3  0.0346   9 -0.0092

etotal =            -2.90259310

Maximum orbital diff (relative):         2.00D+00  1.00D-05
Energy difference (relative):            1.25D-08  1.00D-09

--------------------------------------------------------------------------------
Iteration    7
--------------------------------------------------------------------------------

   nl       e(nl)          qsum           dpm           ns

   1s    -0.95128E+00    0.19852E+01    0.19079E-06     72
   2s    -0.30628E+01    0.69740E-02    0.21128E-05     72
   2p-   -0.34937E+01    0.23940E-02    0.93239E-06     69
   2p    -0.34942E+01    0.47886E-02    0.19911E-05     69
   3s    -0.86817E+01    0.89914E-04    0.23431E-04     72
   3p-   -0.91588E+01    0.57767E-04    0.27799E-05     69
   3p    -0.91613E+01    0.11557E-03    0.14071E-04     70
   3d-   -0.69946E+01    0.11390E-03    0.47092E-05     67
   3d    -0.69959E+01    0.17093E-03    0.51966E-05     67
   4s    -0.21567E+02    0.37766E-05    0.69875E-04     73
   4p-   -0.21476E+02    0.31481E-05    0.36256E-04     72
   4p    -0.21485E+02    0.62979E-05    0.66531E-04     74
   4d-   -0.16922E+02    0.78019E-05    0.10505E-03     72
   4d    -0.16925E+02    0.11711E-04    0.11640E-04     75
   4f-   -0.11859E+02    0.15227E-04    0.15358E-04     71
   4f    -0.11862E+02    0.20314E-04    0.28320E-04     70
   5s    -0.43680E+02    0.32147E-06    0.10099E-02     76
   5p-   -0.42372E+02    0.30638E-06    0.12061E-02     80
   5p    -0.42416E+02    0.61255E-06    0.15182E-02     69
   5d-   -0.34576E+02    0.83300E-06    0.83799E-03     77
   5d    -0.34609E+02    0.12496E-05    0.10482E-02     77
   5f-   -0.26091E+02    0.17684E-05    0.83513E-03     71
   5f    -0.26163E+02    0.23536E-05    0.51561E-03     76
   5g-   -0.79339E-01    0.10000E-07    0.12774E-07     88
   5g    -0.79339E-01    0.10000E-07    0.32949E-07     88

Block Level  2J      Energy      Leading CSFs

    1     1   0     -2.90259308   1  0.9963   2 -0.0591   4  0.0489   3  0.0346   9 -0.0092

etotal =            -2.90259308

Maximum orbital diff (relative):         1.52D-03  1.00D-05
Energy difference (relative):            8.12D-09  1.00D-09

--------------------------------------------------------------------------------
Iteration    8
--------------------------------------------------------------------------------

   nl       e(nl)          qsum           dpm           ns

   1s    -0.95128E+00    0.19852E+01    0.19078E-06     72
   2s    -0.30628E+01    0.69740E-02    0.73282E-06     72
   2p-   -0.34937E+01    0.23940E-02    0.74963E-06     69
   2p    -0.34942E+01    0.47886E-02    0.57853E-06     69
   3s    -0.86819E+01    0.89910E-04    0.92476E-05     72
   3p-   -0.91589E+01    0.57767E-04    0.13795E-05     69
   3p    -0.91615E+01    0.11556E-03    0.62141E-05     70
   3d-   -0.69946E+01    0.11390E-03    0.15934E-05     67
   3d    -0.69959E+01    0.17092E-03    0.21565E-05     67
   4s    -0.21568E+02    0.37762E-05    0.35355E-04     73
   4p-   -0.21477E+02    0.31480E-05    0.17376E-04     71
   4p    -0.21487E+02    0.62973E-05    0.33982E-04     74
   4d-   -0.16920E+02    0.78029E-05    0.40267E-04     72
   4d    -0.16925E+02    0.11711E-04    0.38904E-05     75
   4f-   -0.11858E+02    0.15227E-04    0.31925E-05     71
   4f    -0.11862E+02    0.20314E-04    0.83019E-05     70
   5s    -0.43641E+02    0.32176E-06    0.27212E-03     76
   5p-   -0.42326E+02    0.30672E-06    0.35398E-03     80
   5p    -0.42357E+02    0.61342E-06    0.44157E-03     69
   5d-   -0.34545E+02    0.83381E-06    0.29847E-03     77
   5d    -0.34567E+02    0.12511E-05    0.33792E-03     77
   5f-   -0.26116E+02    0.17666E-05    0.26971E-03     71
   5f    -0.26148E+02    0.23550E-05    0.17283E-03     76
   5g-   -0.79339E-01    0.10000E-07    0.22779E-08     88
   5g    -0.79339E-01    0.10000E-07    0.80702E-08     88

Block Level  2J      Energy      Leading CSFs

    1     1   0     -2.90259308   1  0.9963   2 -0.0591   4  0.0489   3  0.0346   9 -0.0092

etotal =            -2.90259308

Maximum orbital diff (relative):         4.42D-04  1.00D-05
Energy difference (relative):            3.57D-10  1.00D-09

--------------------------------------------------------------------------------
Iteration    9
--------------------------------------------------------------------------------

   nl       e(nl)          qsum           dpm           ns

   1s    -0.95128E+00    0.19852E+01    0.19078E-06     72
   2s    -0.30628E+01    0.69740E-02    0.72340E-06     72
   2p-   -0.34937E+01    0.23940E-02    0.74980E-06     69
   2p    -0.34942E+01    0.47886E-02    0.55835E-06     69
   3s    -0.86820E+01    0.89909E-04    0.35766E-05     72
   3p-   -0.91589E+01    0.57767E-04    0.67247E-06     69
   3p    -0.91615E+01    0.11556E-03    0.26350E-05     70
   3d-   -0.69946E+01    0.11390E-03    0.89371E-06     67
   3d    -0.69959E+01    0.17092E-03    0.87695E-06     67
   4s    -0.21569E+02    0.37760E-05    0.16189E-04     73
   4p-   -0.21478E+02    0.31479E-05    0.81301E-05     71
   4p    -0.21487E+02    0.62970E-05    0.15871E-04     74
   4d-   -0.16919E+02    0.78033E-05    0.14889E-04     72
   4d    -0.16925E+02    0.11710E-04    0.23933E-05     75
   4f-   -0.11858E+02    0.15227E-04    0.11641E-05     71
   4f    -0.11862E+02    0.20314E-04    0.23687E-05     70
   5s    -0.43630E+02    0.32183E-06    0.65251E-04     76
   5p-   -0.42312E+02    0.30682E-06    0.10047E-03     80
   5p    -0.42339E+02    0.61367E-06    0.12186E-03     69
   5d-   -0.34535E+02    0.83410E-06    0.10663E-03     77
   5d    -0.34554E+02    0.12516E-05    0.10738E-03     77
   5f-   -0.26124E+02    0.17660E-05    0.87735E-04     71
   5f    -0.26143E+02    0.23555E-05    0.57475E-04     76
   5g-   -0.79339E-01    0.10000E-07    0.15252E-08     88
   5g    -0.79339E-01    0.10000E-07    0.82042E-09     88

Block Level  2J      Energy      Leading CSFs

    1     1   0     -2.90259307   1  0.9963   2 -0.0591   4  0.0489   3  0.0346   9 -0.0092

etotal =            -2.90259307

Maximum orbital diff (relative):         1.22D-04  1.00D-05
Energy difference (relative):            1.34D-09  1.00D-09

--------------------------------------------------------------------------------
Iteration   10
--------------------------------------------------------------------------------

   nl       e(nl)          qsum           dpm           ns

   1s    -0.95128E+00    0.19852E+01    0.19078E-06     72
   2s    -0.30628E+01    0.69740E-02    0.72338E-06     72
   2p-   -0.34937E+01    0.23940E-02    0.74986E-06     69
   2p    -0.34942E+01    0.47886E-02    0.55836E-06     69
   3s    -0.86821E+01    0.89908E-04    0.12598E-05     72
   3p-   -0.91589E+01    0.57767E-04    0.57986E-06     69
   3p    -0.91616E+01    0.11556E-03    0.10033E-05     70
   3d-   -0.69946E+01    0.11390E-03    0.89292E-06     67
   3d    -0.69959E+01    0.17092E-03    0.87014E-06     67
   4s    -0.21570E+02    0.37759E-05    0.67854E-05     73
   4p-   -0.21478E+02    0.31479E-05    0.34720E-05     71
   4p    -0.21488E+02    0.62969E-05    0.68266E-05     74
   4d-   -0.16919E+02    0.78034E-05    0.54971E-05     72
   4d    -0.16925E+02    0.11710E-04    0.12376E-05     75
   4f-   -0.11858E+02    0.15227E-04    0.90246E-06     71
   4f    -0.11862E+02    0.20314E-04    0.84761E-06     70
   5s    -0.43628E+02    0.32185E-06    0.12731E-04     76
   5p-   -0.42308E+02    0.30685E-06    0.27479E-04     80
   5p    -0.42334E+02    0.61374E-06    0.20000E+01     69
   5d-   -0.34531E+02    0.83420E-06    0.38312E-04     77
   5d    -0.34550E+02    0.12518E-05    0.33718E-04     77
   5f-   -0.26127E+02    0.17659E-05    0.28585E-04     71
   5f    -0.26142E+02    0.23556E-05    0.19114E-04     76
   5g-   -0.79339E-01    0.10000E-07    0.82468E-09     88
   5g    -0.79339E-01    0.10000E-07    0.76564E-09     88

Block Level  2J      Energy      Leading CSFs

    1     1   0     -2.90259307   1  0.9963   2 -0.0591   4  0.0489   3  0.0346   9 -0.0092

etotal =            -2.90259307

Maximum orbital diff (relative):         2.00D+00  1.00D-05
Energy difference (relative):            1.82D-10  1.00D-09

--------------------------------------------------------------------------------
Iteration   11
--------------------------------------------------------------------------------

   nl       e(nl)          qsum           dpm           ns

   1s    -0.95128E+00    0.19852E+01    0.19078E-06     72
   2s    -0.30628E+01    0.69740E-02    0.72337E-06     72
   2p-   -0.34937E+01    0.23940E-02    0.74987E-06     69
   2p    -0.34942E+01    0.47886E-02    0.55836E-06     69
   3s    -0.86821E+01    0.89908E-04    0.44244E-06     72
   3p-   -0.91589E+01    0.57767E-04    0.57967E-06     69
   3p    -0.91616E+01    0.11556E-03    0.53447E-06     70
   3d-   -0.69946E+01    0.11390E-03    0.89271E-06     67
   3d    -0.69959E+01    0.17092E-03    0.87033E-06     67
   4s    -0.21570E+02    0.37759E-05    0.27126E-05     73
   4p-   -0.21478E+02    0.31479E-05    0.14422E-05     71
   4p    -0.21488E+02    0.62968E-05    0.28205E-05     74
   4d-   -0.16919E+02    0.78035E-05    0.19906E-05     72
   4d    -0.16925E+02    0.11710E-04    0.72171E-06     75
   4f-   -0.11858E+02    0.15227E-04    0.90230E-06     71
   4f    -0.11862E+02    0.20314E-04    0.84791E-06     70
   5s    -0.43627E+02    0.32185E-06    0.27167E-05     76
   5p-   -0.42307E+02    0.30686E-06    0.73080E-05     80
   5p    -0.42333E+02    0.61376E-06    0.79795E-05     69
   5d-   -0.34529E+02    0.83424E-06    0.13766E-04     77
   5d    -0.34548E+02    0.12519E-05    0.10385E-04     77
   5f-   -0.26128E+02    0.17658E-05    0.93660E-05     71
   5f    -0.26141E+02    0.23557E-05    0.63160E-05     76
   5g-   -0.79339E-01    0.10000E-07    0.41813E-09     88
   5g    -0.79339E-01    0.10000E-07    0.51405E-09     88

Block Level  2J      Energy      Leading CSFs

    1     1   0     -2.90259307   1  0.9963   2 -0.0591   4  0.0489   3  0.0346   9 -0.0092

etotal =            -2.90259307

Maximum orbital diff (relative):         1.38D-05  1.00D-05
Energy difference (relative):            1.85D-10  1.00D-09

--------------------------------------------------------------------------------
Iteration   12
--------------------------------------------------------------------------------

   nl       e(nl)          qsum           dpm           ns

   1s    -0.95128E+00    0.19852E+01    0.19077E-06     72
   2s    -0.30628E+01    0.69740E-02    0.72337E-06     72
   2p-   -0.34937E+01    0.23940E-02    0.74987E-06     69
   2p    -0.34942E+01    0.47886E-02    0.55836E-06     69
   3s    -0.86821E+01    0.89908E-04    0.22595E-06     72
   3p-   -0.91589E+01    0.57767E-04    0.57960E-06     69
   3p    -0.91616E+01    0.11556E-03    0.53443E-06     70
   3d-   -0.69946E+01    0.11390E-03    0.89265E-06     67
   3d    -0.69959E+01    0.17092E-03    0.87042E-06     67
   4s    -0.21570E+02    0.37759E-05    0.10296E-05     73
   4p-   -0.21478E+02    0.31478E-05    0.99480E-06     71
   4p    -0.21488E+02    0.62968E-05    0.11138E-05     74
   4d-   -0.16919E+02    0.78035E-05    0.85509E-06     72
   4d    -0.16925E+02    0.11710E-04    0.72169E-06     75
   4f-   -0.11858E+02    0.15227E-04    0.90225E-06     71
   4f    -0.11862E+02    0.20314E-04    0.84804E-06     70
   5s    -0.43627E+02    0.32185E-06    0.13076E-05     76
   5p-   -0.42307E+02    0.30686E-06    0.17844E-05     80
   5p    -0.42333E+02    0.61376E-06    0.17623E-05     69
   5d-   -0.34529E+02    0.83425E-06    0.49623E-05     77
   5d    -0.34548E+02    0.12519E-05    0.31417E-05     77
   5f-   -0.26128E+02    0.17658E-05    0.30700E-05     71
   5f    -0.26141E+02    0.23557E-05    0.20890E-05     76
   5g-   -0.79339E-01    0.10000E-07    0.18332E-09     88
   5g    -0.79339E-01    0.10000E-07    0.24830E-09     88

Block Level  2J      Energy      Leading CSFs

    1     1   0     -2.90259307   1  0.9963   2 -0.0591   4  0.0489   3  0.0346   9 -0.0092

etotal =            -2.90259307

Maximum orbital diff (relative):         4.96D-06  1.00D-05
Energy difference (relative):            3.11D-11  1.00D-09

--------------------------------------------------------------------------------

ATOM:  He

Convergence (latest difference):
Orbital diff. =                          4.96D-06
SCF diff. =                              3.11D-11

  nl       E(nl)        1/R       R       R**2       dmp       ns     max_R

  1s     -0.95128409    1.710    0.913    1.146    1.91E-07    72     15.67
  2s     -3.06279911    1.926    1.244    2.349    7.23E-07    72     15.67
  2p-    -3.49374060    1.234    0.992    1.169    7.50E-07    69     12.67
  2p     -3.49417029    1.234    0.992    1.169    5.58E-07    69     12.67
  3s     -8.68210901    2.783    1.024    1.898    2.26E-07    72     15.67
  3p-    -9.15887985    1.773    0.922    1.247    5.80E-07    69     12.67
  3p     -9.16159647    1.772    0.922    1.246    5.34E-07    70     13.67
  3d-    -6.99455458    1.199    0.959    1.042    8.93E-07    67     10.67
  3d     -6.99592234    1.199    0.959    1.042    8.70E-07    67     10.67
  4s    -21.57008160    3.632    0.830    1.370    1.03E-06    73     16.67
  4p-   -21.47803168    2.372    0.800    1.056    9.95E-07    71     14.67
  4p    -21.48809519    2.371    0.800    1.056    1.11E-06    74     17.67
  4d-   -16.91903107    1.655    0.856    0.999    8.55E-07    72     15.67
  4d    -16.92542337    1.654    0.856    0.999    7.22E-07    75     18.67
  4f-   -11.85845660    1.189    0.935    0.965    9.02E-07    71     14.67
  4f    -11.86189898    1.189    0.935    0.965    8.48E-07    70     13.67
  5s    -43.62715804    4.307    0.709    1.019    1.31E-06    76     19.67
  5p-   -42.30679924    2.907    0.709    0.874    1.78E-06    80     23.67
  5p    -42.33282727    2.903    0.708    0.874    1.76E-06    69     12.67
  5d-   -34.52876952    2.112    0.762    0.879    4.96E-06    77     20.67
  5d    -34.54774352    2.111    0.762    0.878    3.14E-06    77     20.67
  5f-   -26.12784957    1.578    0.831    0.891    3.07E-06    71     14.67
  5f    -26.14080985    1.578    0.831    0.891    2.09E-06    76     19.67
  5g-    -0.07933919    0.083   13.158  186.257    1.83E-10    88     25.67
  5g     -0.07933915    0.083   13.157  186.237    2.48E-10    88     25.67

Average energy:                          -2.9025930709039902

Optimized states:

1s2.0                                    -2.9025930709039902

time:                   53.84  sec

--------------------------------------------------------------------------------


debug timing:

time_matrix:            22.22  sec
time_solve:              9.75  sec
time_diag:              21.72  sec

time_convolution:       23.66  sec
time_density:            0.61  sec

Calls to convol  =      37308
Calls to density =      73804
