================================================================================
                   MULTICONFIGURATION B-SPLINE DIRAC-HARTREE-FOCK
================================================================================

Name of case:                     He_n6

Configuration file:               He_n6.c

Angular-coefficients file:        He_n6.bnk

--------------------------------------------------------------------------------

c-file data: 

number of electrons:              2
number of configurations:        36
core orbitals:                    0
number of peel orbitals:         36

     1s      2s      2p-     2p      3s      3p-     3p      3d-     3d      4s 
     4p-     4p      4d-     4d      4f-     4f      5s      5p-     5p      5d-
     5d      5f-     5f      5g-     5g      6s      6p-     6p      6d-     6d 
     6f-     6f      6g-     6g      6h-     6h 

number of J-blocks:   1

block  1  2J=  0   ncfg=    36

optimization mode: eol = 5  -  statistically weighted levels

number of levels to optimize:  1

block  1  level=  1   weight=    1.00000

Memory required for Hamiltonian matrix:      0.01 Mb

--------------------------------------------------------------------------------

B-spline parameters:

ns   =   90             -  number of splines
ks   =    9             -  order  of splines
ksp  =    8             -  for large component
ksq  =    9             -  for small component
he   =    0.250         -  exponetial step size
tmax =   25.674         -  maximum radius

Spline integrals:

kmin =    0             -  min. multipole index
kmax =   11             -  max. multipole index
ntype=    4             -  number of different integrals

Memory required for spline integrals:      240.27 Mb

--------------------------------------------------------------------------------

Initial estimations:

  1s  - read from file He_n5.bsw
  2s  - read from file He_n5.bsw
  2p- - read from file He_n5.bsw
  2p  - read from file He_n5.bsw
  3s  - read from file He_n5.bsw
  3p- - read from file He_n5.bsw
  3p  - read from file He_n5.bsw
  3d- - read from file He_n5.bsw
  3d  - read from file He_n5.bsw
  4s  - read from file He_n5.bsw
  4p- - read from file He_n5.bsw
  4p  - read from file He_n5.bsw
  4d- - read from file He_n5.bsw
  4d  - read from file He_n5.bsw
  4f- - read from file He_n5.bsw
  4f  - read from file He_n5.bsw
  5s  - read from file He_n5.bsw
  5p- - read from file He_n5.bsw
  5p  - read from file He_n5.bsw
  5d- - read from file He_n5.bsw
  5d  - read from file He_n5.bsw
  5f- - read from file He_n5.bsw
  5f  - read from file He_n5.bsw
  5g- - read from file He_n5.bsw
  5g  - read from file He_n5.bsw
  6s  - hydrogenic orbital with screening  1.00  and  n =  6
  6p- - hydrogenic orbital with screening  1.00  and  n =  6
  6p  - hydrogenic orbital with screening  1.00  and  n =  6
  6d- - hydrogenic orbital with screening  1.00  and  n =  6
  6d  - hydrogenic orbital with screening  1.00  and  n =  6
  6f- - hydrogenic orbital with screening  1.00  and  n =  6
  6f  - hydrogenic orbital with screening  1.00  and  n =  6
  6g- - hydrogenic orbital with screening  1.00  and  n =  6
  6g  - hydrogenic orbital with screening  1.00  and  n =  6
  6h- - hydrogenic orbital with screening  1.00  and  n =  6
  6h  - hydrogenic orbital with screening  1.00  and  n =  6

--------------------------------------------------------------------------------

Running parameters:

scf_tol =  1.00E-09                    - tolerance for energy convergence
orb_tol =  1.00E-05                    - tolerance for orbital convergence
end_tol =  1.00E-06                    - tolerance for ending zeros
max_it  =  25                          - max. number of iterations

ipzero  =  0                           - initial zeros for larger component
iqzero  =  0                           - initial zeros for small component
jpzero  =  1                           - final zeros for larger component
jqzero  =  1                           - final zeros for small component

--------------------------------------------------------------------------------

Additonal options (not applied if = 0)

method  =  1                           - method for solving MCHF equation
all     =  0                           - collective optimization
irhs    =  0                           - convert right-hand-side to main matrix
newton  =  0                           - use Newton-Rapson method
rotate  =  0                           - use rotations
debug   =  0                           - additional debug output

--------------------------------------------------------------------------------

c_au    =  137.0359997600000           - speed of light

--------------------------------------------------------------------------------

Block Level  2J      Energy      Leading CSFs

    1     1   0     -2.90259309   1  0.9963   2 -0.0591   4  0.0489   3  0.0346   9 -0.0092

--------------------------------------------------------------------------------
Iteration    1
--------------------------------------------------------------------------------

   nl       e(nl)          qsum           dpm           ns

   1s    -0.95128E+00    0.19852E+01    0.19008E-06     72
   2s    -0.30628E+01    0.69740E-02    0.70983E-06     72
   2p-   -0.34937E+01    0.23940E-02    0.75001E-06     69
   2p    -0.34942E+01    0.47886E-02    0.55834E-06     69
   3s    -0.86821E+01    0.89908E-04    0.21598E-05     72
   3p-   -0.91589E+01    0.57767E-04    0.57392E-06     69
   3p    -0.91616E+01    0.11556E-03    0.53494E-06     70
   3d-   -0.69946E+01    0.11390E-03    0.88892E-06     67
   3d    -0.69959E+01    0.17092E-03    0.86964E-06     67
   4s    -0.21570E+02    0.37759E-05    0.53002E-05     73
   4p-   -0.21478E+02    0.31478E-05    0.13901E-05     71
   4p    -0.21488E+02    0.62968E-05    0.15985E-05     74
   4d-   -0.16919E+02    0.78035E-05    0.87704E-06     72
   4d    -0.16925E+02    0.11710E-04    0.11238E-05     75
   4f-   -0.11858E+02    0.15227E-04    0.90237E-06     71
   4f    -0.11862E+02    0.20314E-04    0.85206E-06     70
   5s    -0.43627E+02    0.32185E-06    0.10760E-04     76
   5p-   -0.42307E+02    0.30686E-06    0.18644E-05     80
   5p    -0.42333E+02    0.61376E-06    0.18094E-05     75
   5d-   -0.34529E+02    0.83425E-06    0.13204E-05     77
   5d    -0.34548E+02    0.12519E-05    0.11680E-05     77
   5f-   -0.26128E+02    0.17658E-05    0.22417E-05     71
   5f    -0.26141E+02    0.23557E-05    0.10567E-05     76
   5g-   -0.79340E-01    0.10000E-07    0.10519E-02     88
   5g    -0.79341E-01    0.10000E-07    0.13156E-02     88
   6s    -0.54957E+02    0.10000E-07    0.61810E+01     88
   6p-   -0.82221E+02    0.10000E-07    0.56964E+01     87
   6p    -0.24909E+03    0.10000E-07    0.62235E+01     71
   6d-   -0.21746E+02    0.10000E-07    0.49194E+01     88
   6d    -0.55733E+02    0.10000E-07    0.59215E+01     86
   6f-   -0.12445E+00    0.10000E-07    0.10031E+01     88
   6f    -0.12450E+00    0.10000E-07    0.10030E+01     88
   6g-   -0.42952E-01    0.10000E-07    0.86806E+00     88
   6g    -0.42942E-01    0.10000E-07    0.86610E+00     88
   6h-   -0.50713E-01    0.10000E-07    0.10000E+01     88
   6h    -0.50709E-01    0.10000E-07    0.10000E+01     88

Block Level  2J      Energy      Leading CSFs

    1     1   0     -2.90262447   1  0.9963   2 -0.0590   4  0.0489   3  0.0346   9 -0.0092

etotal =            -2.90262447

Maximum orbital diff (relative):         6.22D+00  1.00D-05
Energy difference (relative):            1.08D-05  1.00D-09

--------------------------------------------------------------------------------
Iteration    2
--------------------------------------------------------------------------------

   nl       e(nl)          qsum           dpm           ns

   1s    -0.95132E+00    0.19852E+01    0.16741E-04     72
   2s    -0.30628E+01    0.69707E-02    0.90340E-04     72
   2p-   -0.34938E+01    0.23935E-02    0.29351E-04     71
   2p    -0.34942E+01    0.47876E-02    0.28671E-04     69
   3s    -0.86842E+01    0.89734E-04    0.38046E-03     72
   3p-   -0.91594E+01    0.57714E-04    0.22622E-03     71
   3p    -0.91622E+01    0.11545E-03    0.27118E-03     71
   3d-   -0.69946E+01    0.11385E-03    0.16999E-03     72
   3d    -0.69960E+01    0.17085E-03    0.14342E-03     69
   4s    -0.21587E+02    0.37560E-05    0.11338E-02     72
   4p-   -0.21486E+02    0.31362E-05    0.12162E-02     72
   4p    -0.21497E+02    0.62728E-05    0.13877E-02     74
   4d-   -0.16920E+02    0.77917E-05    0.71938E-03     72
   4d    -0.16927E+02    0.11693E-04    0.72471E-03     71
   4f-   -0.11858E+02    0.15215E-04    0.38733E-03     73
   4f    -0.11862E+02    0.20299E-04    0.38628E-03     69
   5s    -0.43692E+02    0.31812E-06    0.19977E+01     75
   5p-   -0.42368E+02    0.30317E-06    0.25584E-02     79
   5p    -0.42405E+02    0.60608E-06    0.29323E-02     72
   5d-   -0.34545E+02    0.82958E-06    0.47406E-02     78
   5d    -0.34567E+02    0.12448E-05    0.49048E-02     76
   5f-   -0.26129E+02    0.17622E-05    0.11837E-02     76
   5f    -0.26143E+02    0.23512E-05    0.12076E-02     72
   5g-   -0.79337E-01    0.10000E-07    0.76516E-03     88
   5g    -0.79336E-01    0.10000E-07    0.93770E-03     88
   6s    -0.67080E+02    0.50566E-07    0.19571E+01     87
   6p-   -0.74896E+02    0.44158E-07    0.40129E-01     86
   6p    -0.10554E+03    0.60764E-07    0.18936E+01     86
   6d-   -0.40278E+02    0.19037E-06    0.30429E+00     86
   6d    -0.58662E+02    0.19894E-06    0.18037E-01     86
   6f-   -0.58180E+00    0.10000E-07    0.24140E+01     77
   6f    -0.20158E+01    0.10000E-07    0.28207E+01     78
   6g-   -0.42979E-01    0.10000E-07    0.26975E-02     88
   6g    -0.42976E-01    0.10000E-07    0.34059E-02     88
   6h-   -0.50713E-01    0.10000E-07    0.22245E-04     88
   6h    -0.50709E-01    0.10000E-07    0.27864E-04     88

Block Level  2J      Energy      Leading CSFs

    1     1   0     -2.90263399   1  0.9963   2 -0.0590   4  0.0489   3  0.0346   9 -0.0092

etotal =            -2.90263399

Maximum orbital diff (relative):         2.82D+00  1.00D-05
Energy difference (relative):            3.28D-06  1.00D-09

--------------------------------------------------------------------------------
Iteration    3
--------------------------------------------------------------------------------

   nl       e(nl)          qsum           dpm           ns

   1s    -0.95132E+00    0.19852E+01    0.19568E-04     72
   2s    -0.30628E+01    0.69694E-02    0.12684E-03     72
   2p-   -0.34937E+01    0.23932E-02    0.11265E-03     69
   2p    -0.34941E+01    0.47870E-02    0.13075E-03     69
   3s    -0.86763E+01    0.89753E-04    0.24884E-03     72
   3p-   -0.91560E+01    0.57706E-04    0.43857E-03     69
   3p    -0.91581E+01    0.11543E-03    0.50926E-03     69
   3d-   -0.69942E+01    0.11383E-03    0.25879E-03     71
   3d    -0.69954E+01    0.17080E-03    0.31387E-03     71
   4s    -0.21543E+02    0.37605E-05    0.36889E-03     74
   4p-   -0.21449E+02    0.31378E-05    0.94247E-03     74
   4p    -0.21452E+02    0.62768E-05    0.11341E-02     75
   4d-   -0.16910E+02    0.77910E-05    0.74247E-03     70
   4d    -0.16914E+02    0.11689E-04    0.91719E-03     71
   4f-   -0.11857E+02    0.15210E-04    0.18200E-03     72
   4f    -0.11861E+02    0.20289E-04    0.38725E-03     71
   5s    -0.43395E+02    0.32030E-06    0.15117E-02     72
   5p-   -0.42234E+02    0.30340E-06    0.18429E-02     77
   5p    -0.42224E+02    0.60698E-06    0.22784E-02     75
   5d-   -0.34378E+02    0.83252E-06    0.16248E-02     76
   5d    -0.34391E+02    0.12484E-05    0.19457E-02     76
   5f-   -0.26113E+02    0.17616E-05    0.77058E-03     75
   5f    -0.26122E+02    0.23487E-05    0.17199E-02     75
   5g-   -0.79337E-01    0.10000E-07    0.51091E-04     88
   5g    -0.79338E-01    0.10000E-07    0.24290E-03     88
   6s    -0.71633E+02    0.47362E-07    0.25678E-01     87
   6p-   -0.72137E+02    0.45869E-07    0.12834E-01     86
   6p    -0.80884E+02    0.81458E-07    0.19979E+01     86
   6d-   -0.51952E+02    0.14934E-06    0.10816E+00     87
   6d    -0.59505E+02    0.19530E-06    0.11026E-01     86
   6f-   -0.19978E+02    0.62533E-06    0.19990E+01     78
   6f    -0.15526E+02    0.10023E-05    0.20977E+01     84
   6g-   -0.42976E-01    0.10000E-07    0.25402E-03     88
   6g    -0.42981E-01    0.10000E-07    0.53688E-03     88
   6h-   -0.50713E-01    0.10000E-07    0.29785E-05     88
   6h    -0.50709E-01    0.10000E-07    0.37072E-05     88

Block Level  2J      Energy      Leading CSFs

    1     1   0     -2.90265413   1  0.9963   2 -0.0590   4  0.0489   3  0.0346   9 -0.0092

etotal =            -2.90265413

Maximum orbital diff (relative):         2.10D+00  1.00D-05
Energy difference (relative):            6.94D-06  1.00D-09

--------------------------------------------------------------------------------
Iteration    4
--------------------------------------------------------------------------------

   nl       e(nl)          qsum           dpm           ns

   1s    -0.95135E+00    0.19852E+01    0.25927E-04     72
   2s    -0.30629E+01    0.69682E-02    0.14293E-03     72
   2p-   -0.34940E+01    0.23926E-02    0.93270E-04     69
   2p    -0.34945E+01    0.47857E-02    0.10030E-03     69
   3s    -0.86834E+01    0.89694E-04    0.39929E-03     72
   3p-   -0.91609E+01    0.57633E-04    0.50753E-03     72
   3p    -0.91639E+01    0.11529E-03    0.53022E-03     71
   3d-   -0.69955E+01    0.11375E-03    0.41220E-03     67
   3d    -0.69971E+01    0.17069E-03    0.42374E-03     73
   4s    -0.21551E+02    0.37604E-05    0.94695E-03     73
   4p-   -0.21475E+02    0.31289E-05    0.14461E-02     75
   4p    -0.21487E+02    0.62584E-05    0.15135E-02     75
   4d-   -0.16919E+02    0.77723E-05    0.98365E-03     74
   4d    -0.16926E+02    0.11663E-04    0.10514E-02     72
   4f-   -0.11860E+02    0.15193E-04    0.11143E-02     70
   4f    -0.11864E+02    0.20268E-04    0.12471E-02     77
   5s    -0.43390E+02    0.32011E-06    0.19991E+01     74
   5p-   -0.42230E+02    0.30316E-06    0.28755E-02     81
   5p    -0.42244E+02    0.60640E-06    0.28460E-02     79
   5d-   -0.34416E+02    0.82647E-06    0.30292E-02     81
   5d    -0.34474E+02    0.12391E-05    0.32831E-02     75
   5f-   -0.26115E+02    0.17555E-05    0.39864E-02     78
   5f    -0.26106E+02    0.23442E-05    0.36283E-02     76
   5g-   -0.79339E-01    0.10000E-07    0.22787E-03     88
   5g    -0.79339E-01    0.10000E-07    0.11466E-03     88
   6s    -0.73116E+02    0.46266E-07    0.84948E-02     87
   6p-   -0.71534E+02    0.46310E-07    0.83510E-02     86
   6p    -0.74424E+02    0.88990E-07    0.34636E-01     86
   6d-   -0.57112E+02    0.13543E-06    0.39439E-01     87
   6d    -0.60036E+02    0.19310E-06    0.35733E-02     86
   6f-   -0.34750E+02    0.38325E-06    0.18957E+01     87
   6f    -0.31422E+02    0.56122E-06    0.19223E+01     86
   6g-   -0.42984E-01    0.10000E-07    0.81206E-03     88
   6g    -0.42985E-01    0.10000E-07    0.46036E-03     88
   6h-   -0.50713E-01    0.10000E-07    0.22837E-07     88
   6h    -0.50709E-01    0.10000E-07    0.41162E-07     88

Block Level  2J      Energy      Leading CSFs

    1     1   0     -2.90265453   1  0.9963   2 -0.0590   4  0.0489   3  0.0346   9 -0.0092

etotal =            -2.90265453

Maximum orbital diff (relative):         2.00D+00  1.00D-05
Energy difference (relative):            1.38D-07  1.00D-09

--------------------------------------------------------------------------------
Iteration    5
--------------------------------------------------------------------------------

   nl       e(nl)          qsum           dpm           ns

   1s    -0.95133E+00    0.19852E+01    0.29901E-05     72
   2s    -0.30628E+01    0.69685E-02    0.38853E-04     72
   2p-   -0.34939E+01    0.23928E-02    0.60199E-04     69
   2p    -0.34943E+01    0.47860E-02    0.61733E-04     69
   3s    -0.86805E+01    0.89726E-04    0.20098E-03     72
   3p-   -0.91584E+01    0.57651E-04    0.26490E-03     69
   3p    -0.91615E+01    0.11532E-03    0.28033E-03     69
   3d-   -0.69948E+01    0.11377E-03    0.20146E-03     68
   3d    -0.69963E+01    0.17071E-03    0.22935E-03     73
   4s    -0.21537E+02    0.37641E-05    0.33241E-03     74
   4p-   -0.21481E+02    0.31280E-05    0.70312E-03     73
   4p    -0.21493E+02    0.62565E-05    0.77540E-03     70
   4d-   -0.16907E+02    0.77786E-05    0.62905E-03     68
   4d    -0.16915E+02    0.11671E-04    0.68765E-03     75
   4f-   -0.11858E+02    0.15198E-04    0.49576E-03     73
   4f    -0.11861E+02    0.20274E-04    0.59627E-03     77
   5s    -0.43398E+02    0.31989E-06    0.43424E-03     75
   5p-   -0.42155E+02    0.30396E-06    0.20531E-02     81
   5p    -0.42177E+02    0.60797E-06    0.20813E-02     79
   5d-   -0.34477E+02    0.82465E-06    0.16446E-02     80
   5d    -0.34524E+02    0.12365E-05    0.21024E-02     75
   5f-   -0.26020E+02    0.17625E-05    0.15638E-02     70
   5f    -0.26029E+02    0.23516E-05    0.16245E-02     77
   5g-   -0.79339E-01    0.10000E-07    0.82949E-05     88
   5g    -0.79339E-01    0.10000E-07    0.62116E-05     88
   6s    -0.73634E+02    0.45934E-07    0.18799E-02     87
   6p-   -0.71197E+02    0.46549E-07    0.29948E-02     86
   6p    -0.72209E+02    0.91831E-07    0.12472E-01     86
   6d-   -0.59031E+02    0.13113E-06    0.11050E-01     87
   6d    -0.60141E+02    0.19309E-06    0.27491E-02     86
   6f-   -0.42898E+02    0.31297E-06    0.65275E-01     86
   6f    -0.41319E+02    0.43357E-06    0.87869E-01     79
   6g-   -0.42985E-01    0.10000E-07    0.11138E-03     88
   6g    -0.42986E-01    0.10000E-07    0.96428E-04     88
   6h-   -0.50713E-01    0.10000E-07    0.14415E-07     88
   6h    -0.50709E-01    0.10000E-07    0.12992E-07     88

Block Level  2J      Energy      Leading CSFs

    1     1   0     -2.90265555   1  0.9963   2 -0.0590   4  0.0489   3  0.0346   9 -0.0092

etotal =            -2.90265555

Maximum orbital diff (relative):         8.79D-02  1.00D-05
Energy difference (relative):            3.51D-07  1.00D-09

--------------------------------------------------------------------------------
Iteration    6
--------------------------------------------------------------------------------

   nl       e(nl)          qsum           dpm           ns

   1s    -0.95133E+00    0.19852E+01    0.18769E-05     72
   2s    -0.30627E+01    0.69688E-02    0.11502E-04     72
   2p-   -0.34937E+01    0.23929E-02    0.14764E-04     69
   2p    -0.34942E+01    0.47864E-02    0.17129E-04     69
   3s    -0.86789E+01    0.89745E-04    0.70086E-04     72
   3p-   -0.91555E+01    0.57673E-04    0.10755E-03     69
   3p    -0.91584E+01    0.11537E-03    0.11708E-03     70
   3d-   -0.69939E+01    0.11378E-03    0.72092E-04     68
   3d    -0.69954E+01    0.17074E-03    0.86212E-04     72
   4s    -0.21531E+02    0.37655E-05    0.12081E-03     74
   4p-   -0.21468E+02    0.31303E-05    0.44252E-03     72
   4p    -0.21479E+02    0.62612E-05    0.46920E-03     70
   4d-   -0.16895E+02    0.77846E-05    0.28608E-03     71
   4d    -0.16903E+02    0.11681E-04    0.32637E-03     75
   4f-   -0.11855E+02    0.15202E-04    0.17623E-03     73
   4f    -0.11859E+02    0.20280E-04    0.21992E-03     76
   5s    -0.43393E+02    0.31989E-06    0.31800E-03     76
   5p-   -0.42110E+02    0.30445E-06    0.10047E-02     81
   5p    -0.42134E+02    0.60894E-06    0.10118E-02     78
   5d-   -0.34434E+02    0.82580E-06    0.12354E-02     79
   5d    -0.34470E+02    0.12385E-05    0.14566E-02     75
   5f-   -0.25978E+02    0.17656E-05    0.55548E-03     71
   5f    -0.25990E+02    0.23556E-05    0.59360E-03     78
   5g-   -0.79339E-01    0.10000E-07    0.49188E-06     88
   5g    -0.79339E-01    0.10000E-07    0.63495E-06     88
   6s    -0.73753E+02    0.45868E-07    0.26097E-03     87
   6p-   -0.71065E+02    0.46649E-07    0.13660E-02     86
   6p    -0.71446E+02    0.92856E-07    0.46048E-02     86
   6d-   -0.59677E+02    0.12980E-06    0.30447E-02     87
   6d    -0.60107E+02    0.19343E-06    0.21247E-02     86
   6f-   -0.46218E+02    0.29043E-06    0.24227E-01     86
   6f    -0.45612E+02    0.39293E-06    0.32584E-01     79
   6g-   -0.42985E-01    0.10000E-07    0.16430E-04     88
   6g    -0.42986E-01    0.10000E-07    0.21146E-04     88
   6h-   -0.50713E-01    0.10000E-07    0.18378E-08     88
   6h    -0.50709E-01    0.10000E-07    0.21708E-08     88

Block Level  2J      Energy      Leading CSFs

    1     1   0     -2.90265567   1  0.9963   2 -0.0590   4  0.0489   3  0.0346   9 -0.0092

etotal =            -2.90265567

Maximum orbital diff (relative):         3.26D-02  1.00D-05
Energy difference (relative):            4.02D-08  1.00D-09

--------------------------------------------------------------------------------
Iteration    7
--------------------------------------------------------------------------------

   nl       e(nl)          qsum           dpm           ns

   1s    -0.95133E+00    0.19852E+01    0.38283E-06     72
   2s    -0.30627E+01    0.69689E-02    0.35812E-05     72
   2p-   -0.34937E+01    0.23929E-02    0.51967E-05     69
   2p    -0.34941E+01    0.47865E-02    0.60581E-05     69
   3s    -0.86781E+01    0.89754E-04    0.29557E-04     72
   3p-   -0.91539E+01    0.57683E-04    0.47390E-04     69
   3p    -0.91568E+01    0.11539E-03    0.52396E-04     70
   3d-   -0.69935E+01    0.11379E-03    0.25859E-04     68
   3d    -0.69949E+01    0.17076E-03    0.30962E-04     72
   4s    -0.21529E+02    0.37662E-05    0.55039E-04     74
   4p-   -0.21457E+02    0.31321E-05    0.23984E-03     71
   4p    -0.21468E+02    0.62650E-05    0.25887E-03     70
   4d-   -0.16889E+02    0.77877E-05    0.12816E-03     71
   4d    -0.16896E+02    0.11686E-04    0.14790E-03     75
   4f-   -0.11854E+02    0.15204E-04    0.61564E-04     73
   4f    -0.11857E+02    0.20283E-04    0.75833E-04     76
   5s    -0.43385E+02    0.31995E-06    0.19997E-03     76
   5p-   -0.42084E+02    0.30472E-06    0.52460E-03     81
   5p    -0.42110E+02    0.60948E-06    0.52794E-03     78
   5d-   -0.34391E+02    0.82690E-06    0.71172E-03     79
   5d    -0.34420E+02    0.12405E-05    0.84714E-03     75
   5f-   -0.25963E+02    0.17668E-05    0.19723E-03     71
   5f    -0.25975E+02    0.23571E-05    0.20781E-03     78
   5g-   -0.79339E-01    0.10000E-07    0.56575E-07     88
   5g    -0.79339E-01    0.10000E-07    0.96473E-07     88
   6s    -0.73766E+02    0.45865E-07    0.27552E-03     87
   6p-   -0.71004E+02    0.46698E-07    0.70712E-03     86
   6p    -0.71170E+02    0.93240E-07    0.18177E-02     86
   6d-   -0.59881E+02    0.12942E-06    0.90926E-03     87
   6d    -0.60065E+02    0.19370E-06    0.12945E-02     86
   6f-   -0.47426E+02    0.28290E-06    0.84537E-02     86
   6f    -0.47222E+02    0.37933E-06    0.11601E-01     79
   6g-   -0.42985E-01    0.10000E-07    0.22914E-05     88
   6g    -0.42986E-01    0.10000E-07    0.44155E-05     88
   6h-   -0.50713E-01    0.10000E-07    0.29343E-09     88
   6h    -0.50709E-01    0.10000E-07    0.41343E-09     88

Block Level  2J      Energy      Leading CSFs

    1     1   0     -2.90265581   1  0.9963   2 -0.0590   4  0.0489   3  0.0346   9 -0.0092

etotal =            -2.90265581

Maximum orbital diff (relative):         1.16D-02  1.00D-05
Energy difference (relative):            4.83D-08  1.00D-09

--------------------------------------------------------------------------------
Iteration    8
--------------------------------------------------------------------------------

   nl       e(nl)          qsum           dpm           ns

   1s    -0.95133E+00    0.19852E+01    0.19304E-06     72
   2s    -0.30627E+01    0.69689E-02    0.89300E-06     72
   2p-   -0.34937E+01    0.23930E-02    0.13131E-05     69
   2p    -0.34941E+01    0.47865E-02    0.16400E-05     69
   3s    -0.86777E+01    0.89758E-04    0.97857E-05     72
   3p-   -0.91533E+01    0.57688E-04    0.17971E-04     69
   3p    -0.91561E+01    0.11540E-03    0.20400E-04     70
   3d-   -0.69934E+01    0.11380E-03    0.85605E-05     68
   3d    -0.69948E+01    0.17076E-03    0.10431E-04     71
   4s    -0.21527E+02    0.37665E-05    0.23067E-04     74
   4p-   -0.21451E+02    0.31331E-05    0.10883E-03     71
   4p    -0.21461E+02    0.62671E-05    0.11941E-03     70
   4d-   -0.16886E+02    0.77891E-05    0.53033E-04     71
   4d    -0.16893E+02    0.11689E-04    0.61962E-04     75
   4f-   -0.11853E+02    0.15204E-04    0.21031E-04     73
   4f    -0.11857E+02    0.20284E-04    0.25840E-04     75
   5s    -0.43378E+02    0.32000E-06    0.10137E-03     76
   5p-   -0.42069E+02    0.30487E-06    0.26291E-03     81
   5p    -0.42096E+02    0.60977E-06    0.26781E-03     78
   5d-   -0.34367E+02    0.82755E-06    0.34418E-03     79
   5d    -0.34390E+02    0.12416E-05    0.41293E-03     75
   5f-   -0.25957E+02    0.17672E-05    0.69819E-04     71
   5f    -0.25969E+02    0.23577E-05    0.72287E-04     78
   5g-   -0.79339E-01    0.10000E-07    0.15122E-07     88
   5g    -0.79339E-01    0.10000E-07    0.26037E-07     88
   6s    -0.73760E+02    0.45872E-07    0.19173E-03     87
   6p-   -0.70974E+02    0.46724E-07    0.36536E-03     86
   6p    -0.71065E+02    0.93391E-07    0.75089E-03     86
   6d-   -0.59937E+02    0.12933E-06    0.27847E-03     87
   6d    -0.60032E+02    0.19387E-06    0.71179E-03     86
   6f-   -0.47847E+02    0.28036E-06    0.29060E-02     86
   6f    -0.47794E+02    0.37469E-06    0.40435E-02     79
   6g-   -0.42985E-01    0.10000E-07    0.29954E-06     88
   6g    -0.42986E-01    0.10000E-07    0.90789E-06     88
   6h-   -0.50713E-01    0.10000E-07    0.10592E-09     88
   6h    -0.50709E-01    0.10000E-07    0.21094E-09     88

Block Level  2J      Energy      Leading CSFs

    1     1   0     -2.90265583   1  0.9963   2 -0.0590   4  0.0489   3  0.0346   9 -0.0092

etotal =            -2.90265583

Maximum orbital diff (relative):         4.04D-03  1.00D-05
Energy difference (relative):            8.78D-09  1.00D-09

--------------------------------------------------------------------------------
Iteration    9
--------------------------------------------------------------------------------

   nl       e(nl)          qsum           dpm           ns

   1s    -0.95133E+00    0.19852E+01    0.19299E-06     72
   2s    -0.30627E+01    0.69689E-02    0.71522E-06     72
   2p-   -0.34937E+01    0.23930E-02    0.65895E-06     69
   2p    -0.34941E+01    0.47865E-02    0.57436E-06     69
   3s    -0.86776E+01    0.89759E-04    0.33501E-05     72
   3p-   -0.91531E+01    0.57690E-04    0.66409E-05     69
   3p    -0.91558E+01    0.11541E-03    0.76988E-05     70
   3d-   -0.69933E+01    0.11380E-03    0.29957E-05     68
   3d    -0.69947E+01    0.17076E-03    0.36768E-05     71
   4s    -0.21526E+02    0.37666E-05    0.96259E-05     74
   4p-   -0.21448E+02    0.31335E-05    0.46117E-04     71
   4p    -0.21458E+02    0.62681E-05    0.51370E-04     70
   4d-   -0.16885E+02    0.77897E-05    0.21869E-04     71
   4d    -0.16891E+02    0.11690E-04    0.25482E-04     75
   4f-   -0.11853E+02    0.15205E-04    0.74051E-05     73
   4f    -0.11857E+02    0.20284E-04    0.90619E-05     75
   5s    -0.43375E+02    0.32003E-06    0.48561E-04     76
   5p-   -0.42061E+02    0.30495E-06    0.12664E-03     81
   5p    -0.42088E+02    0.60993E-06    0.13115E-03     78
   5d-   -0.34355E+02    0.82786E-06    0.15470E-03     79
   5d    -0.34376E+02    0.12422E-05    0.18683E-03     75
   5f-   -0.25955E+02    0.17674E-05    0.25266E-04     71
   5f    -0.25967E+02    0.23579E-05    0.25723E-04     78
   5g-   -0.79339E-01    0.10000E-07    0.43402E-08     88
   5g    -0.79339E-01    0.10000E-07    0.51045E-08     88
   6s    -0.73753E+02    0.45878E-07    0.10808E-03     87
   6p-   -0.70958E+02    0.46738E-07    0.18688E-03     86
   6p    -0.71024E+02    0.93453E-07    0.32301E-03     86
   6d-   -0.59949E+02    0.12932E-06    0.10261E-03     87
   6d    -0.60011E+02    0.19397E-06    0.36775E-03     86
   6f-   -0.47992E+02    0.27949E-06    0.99285E-03     86
   6f    -0.47994E+02    0.37309E-06    0.13995E-02     79
   6g-   -0.42985E-01    0.10000E-07    0.19763E-07     88
   6g    -0.42986E-01    0.10000E-07    0.15641E-06     88
   6h-   -0.50713E-01    0.10000E-07    0.82942E-10     88
   6h    -0.50709E-01    0.10000E-07    0.13338E-09     88

Block Level  2J      Energy      Leading CSFs

    1     1   0     -2.90265585   1  0.9963   2 -0.0590   4  0.0489   3  0.0346   9 -0.0092

etotal =            -2.90265585

Maximum orbital diff (relative):         1.40D-03  1.00D-05
Energy difference (relative):            6.75D-09  1.00D-09

--------------------------------------------------------------------------------
Iteration   10
--------------------------------------------------------------------------------

   nl       e(nl)          qsum           dpm           ns

   1s    -0.95133E+00    0.19852E+01    0.19296E-06     72
   2s    -0.30627E+01    0.69689E-02    0.71526E-06     72
   2p-   -0.34937E+01    0.23930E-02    0.65973E-06     69
   2p    -0.34941E+01    0.47865E-02    0.32695E-06     69
   3s    -0.86776E+01    0.89760E-04    0.88679E-06     72
   3p-   -0.91530E+01    0.57690E-04    0.22759E-05     69
   3p    -0.91557E+01    0.11541E-03    0.27082E-05     70
   3d-   -0.69933E+01    0.11380E-03    0.97019E-06     68
   3d    -0.69947E+01    0.17076E-03    0.12197E-05     71
   4s    -0.21526E+02    0.37667E-05    0.34597E-05     74
   4p-   -0.21447E+02    0.31337E-05    0.18187E-04     71
   4p    -0.21457E+02    0.62685E-05    0.20614E-04     70
   4d-   -0.16884E+02    0.77900E-05    0.85783E-05     71
   4d    -0.16891E+02    0.11690E-04    0.10178E-04     75
   4f-   -0.11853E+02    0.15205E-04    0.25106E-05     73
   4f    -0.11857E+02    0.20284E-04    0.30884E-05     75
   5s    -0.43373E+02    0.32004E-06    0.21369E-04     76
   5p-   -0.42057E+02    0.30498E-06    0.57325E-04     81
   5p    -0.42083E+02    0.61000E-06    0.60445E-04     78
   5d-   -0.34349E+02    0.82801E-06    0.65883E-04     79
   5d    -0.34369E+02    0.12425E-05    0.80191E-04     75
   5f-   -0.25954E+02    0.17675E-05    0.90845E-05     71
   5f    -0.25967E+02    0.23580E-05    0.91157E-05     78
   5g-   -0.79339E-01    0.10000E-07    0.15968E-08     88
   5g    -0.79339E-01    0.10000E-07    0.17129E-08     88
   6s    -0.73748E+02    0.45882E-07    0.53732E-04     87
   6p-   -0.70950E+02    0.46745E-07    0.92323E-04     86
   6p    -0.71006E+02    0.93479E-07    0.14105E-03     86
   6d-   -0.59949E+02    0.12933E-06    0.76186E-04     87
   6d    -0.59999E+02    0.19402E-06    0.17958E-03     86
   6f-   -0.48042E+02    0.27919E-06    0.33853E-03     86
   6f    -0.48063E+02    0.37254E-06    0.48341E-03     79
   6g-   -0.42985E-01    0.10000E-07    0.85568E-08     88
   6g    -0.42986E-01    0.10000E-07    0.21925E-07     88
   6h-   -0.50713E-01    0.10000E-07    0.18814E-09     88
   6h    -0.50709E-01    0.10000E-07    0.97151E-10     88

Block Level  2J      Energy      Leading CSFs

    1     1   0     -2.90265586   1  0.9963   2 -0.0590   4  0.0489   3  0.0346   9 -0.0092

etotal =            -2.90265586

Maximum orbital diff (relative):         4.83D-04  1.00D-05
Energy difference (relative):            1.49D-09  1.00D-09

--------------------------------------------------------------------------------
Iteration   11
--------------------------------------------------------------------------------

   nl       e(nl)          qsum           dpm           ns

   1s    -0.95133E+00    0.19852E+01    0.19296E-06     72
   2s    -0.30627E+01    0.69689E-02    0.71527E-06     72
   2p-   -0.34937E+01    0.23930E-02    0.66003E-06     69
   2p    -0.34941E+01    0.47865E-02    0.32762E-06     69
   3s    -0.86776E+01    0.89760E-04    0.35485E-06     72
   3p-   -0.91530E+01    0.57690E-04    0.77311E-06     69
   3p    -0.91557E+01    0.11541E-03    0.94238E-06     70
   3d-   -0.69933E+01    0.11380E-03    0.42655E-06     68
   3d    -0.69947E+01    0.17076E-03    0.92075E-06     71
   4s    -0.21526E+02    0.37667E-05    0.12546E-05     74
   4p-   -0.21446E+02    0.31338E-05    0.69311E-05     71
   4p    -0.21456E+02    0.62687E-05    0.79927E-05     70
   4d-   -0.16884E+02    0.77901E-05    0.33377E-05     71
   4d    -0.16891E+02    0.11690E-04    0.40186E-05     75
   4f-   -0.11853E+02    0.15205E-04    0.86551E-06     73
   4f    -0.11857E+02    0.20285E-04    0.10671E-05     75
   5s    -0.43372E+02    0.32005E-06    0.89890E-05     76
   5p-   -0.42055E+02    0.30500E-06    0.24846E-04     81
   5p    -0.42082E+02    0.61004E-06    0.26673E-04     78
   5d-   -0.34347E+02    0.82807E-06    0.27222E-04     79
   5d    -0.34366E+02    0.12426E-05    0.33393E-04     75
   5f-   -0.25954E+02    0.17675E-05    0.33057E-05     71
   5f    -0.25966E+02    0.23580E-05    0.32758E-05     78
   5g-   -0.79339E-01    0.10000E-07    0.85615E-09     88
   5g    -0.79339E-01    0.10000E-07    0.99449E-09     88
   6s    -0.73746E+02    0.45884E-07    0.25101E-04     87
   6p-   -0.70945E+02    0.46748E-07    0.44111E-04     86
   6p    -0.70999E+02    0.93491E-07    0.61949E-04     86
   6d-   -0.59947E+02    0.12933E-06    0.43880E-04     87
   6d    -0.59993E+02    0.19405E-06    0.84262E-04     86
   6f-   -0.48059E+02    0.27909E-06    0.11514E-03     86
   6f    -0.48087E+02    0.37235E-06    0.16670E-03     79
   6g-   -0.42985E-01    0.10000E-07    0.67704E-08     88
   6g    -0.42986E-01    0.10000E-07    0.26752E-08     88
   6h-   -0.50713E-01    0.10000E-07    0.13863E-09     88
   6h    -0.50709E-01    0.10000E-07    0.27420E-09     88

Block Level  2J      Energy      Leading CSFs

    1     1   0     -2.90265586   1  0.9963   2 -0.0590   4  0.0489   3  0.0346   9 -0.0092

etotal =            -2.90265586

Maximum orbital diff (relative):         1.67D-04  1.00D-05
Energy difference (relative):            9.01D-10  1.00D-09

--------------------------------------------------------------------------------
Iteration   12
--------------------------------------------------------------------------------

   nl       e(nl)          qsum           dpm           ns

   1s    -0.95133E+00    0.19852E+01    0.19295E-06     72
   2s    -0.30627E+01    0.69689E-02    0.71527E-06     72
   2p-   -0.34937E+01    0.23930E-02    0.66015E-06     69
   2p    -0.34941E+01    0.47865E-02    0.32787E-06     69
   3s    -0.86776E+01    0.89760E-04    0.35455E-06     72
   3p-   -0.91529E+01    0.57690E-04    0.24661E-06     69
   3p    -0.91557E+01    0.11541E-03    0.60259E-06     70
   3d-   -0.69933E+01    0.11380E-03    0.42577E-06     68
   3d    -0.69947E+01    0.17076E-03    0.91970E-06     71
   4s    -0.21526E+02    0.37667E-05    0.89359E-06     74
   4p-   -0.21446E+02    0.31338E-05    0.25206E-05     71
   4p    -0.21456E+02    0.62688E-05    0.29656E-05     70
   4d-   -0.16884E+02    0.77901E-05    0.12468E-05     71
   4d    -0.16891E+02    0.11690E-04    0.15290E-05     75
   4f-   -0.11853E+02    0.15205E-04    0.75398E-06     73
   4f    -0.11857E+02    0.20285E-04    0.96767E-06     75
   5s    -0.43372E+02    0.32005E-06    0.35252E-05     76
   5p-   -0.42055E+02    0.30501E-06    0.10270E-04     81
   5p    -0.42081E+02    0.61005E-06    0.11230E-04     78
   5d-   -0.34346E+02    0.82809E-06    0.10933E-04     79
   5d    -0.34365E+02    0.12426E-05    0.13532E-04     75
   5f-   -0.25954E+02    0.17675E-05    0.11900E-05     71
   5f    -0.25966E+02    0.23580E-05    0.11667E-05     78
   5g-   -0.79339E-01    0.10000E-07    0.30108E-09     88
   5g    -0.79339E-01    0.10000E-07    0.35942E-09     88
   6s    -0.73745E+02    0.45884E-07    0.11040E-04     87
   6p-   -0.70943E+02    0.46750E-07    0.20261E-04     86
   6p    -0.70996E+02    0.93496E-07    0.26957E-04     86
   6d-   -0.59946E+02    0.12934E-06    0.22240E-04     87
   6d    -0.59989E+02    0.19406E-06    0.38167E-04     86
   6f-   -0.48064E+02    0.27906E-06    0.39114E-04     86
   6f    -0.48095E+02    0.37229E-06    0.57457E-04     79
   6g-   -0.42985E-01    0.10000E-07    0.28744E-08     88
   6g    -0.42986E-01    0.10000E-07    0.30186E-08     88
   6h-   -0.50713E-01    0.10000E-07    0.23972E-09     88
   6h    -0.50709E-01    0.10000E-07    0.42903E-09     88

Block Level  2J      Energy      Leading CSFs

    1     1   0     -2.90265586   1  0.9963   2 -0.0590   4  0.0489   3  0.0346   9 -0.0092

etotal =            -2.90265586

Maximum orbital diff (relative):         5.75D-05  1.00D-05
Energy difference (relative):            2.18D-10  1.00D-09

--------------------------------------------------------------------------------
Iteration   13
--------------------------------------------------------------------------------

   nl       e(nl)          qsum           dpm           ns

   1s    -0.95133E+00    0.19852E+01    0.19295E-06     72
   2s    -0.30627E+01    0.69689E-02    0.71527E-06     72
   2p-   -0.34937E+01    0.23930E-02    0.66020E-06     69
   2p    -0.34941E+01    0.47865E-02    0.32797E-06     69
   3s    -0.86776E+01    0.89760E-04    0.35444E-06     72
   3p-   -0.91529E+01    0.57690E-04    0.20319E-06     69
   3p    -0.91557E+01    0.11541E-03    0.60257E-06     70
   3d-   -0.69933E+01    0.11380E-03    0.42546E-06     68
   3d    -0.69947E+01    0.17076E-03    0.91931E-06     71
   4s    -0.21526E+02    0.37667E-05    0.89353E-06     74
   4p-   -0.21446E+02    0.31338E-05    0.89321E-06     71
   4p    -0.21456E+02    0.62688E-05    0.10732E-05     70
   4d-   -0.16884E+02    0.77901E-05    0.82063E-06     71
   4d    -0.16891E+02    0.11690E-04    0.91997E-06     75
   4f-   -0.11853E+02    0.15205E-04    0.75384E-06     73
   4f    -0.11857E+02    0.20285E-04    0.96739E-06     75
   5s    -0.43372E+02    0.32005E-06    0.13092E-05     76
   5p-   -0.42054E+02    0.30501E-06    0.40987E-05     81
   5p    -0.42080E+02    0.61006E-06    0.45659E-05     78
   5d-   -0.34345E+02    0.82810E-06    0.43136E-05     79
   5d    -0.34364E+02    0.12426E-05    0.53887E-05     75
   5f-   -0.25954E+02    0.17675E-05    0.95606E-06     71
   5f    -0.25966E+02    0.23580E-05    0.72563E-06     78
   5g-   -0.79339E-01    0.10000E-07    0.15368E-09     88
   5g    -0.79339E-01    0.10000E-07    0.18919E-09     88
   6s    -0.73744E+02    0.45885E-07    0.46565E-05     87
   6p-   -0.70942E+02    0.46751E-07    0.90127E-05     86
   6p    -0.70994E+02    0.93498E-07    0.11587E-04     86
   6d-   -0.59945E+02    0.12934E-06    0.10511E-04     87
   6d    -0.59988E+02    0.19407E-06    0.16836E-04     86
   6f-   -0.48066E+02    0.27905E-06    0.13256E-04     86
   6f    -0.48098E+02    0.37226E-06    0.19780E-04     79
   6g-   -0.42985E-01    0.10000E-07    0.12359E-08     88
   6g    -0.42986E-01    0.10000E-07    0.17426E-08     88
   6h-   -0.50713E-01    0.10000E-07    0.15064E-09     88
   6h    -0.50709E-01    0.10000E-07    0.29891E-09     88

Block Level  2J      Energy      Leading CSFs

    1     1   0     -2.90265586   1  0.9963   2 -0.0590   4  0.0489   3  0.0346   9 -0.0092

etotal =            -2.90265586

Maximum orbital diff (relative):         1.98D-05  1.00D-05
Energy difference (relative):            1.15D-10  1.00D-09

--------------------------------------------------------------------------------
Iteration   14
--------------------------------------------------------------------------------

   nl       e(nl)          qsum           dpm           ns

   1s    -0.95133E+00    0.19852E+01    0.19295E-06     72
   2s    -0.30627E+01    0.69689E-02    0.71526E-06     72
   2p-   -0.34937E+01    0.23930E-02    0.66021E-06     69
   2p    -0.34941E+01    0.47865E-02    0.32800E-06     69
   3s    -0.86776E+01    0.89760E-04    0.35440E-06     72
   3p-   -0.91529E+01    0.57690E-04    0.20319E-06     69
   3p    -0.91557E+01    0.11541E-03    0.60255E-06     70
   3d-   -0.69933E+01    0.11380E-03    0.42533E-06     68
   3d    -0.69947E+01    0.17076E-03    0.91916E-06     71
   4s    -0.21526E+02    0.37667E-05    0.89351E-06     74
   4p-   -0.21446E+02    0.31338E-05    0.79585E-06     71
   4p    -0.21456E+02    0.62688E-05    0.62937E-06     70
   4d-   -0.16884E+02    0.77901E-05    0.82064E-06     71
   4d    -0.16891E+02    0.11690E-04    0.91996E-06     75
   4f-   -0.11853E+02    0.15205E-04    0.75378E-06     73
   4f    -0.11857E+02    0.20285E-04    0.96729E-06     75
   5s    -0.43372E+02    0.32005E-06    0.73183E-06     76
   5p-   -0.42054E+02    0.30501E-06    0.15748E-05     81
   5p    -0.42080E+02    0.61006E-06    0.17893E-05     78
   5d-   -0.34345E+02    0.82811E-06    0.16706E-05     79
   5d    -0.34364E+02    0.12427E-05    0.21087E-05     75
   5f-   -0.25954E+02    0.17675E-05    0.95607E-06     71
   5f    -0.25966E+02    0.23580E-05    0.72562E-06     78
   5g-   -0.79339E-01    0.10000E-07    0.10648E-09     88
   5g    -0.79339E-01    0.10000E-07    0.44912E-09     88
   6s    -0.73744E+02    0.45885E-07    0.18738E-05     87
   6p-   -0.70942E+02    0.46751E-07    0.38809E-05     86
   6p    -0.70994E+02    0.93499E-07    0.48911E-05     86
   6d-   -0.59945E+02    0.12934E-06    0.47295E-05     87
   6d    -0.59987E+02    0.19407E-06    0.72530E-05     86
   6f-   -0.48067E+02    0.27904E-06    0.44870E-05     86
   6f    -0.48099E+02    0.37226E-06    0.68066E-05     79
   6g-   -0.42985E-01    0.10000E-07    0.45492E-09     88
   6g    -0.42986E-01    0.10000E-07    0.72204E-09     88
   6h-   -0.50713E-01    0.10000E-07    0.28019E-09     88
   6h    -0.50709E-01    0.10000E-07    0.10905E-09     88

Block Level  2J      Energy      Leading CSFs

    1     1   0     -2.90265586   1  0.9963   2 -0.0590   4  0.0489   3  0.0346   9 -0.0092

etotal =            -2.90265586

Maximum orbital diff (relative):         7.25D-06  1.00D-05
Energy difference (relative):            2.86D-11  1.00D-09

--------------------------------------------------------------------------------

ATOM:  He

Convergence (latest difference):
Orbital diff. =                          7.25D-06
SCF diff. =                              2.86D-11

  nl       E(nl)        1/R       R       R**2       dmp       ns     max_R

  1s     -0.95133384    1.710    0.913    1.146    1.93E-07    72     15.67
  2s     -3.06268153    1.926    1.244    2.350    7.15E-07    72     15.67
  2p-    -3.49367208    1.234    0.992    1.169    6.60E-07    69     12.67
  2p     -3.49410184    1.234    0.992    1.169    3.28E-07    69     12.67
  3s     -8.67758470    2.782    1.024    1.899    3.54E-07    72     15.67
  3p-    -9.15294522    1.772    0.922    1.248    2.03E-07    69     12.67
  3p     -9.15566184    1.771    0.922    1.247    6.03E-07    70     13.67
  3d-    -6.99329115    1.198    0.959    1.043    4.25E-07    68     11.67
  3d     -6.99465965    1.198    0.959    1.042    9.19E-07    71     14.67
  4s    -21.52604002    3.626    0.832    1.375    8.94E-07    74     17.67
  4p-   -21.44599166    2.370    0.801    1.058    7.96E-07    71     14.67
  4p    -21.45607502    2.368    0.801    1.058    6.29E-07    70     13.67
  4d-   -16.88409965    1.652    0.857    1.001    8.21E-07    71     14.67
  4d    -16.89050467    1.652    0.857    1.001    9.20E-07    75     18.67
  4f-   -11.85312516    1.188    0.935    0.966    7.54E-07    73     16.67
  4f    -11.85656411    1.188    0.935    0.966    9.67E-07    75     18.67
  5s    -43.37197126    4.285    0.713    1.029    7.32E-07    76     19.67
  5p-   -42.05404024    2.893    0.713    0.883    1.57E-06    81     24.67
  5p    -42.08005912    2.889    0.713    0.883    1.79E-06    78     21.67
  5d-   -34.34508576    2.104    0.765    0.885    1.67E-06    79     22.67
  5d    -34.36412326    2.103    0.765    0.885    2.11E-06    75     18.67
  5f-   -25.95375374    1.571    0.835    0.898    9.56E-07    71     14.67
  5f    -25.96635928    1.571    0.835    0.898    7.26E-07    78     21.67
  5g-    -0.07933908    0.083   13.158  186.258    1.06E-10    88     25.67
  5g     -0.07933901    0.083   13.157  186.238    4.49E-10    88     25.67
  6s    -73.74376593    4.738    0.655    0.851    1.87E-06    87     25.67
  6p-   -70.94162412    3.302    0.663    0.777    3.88E-06    86     25.67
  6p    -70.99358372    3.295    0.663    0.776    4.89E-06    86     25.67
  6d-   -59.94475606    2.493    0.705    0.794    4.73E-06    87     25.67
  6d    -59.98722598    2.491    0.704    0.794    7.25E-06    86     25.67
  6f-   -48.06686014    1.939    0.756    0.812    4.49E-06    86     25.67
  6f    -48.09879719    1.938    0.756    0.812    6.81E-06    79     22.67
  6g-    -0.04298507    0.078   15.398  268.316    4.55E-10    88     25.67
  6g     -0.04298623    0.078   15.394  268.195    7.22E-10    88     25.67
  6h-    -0.05071289    0.066   16.041  269.289    2.80E-10    88     25.67
  6h     -0.05070889    0.066   16.040  269.242    1.09E-10    88     25.67

Average energy:                          -2.9026558607635455

Optimized states:

1s2.0                                    -2.9026558607635455

time:                  108.72  sec

--------------------------------------------------------------------------------


debug timing:

time_matrix:            40.02  sec
time_solve:             16.73  sec
time_diag:              51.83  sec

time_convolution:       55.23  sec
time_density:            1.64  sec

Calls to convol  =      90816
Calls to density =     192948
