==============================================================
 DBSR_BREIT: angular coefficients for Dirak-Breit Hamiltonian 
==============================================================

Max. multipole index =  9

Tollerance for coefficients =    1.E-07

Breit coefficients are not included

It is a new calculation 

Breit contribution is not included 

number of atomic states   =  6752
number of configurations  =   574
number of ang. symmetries =  1657

Need of additional calculations --> yes 

ic,nsymc,kt,kdt =     1   574     1     2      0. sec   1s ( 2)  2s ( 1)  3p-( 1)
ic,nsymc,kt,kdt =     2   574     1     4      0. sec   1s ( 2)  2p ( 1)  3d-( 1)
ic,nsymc,kt,kdt =     3   574     1     2      0. sec   1s ( 2)  2p-( 1)  3s ( 1)
ic,nsymc,kt,kdt =     4   574     1     6      0. sec   1s ( 2)  2d ( 1)  3f-( 1)
ic,nsymc,kt,kdt =     5   574     1     4      0. sec   1s ( 2)  2d-( 1)  3p ( 1)
ic,nsymc,kt,kdt =     6   574     1     8      0. sec   1s ( 2)  2f ( 1)  3g-( 1)
ic,nsymc,kt,kdt =     7   574     1     6      0. sec   1s ( 2)  2f-( 1)  3d ( 1)
ic,nsymc,kt,kdt =     8   574     1     2      0. sec   1s ( 1)  2s ( 2)  3p-( 1)
ic,nsymc,kt,kdt =     9   574     1     8      0. sec   1s ( 1)  2s ( 1)  3p ( 1)  4s ( 1)
ic,nsymc,kt,kdt =    10   574     1    16      0. sec   1s ( 1)  2s ( 1)  3p ( 1)  4d ( 1)
ic,nsymc,kt,kdt =    11   574     2    14      0. sec   1s ( 1)  2s ( 1)  3p ( 1)  4d-( 1)
ic,nsymc,kt,kdt =    12   574     2     6      0. sec   1s ( 1)  2s ( 1)  3p-( 1)  4s ( 1)
ic,nsymc,kt,kdt =    13   574     1     8      0. sec   1s ( 1)  2s ( 1)  3p-( 1)  4d-( 1)
ic,nsymc,kt,kdt =    14   574     1     8      0. sec   1s ( 1)  2s ( 1)  3s ( 1)  4p ( 1)
ic,nsymc,kt,kdt =    15   574     2     6      0. sec   1s ( 1)  2s ( 1)  3s ( 1)  4p-( 1)
ic,nsymc,kt,kdt =    16   574     1    16      0. sec   1s ( 1)  2s ( 1)  3d ( 1)  4p ( 1)
ic,nsymc,kt,kdt =    17   574     1    24      0. sec   1s ( 1)  2s ( 1)  3d ( 1)  4f ( 1)
ic,nsymc,kt,kdt =    18   574     2    22      0. sec   1s ( 1)  2s ( 1)  3d ( 1)  4f-( 1)
ic,nsymc,kt,kdt =    19   574     2    14      0. sec   1s ( 1)  2s ( 1)  3d-( 1)  4p ( 1)
ic,nsymc,kt,kdt =    20   574     1     8      0. sec   1s ( 1)  2s ( 1)  3d-( 1)  4p-( 1)
ic,nsymc,kt,kdt =    21   574     1    16      0. sec   1s ( 1)  2s ( 1)  3d-( 1)  4f-( 1)
ic,nsymc,kt,kdt =    22   574     1    24      0. sec   1s ( 1)  2s ( 1)  3f ( 1)  4d ( 1)
ic,nsymc,kt,kdt =    23   574     1    32      0. sec   1s ( 1)  2s ( 1)  3f ( 1)  4g ( 1)
ic,nsymc,kt,kdt =    24   574     2    30      0. sec   1s ( 1)  2s ( 1)  3f ( 1)  4g-( 1)
ic,nsymc,kt,kdt =    25   574     2    22      0. sec   1s ( 1)  2s ( 1)  3f-( 1)  4d ( 1)
ic,nsymc,kt,kdt =    26   574     1    16      0. sec   1s ( 1)  2s ( 1)  3f-( 1)  4d-( 1)
ic,nsymc,kt,kdt =    27   574     1    24      0. sec   1s ( 1)  2s ( 1)  3f-( 1)  4g-( 1)
ic,nsymc,kt,kdt =    28   574     1     4      0. sec   1s ( 1)  2p-( 1)  3p ( 2)
ic,nsymc,kt,kdt =    29   574     1    10      0. sec   1s ( 1)  2p ( 2)  3p ( 1)
ic,nsymc,kt,kdt =    30   574     1     4      0. sec   1s ( 1)  2p ( 2)  3p-( 1)
ic,nsymc,kt,kdt =    31   574     1    12      0. sec   1s ( 1)  2p ( 2)  3f-( 1)
ic,nsymc,kt,kdt =    32   574     2    14      0. sec   1s ( 1)  2p-( 1)  3p ( 1)  4p ( 1)
ic,nsymc,kt,kdt =    33   574     1     8      0. sec   1s ( 1)  2p-( 1)  3p ( 1)  4p-( 1)
ic,nsymc,kt,kdt =    34   574     1    16      0. sec   1s ( 1)  2p-( 1)  3p ( 1)  4f-( 1)
ic,nsymc,kt,kdt =    35   574     1     2      0. sec   1s ( 1)  2p-( 2)  3p-( 1)
ic,nsymc,kt,kdt =    36   574     1    16      0. sec   1s ( 1)  2p ( 1)  3s ( 1)  4d ( 1)
ic,nsymc,kt,kdt =    37   574     2    14      0. sec   1s ( 1)  2p ( 1)  3s ( 1)  4d-( 1)
ic,nsymc,kt,kdt =    38   574     1     8      0. sec   1s ( 1)  2p ( 1)  3s ( 1)  4s ( 1)
ic,nsymc,kt,kdt =    39   574     1    10      0. sec   1s ( 1)  2p ( 1)  3p ( 2)
ic,nsymc,kt,kdt =    40   574     2    14      0. sec   1s ( 1)  2p ( 1)  3p-( 1)  4p ( 1)
ic,nsymc,kt,kdt =    41   574     2    24      0. sec   1s ( 1)  2p ( 1)  3p ( 1)  4p ( 1)
ic,nsymc,kt,kdt =    42   574     2    14      0. sec   1s ( 1)  2p ( 1)  3p ( 1)  4p-( 1)
ic,nsymc,kt,kdt =    43   574     1    32      0. sec   1s ( 1)  2p ( 1)  3p ( 1)  4f ( 1)
ic,nsymc,kt,kdt =    44   574     2    30      0. sec   1s ( 1)  2p ( 1)  3p ( 1)  4f-( 1)
ic,nsymc,kt,kdt =    45   574     1     8      0. sec   1s ( 1)  2p ( 1)  3p-( 1)  4p-( 1)
ic,nsymc,kt,kdt =    46   574     1    16      0. sec   1s ( 1)  2p ( 1)  3p-( 1)  4f-( 1)
ic,nsymc,kt,kdt =    47   574     1    18      0. sec   1s ( 1)  2p ( 1)  3d ( 2)
ic,nsymc,kt,kdt =    48   574     2    30      0. sec   1s ( 1)  2p ( 1)  3d-( 1)  4d ( 1)
ic,nsymc,kt,kdt =    49   574     1    10      0. sec   1s ( 1)  2p ( 1)  3d-( 2)
ic,nsymc,kt,kdt =    50   574     1    16      0. sec   1s ( 1)  2p ( 1)  3d ( 1)  4s ( 1)
ic,nsymc,kt,kdt =    51   574     2    40      0. sec   1s ( 1)  2p ( 1)  3d ( 1)  4d ( 1)
ic,nsymc,kt,kdt =    52   574     2    30      0. sec   1s ( 1)  2p ( 1)  3d ( 1)  4d-( 1)
ic,nsymc,kt,kdt =    53   574     1    48      0. sec   1s ( 1)  2p ( 1)  3d ( 1)  4g ( 1)
ic,nsymc,kt,kdt =    54   574     2    46      0. sec   1s ( 1)  2p ( 1)  3d ( 1)  4g-( 1)
ic,nsymc,kt,kdt =    55   574     2    14      0. sec   1s ( 1)  2p ( 1)  3d-( 1)  4s ( 1)
ic,nsymc,kt,kdt =    56   574     2    24      0. sec   1s ( 1)  2p ( 1)  3d-( 1)  4d-( 1)
ic,nsymc,kt,kdt =    57   574     1    32      0. sec   1s ( 1)  2p ( 1)  3d-( 1)  4g-( 1)
ic,nsymc,kt,kdt =    58   574     1    26      0. sec   1s ( 1)  2p ( 1)  3f ( 2)
ic,nsymc,kt,kdt =    59   574     2    46      0. sec   1s ( 1)  2p ( 1)  3f-( 1)  4f ( 1)
ic,nsymc,kt,kdt =    60   574     1    18      0. sec   1s ( 1)  2p ( 1)  3f-( 2)
ic,nsymc,kt,kdt =    61   574     1    32      0. sec   1s ( 1)  2p ( 1)  3f ( 1)  4p ( 1)
ic,nsymc,kt,kdt =    62   574     2    56      0. sec   1s ( 1)  2p ( 1)  3f ( 1)  4f ( 1)
ic,nsymc,kt,kdt =    63   574     2    46      0. sec   1s ( 1)  2p ( 1)  3f ( 1)  4f-( 1)
ic,nsymc,kt,kdt =    64   574     2    30      0. sec   1s ( 1)  2p ( 1)  3f-( 1)  4p ( 1)
ic,nsymc,kt,kdt =    65   574     1    16      0. sec   1s ( 1)  2p ( 1)  3f-( 1)  4p-( 1)
ic,nsymc,kt,kdt =    66   574     2    40      0. sec   1s ( 1)  2p ( 1)  3f-( 1)  4f-( 1)
ic,nsymc,kt,kdt =    67   574     1    34      0. sec   1s ( 1)  2p ( 1)  3g ( 2)
ic,nsymc,kt,kdt =    68   574     2    62      0. sec   1s ( 1)  2p ( 1)  3g-( 1)  4g ( 1)
ic,nsymc,kt,kdt =    69   574     1    26      0. sec   1s ( 1)  2p ( 1)  3g-( 2)
ic,nsymc,kt,kdt =    70   574     1     2      0. sec   1s ( 1)  2p-( 1)  3s ( 2)
ic,nsymc,kt,kdt =    71   574     1     8      0. sec   1s ( 1)  2p-( 1)  3s ( 1)  4d-( 1)
ic,nsymc,kt,kdt =    72   574     2     6      0. sec   1s ( 1)  2p-( 1)  3s ( 1)  4s ( 1)
ic,nsymc,kt,kdt =    73   574     1     8      0. sec   1s ( 1)  2p-( 1)  3p-( 1)  4p ( 1)
ic,nsymc,kt,kdt =    74   574     1     2      0. sec   1s ( 1)  2p-( 1)  3p-( 2)
ic,nsymc,kt,kdt =    75   574     2     6      0. sec   1s ( 1)  2p-( 1)  3p-( 1)  4p-( 1)
ic,nsymc,kt,kdt =    76   574     1     6      0. sec   1s ( 1)  2p-( 1)  3d ( 2)
ic,nsymc,kt,kdt =    77   574     1    16      0. sec   1s ( 1)  2p-( 1)  3d-( 1)  4d ( 1)
ic,nsymc,kt,kdt =    78   574     1     4      0. sec   1s ( 1)  2p-( 1)  3d-( 2)
ic,nsymc,kt,kdt =    79   574     2    22      0. sec   1s ( 1)  2p-( 1)  3d ( 1)  4d ( 1)
ic,nsymc,kt,kdt =    80   574     1    16      0. sec   1s ( 1)  2p-( 1)  3d ( 1)  4d-( 1)
ic,nsymc,kt,kdt =    81   574     1    24      0. sec   1s ( 1)  2p-( 1)  3d ( 1)  4g-( 1)
ic,nsymc,kt,kdt =    82   574     1     8      0. sec   1s ( 1)  2p-( 1)  3d-( 1)  4s ( 1)
ic,nsymc,kt,kdt =    83   574     2    14      0. sec   1s ( 1)  2p-( 1)  3d-( 1)  4d-( 1)
ic,nsymc,kt,kdt =    84   574     1     8      0. sec   1s ( 1)  2p-( 1)  3f ( 2)
ic,nsymc,kt,kdt =    85   574     1    24      0. sec   1s ( 1)  2p-( 1)  3f-( 1)  4f ( 1)
ic,nsymc,kt,kdt =    86   574     1     6      0. sec   1s ( 1)  2p-( 1)  3f-( 2)
ic,nsymc,kt,kdt =    87   574     2    30      0. sec   1s ( 1)  2p-( 1)  3f ( 1)  4f ( 1)
ic,nsymc,kt,kdt =    88   574     1    24      0. sec   1s ( 1)  2p-( 1)  3f ( 1)  4f-( 1)
ic,nsymc,kt,kdt =    89   574     1    16      0. sec   1s ( 1)  2p-( 1)  3f-( 1)  4p ( 1)
ic,nsymc,kt,kdt =    90   574     2    22      0. sec   1s ( 1)  2p-( 1)  3f-( 1)  4f-( 1)
ic,nsymc,kt,kdt =    91   574     1    10      0. sec   1s ( 1)  2p-( 1)  3g ( 2)
ic,nsymc,kt,kdt =    92   574     1    32      0. sec   1s ( 1)  2p-( 1)  3g-( 1)  4g ( 1)
ic,nsymc,kt,kdt =    93   574     1     8      0. sec   1s ( 1)  2p-( 1)  3g-( 2)
ic,nsymc,kt,kdt =    94   574     1    18      0. sec   1s ( 1)  2d ( 2)  3p ( 1)
ic,nsymc,kt,kdt =    95   574     1     6      0. sec   1s ( 1)  2d ( 2)  3p-( 1)
ic,nsymc,kt,kdt =    96   574     1    28      0. sec   1s ( 1)  2d ( 2)  3f ( 1)
ic,nsymc,kt,kdt =    97   574     1    22      0. sec   1s ( 1)  2d ( 2)  3f-( 1)
ic,nsymc,kt,kdt =    98   574     2    30      0. sec   1s ( 1)  2d-( 1)  3d ( 1)  4p ( 1)
ic,nsymc,kt,kdt =    99   574     1    16      0. sec   1s ( 1)  2d-( 1)  3d ( 1)  4p-( 1)
ic,nsymc,kt,kdt =   100   574     2    46      0. sec   1s ( 1)  2d-( 1)  3d ( 1)  4f ( 1)
ic,nsymc,kt,kdt =   101   574     2    40      0. sec   1s ( 1)  2d-( 1)  3d ( 1)  4f-( 1)
ic,nsymc,kt,kdt =   102   574     1    10      0. sec   1s ( 1)  2d-( 2)  3p ( 1)
ic,nsymc,kt,kdt =   103   574     1     4      0. sec   1s ( 1)  2d-( 2)  3p-( 1)
ic,nsymc,kt,kdt =   104   574     1    12      0. sec   1s ( 1)  2d-( 2)  3f-( 1)
ic,nsymc,kt,kdt =   105   574     1    16      0. sec   1s ( 1)  2d ( 1)  3s ( 1)  4p ( 1)
ic,nsymc,kt,kdt =   106   574     1    24      0. sec   1s ( 1)  2d ( 1)  3s ( 1)  4f ( 1)
ic,nsymc,kt,kdt =   107   574     2    22      0. sec   1s ( 1)  2d ( 1)  3s ( 1)  4f-( 1)
ic,nsymc,kt,kdt =   108   574     2    40      0. sec   1s ( 1)  2d ( 1)  3p ( 1)  4d ( 1)
ic,nsymc,kt,kdt =   109   574     2    30      0. sec   1s ( 1)  2d ( 1)  3p ( 1)  4d-( 1)
ic,nsymc,kt,kdt =   110   574     1    16      0. sec   1s ( 1)  2d ( 1)  3p ( 1)  4s ( 1)
ic,nsymc,kt,kdt =   111   574     1    48      0. sec   1s ( 1)  2d ( 1)  3p ( 1)  4g ( 1)
ic,nsymc,kt,kdt =   112   574     2    46      0. sec   1s ( 1)  2d ( 1)  3p ( 1)  4g-( 1)
ic,nsymc,kt,kdt =   113   574     2    22      0. sec   1s ( 1)  2d ( 1)  3p-( 1)  4d ( 1)
ic,nsymc,kt,kdt =   114   574     1    16      0. sec   1s ( 1)  2d ( 1)  3p-( 1)  4d-( 1)
ic,nsymc,kt,kdt =   115   574     1    24      0. sec   1s ( 1)  2d ( 1)  3p-( 1)  4g-( 1)
ic,nsymc,kt,kdt =   116   574     2    64      0. sec   1s ( 1)  2d ( 1)  3d ( 1)  4f ( 1)
ic,nsymc,kt,kdt =   117   574     2    54      0. sec   1s ( 1)  2d ( 1)  3d ( 1)  4f-( 1)
ic,nsymc,kt,kdt =   118   574     2    40      0. sec   1s ( 1)  2d ( 1)  3d ( 1)  4p ( 1)
ic,nsymc,kt,kdt =   119   574     2    22      0. sec   1s ( 1)  2d ( 1)  3d ( 1)  4p-( 1)
ic,nsymc,kt,kdt =   120   574     2    46      0. sec   1s ( 1)  2d ( 1)  3d-( 1)  4f ( 1)
ic,nsymc,kt,kdt =   121   574     2    40      0. sec   1s ( 1)  2d ( 1)  3d-( 1)  4f-( 1)
ic,nsymc,kt,kdt =   122   574     2    30      0. sec   1s ( 1)  2d ( 1)  3d-( 1)  4p ( 1)
ic,nsymc,kt,kdt =   123   574     1    16      0. sec   1s ( 1)  2d ( 1)  3d-( 1)  4p-( 1)
ic,nsymc,kt,kdt =   124   574     1    24      0. sec   1s ( 1)  2d ( 1)  3f ( 1)  4s ( 1)
ic,nsymc,kt,kdt =   125   574     2    64      0. sec   1s ( 1)  2d ( 1)  3f ( 1)  4d ( 1)
ic,nsymc,kt,kdt =   126   574     2    46      0. sec   1s ( 1)  2d ( 1)  3f ( 1)  4d-( 1)
ic,nsymc,kt,kdt =   127   574     2    88      0. sec   1s ( 1)  2d ( 1)  3f ( 1)  4g ( 1)
ic,nsymc,kt,kdt =   128   574     2    78      0. sec   1s ( 1)  2d ( 1)  3f ( 1)  4g-( 1)
ic,nsymc,kt,kdt =   129   574     2    22      0. sec   1s ( 1)  2d ( 1)  3f-( 1)  4s ( 1)
ic,nsymc,kt,kdt =   130   574     2    54      0. sec   1s ( 1)  2d ( 1)  3f-( 1)  4d ( 1)
ic,nsymc,kt,kdt =   131   574     2    40      0. sec   1s ( 1)  2d ( 1)  3f-( 1)  4d-( 1)
ic,nsymc,kt,kdt =   132   574     2    70      0. sec   1s ( 1)  2d ( 1)  3f-( 1)  4g ( 1)
ic,nsymc,kt,kdt =   133   574     2    64      0. sec   1s ( 1)  2d ( 1)  3f-( 1)  4g-( 1)
ic,nsymc,kt,kdt =   134   574     2    14      0. sec   1s ( 1)  2d-( 1)  3s ( 1)  4p ( 1)
ic,nsymc,kt,kdt =   135   574     1     8      0. sec   1s ( 1)  2d-( 1)  3s ( 1)  4p-( 1)
ic,nsymc,kt,kdt =   136   574     1    16      0. sec   1s ( 1)  2d-( 1)  3s ( 1)  4f-( 1)
ic,nsymc,kt,kdt =   137   574     2    30      0. sec   1s ( 1)  2d-( 1)  3p ( 1)  4d ( 1)
ic,nsymc,kt,kdt =   138   574     2    24      0. sec   1s ( 1)  2d-( 1)  3p ( 1)  4d-( 1)
ic,nsymc,kt,kdt =   139   574     2    14      0. sec   1s ( 1)  2d-( 1)  3p ( 1)  4s ( 1)
ic,nsymc,kt,kdt =   140   574     1    32      0. sec   1s ( 1)  2d-( 1)  3p ( 1)  4g-( 1)
ic,nsymc,kt,kdt =   141   574     1    16      0. sec   1s ( 1)  2d-( 1)  3p-( 1)  4d ( 1)
ic,nsymc,kt,kdt =   142   574     2    14      0. sec   1s ( 1)  2d-( 1)  3p-( 1)  4d-( 1)
ic,nsymc,kt,kdt =   143   574     1     8      0. sec   1s ( 1)  2d-( 1)  3p-( 1)  4s ( 1)
ic,nsymc,kt,kdt =   144   574     1    32      0. sec   1s ( 1)  2d-( 1)  3d-( 1)  4f ( 1)
ic,nsymc,kt,kdt =   145   574     2    30      0. sec   1s ( 1)  2d-( 1)  3d-( 1)  4f-( 1)
ic,nsymc,kt,kdt =   146   574     2    24      0. sec   1s ( 1)  2d-( 1)  3d-( 1)  4p ( 1)
ic,nsymc,kt,kdt =   147   574     2    14      0. sec   1s ( 1)  2d-( 1)  3d-( 1)  4p-( 1)
ic,nsymc,kt,kdt =   148   574     2    46      0. sec   1s ( 1)  2d-( 1)  3f ( 1)  4d ( 1)
ic,nsymc,kt,kdt =   149   574     1    32      0. sec   1s ( 1)  2d-( 1)  3f ( 1)  4d-( 1)
ic,nsymc,kt,kdt =   150   574     2    62      0. sec   1s ( 1)  2d-( 1)  3f ( 1)  4g ( 1)
ic,nsymc,kt,kdt =   151   574     2    56      0. sec   1s ( 1)  2d-( 1)  3f ( 1)  4g-( 1)
ic,nsymc,kt,kdt =   152   574     1    16      0. sec   1s ( 1)  2d-( 1)  3f-( 1)  4s ( 1)
ic,nsymc,kt,kdt =   153   574     2    40      0. sec   1s ( 1)  2d-( 1)  3f-( 1)  4d ( 1)
ic,nsymc,kt,kdt =   154   574     2    30      0. sec   1s ( 1)  2d-( 1)  3f-( 1)  4d-( 1)
ic,nsymc,kt,kdt =   155   574     1    48      0. sec   1s ( 1)  2d-( 1)  3f-( 1)  4g ( 1)
ic,nsymc,kt,kdt =   156   574     2    46      0. sec   1s ( 1)  2d-( 1)  3f-( 1)  4g-( 1)
ic,nsymc,kt,kdt =   157   574     1     2      0. sec   1s ( 2)  2s ( 1)  3p ( 1)
ic,nsymc,kt,kdt =   158   574     1     1      0. sec   1s ( 2)  2s ( 1)  3p-( 1)
ic,nsymc,kt,kdt =   159   574     1     2      0. sec   1s ( 2)  2p ( 1)  3s ( 1)
ic,nsymc,kt,kdt =   160   574     1     4      0. sec   1s ( 2)  2p ( 1)  3d ( 1)
ic,nsymc,kt,kdt =   161   574     1     3      0. sec   1s ( 2)  2p ( 1)  3d-( 1)
ic,nsymc,kt,kdt =   162   574     1     1      0. sec   1s ( 2)  2p-( 1)  3s ( 1)
ic,nsymc,kt,kdt =   163   574     1     2      0. sec   1s ( 2)  2p-( 1)  3d-( 1)
ic,nsymc,kt,kdt =   164   574     1     4      0. sec   1s ( 2)  2d ( 1)  3p ( 1)
ic,nsymc,kt,kdt =   165   574     1     6      0. sec   1s ( 2)  2d ( 1)  3f ( 1)
ic,nsymc,kt,kdt =   166   574     1     5      0. sec   1s ( 2)  2d ( 1)  3f-( 1)
ic,nsymc,kt,kdt =   167   574     1     3      0. sec   1s ( 2)  2d-( 1)  3p ( 1)
ic,nsymc,kt,kdt =   168   574     1     2      0. sec   1s ( 2)  2d-( 1)  3p-( 1)
ic,nsymc,kt,kdt =   169   574     1     4      0. sec   1s ( 2)  2d-( 1)  3f-( 1)
ic,nsymc,kt,kdt =   170   574     1     6      0. sec   1s ( 2)  2f ( 1)  3d ( 1)
ic,nsymc,kt,kdt =   171   574     1     8      0. sec   1s ( 2)  2f ( 1)  3g ( 1)
ic,nsymc,kt,kdt =   172   574     1     7      0. sec   1s ( 2)  2f ( 1)  3g-( 1)
ic,nsymc,kt,kdt =   173   574     1     5      0. sec   1s ( 2)  2f-( 1)  3d ( 1)
ic,nsymc,kt,kdt =   174   574     1     4      0. sec   1s ( 2)  2f-( 1)  3d-( 1)
ic,nsymc,kt,kdt =   175   574     1     6      0. sec   1s ( 2)  2f-( 1)  3g-( 1)
ic,nsymc,kt,kdt =   176   574     1     2      0. sec   1s ( 1)  2s ( 2)  3p ( 1)
ic,nsymc,kt,kdt =   177   574     1     1      0. sec   1s ( 1)  2s ( 2)  3p-( 1)
ic,nsymc,kt,kdt =   178   574     3     7      0. sec   1s ( 1)  2s ( 1)  3p ( 1)  4s ( 1)
ic,nsymc,kt,kdt =   179   574     3    15      0. sec   1s ( 1)  2s ( 1)  3p ( 1)  4d ( 1)
ic,nsymc,kt,kdt =   180   574     4    12      0. sec   1s ( 1)  2s ( 1)  3p ( 1)  4d-( 1)
ic,nsymc,kt,kdt =   181   574     1    16      0. sec   1s ( 1)  2s ( 1)  3p ( 1)  4g-( 1)
ic,nsymc,kt,kdt =   182   574     3     4      0. sec   1s ( 1)  2s ( 1)  3p-( 1)  4s ( 1)
ic,nsymc,kt,kdt =   183   574     1     8      0. sec   1s ( 1)  2s ( 1)  3p-( 1)  4d ( 1)
ic,nsymc,kt,kdt =   184   574     3     7      0. sec   1s ( 1)  2s ( 1)  3p-( 1)  4d-( 1)
ic,nsymc,kt,kdt =   185   574     3     7      0. sec   1s ( 1)  2s ( 1)  3s ( 1)  4p ( 1)
ic,nsymc,kt,kdt =   186   574     3     4      0. sec   1s ( 1)  2s ( 1)  3s ( 1)  4p-( 1)
ic,nsymc,kt,kdt =   187   574     1     8      0. sec   1s ( 1)  2s ( 1)  3s ( 1)  4f-( 1)
ic,nsymc,kt,kdt =   188   574     3    15      0. sec   1s ( 1)  2s ( 1)  3d ( 1)  4p ( 1)
ic,nsymc,kt,kdt =   189   574     1     8      0. sec   1s ( 1)  2s ( 1)  3d ( 1)  4p-( 1)
ic,nsymc,kt,kdt =   190   574     3    23      0. sec   1s ( 1)  2s ( 1)  3d ( 1)  4f ( 1)
ic,nsymc,kt,kdt =   191   574     4    20      0. sec   1s ( 1)  2s ( 1)  3d ( 1)  4f-( 1)
ic,nsymc,kt,kdt =   192   574     4    12      0. sec   1s ( 1)  2s ( 1)  3d-( 1)  4p ( 1)
ic,nsymc,kt,kdt =   193   574     3     7      0. sec   1s ( 1)  2s ( 1)  3d-( 1)  4p-( 1)
ic,nsymc,kt,kdt =   194   574     1    16      0. sec   1s ( 1)  2s ( 1)  3d-( 1)  4f ( 1)
ic,nsymc,kt,kdt =   195   574     3    15      0. sec   1s ( 1)  2s ( 1)  3d-( 1)  4f-( 1)
ic,nsymc,kt,kdt =   196   574     3    23      0. sec   1s ( 1)  2s ( 1)  3f ( 1)  4d ( 1)
ic,nsymc,kt,kdt =   197   574     1    16      0. sec   1s ( 1)  2s ( 1)  3f ( 1)  4d-( 1)
ic,nsymc,kt,kdt =   198   574     3    31      0. sec   1s ( 1)  2s ( 1)  3f ( 1)  4g ( 1)
ic,nsymc,kt,kdt =   199   574     4    28      0. sec   1s ( 1)  2s ( 1)  3f ( 1)  4g-( 1)
ic,nsymc,kt,kdt =   200   574     1     8      0. sec   1s ( 1)  2s ( 1)  3f-( 1)  4s ( 1)
ic,nsymc,kt,kdt =   201   574     4    20      0. sec   1s ( 1)  2s ( 1)  3f-( 1)  4d ( 1)
ic,nsymc,kt,kdt =   202   574     3    15      0. sec   1s ( 1)  2s ( 1)  3f-( 1)  4d-( 1)
ic,nsymc,kt,kdt =   203   574     1    24      0. sec   1s ( 1)  2s ( 1)  3f-( 1)  4g ( 1)
ic,nsymc,kt,kdt =   204   574     3    23      0. sec   1s ( 1)  2s ( 1)  3f-( 1)  4g-( 1)
ic,nsymc,kt,kdt =   205   574     1     2      0. sec   1s ( 1)  2p ( 3)
ic,nsymc,kt,kdt =   206   574     2     5      0. sec   1s ( 1)  2p-( 1)  3p ( 2)
ic,nsymc,kt,kdt =   207   574     1     2      0. sec   1s ( 1)  2p-( 2)  3p ( 1)
ic,nsymc,kt,kdt =   208   574     3     9      0. sec   1s ( 1)  2p ( 2)  3p ( 1)
ic,nsymc,kt,kdt =   209   574     2     5      0. sec   1s ( 1)  2p ( 2)  3p-( 1)
ic,nsymc,kt,kdt =   210   574     1    12      0. sec   1s ( 1)  2p ( 2)  3f ( 1)
ic,nsymc,kt,kdt =   211   574     2    11      0. sec   1s ( 1)  2p ( 2)  3f-( 1)
ic,nsymc,kt,kdt =   212   574     4    12      0. sec   1s ( 1)  2p-( 1)  3p ( 1)  4p ( 1)
ic,nsymc,kt,kdt =   213   574     3     7      0. sec   1s ( 1)  2p-( 1)  3p ( 1)  4p-( 1)
ic,nsymc,kt,kdt =   214   574     1    16      0. sec   1s ( 1)  2p-( 1)  3p ( 1)  4f ( 1)
ic,nsymc,kt,kdt =   215   574     3    15      0. sec   1s ( 1)  2p-( 1)  3p ( 1)  4f-( 1)
ic,nsymc,kt,kdt =   216   574     1     1      0. sec   1s ( 1)  2p-( 2)  3p-( 1)
ic,nsymc,kt,kdt =   217   574     1     2      0. sec   1s ( 1)  2p ( 1)  3s ( 2)
ic,nsymc,kt,kdt =   218   574     3    15      0. sec   1s ( 1)  2p ( 1)  3s ( 1)  4d ( 1)
ic,nsymc,kt,kdt =   219   574     4    12      0. sec   1s ( 1)  2p ( 1)  3s ( 1)  4d-( 1)
ic,nsymc,kt,kdt =   220   574     3     7      0. sec   1s ( 1)  2p ( 1)  3s ( 1)  4s ( 1)
ic,nsymc,kt,kdt =   221   574     1    16      0. sec   1s ( 1)  2p ( 1)  3s ( 1)  4g-( 1)
ic,nsymc,kt,kdt =   222   574     3     9      0. sec   1s ( 1)  2p ( 1)  3p ( 2)
ic,nsymc,kt,kdt =   223   574     4    12      0. sec   1s ( 1)  2p ( 1)  3p-( 1)  4p ( 1)
ic,nsymc,kt,kdt =   224   574     1     2      0. sec   1s ( 1)  2p ( 1)  3p-( 2)
ic,nsymc,kt,kdt =   225   574     6    22      0. sec   1s ( 1)  2p ( 1)  3p ( 1)  4p ( 1)
ic,nsymc,kt,kdt =   226   574     4    12      0. sec   1s ( 1)  2p ( 1)  3p ( 1)  4p-( 1)
ic,nsymc,kt,kdt =   227   574     3    31      0. sec   1s ( 1)  2p ( 1)  3p ( 1)  4f ( 1)
ic,nsymc,kt,kdt =   228   574     5    28      0. sec   1s ( 1)  2p ( 1)  3p ( 1)  4f-( 1)
ic,nsymc,kt,kdt =   229   574     3     7      0. sec   1s ( 1)  2p ( 1)  3p-( 1)  4p-( 1)
ic,nsymc,kt,kdt =   230   574     1    16      0. sec   1s ( 1)  2p ( 1)  3p-( 1)  4f ( 1)
ic,nsymc,kt,kdt =   231   574     3    15      0. sec   1s ( 1)  2p ( 1)  3p-( 1)  4f-( 1)
ic,nsymc,kt,kdt =   232   574     3    16      0. sec   1s ( 1)  2p ( 1)  3d ( 2)
ic,nsymc,kt,kdt =   233   574     5    28      0. sec   1s ( 1)  2p ( 1)  3d-( 1)  4d ( 1)
ic,nsymc,kt,kdt =   234   574     3     9      0. sec   1s ( 1)  2p ( 1)  3d-( 2)
ic,nsymc,kt,kdt =   235   574     3    15      0. sec   1s ( 1)  2p ( 1)  3d ( 1)  4s ( 1)
ic,nsymc,kt,kdt =   236   574     6    38      0. sec   1s ( 1)  2p ( 1)  3d ( 1)  4d ( 1)
ic,nsymc,kt,kdt =   237   574     5    28      0. sec   1s ( 1)  2p ( 1)  3d ( 1)  4d-( 1)
ic,nsymc,kt,kdt =   238   574     3    47      0. sec   1s ( 1)  2p ( 1)  3d ( 1)  4g ( 1)
ic,nsymc,kt,kdt =   239   574     5    44      0. sec   1s ( 1)  2p ( 1)  3d ( 1)  4g-( 1)
ic,nsymc,kt,kdt =   240   574     4    12      0. sec   1s ( 1)  2p ( 1)  3d-( 1)  4s ( 1)
ic,nsymc,kt,kdt =   241   574     6    22      0. sec   1s ( 1)  2p ( 1)  3d-( 1)  4d-( 1)
ic,nsymc,kt,kdt =   242   574     1    32      0. sec   1s ( 1)  2p ( 1)  3d-( 1)  4g ( 1)
ic,nsymc,kt,kdt =   243   574     3    31      0. sec   1s ( 1)  2p ( 1)  3d-( 1)  4g-( 1)
ic,nsymc,kt,kdt =   244   574     3    23      0. sec   1s ( 1)  2p ( 1)  3f ( 2)
ic,nsymc,kt,kdt =   245   574     5    44      0. sec   1s ( 1)  2p ( 1)  3f-( 1)  4f ( 1)
ic,nsymc,kt,kdt =   246   574     3    16      0. sec   1s ( 1)  2p ( 1)  3f-( 2)
ic,nsymc,kt,kdt =   247   574     3    31      0. sec   1s ( 1)  2p ( 1)  3f ( 1)  4p ( 1)
ic,nsymc,kt,kdt =   248   574     1    16      0. sec   1s ( 1)  2p ( 1)  3f ( 1)  4p-( 1)
ic,nsymc,kt,kdt =   249   574     6    54      0. sec   1s ( 1)  2p ( 1)  3f ( 1)  4f ( 1)
ic,nsymc,kt,kdt =   250   574     5    44      0. sec   1s ( 1)  2p ( 1)  3f ( 1)  4f-( 1)
ic,nsymc,kt,kdt =   251   574     5    28      0. sec   1s ( 1)  2p ( 1)  3f-( 1)  4p ( 1)
ic,nsymc,kt,kdt =   252   574     3    15      0. sec   1s ( 1)  2p ( 1)  3f-( 1)  4p-( 1)
ic,nsymc,kt,kdt =   253   574     6    38      0. sec   1s ( 1)  2p ( 1)  3f-( 1)  4f-( 1)
ic,nsymc,kt,kdt =   254   574     3    30      0. sec   1s ( 1)  2p ( 1)  3g ( 2)
ic,nsymc,kt,kdt =   255   574     5    60      0. sec   1s ( 1)  2p ( 1)  3g-( 1)  4g ( 1)
ic,nsymc,kt,kdt =   256   574     3    23      0. sec   1s ( 1)  2p ( 1)  3g-( 2)
ic,nsymc,kt,kdt =   257   574     1     1      0. sec   1s ( 1)  2p-( 1)  3s ( 2)
ic,nsymc,kt,kdt =   258   574     1     8      0. sec   1s ( 1)  2p-( 1)  3s ( 1)  4d ( 1)
ic,nsymc,kt,kdt =   259   574     3     7      0. sec   1s ( 1)  2p-( 1)  3s ( 1)  4d-( 1)
ic,nsymc,kt,kdt =   260   574     3     4      0. sec   1s ( 1)  2p-( 1)  3s ( 1)  4s ( 1)
ic,nsymc,kt,kdt =   261   574     3     7      0. sec   1s ( 1)  2p-( 1)  3p-( 1)  4p ( 1)
ic,nsymc,kt,kdt =   262   574     1     1      0. sec   1s ( 1)  2p-( 1)  3p-( 2)
ic,nsymc,kt,kdt =   263   574     3     4      0. sec   1s ( 1)  2p-( 1)  3p-( 1)  4p-( 1)
ic,nsymc,kt,kdt =   264   574     1     8      0. sec   1s ( 1)  2p-( 1)  3p-( 1)  4f-( 1)
ic,nsymc,kt,kdt =   265   574     2     9      0. sec   1s ( 1)  2p-( 1)  3d ( 2)
ic,nsymc,kt,kdt =   266   574     3    15      0. sec   1s ( 1)  2p-( 1)  3d-( 1)  4d ( 1)
ic,nsymc,kt,kdt =   267   574     2     5      0. sec   1s ( 1)  2p-( 1)  3d-( 2)
ic,nsymc,kt,kdt =   268   574     1     8      0. sec   1s ( 1)  2p-( 1)  3d ( 1)  4s ( 1)
ic,nsymc,kt,kdt =   269   574     4    20      0. sec   1s ( 1)  2p-( 1)  3d ( 1)  4d ( 1)
ic,nsymc,kt,kdt =   270   574     3    15      0. sec   1s ( 1)  2p-( 1)  3d ( 1)  4d-( 1)
ic,nsymc,kt,kdt =   271   574     1    24      0. sec   1s ( 1)  2p-( 1)  3d ( 1)  4g ( 1)
ic,nsymc,kt,kdt =   272   574     3    23      0. sec   1s ( 1)  2p-( 1)  3d ( 1)  4g-( 1)
ic,nsymc,kt,kdt =   273   574     3     7      0. sec   1s ( 1)  2p-( 1)  3d-( 1)  4s ( 1)
ic,nsymc,kt,kdt =   274   574     4    12      0. sec   1s ( 1)  2p-( 1)  3d-( 1)  4d-( 1)
ic,nsymc,kt,kdt =   275   574     1    16      0. sec   1s ( 1)  2p-( 1)  3d-( 1)  4g-( 1)
ic,nsymc,kt,kdt =   276   574     2    13      0. sec   1s ( 1)  2p-( 1)  3f ( 2)
ic,nsymc,kt,kdt =   277   574     3    23      0. sec   1s ( 1)  2p-( 1)  3f-( 1)  4f ( 1)
ic,nsymc,kt,kdt =   278   574     2     9      0. sec   1s ( 1)  2p-( 1)  3f-( 2)
ic,nsymc,kt,kdt =   279   574     1    16      0. sec   1s ( 1)  2p-( 1)  3f ( 1)  4p ( 1)
ic,nsymc,kt,kdt =   280   574     4    28      0. sec   1s ( 1)  2p-( 1)  3f ( 1)  4f ( 1)
ic,nsymc,kt,kdt =   281   574     3    23      0. sec   1s ( 1)  2p-( 1)  3f ( 1)  4f-( 1)
ic,nsymc,kt,kdt =   282   574     3    15      0. sec   1s ( 1)  2p-( 1)  3f-( 1)  4p ( 1)
ic,nsymc,kt,kdt =   283   574     1     8      0. sec   1s ( 1)  2p-( 1)  3f-( 1)  4p-( 1)
ic,nsymc,kt,kdt =   284   574     4    20      0. sec   1s ( 1)  2p-( 1)  3f-( 1)  4f-( 1)
ic,nsymc,kt,kdt =   285   574     2    17      0. sec   1s ( 1)  2p-( 1)  3g ( 2)
ic,nsymc,kt,kdt =   286   574     3    31      0. sec   1s ( 1)  2p-( 1)  3g-( 1)  4g ( 1)
ic,nsymc,kt,kdt =   287   574     2    13      0. sec   1s ( 1)  2p-( 1)  3g-( 2)
ic,nsymc,kt,kdt =   288   574     3    16      0. sec   1s ( 1)  2d ( 2)  3p ( 1)
ic,nsymc,kt,kdt =   289   574     2     9      0. sec   1s ( 1)  2d ( 2)  3p-( 1)
ic,nsymc,kt,kdt =   290   574     3    27      0. sec   1s ( 1)  2d ( 2)  3f ( 1)
ic,nsymc,kt,kdt =   291   574     3    23      0. sec   1s ( 1)  2d ( 2)  3f-( 1)
ic,nsymc,kt,kdt =   292   574     5    28      0. sec   1s ( 1)  2d-( 1)  3d ( 1)  4p ( 1)
ic,nsymc,kt,kdt =   293   574     3    15      0. sec   1s ( 1)  2d-( 1)  3d ( 1)  4p-( 1)
ic,nsymc,kt,kdt =   294   574     5    44      0. sec   1s ( 1)  2d-( 1)  3d ( 1)  4f ( 1)
ic,nsymc,kt,kdt =   295   574     6    38      0. sec   1s ( 1)  2d-( 1)  3d ( 1)  4f-( 1)
ic,nsymc,kt,kdt =   296   574     3     9      0. sec   1s ( 1)  2d-( 2)  3p ( 1)
ic,nsymc,kt,kdt =   297   574     2     5      0. sec   1s ( 1)  2d-( 2)  3p-( 1)
ic,nsymc,kt,kdt =   298   574     1    12      0. sec   1s ( 1)  2d-( 2)  3f ( 1)
ic,nsymc,kt,kdt =   299   574     2    11      0. sec   1s ( 1)  2d-( 2)  3f-( 1)
ic,nsymc,kt,kdt =   300   574     3    15      0. sec   1s ( 1)  2d ( 1)  3s ( 1)  4p ( 1)
ic,nsymc,kt,kdt =   301   574     1     8      0. sec   1s ( 1)  2d ( 1)  3s ( 1)  4p-( 1)
ic,nsymc,kt,kdt =   302   574     3    23      0. sec   1s ( 1)  2d ( 1)  3s ( 1)  4f ( 1)
ic,nsymc,kt,kdt =   303   574     4    20      0. sec   1s ( 1)  2d ( 1)  3s ( 1)  4f-( 1)
ic,nsymc,kt,kdt =   304   574     6    38      0. sec   1s ( 1)  2d ( 1)  3p ( 1)  4d ( 1)
ic,nsymc,kt,kdt =   305   574     5    28      0. sec   1s ( 1)  2d ( 1)  3p ( 1)  4d-( 1)
ic,nsymc,kt,kdt =   306   574     3    15      0. sec   1s ( 1)  2d ( 1)  3p ( 1)  4s ( 1)
ic,nsymc,kt,kdt =   307   574     3    47      0. sec   1s ( 1)  2d ( 1)  3p ( 1)  4g ( 1)
ic,nsymc,kt,kdt =   308   574     5    44      0. sec   1s ( 1)  2d ( 1)  3p ( 1)  4g-( 1)
ic,nsymc,kt,kdt =   309   574     4    20      0. sec   1s ( 1)  2d ( 1)  3p-( 1)  4d ( 1)
ic,nsymc,kt,kdt =   310   574     3    15      0. sec   1s ( 1)  2d ( 1)  3p-( 1)  4d-( 1)
ic,nsymc,kt,kdt =   311   574     1     8      0. sec   1s ( 1)  2d ( 1)  3p-( 1)  4s ( 1)
ic,nsymc,kt,kdt =   312   574     1    24      0. sec   1s ( 1)  2d ( 1)  3p-( 1)  4g ( 1)
ic,nsymc,kt,kdt =   313   574     3    23      0. sec   1s ( 1)  2d ( 1)  3p-( 1)  4g-( 1)
ic,nsymc,kt,kdt =   314   574     6    62      0. sec   1s ( 1)  2d ( 1)  3d ( 1)  4f ( 1)
ic,nsymc,kt,kdt =   315   574     6    52      0. sec   1s ( 1)  2d ( 1)  3d ( 1)  4f-( 1)
ic,nsymc,kt,kdt =   316   574     6    38      0. sec   1s ( 1)  2d ( 1)  3d ( 1)  4p ( 1)
ic,nsymc,kt,kdt =   317   574     4    20      0. sec   1s ( 1)  2d ( 1)  3d ( 1)  4p-( 1)
ic,nsymc,kt,kdt =   318   574     5    44      0. sec   1s ( 1)  2d ( 1)  3d-( 1)  4f ( 1)
ic,nsymc,kt,kdt =   319   574     6    38      0. sec   1s ( 1)  2d ( 1)  3d-( 1)  4f-( 1)
ic,nsymc,kt,kdt =   320   574     5    28      0. sec   1s ( 1)  2d ( 1)  3d-( 1)  4p ( 1)
ic,nsymc,kt,kdt =   321   574     3    15      0. sec   1s ( 1)  2d ( 1)  3d-( 1)  4p-( 1)
ic,nsymc,kt,kdt =   322   574     3    23      0. sec   1s ( 1)  2d ( 1)  3f ( 1)  4s ( 1)
ic,nsymc,kt,kdt =   323   574     6    62      0. sec   1s ( 1)  2d ( 1)  3f ( 1)  4d ( 1)
ic,nsymc,kt,kdt =   324   574     5    44      0. sec   1s ( 1)  2d ( 1)  3f ( 1)  4d-( 1)
ic,nsymc,kt,kdt =   325   574     6    86      0. sec   1s ( 1)  2d ( 1)  3f ( 1)  4g ( 1)
ic,nsymc,kt,kdt =   326   574     6    76      0. sec   1s ( 1)  2d ( 1)  3f ( 1)  4g-( 1)
ic,nsymc,kt,kdt =   327   574     4    20      0. sec   1s ( 1)  2d ( 1)  3f-( 1)  4s ( 1)
ic,nsymc,kt,kdt =   328   574     6    52      0. sec   1s ( 1)  2d ( 1)  3f-( 1)  4d ( 1)
ic,nsymc,kt,kdt =   329   574     6    38      0. sec   1s ( 1)  2d ( 1)  3f-( 1)  4d-( 1)
ic,nsymc,kt,kdt =   330   574     5    68      0. sec   1s ( 1)  2d ( 1)  3f-( 1)  4g ( 1)
ic,nsymc,kt,kdt =   331   574     6    62      0. sec   1s ( 1)  2d ( 1)  3f-( 1)  4g-( 1)
ic,nsymc,kt,kdt =   332   574     4    12      0. sec   1s ( 1)  2d-( 1)  3s ( 1)  4p ( 1)
ic,nsymc,kt,kdt =   333   574     3     7      0. sec   1s ( 1)  2d-( 1)  3s ( 1)  4p-( 1)
ic,nsymc,kt,kdt =   334   574     1    16      0. sec   1s ( 1)  2d-( 1)  3s ( 1)  4f ( 1)
ic,nsymc,kt,kdt =   335   574     3    15      0. sec   1s ( 1)  2d-( 1)  3s ( 1)  4f-( 1)
ic,nsymc,kt,kdt =   336   574     5    28      0. sec   1s ( 1)  2d-( 1)  3p ( 1)  4d ( 1)
ic,nsymc,kt,kdt =   337   574     6    22      0. sec   1s ( 1)  2d-( 1)  3p ( 1)  4d-( 1)
ic,nsymc,kt,kdt =   338   574     4    12      0. sec   1s ( 1)  2d-( 1)  3p ( 1)  4s ( 1)
ic,nsymc,kt,kdt =   339   574     1    32      0. sec   1s ( 1)  2d-( 1)  3p ( 1)  4g ( 1)
ic,nsymc,kt,kdt =   340   574     3    31      0. sec   1s ( 1)  2d-( 1)  3p ( 1)  4g-( 1)
ic,nsymc,kt,kdt =   341   574     3    15      0. sec   1s ( 1)  2d-( 1)  3p-( 1)  4d ( 1)
ic,nsymc,kt,kdt =   342   574     4    12      0. sec   1s ( 1)  2d-( 1)  3p-( 1)  4d-( 1)
ic,nsymc,kt,kdt =   343   574     3     7      0. sec   1s ( 1)  2d-( 1)  3p-( 1)  4s ( 1)
ic,nsymc,kt,kdt =   344   574     1    16      0. sec   1s ( 1)  2d-( 1)  3p-( 1)  4g-( 1)
ic,nsymc,kt,kdt =   345   574     3    31      0. sec   1s ( 1)  2d-( 1)  3d-( 1)  4f ( 1)
ic,nsymc,kt,kdt =   346   574     5    28      0. sec   1s ( 1)  2d-( 1)  3d-( 1)  4f-( 1)
ic,nsymc,kt,kdt =   347   574     6    22      0. sec   1s ( 1)  2d-( 1)  3d-( 1)  4p ( 1)
ic,nsymc,kt,kdt =   348   574     4    12      0. sec   1s ( 1)  2d-( 1)  3d-( 1)  4p-( 1)
ic,nsymc,kt,kdt =   349   574     1    16      0. sec   1s ( 1)  2d-( 1)  3f ( 1)  4s ( 1)
ic,nsymc,kt,kdt =   350   574     5    44      0. sec   1s ( 1)  2d-( 1)  3f ( 1)  4d ( 1)
ic,nsymc,kt,kdt =   351   574     3    31      0. sec   1s ( 1)  2d-( 1)  3f ( 1)  4d-( 1)
ic,nsymc,kt,kdt =   352   574     5    60      0. sec   1s ( 1)  2d-( 1)  3f ( 1)  4g ( 1)
ic,nsymc,kt,kdt =   353   574     6    54      0. sec   1s ( 1)  2d-( 1)  3f ( 1)  4g-( 1)
ic,nsymc,kt,kdt =   354   574     3    15      0. sec   1s ( 1)  2d-( 1)  3f-( 1)  4s ( 1)
ic,nsymc,kt,kdt =   355   574     6    38      0. sec   1s ( 1)  2d-( 1)  3f-( 1)  4d ( 1)
ic,nsymc,kt,kdt =   356   574     5    28      0. sec   1s ( 1)  2d-( 1)  3f-( 1)  4d-( 1)
ic,nsymc,kt,kdt =   357   574     3    47      0. sec   1s ( 1)  2d-( 1)  3f-( 1)  4g ( 1)
ic,nsymc,kt,kdt =   358   574     5    44      0. sec   1s ( 1)  2d-( 1)  3f-( 1)  4g-( 1)
ic,nsymc,kt,kdt =   359   574     1     1      0. sec   1s ( 2)  2s ( 1)  3p ( 1)
ic,nsymc,kt,kdt =   360   574     1     2      0. sec   1s ( 2)  2s ( 1)  3f-( 1)
ic,nsymc,kt,kdt =   361   574     1     1      0. sec   1s ( 2)  2p ( 1)  3s ( 1)
ic,nsymc,kt,kdt =   362   574     1     3      0. sec   1s ( 2)  2p ( 1)  3d ( 1)
ic,nsymc,kt,kdt =   363   574     1     2      0. sec   1s ( 2)  2p ( 1)  3d-( 1)
ic,nsymc,kt,kdt =   364   574     1     4      0. sec   1s ( 2)  2p ( 1)  3g-( 1)
ic,nsymc,kt,kdt =   365   574     1     2      0. sec   1s ( 2)  2p-( 1)  3d ( 1)
ic,nsymc,kt,kdt =   366   574     1     1      0. sec   1s ( 2)  2p-( 1)  3d-( 1)
ic,nsymc,kt,kdt =   367   574     1     3      0. sec   1s ( 2)  2d ( 1)  3p ( 1)
ic,nsymc,kt,kdt =   368   574     1     2      0. sec   1s ( 2)  2d ( 1)  3p-( 1)
ic,nsymc,kt,kdt =   369   574     1     5      0. sec   1s ( 2)  2d ( 1)  3f ( 1)
ic,nsymc,kt,kdt =   370   574     1     4      0. sec   1s ( 2)  2d ( 1)  3f-( 1)
ic,nsymc,kt,kdt =   371   574     1     2      0. sec   1s ( 2)  2d-( 1)  3p ( 1)
ic,nsymc,kt,kdt =   372   574     1     1      0. sec   1s ( 2)  2d-( 1)  3p-( 1)
ic,nsymc,kt,kdt =   373   574     1     4      0. sec   1s ( 2)  2d-( 1)  3f ( 1)
ic,nsymc,kt,kdt =   374   574     1     3      0. sec   1s ( 2)  2d-( 1)  3f-( 1)
ic,nsymc,kt,kdt =   375   574     1     5      0. sec   1s ( 2)  2f ( 1)  3d ( 1)
ic,nsymc,kt,kdt =   376   574     1     4      0. sec   1s ( 2)  2f ( 1)  3d-( 1)
ic,nsymc,kt,kdt =   377   574     1     7      0. sec   1s ( 2)  2f ( 1)  3g ( 1)
ic,nsymc,kt,kdt =   378   574     1     6      0. sec   1s ( 2)  2f ( 1)  3g-( 1)
ic,nsymc,kt,kdt =   379   574     1     2      0. sec   1s ( 2)  2f-( 1)  3s ( 1)
ic,nsymc,kt,kdt =   380   574     1     4      0. sec   1s ( 2)  2f-( 1)  3d ( 1)
ic,nsymc,kt,kdt =   381   574     1     3      0. sec   1s ( 2)  2f-( 1)  3d-( 1)
ic,nsymc,kt,kdt =   382   574     1     6      0. sec   1s ( 2)  2f-( 1)  3g ( 1)
ic,nsymc,kt,kdt =   383   574     1     5      0. sec   1s ( 2)  2f-( 1)  3g-( 1)
ic,nsymc,kt,kdt =   384   574     1     1      0. sec   1s ( 1)  2s ( 2)  3p ( 1)
ic,nsymc,kt,kdt =   385   574     1     2      0. sec   1s ( 1)  2s ( 2)  3f-( 1)
ic,nsymc,kt,kdt =   386   574     3     4      0. sec   1s ( 1)  2s ( 1)  3p ( 1)  4s ( 1)
ic,nsymc,kt,kdt =   387   574     4    12      0. sec   1s ( 1)  2s ( 1)  3p ( 1)  4d ( 1)
ic,nsymc,kt,kdt =   388   574     4     8      0. sec   1s ( 1)  2s ( 1)  3p ( 1)  4d-( 1)
ic,nsymc,kt,kdt =   389   574     1    16      0. sec   1s ( 1)  2s ( 1)  3p ( 1)  4g ( 1)
ic,nsymc,kt,kdt =   390   574     3    15      0. sec   1s ( 1)  2s ( 1)  3p ( 1)  4g-( 1)
ic,nsymc,kt,kdt =   391   574     1     1      0. sec   1s ( 1)  2s ( 1)  3p-( 1)  4s ( 1)
ic,nsymc,kt,kdt =   392   574     3     7      0. sec   1s ( 1)  2s ( 1)  3p-( 1)  4d ( 1)
ic,nsymc,kt,kdt =   393   574     3     4      0. sec   1s ( 1)  2s ( 1)  3p-( 1)  4d-( 1)
ic,nsymc,kt,kdt =   394   574     1     8      0. sec   1s ( 1)  2s ( 1)  3p-( 1)  4g-( 1)
ic,nsymc,kt,kdt =   395   574     3     4      0. sec   1s ( 1)  2s ( 1)  3s ( 1)  4p ( 1)
ic,nsymc,kt,kdt =   396   574     1     1      0. sec   1s ( 1)  2s ( 1)  3s ( 1)  4p-( 1)
ic,nsymc,kt,kdt =   397   574     1     8      0. sec   1s ( 1)  2s ( 1)  3s ( 1)  4f ( 1)
ic,nsymc,kt,kdt =   398   574     3     7      0. sec   1s ( 1)  2s ( 1)  3s ( 1)  4f-( 1)
ic,nsymc,kt,kdt =   399   574     4    12      0. sec   1s ( 1)  2s ( 1)  3d ( 1)  4p ( 1)
ic,nsymc,kt,kdt =   400   574     3     7      0. sec   1s ( 1)  2s ( 1)  3d ( 1)  4p-( 1)
ic,nsymc,kt,kdt =   401   574     4    20      0. sec   1s ( 1)  2s ( 1)  3d ( 1)  4f ( 1)
ic,nsymc,kt,kdt =   402   574     4    16      0. sec   1s ( 1)  2s ( 1)  3d ( 1)  4f-( 1)
ic,nsymc,kt,kdt =   403   574     4     8      0. sec   1s ( 1)  2s ( 1)  3d-( 1)  4p ( 1)
ic,nsymc,kt,kdt =   404   574     3     4      0. sec   1s ( 1)  2s ( 1)  3d-( 1)  4p-( 1)
ic,nsymc,kt,kdt =   405   574     3    15      0. sec   1s ( 1)  2s ( 1)  3d-( 1)  4f ( 1)
ic,nsymc,kt,kdt =   406   574     4    12      0. sec   1s ( 1)  2s ( 1)  3d-( 1)  4f-( 1)
ic,nsymc,kt,kdt =   407   574     1     8      0. sec   1s ( 1)  2s ( 1)  3f ( 1)  4s ( 1)
ic,nsymc,kt,kdt =   408   574     4    20      0. sec   1s ( 1)  2s ( 1)  3f ( 1)  4d ( 1)
ic,nsymc,kt,kdt =   409   574     3    15      0. sec   1s ( 1)  2s ( 1)  3f ( 1)  4d-( 1)
ic,nsymc,kt,kdt =   410   574     4    28      0. sec   1s ( 1)  2s ( 1)  3f ( 1)  4g ( 1)
ic,nsymc,kt,kdt =   411   574     4    24      0. sec   1s ( 1)  2s ( 1)  3f ( 1)  4g-( 1)
ic,nsymc,kt,kdt =   412   574     3     7      0. sec   1s ( 1)  2s ( 1)  3f-( 1)  4s ( 1)
ic,nsymc,kt,kdt =   413   574     4    16      0. sec   1s ( 1)  2s ( 1)  3f-( 1)  4d ( 1)
ic,nsymc,kt,kdt =   414   574     4    12      0. sec   1s ( 1)  2s ( 1)  3f-( 1)  4d-( 1)
ic,nsymc,kt,kdt =   415   574     3    23      0. sec   1s ( 1)  2s ( 1)  3f-( 1)  4g ( 1)
ic,nsymc,kt,kdt =   416   574     4    20      0. sec   1s ( 1)  2s ( 1)  3f-( 1)  4g-( 1)
ic,nsymc,kt,kdt =   417   574     1     1      0. sec   1s ( 1)  2p ( 3)
ic,nsymc,kt,kdt =   418   574     2     3      0. sec   1s ( 1)  2p-( 1)  3p ( 2)
ic,nsymc,kt,kdt =   419   574     1     1      0. sec   1s ( 1)  2p-( 2)  3p ( 1)
ic,nsymc,kt,kdt =   420   574     3     6      0. sec   1s ( 1)  2p ( 2)  3p ( 1)
ic,nsymc,kt,kdt =   421   574     2     3      0. sec   1s ( 1)  2p ( 2)  3p-( 1)
ic,nsymc,kt,kdt =   422   574     2    11      0. sec   1s ( 1)  2p ( 2)  3f ( 1)
ic,nsymc,kt,kdt =   423   574     3     9      0. sec   1s ( 1)  2p ( 2)  3f-( 1)
ic,nsymc,kt,kdt =   424   574     4     8      0. sec   1s ( 1)  2p-( 1)  3p ( 1)  4p ( 1)
ic,nsymc,kt,kdt =   425   574     3     4      0. sec   1s ( 1)  2p-( 1)  3p ( 1)  4p-( 1)
ic,nsymc,kt,kdt =   426   574     3    15      0. sec   1s ( 1)  2p-( 1)  3p ( 1)  4f ( 1)
ic,nsymc,kt,kdt =   427   574     4    12      0. sec   1s ( 1)  2p-( 1)  3p ( 1)  4f-( 1)
ic,nsymc,kt,kdt =   428   574     1     2      0. sec   1s ( 1)  2p-( 2)  3f-( 1)
ic,nsymc,kt,kdt =   429   574     1     1      0. sec   1s ( 1)  2p ( 1)  3s ( 2)
ic,nsymc,kt,kdt =   430   574     4    12      0. sec   1s ( 1)  2p ( 1)  3s ( 1)  4d ( 1)
ic,nsymc,kt,kdt =   431   574     4     8      0. sec   1s ( 1)  2p ( 1)  3s ( 1)  4d-( 1)
ic,nsymc,kt,kdt =   432   574     3     4      0. sec   1s ( 1)  2p ( 1)  3s ( 1)  4s ( 1)
ic,nsymc,kt,kdt =   433   574     1    16      0. sec   1s ( 1)  2p ( 1)  3s ( 1)  4g ( 1)
ic,nsymc,kt,kdt =   434   574     3    15      0. sec   1s ( 1)  2p ( 1)  3s ( 1)  4g-( 1)
ic,nsymc,kt,kdt =   435   574     3     6      0. sec   1s ( 1)  2p ( 1)  3p ( 2)
ic,nsymc,kt,kdt =   436   574     4     8      0. sec   1s ( 1)  2p ( 1)  3p-( 1)  4p ( 1)
ic,nsymc,kt,kdt =   437   574     1     1      0. sec   1s ( 1)  2p ( 1)  3p-( 2)
ic,nsymc,kt,kdt =   438   574     7    16      0. sec   1s ( 1)  2p ( 1)  3p ( 1)  4p ( 1)
ic,nsymc,kt,kdt =   439   574     4     8      0. sec   1s ( 1)  2p ( 1)  3p ( 1)  4p-( 1)
ic,nsymc,kt,kdt =   440   574     5    28      0. sec   1s ( 1)  2p ( 1)  3p ( 1)  4f ( 1)
ic,nsymc,kt,kdt =   441   574     7    23      0. sec   1s ( 1)  2p ( 1)  3p ( 1)  4f-( 1)
ic,nsymc,kt,kdt =   442   574     3     4      0. sec   1s ( 1)  2p ( 1)  3p-( 1)  4p-( 1)
ic,nsymc,kt,kdt =   443   574     3    15      0. sec   1s ( 1)  2p ( 1)  3p-( 1)  4f ( 1)
ic,nsymc,kt,kdt =   444   574     4    12      0. sec   1s ( 1)  2p ( 1)  3p-( 1)  4f-( 1)
ic,nsymc,kt,kdt =   445   574     4    14      0. sec   1s ( 1)  2p ( 1)  3d ( 2)
ic,nsymc,kt,kdt =   446   574     7    23      0. sec   1s ( 1)  2p ( 1)  3d-( 1)  4d ( 1)
ic,nsymc,kt,kdt =   447   574     3     6      0. sec   1s ( 1)  2p ( 1)  3d-( 2)
ic,nsymc,kt,kdt =   448   574     4    12      0. sec   1s ( 1)  2p ( 1)  3d ( 1)  4s ( 1)
ic,nsymc,kt,kdt =   449   574     8    32      0. sec   1s ( 1)  2p ( 1)  3d ( 1)  4d ( 1)
ic,nsymc,kt,kdt =   450   574     7    23      0. sec   1s ( 1)  2p ( 1)  3d ( 1)  4d-( 1)
ic,nsymc,kt,kdt =   451   574     5    44      0. sec   1s ( 1)  2p ( 1)  3d ( 1)  4g ( 1)
ic,nsymc,kt,kdt =   452   574     7    39      0. sec   1s ( 1)  2p ( 1)  3d ( 1)  4g-( 1)
ic,nsymc,kt,kdt =   453   574     4     8      0. sec   1s ( 1)  2p ( 1)  3d-( 1)  4s ( 1)
ic,nsymc,kt,kdt =   454   574     7    16      0. sec   1s ( 1)  2p ( 1)  3d-( 1)  4d-( 1)
ic,nsymc,kt,kdt =   455   574     3    31      0. sec   1s ( 1)  2p ( 1)  3d-( 1)  4g ( 1)
ic,nsymc,kt,kdt =   456   574     5    28      0. sec   1s ( 1)  2p ( 1)  3d-( 1)  4g-( 1)
ic,nsymc,kt,kdt =   457   574     4    22      0. sec   1s ( 1)  2p ( 1)  3f ( 2)
ic,nsymc,kt,kdt =   458   574     7    39      0. sec   1s ( 1)  2p ( 1)  3f-( 1)  4f ( 1)
ic,nsymc,kt,kdt =   459   574     4    14      0. sec   1s ( 1)  2p ( 1)  3f-( 2)
ic,nsymc,kt,kdt =   460   574     5    28      0. sec   1s ( 1)  2p ( 1)  3f ( 1)  4p ( 1)
ic,nsymc,kt,kdt =   461   574     3    15      0. sec   1s ( 1)  2p ( 1)  3f ( 1)  4p-( 1)
ic,nsymc,kt,kdt =   462   574     8    48      0. sec   1s ( 1)  2p ( 1)  3f ( 1)  4f ( 1)
ic,nsymc,kt,kdt =   463   574     7    39      0. sec   1s ( 1)  2p ( 1)  3f ( 1)  4f-( 1)
ic,nsymc,kt,kdt =   464   574     7    23      0. sec   1s ( 1)  2p ( 1)  3f-( 1)  4p ( 1)
ic,nsymc,kt,kdt =   465   574     4    12      0. sec   1s ( 1)  2p ( 1)  3f-( 1)  4p-( 1)
ic,nsymc,kt,kdt =   466   574     8    32      0. sec   1s ( 1)  2p ( 1)  3f-( 1)  4f-( 1)
ic,nsymc,kt,kdt =   467   574     4    30      0. sec   1s ( 1)  2p ( 1)  3g ( 2)
ic,nsymc,kt,kdt =   468   574     7    55      0. sec   1s ( 1)  2p ( 1)  3g-( 1)  4g ( 1)
ic,nsymc,kt,kdt =   469   574     4    22      0. sec   1s ( 1)  2p ( 1)  3g-( 2)
ic,nsymc,kt,kdt =   470   574     3     7      0. sec   1s ( 1)  2p-( 1)  3s ( 1)  4d ( 1)
ic,nsymc,kt,kdt =   471   574     3     4      0. sec   1s ( 1)  2p-( 1)  3s ( 1)  4d-( 1)
ic,nsymc,kt,kdt =   472   574     1     1      0. sec   1s ( 1)  2p-( 1)  3s ( 1)  4s ( 1)
ic,nsymc,kt,kdt =   473   574     1     8      0. sec   1s ( 1)  2p-( 1)  3s ( 1)  4g-( 1)
ic,nsymc,kt,kdt =   474   574     3     4      0. sec   1s ( 1)  2p-( 1)  3p-( 1)  4p ( 1)
ic,nsymc,kt,kdt =   475   574     1     1      0. sec   1s ( 1)  2p-( 1)  3p-( 1)  4p-( 1)
ic,nsymc,kt,kdt =   476   574     1     8      0. sec   1s ( 1)  2p-( 1)  3p-( 1)  4f ( 1)
ic,nsymc,kt,kdt =   477   574     3     7      0. sec   1s ( 1)  2p-( 1)  3p-( 1)  4f-( 1)
ic,nsymc,kt,kdt =   478   574     2     6      0. sec   1s ( 1)  2p-( 1)  3d ( 2)
ic,nsymc,kt,kdt =   479   574     4    12      0. sec   1s ( 1)  2p-( 1)  3d-( 1)  4d ( 1)
ic,nsymc,kt,kdt =   480   574     2     3      0. sec   1s ( 1)  2p-( 1)  3d-( 2)
ic,nsymc,kt,kdt =   481   574     3     7      0. sec   1s ( 1)  2p-( 1)  3d ( 1)  4s ( 1)
ic,nsymc,kt,kdt =   482   574     4    16      0. sec   1s ( 1)  2p-( 1)  3d ( 1)  4d ( 1)
ic,nsymc,kt,kdt =   483   574     4    12      0. sec   1s ( 1)  2p-( 1)  3d ( 1)  4d-( 1)
ic,nsymc,kt,kdt =   484   574     3    23      0. sec   1s ( 1)  2p-( 1)  3d ( 1)  4g ( 1)
ic,nsymc,kt,kdt =   485   574     4    20      0. sec   1s ( 1)  2p-( 1)  3d ( 1)  4g-( 1)
ic,nsymc,kt,kdt =   486   574     3     4      0. sec   1s ( 1)  2p-( 1)  3d-( 1)  4s ( 1)
ic,nsymc,kt,kdt =   487   574     4     8      0. sec   1s ( 1)  2p-( 1)  3d-( 1)  4d-( 1)
ic,nsymc,kt,kdt =   488   574     1    16      0. sec   1s ( 1)  2p-( 1)  3d-( 1)  4g ( 1)
ic,nsymc,kt,kdt =   489   574     3    15      0. sec   1s ( 1)  2p-( 1)  3d-( 1)  4g-( 1)
ic,nsymc,kt,kdt =   490   574     2     9      0. sec   1s ( 1)  2p-( 1)  3f ( 2)
ic,nsymc,kt,kdt =   491   574     4    20      0. sec   1s ( 1)  2p-( 1)  3f-( 1)  4f ( 1)
ic,nsymc,kt,kdt =   492   574     2     6      0. sec   1s ( 1)  2p-( 1)  3f-( 2)
ic,nsymc,kt,kdt =   493   574     3    15      0. sec   1s ( 1)  2p-( 1)  3f ( 1)  4p ( 1)
ic,nsymc,kt,kdt =   494   574     1     8      0. sec   1s ( 1)  2p-( 1)  3f ( 1)  4p-( 1)
ic,nsymc,kt,kdt =   495   574     4    24      0. sec   1s ( 1)  2p-( 1)  3f ( 1)  4f ( 1)
ic,nsymc,kt,kdt =   496   574     4    20      0. sec   1s ( 1)  2p-( 1)  3f ( 1)  4f-( 1)
ic,nsymc,kt,kdt =   497   574     4    12      0. sec   1s ( 1)  2p-( 1)  3f-( 1)  4p ( 1)
ic,nsymc,kt,kdt =   498   574     3     7      0. sec   1s ( 1)  2p-( 1)  3f-( 1)  4p-( 1)
ic,nsymc,kt,kdt =   499   574     4    16      0. sec   1s ( 1)  2p-( 1)  3f-( 1)  4f-( 1)
ic,nsymc,kt,kdt =   500   574     2    12      0. sec   1s ( 1)  2p-( 1)  3g ( 2)
ic,nsymc,kt,kdt =   501   574     4    28      0. sec   1s ( 1)  2p-( 1)  3g-( 1)  4g ( 1)
ic,nsymc,kt,kdt =   502   574     2     9      0. sec   1s ( 1)  2p-( 1)  3g-( 2)
ic,nsymc,kt,kdt =   503   574     4    14      0. sec   1s ( 1)  2d ( 2)  3p ( 1)
ic,nsymc,kt,kdt =   504   574     2     6      0. sec   1s ( 1)  2d ( 2)  3p-( 1)
ic,nsymc,kt,kdt =   505   574     4    24      0. sec   1s ( 1)  2d ( 2)  3f ( 1)
ic,nsymc,kt,kdt =   506   574     5    20      0. sec   1s ( 1)  2d ( 2)  3f-( 1)
ic,nsymc,kt,kdt =   507   574     7    23      0. sec   1s ( 1)  2d-( 1)  3d ( 1)  4p ( 1)
ic,nsymc,kt,kdt =   508   574     4    12      0. sec   1s ( 1)  2d-( 1)  3d ( 1)  4p-( 1)
ic,nsymc,kt,kdt =   509   574     7    39      0. sec   1s ( 1)  2d-( 1)  3d ( 1)  4f ( 1)
ic,nsymc,kt,kdt =   510   574     8    32      0. sec   1s ( 1)  2d-( 1)  3d ( 1)  4f-( 1)
ic,nsymc,kt,kdt =   511   574     3     6      0. sec   1s ( 1)  2d-( 2)  3p ( 1)
ic,nsymc,kt,kdt =   512   574     2     3      0. sec   1s ( 1)  2d-( 2)  3p-( 1)
ic,nsymc,kt,kdt =   513   574     2    11      0. sec   1s ( 1)  2d-( 2)  3f ( 1)
ic,nsymc,kt,kdt =   514   574     3     9      0. sec   1s ( 1)  2d-( 2)  3f-( 1)
ic,nsymc,kt,kdt =   515   574     4    12      0. sec   1s ( 1)  2d ( 1)  3s ( 1)  4p ( 1)
ic,nsymc,kt,kdt =   516   574     3     7      0. sec   1s ( 1)  2d ( 1)  3s ( 1)  4p-( 1)
ic,nsymc,kt,kdt =   517   574     4    20      0. sec   1s ( 1)  2d ( 1)  3s ( 1)  4f ( 1)
ic,nsymc,kt,kdt =   518   574     4    16      0. sec   1s ( 1)  2d ( 1)  3s ( 1)  4f-( 1)
ic,nsymc,kt,kdt =   519   574     8    32      0. sec   1s ( 1)  2d ( 1)  3p ( 1)  4d ( 1)
ic,nsymc,kt,kdt =   520   574     7    23      0. sec   1s ( 1)  2d ( 1)  3p ( 1)  4d-( 1)
ic,nsymc,kt,kdt =   521   574     4    12      0. sec   1s ( 1)  2d ( 1)  3p ( 1)  4s ( 1)
ic,nsymc,kt,kdt =   522   574     5    44      0. sec   1s ( 1)  2d ( 1)  3p ( 1)  4g ( 1)
ic,nsymc,kt,kdt =   523   574     7    39      0. sec   1s ( 1)  2d ( 1)  3p ( 1)  4g-( 1)
ic,nsymc,kt,kdt =   524   574     4    16      0. sec   1s ( 1)  2d ( 1)  3p-( 1)  4d ( 1)
ic,nsymc,kt,kdt =   525   574     4    12      0. sec   1s ( 1)  2d ( 1)  3p-( 1)  4d-( 1)
ic,nsymc,kt,kdt =   526   574     3     7      0. sec   1s ( 1)  2d ( 1)  3p-( 1)  4s ( 1)
ic,nsymc,kt,kdt =   527   574     3    23      0. sec   1s ( 1)  2d ( 1)  3p-( 1)  4g ( 1)
ic,nsymc,kt,kdt =   528   574     4    20      0. sec   1s ( 1)  2d ( 1)  3p-( 1)  4g-( 1)
ic,nsymc,kt,kdt =   529   574     9    56      0. sec   1s ( 1)  2d ( 1)  3d ( 1)  4f ( 1)
ic,nsymc,kt,kdt =   530   574    10    46      0. sec   1s ( 1)  2d ( 1)  3d ( 1)  4f-( 1)
ic,nsymc,kt,kdt =   531   574     8    32      0. sec   1s ( 1)  2d ( 1)  3d ( 1)  4p ( 1)
ic,nsymc,kt,kdt =   532   574     4    16      0. sec   1s ( 1)  2d ( 1)  3d ( 1)  4p-( 1)
ic,nsymc,kt,kdt =   533   574     7    39      0. sec   1s ( 1)  2d ( 1)  3d-( 1)  4f ( 1)
ic,nsymc,kt,kdt =   534   574     8    32      0. sec   1s ( 1)  2d ( 1)  3d-( 1)  4f-( 1)
ic,nsymc,kt,kdt =   535   574     7    23      0. sec   1s ( 1)  2d ( 1)  3d-( 1)  4p ( 1)
ic,nsymc,kt,kdt =   536   574     4    12      0. sec   1s ( 1)  2d ( 1)  3d-( 1)  4p-( 1)
ic,nsymc,kt,kdt =   537   574     4    20      0. sec   1s ( 1)  2d ( 1)  3f ( 1)  4s ( 1)
ic,nsymc,kt,kdt =   538   574     9    56      0. sec   1s ( 1)  2d ( 1)  3f ( 1)  4d ( 1)
ic,nsymc,kt,kdt =   539   574     7    39      0. sec   1s ( 1)  2d ( 1)  3f ( 1)  4d-( 1)
ic,nsymc,kt,kdt =   540   574     9    80      0. sec   1s ( 1)  2d ( 1)  3f ( 1)  4g ( 1)
ic,nsymc,kt,kdt =   541   574    10    70      0. sec   1s ( 1)  2d ( 1)  3f ( 1)  4g-( 1)
ic,nsymc,kt,kdt =   542   574     4    16      0. sec   1s ( 1)  2d ( 1)  3f-( 1)  4s ( 1)
ic,nsymc,kt,kdt =   543   574    10    46      0. sec   1s ( 1)  2d ( 1)  3f-( 1)  4d ( 1)
ic,nsymc,kt,kdt =   544   574     8    32      0. sec   1s ( 1)  2d ( 1)  3f-( 1)  4d-( 1)
ic,nsymc,kt,kdt =   545   574     7    63      0. sec   1s ( 1)  2d ( 1)  3f-( 1)  4g ( 1)
ic,nsymc,kt,kdt =   546   574     9    56      0. sec   1s ( 1)  2d ( 1)  3f-( 1)  4g-( 1)
ic,nsymc,kt,kdt =   547   574     4     8      0. sec   1s ( 1)  2d-( 1)  3s ( 1)  4p ( 1)
ic,nsymc,kt,kdt =   548   574     3     4      0. sec   1s ( 1)  2d-( 1)  3s ( 1)  4p-( 1)
ic,nsymc,kt,kdt =   549   574     3    15      0. sec   1s ( 1)  2d-( 1)  3s ( 1)  4f ( 1)
ic,nsymc,kt,kdt =   550   574     4    12      0. sec   1s ( 1)  2d-( 1)  3s ( 1)  4f-( 1)
ic,nsymc,kt,kdt =   551   574     7    23      0. sec   1s ( 1)  2d-( 1)  3p ( 1)  4d ( 1)
ic,nsymc,kt,kdt =   552   574     7    16      0. sec   1s ( 1)  2d-( 1)  3p ( 1)  4d-( 1)
ic,nsymc,kt,kdt =   553   574     4     8      0. sec   1s ( 1)  2d-( 1)  3p ( 1)  4s ( 1)
ic,nsymc,kt,kdt =   554   574     3    31      0. sec   1s ( 1)  2d-( 1)  3p ( 1)  4g ( 1)
ic,nsymc,kt,kdt =   555   574     5    28      0. sec   1s ( 1)  2d-( 1)  3p ( 1)  4g-( 1)
ic,nsymc,kt,kdt =   556   574     4    12      0. sec   1s ( 1)  2d-( 1)  3p-( 1)  4d ( 1)
ic,nsymc,kt,kdt =   557   574     4     8      0. sec   1s ( 1)  2d-( 1)  3p-( 1)  4d-( 1)
ic,nsymc,kt,kdt =   558   574     3     4      0. sec   1s ( 1)  2d-( 1)  3p-( 1)  4s ( 1)
ic,nsymc,kt,kdt =   559   574     1    16      0. sec   1s ( 1)  2d-( 1)  3p-( 1)  4g ( 1)
ic,nsymc,kt,kdt =   560   574     3    15      0. sec   1s ( 1)  2d-( 1)  3p-( 1)  4g-( 1)
ic,nsymc,kt,kdt =   561   574     5    28      0. sec   1s ( 1)  2d-( 1)  3d-( 1)  4f ( 1)
ic,nsymc,kt,kdt =   562   574     7    23      0. sec   1s ( 1)  2d-( 1)  3d-( 1)  4f-( 1)
ic,nsymc,kt,kdt =   563   574     7    16      0. sec   1s ( 1)  2d-( 1)  3d-( 1)  4p ( 1)
ic,nsymc,kt,kdt =   564   574     4     8      0. sec   1s ( 1)  2d-( 1)  3d-( 1)  4p-( 1)
ic,nsymc,kt,kdt =   565   574     3    15      0. sec   1s ( 1)  2d-( 1)  3f ( 1)  4s ( 1)
ic,nsymc,kt,kdt =   566   574     7    39      0. sec   1s ( 1)  2d-( 1)  3f ( 1)  4d ( 1)
ic,nsymc,kt,kdt =   567   574     5    28      0. sec   1s ( 1)  2d-( 1)  3f ( 1)  4d-( 1)
ic,nsymc,kt,kdt =   568   574     7    55      0. sec   1s ( 1)  2d-( 1)  3f ( 1)  4g ( 1)
ic,nsymc,kt,kdt =   569   574     8    48      0. sec   1s ( 1)  2d-( 1)  3f ( 1)  4g-( 1)
ic,nsymc,kt,kdt =   570   574     4    12      0. sec   1s ( 1)  2d-( 1)  3f-( 1)  4s ( 1)
ic,nsymc,kt,kdt =   571   574     8    32      0. sec   1s ( 1)  2d-( 1)  3f-( 1)  4d ( 1)
ic,nsymc,kt,kdt =   572   574     7    23      0. sec   1s ( 1)  2d-( 1)  3f-( 1)  4d-( 1)
ic,nsymc,kt,kdt =   573   574     5    44      0. sec   1s ( 1)  2d-( 1)  3f-( 1)  4g ( 1)
ic,nsymc,kt,kdt =   574   574     7    39      0. sec   1s ( 1)  2d-( 1)  3f-( 1)  4g-( 1)

Results for new angular symmetry calculations:

number of overlap determinants =        59         2
number of overlap factors      =       655         3
total number of coeff.s        =   2009832

time:         0.57 min
