================================================================================
                   MULTICONFIGURATION B-SPLINE DIRAC-HARTREE-FOCK
================================================================================

Name of case:                     F

Configuration file:               F.c

Angular-coefficients file:        F.bnk

--------------------------------------------------------------------------------

c-file data: 

number of electrons:              5
number of configurations:         2
core orbitals:                    2
core:   1s   2s
number of peel orbitals:          2

     2p-     2p 

number of J-blocks:   2

block  1  2J=  1   ncfg=     1
block  2  2J=  3   ncfg=     1

optimization mode: eol = 5  -  statistically weighted levels

number of levels to optimize:  2

block  1  level=  1   weight=    0.33333
block  2  level=  1   weight=    0.66667

Memory required for Hamiltonian matrix:      0.00 Mb

--------------------------------------------------------------------------------

B-spline parameters:

ns   =  113             -  number of splines
ks   =    9             -  order  of splines
ksp  =    8             -  for large component
ksq  =    9             -  for small component
he   =    0.250         -  exponetial step size
tmax =   50.538         -  maximum radius

Spline integrals:

kmin =    0             -  min. multipole index
kmax =    3             -  max. multipole index
ntype=    4             -  number of different integrals

Memory required for spline integrals:      126.26 Mb

--------------------------------------------------------------------------------

Initial estimations:

  1s  - hydrogenic orbital with screening  1.00  and  n =  1
  2s  - hydrogenic orbital with screening  3.00  and  n =  2
  2p- - hydrogenic orbital with screening  6.00  and  n =  2
  2p  - hydrogenic orbital with screening  6.00  and  n =  2

--------------------------------------------------------------------------------

Running parameters:

scf_tol =  1.00E-09                    - tolerance for energy convergence
orb_tol =  1.00E-05                    - tolerance for orbital convergence
end_tol =  1.00E-06                    - tolerance for ending zeros
max_it  =  25                          - max. number of iterations

ipzero  =  0                           - initial zeros for larger component
iqzero  =  0                           - initial zeros for small component
jpzero  =  1                           - final zeros for larger component
jqzero  =  1                           - final zeros for small component

--------------------------------------------------------------------------------

Additonal options (not applied if = 0)

method  =  1                           - method for solving MCHF equation
all     =  0                           - collective optimization
irhs    =  0                           - convert right-hand-side to main matrix
newton  =  0                           - use Newton-Rapson method
rotate  =  0                           - use rotations
debug   =  0                           - additional debug output

--------------------------------------------------------------------------------

c_au    =  137.0359997600000           - speed of light

--------------------------------------------------------------------------------

Ecore  =     -86.25880713

Block Level  2J      Energy      Leading CSFs

    1     1   1    -95.68812176   1  1.0000
    2     1   3    -95.68865806   1  1.0000

--------------------------------------------------------------------------------
Iteration    1
--------------------------------------------------------------------------------

   nl       e(nl)          qsum           dpm           ns

   1s    -0.29294E+02    0.20000E+01    0.73710E-01     62
   2s    -0.26182E+01    0.20000E+01    0.19635E+01     67
   2p-   -0.15456E+01    0.16667E+01    0.83945E+00     67
   2p    -0.98174E+00    0.33333E+01    0.69505E+00     69

Ecore  =     -87.95570820

Block Level  2J      Energy      Leading CSFs

    1     1   1    -99.07682234   1  1.0000
    2     1   3    -98.95446035   1  1.0000

etotal =           -98.99524768

Maximum orbital diff (relative):         1.96D+00  1.00D-05
Energy difference (relative):            3.34D-02  1.00D-09

--------------------------------------------------------------------------------
Iteration    2
--------------------------------------------------------------------------------

   nl       e(nl)          qsum           dpm           ns

   1s    -0.25294E+02    0.20000E+01    0.11920E-01     62
   2s    -0.12399E+01    0.20000E+01    0.18805E+00     68
   2p-   -0.58058E+00    0.16667E+01    0.23552E+00     73
   2p    -0.74341E+00    0.33333E+01    0.75920E-01     71

Ecore  =     -87.26124389

Block Level  2J      Energy      Leading CSFs

    1     1   1    -99.45703255   1  1.0000
    2     1   3    -99.44418683   1  1.0000

etotal =           -99.44846874

Maximum orbital diff (relative):         2.36D-01  1.00D-05
Energy difference (relative):            4.56D-03  1.00D-09

--------------------------------------------------------------------------------
Iteration    3
--------------------------------------------------------------------------------

   nl       e(nl)          qsum           dpm           ns

   1s    -0.26720E+02    0.20000E+01    0.39112E-02     63
   2s    -0.16699E+01    0.20000E+01    0.83996E-01     68
   2p-   -0.75183E+00    0.16667E+01    0.87492E-01     71
   2p    -0.70863E+00    0.33333E+01    0.74471E-02     72

Ecore  =     -87.62034068

Block Level  2J      Energy      Leading CSFs

    1     1   1    -99.49870058   1  1.0000
    2     1   3    -99.49998737   1  1.0000

etotal =           -99.49955844

Maximum orbital diff (relative):         8.75D-02  1.00D-05
Energy difference (relative):            5.13D-04  1.00D-09

--------------------------------------------------------------------------------
Iteration    4
--------------------------------------------------------------------------------

   nl       e(nl)          qsum           dpm           ns

   1s    -0.26388E+02    0.20000E+01    0.73853E-03     62
   2s    -0.15738E+01    0.20000E+01    0.16488E-01     68
   2p-   -0.74036E+00    0.16667E+01    0.52250E-02     71
   2p    -0.73592E+00    0.33333E+01    0.10047E-01     71

Ecore  =     -87.55460261

Block Level  2J      Energy      Leading CSFs

    1     1   1    -99.50018158   1  1.0000
    2     1   3    -99.50213162   1  1.0000

etotal =           -99.50148160

Maximum orbital diff (relative):         1.65D-02  1.00D-05
Energy difference (relative):            1.93D-05  1.00D-09

--------------------------------------------------------------------------------
Iteration    5
--------------------------------------------------------------------------------

   nl       e(nl)          qsum           dpm           ns

   1s    -0.26395E+02    0.20000E+01    0.20701E-04     62
   2s    -0.15689E+01    0.20000E+01    0.29571E-03     68
   2p-   -0.72604E+00    0.16667E+01    0.51650E-02     71
   2p    -0.72761E+00    0.33333E+01    0.33149E-02     71

Ecore  =     -87.55350547

Block Level  2J      Energy      Leading CSFs

    1     1   1    -99.50022669   1  1.0000
    2     1   3    -99.50225685   1  1.0000

etotal =           -99.50158013

Maximum orbital diff (relative):         5.17D-03  1.00D-05
Energy difference (relative):            9.90D-07  1.00D-09

--------------------------------------------------------------------------------
Iteration    6
--------------------------------------------------------------------------------

   nl       e(nl)          qsum           dpm           ns

   1s    -0.26421E+02    0.20000E+01    0.65657E-04     62
   2s    -0.15790E+01    0.20000E+01    0.16014E-02     68
   2p-   -0.73266E+00    0.16667E+01    0.25570E-02     71
   2p    -0.72845E+00    0.33333E+01    0.43489E-03     71

Ecore  =     -87.55993735

Block Level  2J      Energy      Leading CSFs

    1     1   1    -99.50030421   1  1.0000
    2     1   3    -99.50226380   1  1.0000

etotal =           -99.50161060

Maximum orbital diff (relative):         2.56D-03  1.00D-05
Energy difference (relative):            3.06D-07  1.00D-09

--------------------------------------------------------------------------------
Iteration    7
--------------------------------------------------------------------------------

   nl       e(nl)          qsum           dpm           ns

   1s    -0.26410E+02    0.20000E+01    0.26085E-04     62
   2s    -0.15754E+01    0.20000E+01    0.61230E-03     68
   2p-   -0.73128E+00    0.16667E+01    0.55495E-03     71
   2p    -0.72885E+00    0.33333E+01    0.12710E-03     71

Ecore  =     -87.55747127

Block Level  2J      Energy      Leading CSFs

    1     1   1    -99.50028977   1  1.0000
    2     1   3    -99.50227531   1  1.0000

etotal =           -99.50161346

Maximum orbital diff (relative):         6.12D-04  1.00D-05
Energy difference (relative):            2.87D-08  1.00D-09

--------------------------------------------------------------------------------
Iteration    8
--------------------------------------------------------------------------------

   nl       e(nl)          qsum           dpm           ns

   1s    -0.26412E+02    0.20000E+01    0.45424E-05     62
   2s    -0.15759E+01    0.20000E+01    0.10143E-03     68
   2p-   -0.73123E+00    0.16667E+01    0.75518E-05     71
   2p    -0.72861E+00    0.33333E+01    0.88572E-04     71

Ecore  =     -87.55788236

Block Level  2J      Energy      Leading CSFs

    1     1   1    -99.50029163   1  1.0000
    2     1   3    -99.50227450   1  1.0000

etotal =           -99.50161354

Maximum orbital diff (relative):         1.01D-04  1.00D-05
Energy difference (relative):            8.04D-10  1.00D-09

--------------------------------------------------------------------------------
Iteration    9
--------------------------------------------------------------------------------

   nl       e(nl)          qsum           dpm           ns

   1s    -0.26412E+02    0.20000E+01    0.92257E-06     62
   2s    -0.15761E+01    0.20000E+01    0.14291E-04     68
   2p-   -0.73138E+00    0.16667E+01    0.52202E-04     71
   2p    -0.72867E+00    0.33333E+01    0.24352E-04     71

Ecore  =     -87.55793904

Block Level  2J      Energy      Leading CSFs

    1     1   1    -99.50029242   1  1.0000
    2     1   3    -99.50227412   1  1.0000

etotal =           -99.50161355

Maximum orbital diff (relative):         5.22D-05  1.00D-05
Energy difference (relative):            9.55D-11  1.00D-09

--------------------------------------------------------------------------------
Iteration   10
--------------------------------------------------------------------------------

   nl       e(nl)          qsum           dpm           ns

   1s    -0.26412E+02    0.20000E+01    0.92231E-06     62
   2s    -0.15760E+01    0.20000E+01    0.14809E-04     68
   2p-   -0.73132E+00    0.16667E+01    0.20342E-04     71
   2p    -0.72867E+00    0.33333E+01    0.18132E-05     71

Ecore  =     -87.55787952

Block Level  2J      Energy      Leading CSFs

    1     1   1    -99.50029195   1  1.0000
    2     1   3    -99.50227436   1  1.0000

etotal =           -99.50161355

Maximum orbital diff (relative):         2.03D-05  1.00D-05
Energy difference (relative):            2.23D-11  1.00D-09

--------------------------------------------------------------------------------
Iteration   11
--------------------------------------------------------------------------------

   nl       e(nl)          qsum           dpm           ns

   1s    -0.26412E+02    0.20000E+01    0.92237E-06     62
   2s    -0.15760E+01    0.20000E+01    0.46479E-05     68
   2p-   -0.73133E+00    0.16667E+01    0.34672E-05     71
   2p    -0.72866E+00    0.33333E+01    0.14716E-05     71

Ecore  =     -87.55789827

Block Level  2J      Energy      Leading CSFs

    1     1   1    -99.50029207   1  1.0000
    2     1   3    -99.50227430   1  1.0000

etotal =           -99.50161355

Maximum orbital diff (relative):         4.65D-06  1.00D-05
Energy difference (relative):            1.55D-12  1.00D-09

--------------------------------------------------------------------------------

ATOM:  F 

Convergence (latest difference):
Orbital diff. =                          4.65D-06
SCF diff. =                              1.55D-12

  nl       E(nl)        1/R       R       R**2       dmp       ns     max_R

  1s    -26.41175905    8.648    0.176    0.042    9.22E-07    62      7.54
  2s     -1.57598576    1.453    1.000    1.213    4.65E-06    68     13.54
  2p-    -0.73133118    1.274    1.083    1.539    3.47E-06    71     16.54
  2p     -0.72866146    1.271    1.085    1.546    1.47E-06    71     16.54

Average energy:                         -99.5016135546891007

Optimized states:

2p-.2p4.1/2*                            -99.5002920717159896
2p-2.2p3.3/2*                           -99.5022742961756705

time:                    5.34  sec

--------------------------------------------------------------------------------


debug timing:

time_matrix:             2.22  sec
time_solve:              1.89  sec
time_diag:               0.61  sec

time_convolution:        1.12  sec
time_density:            0.02  sec

Calls to convol  =       1032
Calls to density =       1880
