================================================================================
                   MULTICONFIGURATION B-SPLINE DIRAC-HARTREE-FOCK
================================================================================

Name of case:                     3

Configuration file:               3.c

Angular-coefficients file:        3.bnk

--------------------------------------------------------------------------------

c-file data: 

number of electrons:              4
number of configurations:      2190
core orbitals:                    0
number of peel orbitals:         16

     1s      2s      2p-     2p      3s      3p-     3p      3d-     3d      4s 
     4p-     4p      4d-     4d      4f-     4f 

number of J-blocks:   3

block  1  2J=  0   ncfg=   323
block  2  2J=  2   ncfg=   840
block  3  2J=  4   ncfg=  1027

optimization mode: eol = 5  -  statistically weighted levels

number of levels to optimize:  4

block  1  level=  1   weight=    0.08333
block  2  level=  1   weight=    0.25000
block  2  level=  2   weight=    0.25000
block  3  level=  1   weight=    0.41667

Memory required for Hamiltonian matrix:      8.05 Mb

--------------------------------------------------------------------------------

B-spline parameters:

ns   =  113             -  number of splines
ks   =    9             -  order  of splines
ksp  =    8             -  for large component
ksq  =    9             -  for small component
he   =    0.250         -  exponetial step size
tmax =   50.538         -  maximum radius

Spline integrals:

kmin =    0             -  min. multipole index
kmax =    7             -  max. multipole index
ntype=    4             -  number of different integrals

Memory required for spline integrals:      252.51 Mb

--------------------------------------------------------------------------------

Initial estimations:

  1s  - read from file 2.bsw
  2s  - read from file 2.bsw
  2p- - read from file 2.bsw
  2p  - read from file 2.bsw
  3s  - read from file 2.bsw
  3p- - read from file 2.bsw
  3p  - read from file 2.bsw
  3d- - read from file 2.bsw
  3d  - read from file 2.bsw
  4s  - hydrogenic orbital with screening  3.00  and  n =  1
  4p- - hydrogenic orbital with screening  3.00  and  n =  2
  4p  - hydrogenic orbital with screening  3.00  and  n =  2
  4d- - hydrogenic orbital with screening  3.00  and  n =  3
  4d  - hydrogenic orbital with screening  3.00  and  n =  3
  4f- - hydrogenic orbital with screening  3.00  and  n =  4
  4f  - hydrogenic orbital with screening  3.00  and  n =  4

--------------------------------------------------------------------------------

Running parameters:

scf_tol =  1.00E-09                    - tolerance for energy convergence
orb_tol =  1.00E-05                    - tolerance for orbital convergence
end_tol =  1.00E-06                    - tolerance for ending zeros
max_it  =  25                          - max. number of iterations

ipzero  =  0                           - initial zeros for larger component
iqzero  =  0                           - initial zeros for small component
jpzero  =  1                           - final zeros for larger component
jqzero  =  1                           - final zeros for small component

--------------------------------------------------------------------------------

Additonal options (not applied if = 0)

method  =  1                           - method for solving MCHF equation
all     =  0                           - collective optimization
irhs    =  0                           - convert right-hand-side to main matrix
newton  =  0                           - use Newton-Rapson method
rotate  =  0                           - use rotations
debug   =  0                           - additional debug output

--------------------------------------------------------------------------------

c_au    =  137.0359997600000           - speed of light

--------------------------------------------------------------------------------

Block Level  2J      Energy      Leading CSFs

    1     1   0    -14.52170346   1  0.9925   4  0.0957   2  0.0544   8 -0.0414  10  0.0277
    2     1   2    -14.52169551   2 -0.8105   1  0.5730   9 -0.0699   8  0.0524   4 -0.0444
    2     2   2    -14.42501322   1  0.7728   2  0.5463   8  0.1778   3 -0.1641  14  0.1325
    3     1   4    -14.52167959   1  0.9925  11  0.0663   6  0.0620   2  0.0544  15 -0.0414

--------------------------------------------------------------------------------
Iteration    1
--------------------------------------------------------------------------------

   nl       e(nl)          qsum           dpm           ns

   4s    -0.67746E+01    0.92222E-04    0.22221E+01     80
   4p-   -0.35171E+00    0.65921E-04    0.21397E+01    100
   4p    -0.35353E+00    0.13178E-03    0.21414E+01    100
   4d-   -0.48171E+00    0.14143E-04    0.24328E+01    105
   4d    -0.48691E+00    0.21198E-04    0.24327E+01    105
   4f-   -0.69873E+00    0.27310E-06    0.24815E+01     81
   4f    -0.69847E+00    0.36426E-06    0.24799E+01     76

Block Level  2J      Energy      Leading CSFs

    1     1   0    -14.52239706   1  0.9924   4  0.0927   2  0.0609   8 -0.0395  10  0.0265
    2     1   2    -14.52238876   2 -0.8103   1  0.5729   9 -0.0677   8  0.0508   4 -0.0497
    2     2   2    -14.42724923   1  0.7717   2  0.5455   3 -0.1741   8  0.1702  14  0.1269
    3     1   4    -14.52237215   1  0.9924  11  0.0642   2  0.0609   6  0.0601  15 -0.0395

etotal =           -14.49859765

Maximum orbital diff (relative):         2.48D+00  1.00D-05
Energy difference (relative):            7.44D-05  1.00D-09

--------------------------------------------------------------------------------
Iteration    2
--------------------------------------------------------------------------------

   nl       e(nl)          qsum           dpm           ns

   4s    -0.81455E+01    0.82252E-04    0.28647E-01     80
   4p-   -0.47006E+00    0.28302E-03    0.19252E+01     91
   4p    -0.47948E+00    0.56141E-03    0.19200E+01     91
   4d-   -0.86928E+00    0.52293E-04    0.48745E-01     84
   4d    -0.86967E+00    0.78429E-04    0.48635E-01     84
   4f-   -0.86069E+00    0.10400E-03    0.99714E-01     78
   4f    -0.86045E+00    0.13863E-03    0.98172E-01     78

Block Level  2J      Energy      Leading CSFs

    1     1   0    -14.52345775   1  0.9921   4  0.0923   2  0.0636   8 -0.0394  10  0.0269
    2     1   2    -14.52344952   2 -0.8101   1  0.5727   9 -0.0674   4 -0.0519   8  0.0506
    2     2   2    -14.42856273   1  0.7752   2  0.5480   8  0.1701   3 -0.1595  14  0.1268
    3     1   4    -14.52343306   1  0.9921  11  0.0640   2  0.0636   6  0.0598  15 -0.0394

etotal =           -14.49972165

Maximum orbital diff (relative):         1.93D+00  1.00D-05
Energy difference (relative):            7.75D-05  1.00D-09

--------------------------------------------------------------------------------
Iteration    3
--------------------------------------------------------------------------------

   nl       e(nl)          qsum           dpm           ns

   4s    -0.81698E+01    0.84717E-04    0.25151E-01     80
   4p-   -0.14506E+01    0.30557E-03    0.45658E+00     89
   4p    -0.14462E+01    0.61125E-03    0.45434E+00     89
   4d-   -0.31293E+01    0.59474E-04    0.44699E+00     83
   4d    -0.31276E+01    0.89182E-04    0.44570E+00     83
   4f-   -0.80930E+00    0.97317E-04    0.69241E-01     80
   4f    -0.80911E+00    0.12983E-03    0.69228E-01     80

Block Level  2J      Energy      Leading CSFs

    1     1   0    -14.52440233   1  0.9921   4  0.0926   2  0.0631   8 -0.0406  10  0.0272
    2     1   2    -14.52439389   2 -0.8101   1  0.5727   9 -0.0676   4 -0.0515   8  0.0507
    2     2   2    -14.42910142   1  0.7776   2  0.5497   8  0.1713   3 -0.1472  14  0.1277
    3     1   4    -14.52437701   1  0.9921  11  0.0642   2  0.0631   6  0.0600  15 -0.0406

etotal =           -14.50056444

Maximum orbital diff (relative):         4.57D-01  1.00D-05
Energy difference (relative):            5.81D-05  1.00D-09

--------------------------------------------------------------------------------
Iteration    4
--------------------------------------------------------------------------------

   nl       e(nl)          qsum           dpm           ns

   4s    -0.77401E+01    0.95466E-04    0.38225E-01     80
   4p-   -0.30038E+01    0.21254E-03    0.20625E+00     88
   4p    -0.29825E+01    0.42644E-03    0.20548E+00     88
   4d-   -0.49153E+01    0.58571E-04    0.15281E+00     83
   4d    -0.49107E+01    0.87857E-04    0.15281E+00     83
   4f-   -0.82986E+00    0.95680E-04    0.21306E-01     80
   4f    -0.82965E+00    0.12764E-03    0.20671E-01     80

Block Level  2J      Energy      Leading CSFs

    1     1   0    -14.52474169   1  0.9921   4  0.0927   2  0.0629   8 -0.0411  10  0.0273
    2     1   2    -14.52473327   2 -0.8101   1  0.5727   9 -0.0677   4 -0.0513   8  0.0508
    2     2   2    -14.42918140   1  0.7782   2  0.5501   8  0.1719   3 -0.1438  14  0.1282
    3     1   4    -14.52471643   1  0.9921  11  0.0642   2  0.0629   6  0.0601  15 -0.0411

etotal =           -14.50083899

Maximum orbital diff (relative):         2.06D-01  1.00D-05
Energy difference (relative):            1.89D-05  1.00D-09

--------------------------------------------------------------------------------
Iteration    5
--------------------------------------------------------------------------------

   nl       e(nl)          qsum           dpm           ns

   4s    -0.74077E+01    0.10484E-03    0.24111E-01     80
   4p-   -0.39399E+01    0.17141E-03    0.89307E-01     88
   4p    -0.39175E+01    0.34429E-03    0.89918E-01     88
   4d-   -0.53401E+01    0.57706E-04    0.36344E-01     83
   4d    -0.53369E+01    0.86592E-04    0.36748E-01     83
   4f-   -0.81092E+00    0.99436E-04    0.16369E-01     80
   4f    -0.81094E+00    0.13257E-03    0.16290E-01     80

Block Level  2J      Energy      Leading CSFs

    1     1   0    -14.52482648   1  0.9921   4  0.0927   2  0.0628   8 -0.0413  10  0.0272
    2     1   2    -14.52481809   2 -0.8101   1  0.5727   9 -0.0677   4 -0.0513   8  0.0508
    2     2   2    -14.42915556   1  0.7783   2  0.5502   8  0.1722   3 -0.1430  14  0.1284
    3     1   4    -14.52480130   1  0.9921  11  0.0643   2  0.0628   6  0.0601  15 -0.0413

etotal =           -14.50089616

Maximum orbital diff (relative):         8.99D-02  1.00D-05
Energy difference (relative):            3.94D-06  1.00D-09

--------------------------------------------------------------------------------
Iteration    6
--------------------------------------------------------------------------------

   nl       e(nl)          qsum           dpm           ns

   4s    -0.72717E+01    0.10924E-03    0.94283E-02     80
   4p-   -0.43265E+01    0.15472E-03    0.38572E-01     88
   4p    -0.43105E+01    0.31062E-03    0.39619E-01     88
   4d-   -0.54564E+01    0.57361E-04    0.99156E-02     83
   4d    -0.54544E+01    0.86061E-04    0.10178E-01     83
   4f-   -0.80108E+00    0.10158E-03    0.62005E-02     80
   4f    -0.80111E+00    0.13542E-03    0.62675E-02     80

Block Level  2J      Energy      Leading CSFs

    1     1   0    -14.52484910   1  0.9921   4  0.0927   2  0.0627   8 -0.0413  10  0.0272
    2     1   2    -14.52484071   2 -0.8101   1  0.5727   9 -0.0677   4 -0.0512   8  0.0508
    2     2   2    -14.42913145   1  0.7783   2  0.5502   8  0.1723   3 -0.1428  14  0.1284
    3     1   4    -14.52482393   1  0.9921  11  0.0643   2  0.0628   6  0.0601  15 -0.0413

etotal =           -14.50090710

Maximum orbital diff (relative):         3.96D-02  1.00D-05
Energy difference (relative):            7.54D-07  1.00D-09

--------------------------------------------------------------------------------
Iteration    7
--------------------------------------------------------------------------------

   nl       e(nl)          qsum           dpm           ns

   4s    -0.72358E+01    0.11073E-03    0.28976E-02     80
   4p-   -0.44820E+01    0.14782E-03    0.16468E-01     88
   4p    -0.44718E+01    0.29648E-03    0.17383E-01     88
   4d-   -0.55057E+01    0.57194E-04    0.36517E-02     83
   4d    -0.55045E+01    0.85794E-04    0.37722E-02     83
   4f-   -0.79753E+00    0.10238E-03    0.21305E-02     80
   4f    -0.79753E+00    0.13650E-03    0.21812E-02     80

Block Level  2J      Energy      Leading CSFs

    1     1   0    -14.52485621   1  0.9921   4  0.0928   2  0.0627   8 -0.0414  10  0.0272
    2     1   2    -14.52484781   2 -0.8101   1  0.5727   9 -0.0677   4 -0.0512   8  0.0508
    2     2   2    -14.42911843   1  0.7783   2  0.5502   8  0.1724   3 -0.1428  14  0.1285
    3     1   4    -14.52483101   1  0.9921  11  0.0643   2  0.0627   6  0.0601  15 -0.0414

etotal =           -14.50090917

Maximum orbital diff (relative):         1.74D-02  1.00D-05
Energy difference (relative):            1.42D-07  1.00D-09

--------------------------------------------------------------------------------
Iteration    8
--------------------------------------------------------------------------------

   nl       e(nl)          qsum           dpm           ns

   4s    -0.72307E+01    0.11116E-03    0.78421E-03     80
   4p-   -0.45465E+01    0.14491E-03    0.69976E-02     88
   4p    -0.45406E+01    0.29034E-03    0.76664E-02     88
   4d-   -0.55287E+01    0.57095E-04    0.15582E-02     83
   4d    -0.55280E+01    0.85632E-04    0.16145E-02     83
   4f-   -0.79626E+00    0.10266E-03    0.77483E-03     80
   4f    -0.79623E+00    0.13688E-03    0.80035E-03     80

Block Level  2J      Energy      Leading CSFs

    1     1   0    -14.52485881   1  0.9921   4  0.0928   2  0.0627   8 -0.0414  10  0.0272
    2     1   2    -14.52485040   2 -0.8101   1  0.5727   9 -0.0677   4 -0.0512   8  0.0508
    2     2   2    -14.42911227   1  0.7783   2  0.5502   8  0.1724   3 -0.1427  14  0.1285
    3     1   4    -14.52483358   1  0.9921  11  0.0643   2  0.0627   6  0.0601  15 -0.0414

etotal =           -14.50090956

Maximum orbital diff (relative):         7.67D-03  1.00D-05
Energy difference (relative):            2.70D-08  1.00D-09

--------------------------------------------------------------------------------
Iteration    9
--------------------------------------------------------------------------------

   nl       e(nl)          qsum           dpm           ns

   4s    -0.72319E+01    0.11128E-03    0.19420E-03     80
   4p-   -0.45736E+01    0.14367E-03    0.29510E-02     88
   4p    -0.45706E+01    0.28763E-03    0.34028E-02     88
   4d-   -0.55393E+01    0.57042E-04    0.68706E-03     83
   4d    -0.55388E+01    0.85545E-04    0.71558E-03     83
   4f-   -0.79577E+00    0.10276E-03    0.30538E-03     80
   4f    -0.79573E+00    0.13702E-03    0.31747E-03     80

Block Level  2J      Energy      Leading CSFs

    1     1   0    -14.52485986   1  0.9921   4  0.0928   2  0.0627   8 -0.0414  10  0.0272
    2     1   2    -14.52485144   2 -0.8101   1  0.5727   9 -0.0677   4 -0.0512   8  0.0508
    2     2   2    -14.42910948   1  0.7783   2  0.5502   8  0.1724   3 -0.1427  14  0.1285
    3     1   4    -14.52483460   1  0.9921  11  0.0643   2  0.0627   6  0.0601  15 -0.0414

etotal =           -14.50090963

Maximum orbital diff (relative):         3.40D-03  1.00D-05
Energy difference (relative):            5.15D-09  1.00D-09

--------------------------------------------------------------------------------
Iteration   10
--------------------------------------------------------------------------------

   nl       e(nl)          qsum           dpm           ns

   4s    -0.72335E+01    0.11131E-03    0.45047E-04     80
   4p-   -0.45851E+01    0.14314E-03    0.12281E-02     88
   4p    -0.45839E+01    0.28643E-03    0.15202E-02     88
   4d-   -0.55440E+01    0.57017E-04    0.30253E-03     83
   4d    -0.55437E+01    0.85503E-04    0.31806E-03     83
   4f-   -0.79557E+00    0.10281E-03    0.12719E-03     80
   4f    -0.79552E+00    0.13708E-03    0.13313E-03     80

Block Level  2J      Energy      Leading CSFs

    1     1   0    -14.52486030   1  0.9921   4  0.0928   2  0.0627   8 -0.0414  10  0.0272
    2     1   2    -14.52485188   2 -0.8101   1  0.5727   9 -0.0677   4 -0.0512   8  0.0508
    2     2   2    -14.42910824   1  0.7783   2  0.5502   8  0.1724   3 -0.1427  14  0.1285
    3     1   4    -14.52483502   1  0.9921  11  0.0643   2  0.0627   6  0.0601  15 -0.0414

etotal =           -14.50090965

Maximum orbital diff (relative):         1.52D-03  1.00D-05
Energy difference (relative):            9.89D-10  1.00D-09

--------------------------------------------------------------------------------
Iteration   11
--------------------------------------------------------------------------------

   nl       e(nl)          qsum           dpm           ns

   4s    -0.72345E+01    0.11131E-03    0.17603E-04     80
   4p-   -0.45898E+01    0.14292E-03    0.50028E-03     88
   4p    -0.45898E+01    0.28589E-03    0.68412E-03     88
   4d-   -0.55460E+01    0.57006E-04    0.13221E-03     83
   4d    -0.55459E+01    0.85483E-04    0.14108E-03     83
   4f-   -0.79548E+00    0.10282E-03    0.54426E-04     80
   4f    -0.79543E+00    0.13711E-03    0.57521E-04     80

Block Level  2J      Energy      Leading CSFs

    1     1   0    -14.52486049   1  0.9921   4  0.0928   2  0.0627   8 -0.0414  10  0.0272
    2     1   2    -14.52485207   2 -0.8101   1  0.5727   9 -0.0677   4 -0.0512   8  0.0508
    2     2   2    -14.42910769   1  0.7783   2  0.5502   8  0.1724   3 -0.1427  14  0.1285
    3     1   4    -14.52483520   1  0.9921  11  0.0643   2  0.0627   6  0.0601  15 -0.0414

etotal =           -14.50090965

Maximum orbital diff (relative):         6.84D-04  1.00D-05
Energy difference (relative):            1.92D-10  1.00D-09

--------------------------------------------------------------------------------
Iteration   12
--------------------------------------------------------------------------------

   nl       e(nl)          qsum           dpm           ns

   4s    -0.72350E+01    0.11131E-03    0.97617E-05     80
   4p-   -0.45918E+01    0.14283E-03    0.19691E-03     88
   4p    -0.45924E+01    0.28565E-03    0.31053E-03     88
   4d-   -0.55469E+01    0.57001E-04    0.57334E-04     83
   4d    -0.55469E+01    0.85474E-04    0.62527E-04     83
   4f-   -0.79545E+00    0.10283E-03    0.23515E-04     80
   4f    -0.79539E+00    0.13712E-03    0.25208E-04     80

Block Level  2J      Energy      Leading CSFs

    1     1   0    -14.52486058   1  0.9921   4  0.0928   2  0.0627   8 -0.0414  10  0.0272
    2     1   2    -14.52485215   2 -0.8101   1  0.5727   9 -0.0677   4 -0.0512   8  0.0508
    2     2   2    -14.42910745   1  0.7783   2  0.5502   8  0.1724   3 -0.1427  14  0.1285
    3     1   4    -14.52483528   1  0.9921  11  0.0643   2  0.0627   6  0.0601  15 -0.0414

etotal =           -14.50090965

Maximum orbital diff (relative):         3.11D-04  1.00D-05
Energy difference (relative):            3.80D-11  1.00D-09

--------------------------------------------------------------------------------
Iteration   13
--------------------------------------------------------------------------------

   nl       e(nl)          qsum           dpm           ns

   4s    -0.72352E+01    0.11131E-03    0.47927E-05     80
   4p-   -0.45925E+01    0.14280E-03    0.73102E-04     88
   4p    -0.45936E+01    0.28554E-03    0.14245E-03     88
   4d-   -0.55473E+01    0.56999E-04    0.24666E-04     83
   4d    -0.55473E+01    0.85469E-04    0.27742E-04     83
   4f-   -0.79543E+00    0.10284E-03    0.10167E-04     80
   4f    -0.79538E+00    0.13712E-03    0.11122E-04     80

Block Level  2J      Energy      Leading CSFs

    1     1   0    -14.52486062   1  0.9921   4  0.0928   2  0.0627   8 -0.0414  10  0.0272
    2     1   2    -14.52485219   2 -0.8101   1  0.5727   9 -0.0677   4 -0.0512   8  0.0508
    2     2   2    -14.42910735   1  0.7783   2  0.5502   8  0.1724   3 -0.1427  14  0.1285
    3     1   4    -14.52483532   1  0.9921  11  0.0643   2  0.0627   6  0.0601  15 -0.0414

etotal =           -14.50090965

Maximum orbital diff (relative):         1.42D-04  1.00D-05
Energy difference (relative):            7.84D-12  1.00D-09

--------------------------------------------------------------------------------
Iteration   14
--------------------------------------------------------------------------------

   nl       e(nl)          qsum           dpm           ns

   4s    -0.72353E+01    0.11131E-03    0.22268E-05     80
   4p-   -0.45928E+01    0.14278E-03    0.24307E-04     88
   4p    -0.45942E+01    0.28549E-03    0.66198E-04     88
   4d-   -0.55475E+01    0.56999E-04    0.10514E-04     83
   4d    -0.55475E+01    0.85467E-04    0.12343E-04     83
   4f-   -0.79542E+00    0.10284E-03    0.43787E-05     80
   4f    -0.79537E+00    0.13713E-03    0.49278E-05     80

Block Level  2J      Energy      Leading CSFs

    1     1   0    -14.52486064   1  0.9921   4  0.0928   2  0.0627   8 -0.0414  10  0.0272
    2     1   2    -14.52485220   2 -0.8101   1  0.5727   9 -0.0677   4 -0.0512   8  0.0508
    2     2   2    -14.42910730   1  0.7783   2  0.5502   8  0.1724   3 -0.1427  14  0.1285
    3     1   4    -14.52483533   1  0.9921  11  0.0643   2  0.0627   6  0.0601  15 -0.0414

etotal =           -14.50090965

Maximum orbital diff (relative):         6.62D-05  1.00D-05
Energy difference (relative):            1.73D-12  1.00D-09

--------------------------------------------------------------------------------
Iteration   15
--------------------------------------------------------------------------------

   nl       e(nl)          qsum           dpm           ns

   4s    -0.72354E+01    0.11131E-03    0.10066E-05     80
   4p-   -0.45929E+01    0.14278E-03    0.61019E-05     88
   4p    -0.45944E+01    0.28547E-03    0.31242E-04     88
   4d-   -0.55476E+01    0.56998E-04    0.44272E-05     83
   4d    -0.55476E+01    0.85466E-04    0.55155E-05     83
   4f-   -0.79542E+00    0.10284E-03    0.18730E-05     80
   4f    -0.79537E+00    0.13713E-03    0.21919E-05     80

Block Level  2J      Energy      Leading CSFs

    1     1   0    -14.52486064   1  0.9921   4  0.0928   2  0.0627   8 -0.0414  10  0.0272
    2     1   2    -14.52485221   2 -0.8101   1  0.5727   9 -0.0677   4 -0.0512   8  0.0508
    2     2   2    -14.42910728   1  0.7783   2  0.5502   8  0.1724   3 -0.1427  14  0.1285
    3     1   4    -14.52483534   1  0.9921  11  0.0643   2  0.0627   6  0.0601  15 -0.0414

etotal =           -14.50090965

Maximum orbital diff (relative):         3.12D-05  1.00D-05
Energy difference (relative):            4.25D-13  1.00D-09

--------------------------------------------------------------------------------
Iteration   16
--------------------------------------------------------------------------------

   nl       e(nl)          qsum           dpm           ns

   4s    -0.72354E+01    0.11131E-03    0.44824E-06     80
   4p-   -0.45930E+01    0.14278E-03    0.47141E-06     88
   4p    -0.45946E+01    0.28546E-03    0.15011E-04     88
   4d-   -0.55476E+01    0.56998E-04    0.18322E-05     83
   4d    -0.55477E+01    0.85466E-04    0.24796E-05     83
   4f-   -0.79542E+00    0.10284E-03    0.79299E-06     80
   4f    -0.79536E+00    0.13713E-03    0.97952E-06     80

Block Level  2J      Energy      Leading CSFs

    1     1   0    -14.52486065   1  0.9921   4  0.0928   2  0.0627   8 -0.0414  10  0.0272
    2     1   2    -14.52485221   2 -0.8101   1  0.5727   9 -0.0677   4 -0.0512   8  0.0508
    2     2   2    -14.42910727   1  0.7783   2  0.5502   8  0.1724   3 -0.1427  14  0.1285
    3     1   4    -14.52483534   1  0.9921  11  0.0643   2  0.0627   6  0.0601  15 -0.0414

etotal =           -14.50090965

Maximum orbital diff (relative):         1.50D-05  1.00D-05
Energy difference (relative):            1.18D-13  1.00D-09

--------------------------------------------------------------------------------
Iteration   17
--------------------------------------------------------------------------------

   nl       e(nl)          qsum           dpm           ns

   4s    -0.72354E+01    0.11131E-03    0.19792E-06     80
   4p-   -0.45930E+01    0.14278E-03    0.16587E-05     88
   4p    -0.45946E+01    0.28545E-03    0.73594E-05     88
   4d-   -0.55476E+01    0.56998E-04    0.73871E-06     83
   4d    -0.55477E+01    0.85466E-04    0.11235E-05     83
   4f-   -0.79542E+00    0.10284E-03    0.53323E-06     80
   4f    -0.79536E+00    0.13713E-03    0.58441E-06     80

Block Level  2J      Energy      Leading CSFs

    1     1   0    -14.52486065   1  0.9921   4  0.0928   2  0.0627   8 -0.0414  10  0.0272
    2     1   2    -14.52485221   2 -0.8101   1  0.5727   9 -0.0677   4 -0.0512   8  0.0508
    2     2   2    -14.42910727   1  0.7783   2  0.5502   8  0.1724   3 -0.1427  14  0.1285
    3     1   4    -14.52483534   1  0.9921  11  0.0643   2  0.0627   6  0.0601  15 -0.0414

etotal =           -14.50090965

Maximum orbital diff (relative):         7.36D-06  1.00D-05
Energy difference (relative):            3.61D-14  1.00D-09

--------------------------------------------------------------------------------

ATOM:  Be

Convergence (latest difference):
Orbital diff. =                          7.36D-06
SCF diff. =                              3.61D-14

  nl       E(nl)        1/R       R       R**2       dmp       ns     max_R

  1s     -4.76457212    3.681    0.415    0.234    0.00E+00    68     13.54
  2s     -0.36766260    0.544    2.545    7.719    0.00E+00    80     25.54
  2p-    -0.20709805    0.429    3.064   11.693    0.00E+00    87     32.54
  2p     -0.20707600    0.429    3.064   11.696    0.00E+00    87     32.54
  3s     -0.65190768    0.549    3.531   16.176    0.00E+00    80     25.54
  3p-    -0.30676504    0.351    4.787   29.716    0.00E+00    90     35.54
  3p     -0.30670422    0.351    4.787   29.721    0.00E+00    90     35.54
  3d-    -0.33022462    0.336    3.501   14.144    0.00E+00    84     29.54
  3d     -0.33023055    0.336    3.501   14.145    0.00E+00    84     29.54
  4s     -7.23539815    3.049    1.159    3.371    1.98E-07    80     25.54
  4p-    -4.59295278    1.451    1.236    3.733    1.66E-06    88     33.54
  4p     -4.59462412    1.451    1.236    3.729    7.36E-06    88     33.54
  4d-    -5.54759716    0.883    1.644    4.590    7.39E-07    83     28.54
  4d     -5.54768600    0.883    1.644    4.590    1.12E-06    83     28.54
  4f-    -0.79541899    0.372    3.030   10.236    5.33E-07    80     25.54
  4f     -0.79536425    0.372    3.031   10.238    5.84E-07    80     25.54

Average energy:                         -14.5009096503978796

Optimized states:

2s.2p-.0*                               -14.5248606494763361
2s.3p-.0*                               -14.5248522142085985
2p.3d-.0*                               -14.5248353400083463
2s.4p-.0*                               -14.4291072708768962

time:                   82.64  sec

--------------------------------------------------------------------------------


debug timing:

time_matrix:            41.22  sec
time_solve:              0.42  sec
time_diag:              35.88  sec

time_convolution:       41.89  sec
time_density:            2.14  sec

Calls to convol  =      27880
Calls to density =     549174
