==============================================================
 DBSR_BREIT: angular coefficients for Dirak-Breit Hamiltonian 
==============================================================

Max. multipole index =  9

Tollerance for coefficients =    1.E-07

Breit coefficients are not included

It is a new calculation 

Breit contribution is not included 

number of atomic states   =  2190
number of configurations  =   342
number of ang. symmetries =   913

Need of additional calculations --> yes 

ic,nsymc,kt,kdt =     1   342     1     2      0. sec   1s ( 2)  2s ( 1)  3p-( 1)
ic,nsymc,kt,kdt =     2   342     1     4      0. sec   1s ( 2)  2p ( 1)  3d-( 1)
ic,nsymc,kt,kdt =     3   342     1     2      0. sec   1s ( 2)  2p-( 1)  3s ( 1)
ic,nsymc,kt,kdt =     4   342     1     6      0. sec   1s ( 2)  2d ( 1)  3f-( 1)
ic,nsymc,kt,kdt =     5   342     1     4      0. sec   1s ( 2)  2d-( 1)  3p ( 1)
ic,nsymc,kt,kdt =     6   342     1     2      0. sec   1s ( 1)  2s ( 2)  3p-( 1)
ic,nsymc,kt,kdt =     7   342     1     8      0. sec   1s ( 1)  2s ( 1)  3p ( 1)  4s ( 1)
ic,nsymc,kt,kdt =     8   342     1    16      0. sec   1s ( 1)  2s ( 1)  3p ( 1)  4d ( 1)
ic,nsymc,kt,kdt =     9   342     2    14      0. sec   1s ( 1)  2s ( 1)  3p ( 1)  4d-( 1)
ic,nsymc,kt,kdt =    10   342     2     6      0. sec   1s ( 1)  2s ( 1)  3p-( 1)  4s ( 1)
ic,nsymc,kt,kdt =    11   342     1     8      0. sec   1s ( 1)  2s ( 1)  3p-( 1)  4d-( 1)
ic,nsymc,kt,kdt =    12   342     1     8      0. sec   1s ( 1)  2s ( 1)  3s ( 1)  4p ( 1)
ic,nsymc,kt,kdt =    13   342     2     6      0. sec   1s ( 1)  2s ( 1)  3s ( 1)  4p-( 1)
ic,nsymc,kt,kdt =    14   342     1    16      0. sec   1s ( 1)  2s ( 1)  3d ( 1)  4p ( 1)
ic,nsymc,kt,kdt =    15   342     1    24      0. sec   1s ( 1)  2s ( 1)  3d ( 1)  4f ( 1)
ic,nsymc,kt,kdt =    16   342     2    22      0. sec   1s ( 1)  2s ( 1)  3d ( 1)  4f-( 1)
ic,nsymc,kt,kdt =    17   342     2    14      0. sec   1s ( 1)  2s ( 1)  3d-( 1)  4p ( 1)
ic,nsymc,kt,kdt =    18   342     1     8      0. sec   1s ( 1)  2s ( 1)  3d-( 1)  4p-( 1)
ic,nsymc,kt,kdt =    19   342     1    16      0. sec   1s ( 1)  2s ( 1)  3d-( 1)  4f-( 1)
ic,nsymc,kt,kdt =    20   342     1     4      0. sec   1s ( 1)  2p-( 1)  3p ( 2)
ic,nsymc,kt,kdt =    21   342     1    10      0. sec   1s ( 1)  2p ( 2)  3p ( 1)
ic,nsymc,kt,kdt =    22   342     1     4      0. sec   1s ( 1)  2p ( 2)  3p-( 1)
ic,nsymc,kt,kdt =    23   342     1    12      0. sec   1s ( 1)  2p ( 2)  3f-( 1)
ic,nsymc,kt,kdt =    24   342     2    14      0. sec   1s ( 1)  2p-( 1)  3p ( 1)  4p ( 1)
ic,nsymc,kt,kdt =    25   342     1     8      0. sec   1s ( 1)  2p-( 1)  3p ( 1)  4p-( 1)
ic,nsymc,kt,kdt =    26   342     1    16      0. sec   1s ( 1)  2p-( 1)  3p ( 1)  4f-( 1)
ic,nsymc,kt,kdt =    27   342     1     2      0. sec   1s ( 1)  2p-( 2)  3p-( 1)
ic,nsymc,kt,kdt =    28   342     1    16      0. sec   1s ( 1)  2p ( 1)  3s ( 1)  4d ( 1)
ic,nsymc,kt,kdt =    29   342     2    14      0. sec   1s ( 1)  2p ( 1)  3s ( 1)  4d-( 1)
ic,nsymc,kt,kdt =    30   342     1     8      0. sec   1s ( 1)  2p ( 1)  3s ( 1)  4s ( 1)
ic,nsymc,kt,kdt =    31   342     1    10      0. sec   1s ( 1)  2p ( 1)  3p ( 2)
ic,nsymc,kt,kdt =    32   342     2    14      0. sec   1s ( 1)  2p ( 1)  3p-( 1)  4p ( 1)
ic,nsymc,kt,kdt =    33   342     2    24      0. sec   1s ( 1)  2p ( 1)  3p ( 1)  4p ( 1)
ic,nsymc,kt,kdt =    34   342     2    14      0. sec   1s ( 1)  2p ( 1)  3p ( 1)  4p-( 1)
ic,nsymc,kt,kdt =    35   342     1    32      0. sec   1s ( 1)  2p ( 1)  3p ( 1)  4f ( 1)
ic,nsymc,kt,kdt =    36   342     2    30      0. sec   1s ( 1)  2p ( 1)  3p ( 1)  4f-( 1)
ic,nsymc,kt,kdt =    37   342     1     8      0. sec   1s ( 1)  2p ( 1)  3p-( 1)  4p-( 1)
ic,nsymc,kt,kdt =    38   342     1    16      0. sec   1s ( 1)  2p ( 1)  3p-( 1)  4f-( 1)
ic,nsymc,kt,kdt =    39   342     1    18      0. sec   1s ( 1)  2p ( 1)  3d ( 2)
ic,nsymc,kt,kdt =    40   342     2    30      0. sec   1s ( 1)  2p ( 1)  3d-( 1)  4d ( 1)
ic,nsymc,kt,kdt =    41   342     1    10      0. sec   1s ( 1)  2p ( 1)  3d-( 2)
ic,nsymc,kt,kdt =    42   342     1    16      0. sec   1s ( 1)  2p ( 1)  3d ( 1)  4s ( 1)
ic,nsymc,kt,kdt =    43   342     2    40      0. sec   1s ( 1)  2p ( 1)  3d ( 1)  4d ( 1)
ic,nsymc,kt,kdt =    44   342     2    30      0. sec   1s ( 1)  2p ( 1)  3d ( 1)  4d-( 1)
ic,nsymc,kt,kdt =    45   342     2    14      0. sec   1s ( 1)  2p ( 1)  3d-( 1)  4s ( 1)
ic,nsymc,kt,kdt =    46   342     2    24      0. sec   1s ( 1)  2p ( 1)  3d-( 1)  4d-( 1)
ic,nsymc,kt,kdt =    47   342     1    26      0. sec   1s ( 1)  2p ( 1)  3f ( 2)
ic,nsymc,kt,kdt =    48   342     2    46      0. sec   1s ( 1)  2p ( 1)  3f-( 1)  4f ( 1)
ic,nsymc,kt,kdt =    49   342     1    18      0. sec   1s ( 1)  2p ( 1)  3f-( 2)
ic,nsymc,kt,kdt =    50   342     1     2      0. sec   1s ( 1)  2p-( 1)  3s ( 2)
ic,nsymc,kt,kdt =    51   342     1     8      0. sec   1s ( 1)  2p-( 1)  3s ( 1)  4d-( 1)
ic,nsymc,kt,kdt =    52   342     2     6      0. sec   1s ( 1)  2p-( 1)  3s ( 1)  4s ( 1)
ic,nsymc,kt,kdt =    53   342     1     8      0. sec   1s ( 1)  2p-( 1)  3p-( 1)  4p ( 1)
ic,nsymc,kt,kdt =    54   342     1     2      0. sec   1s ( 1)  2p-( 1)  3p-( 2)
ic,nsymc,kt,kdt =    55   342     2     6      0. sec   1s ( 1)  2p-( 1)  3p-( 1)  4p-( 1)
ic,nsymc,kt,kdt =    56   342     1     6      0. sec   1s ( 1)  2p-( 1)  3d ( 2)
ic,nsymc,kt,kdt =    57   342     1    16      0. sec   1s ( 1)  2p-( 1)  3d-( 1)  4d ( 1)
ic,nsymc,kt,kdt =    58   342     1     4      0. sec   1s ( 1)  2p-( 1)  3d-( 2)
ic,nsymc,kt,kdt =    59   342     2    22      0. sec   1s ( 1)  2p-( 1)  3d ( 1)  4d ( 1)
ic,nsymc,kt,kdt =    60   342     1    16      0. sec   1s ( 1)  2p-( 1)  3d ( 1)  4d-( 1)
ic,nsymc,kt,kdt =    61   342     1     8      0. sec   1s ( 1)  2p-( 1)  3d-( 1)  4s ( 1)
ic,nsymc,kt,kdt =    62   342     2    14      0. sec   1s ( 1)  2p-( 1)  3d-( 1)  4d-( 1)
ic,nsymc,kt,kdt =    63   342     1     8      0. sec   1s ( 1)  2p-( 1)  3f ( 2)
ic,nsymc,kt,kdt =    64   342     1    24      0. sec   1s ( 1)  2p-( 1)  3f-( 1)  4f ( 1)
ic,nsymc,kt,kdt =    65   342     1     6      0. sec   1s ( 1)  2p-( 1)  3f-( 2)
ic,nsymc,kt,kdt =    66   342     1    18      0. sec   1s ( 1)  2d ( 2)  3p ( 1)
ic,nsymc,kt,kdt =    67   342     1     6      0. sec   1s ( 1)  2d ( 2)  3p-( 1)
ic,nsymc,kt,kdt =    68   342     1    28      0. sec   1s ( 1)  2d ( 2)  3f ( 1)
ic,nsymc,kt,kdt =    69   342     1    22      0. sec   1s ( 1)  2d ( 2)  3f-( 1)
ic,nsymc,kt,kdt =    70   342     2    30      0. sec   1s ( 1)  2d-( 1)  3d ( 1)  4p ( 1)
ic,nsymc,kt,kdt =    71   342     1    16      0. sec   1s ( 1)  2d-( 1)  3d ( 1)  4p-( 1)
ic,nsymc,kt,kdt =    72   342     2    46      0. sec   1s ( 1)  2d-( 1)  3d ( 1)  4f ( 1)
ic,nsymc,kt,kdt =    73   342     2    40      0. sec   1s ( 1)  2d-( 1)  3d ( 1)  4f-( 1)
ic,nsymc,kt,kdt =    74   342     1    10      0. sec   1s ( 1)  2d-( 2)  3p ( 1)
ic,nsymc,kt,kdt =    75   342     1     4      0. sec   1s ( 1)  2d-( 2)  3p-( 1)
ic,nsymc,kt,kdt =    76   342     1    12      0. sec   1s ( 1)  2d-( 2)  3f-( 1)
ic,nsymc,kt,kdt =    77   342     1    16      0. sec   1s ( 1)  2d ( 1)  3s ( 1)  4p ( 1)
ic,nsymc,kt,kdt =    78   342     1    24      0. sec   1s ( 1)  2d ( 1)  3s ( 1)  4f ( 1)
ic,nsymc,kt,kdt =    79   342     2    22      0. sec   1s ( 1)  2d ( 1)  3s ( 1)  4f-( 1)
ic,nsymc,kt,kdt =    80   342     2    40      0. sec   1s ( 1)  2d ( 1)  3p ( 1)  4d ( 1)
ic,nsymc,kt,kdt =    81   342     2    30      0. sec   1s ( 1)  2d ( 1)  3p ( 1)  4d-( 1)
ic,nsymc,kt,kdt =    82   342     2    22      0. sec   1s ( 1)  2d ( 1)  3p-( 1)  4d ( 1)
ic,nsymc,kt,kdt =    83   342     1    16      0. sec   1s ( 1)  2d ( 1)  3p-( 1)  4d-( 1)
ic,nsymc,kt,kdt =    84   342     2    64      0. sec   1s ( 1)  2d ( 1)  3d ( 1)  4f ( 1)
ic,nsymc,kt,kdt =    85   342     2    54      0. sec   1s ( 1)  2d ( 1)  3d ( 1)  4f-( 1)
ic,nsymc,kt,kdt =    86   342     2    46      0. sec   1s ( 1)  2d ( 1)  3d-( 1)  4f ( 1)
ic,nsymc,kt,kdt =    87   342     2    40      0. sec   1s ( 1)  2d ( 1)  3d-( 1)  4f-( 1)
ic,nsymc,kt,kdt =    88   342     2    14      0. sec   1s ( 1)  2d-( 1)  3s ( 1)  4p ( 1)
ic,nsymc,kt,kdt =    89   342     1     8      0. sec   1s ( 1)  2d-( 1)  3s ( 1)  4p-( 1)
ic,nsymc,kt,kdt =    90   342     1    16      0. sec   1s ( 1)  2d-( 1)  3s ( 1)  4f-( 1)
ic,nsymc,kt,kdt =    91   342     2    30      0. sec   1s ( 1)  2d-( 1)  3p ( 1)  4d ( 1)
ic,nsymc,kt,kdt =    92   342     2    24      0. sec   1s ( 1)  2d-( 1)  3p ( 1)  4d-( 1)
ic,nsymc,kt,kdt =    93   342     1    16      0. sec   1s ( 1)  2d-( 1)  3p-( 1)  4d ( 1)
ic,nsymc,kt,kdt =    94   342     2    14      0. sec   1s ( 1)  2d-( 1)  3p-( 1)  4d-( 1)
ic,nsymc,kt,kdt =    95   342     1    32      0. sec   1s ( 1)  2d-( 1)  3d-( 1)  4f ( 1)
ic,nsymc,kt,kdt =    96   342     2    30      0. sec   1s ( 1)  2d-( 1)  3d-( 1)  4f-( 1)
ic,nsymc,kt,kdt =    97   342     1     2      0. sec   1s ( 2)  2s ( 1)  3p ( 1)
ic,nsymc,kt,kdt =    98   342     1     1      0. sec   1s ( 2)  2s ( 1)  3p-( 1)
ic,nsymc,kt,kdt =    99   342     1     2      0. sec   1s ( 2)  2p ( 1)  3s ( 1)
ic,nsymc,kt,kdt =   100   342     1     4      0. sec   1s ( 2)  2p ( 1)  3d ( 1)
ic,nsymc,kt,kdt =   101   342     1     3      0. sec   1s ( 2)  2p ( 1)  3d-( 1)
ic,nsymc,kt,kdt =   102   342     1     1      0. sec   1s ( 2)  2p-( 1)  3s ( 1)
ic,nsymc,kt,kdt =   103   342     1     2      0. sec   1s ( 2)  2p-( 1)  3d-( 1)
ic,nsymc,kt,kdt =   104   342     1     4      0. sec   1s ( 2)  2d ( 1)  3p ( 1)
ic,nsymc,kt,kdt =   105   342     1     6      0. sec   1s ( 2)  2d ( 1)  3f ( 1)
ic,nsymc,kt,kdt =   106   342     1     5      0. sec   1s ( 2)  2d ( 1)  3f-( 1)
ic,nsymc,kt,kdt =   107   342     1     3      0. sec   1s ( 2)  2d-( 1)  3p ( 1)
ic,nsymc,kt,kdt =   108   342     1     2      0. sec   1s ( 2)  2d-( 1)  3p-( 1)
ic,nsymc,kt,kdt =   109   342     1     4      0. sec   1s ( 2)  2d-( 1)  3f-( 1)
ic,nsymc,kt,kdt =   110   342     1     2      0. sec   1s ( 1)  2s ( 2)  3p ( 1)
ic,nsymc,kt,kdt =   111   342     1     1      0. sec   1s ( 1)  2s ( 2)  3p-( 1)
ic,nsymc,kt,kdt =   112   342     3     7      0. sec   1s ( 1)  2s ( 1)  3p ( 1)  4s ( 1)
ic,nsymc,kt,kdt =   113   342     3    15      0. sec   1s ( 1)  2s ( 1)  3p ( 1)  4d ( 1)
ic,nsymc,kt,kdt =   114   342     4    12      0. sec   1s ( 1)  2s ( 1)  3p ( 1)  4d-( 1)
ic,nsymc,kt,kdt =   115   342     3     4      0. sec   1s ( 1)  2s ( 1)  3p-( 1)  4s ( 1)
ic,nsymc,kt,kdt =   116   342     1     8      0. sec   1s ( 1)  2s ( 1)  3p-( 1)  4d ( 1)
ic,nsymc,kt,kdt =   117   342     3     7      0. sec   1s ( 1)  2s ( 1)  3p-( 1)  4d-( 1)
ic,nsymc,kt,kdt =   118   342     3     7      0. sec   1s ( 1)  2s ( 1)  3s ( 1)  4p ( 1)
ic,nsymc,kt,kdt =   119   342     3     4      0. sec   1s ( 1)  2s ( 1)  3s ( 1)  4p-( 1)
ic,nsymc,kt,kdt =   120   342     1     8      0. sec   1s ( 1)  2s ( 1)  3s ( 1)  4f-( 1)
ic,nsymc,kt,kdt =   121   342     3    15      0. sec   1s ( 1)  2s ( 1)  3d ( 1)  4p ( 1)
ic,nsymc,kt,kdt =   122   342     1     8      0. sec   1s ( 1)  2s ( 1)  3d ( 1)  4p-( 1)
ic,nsymc,kt,kdt =   123   342     3    23      0. sec   1s ( 1)  2s ( 1)  3d ( 1)  4f ( 1)
ic,nsymc,kt,kdt =   124   342     4    20      0. sec   1s ( 1)  2s ( 1)  3d ( 1)  4f-( 1)
ic,nsymc,kt,kdt =   125   342     4    12      0. sec   1s ( 1)  2s ( 1)  3d-( 1)  4p ( 1)
ic,nsymc,kt,kdt =   126   342     3     7      0. sec   1s ( 1)  2s ( 1)  3d-( 1)  4p-( 1)
ic,nsymc,kt,kdt =   127   342     1    16      0. sec   1s ( 1)  2s ( 1)  3d-( 1)  4f ( 1)
ic,nsymc,kt,kdt =   128   342     3    15      0. sec   1s ( 1)  2s ( 1)  3d-( 1)  4f-( 1)
ic,nsymc,kt,kdt =   129   342     1     2      0. sec   1s ( 1)  2p ( 3)
ic,nsymc,kt,kdt =   130   342     2     5      0. sec   1s ( 1)  2p-( 1)  3p ( 2)
ic,nsymc,kt,kdt =   131   342     1     2      0. sec   1s ( 1)  2p-( 2)  3p ( 1)
ic,nsymc,kt,kdt =   132   342     3     9      0. sec   1s ( 1)  2p ( 2)  3p ( 1)
ic,nsymc,kt,kdt =   133   342     2     5      0. sec   1s ( 1)  2p ( 2)  3p-( 1)
ic,nsymc,kt,kdt =   134   342     1    12      0. sec   1s ( 1)  2p ( 2)  3f ( 1)
ic,nsymc,kt,kdt =   135   342     2    11      0. sec   1s ( 1)  2p ( 2)  3f-( 1)
ic,nsymc,kt,kdt =   136   342     4    12      0. sec   1s ( 1)  2p-( 1)  3p ( 1)  4p ( 1)
ic,nsymc,kt,kdt =   137   342     3     7      0. sec   1s ( 1)  2p-( 1)  3p ( 1)  4p-( 1)
ic,nsymc,kt,kdt =   138   342     1    16      0. sec   1s ( 1)  2p-( 1)  3p ( 1)  4f ( 1)
ic,nsymc,kt,kdt =   139   342     3    15      0. sec   1s ( 1)  2p-( 1)  3p ( 1)  4f-( 1)
ic,nsymc,kt,kdt =   140   342     1     1      0. sec   1s ( 1)  2p-( 2)  3p-( 1)
ic,nsymc,kt,kdt =   141   342     1     2      0. sec   1s ( 1)  2p ( 1)  3s ( 2)
ic,nsymc,kt,kdt =   142   342     3    15      0. sec   1s ( 1)  2p ( 1)  3s ( 1)  4d ( 1)
ic,nsymc,kt,kdt =   143   342     4    12      0. sec   1s ( 1)  2p ( 1)  3s ( 1)  4d-( 1)
ic,nsymc,kt,kdt =   144   342     3     7      0. sec   1s ( 1)  2p ( 1)  3s ( 1)  4s ( 1)
ic,nsymc,kt,kdt =   145   342     3     9      0. sec   1s ( 1)  2p ( 1)  3p ( 2)
ic,nsymc,kt,kdt =   146   342     4    12      0. sec   1s ( 1)  2p ( 1)  3p-( 1)  4p ( 1)
ic,nsymc,kt,kdt =   147   342     1     2      0. sec   1s ( 1)  2p ( 1)  3p-( 2)
ic,nsymc,kt,kdt =   148   342     6    22      0. sec   1s ( 1)  2p ( 1)  3p ( 1)  4p ( 1)
ic,nsymc,kt,kdt =   149   342     4    12      0. sec   1s ( 1)  2p ( 1)  3p ( 1)  4p-( 1)
ic,nsymc,kt,kdt =   150   342     3    31      0. sec   1s ( 1)  2p ( 1)  3p ( 1)  4f ( 1)
ic,nsymc,kt,kdt =   151   342     5    28      0. sec   1s ( 1)  2p ( 1)  3p ( 1)  4f-( 1)
ic,nsymc,kt,kdt =   152   342     3     7      0. sec   1s ( 1)  2p ( 1)  3p-( 1)  4p-( 1)
ic,nsymc,kt,kdt =   153   342     1    16      0. sec   1s ( 1)  2p ( 1)  3p-( 1)  4f ( 1)
ic,nsymc,kt,kdt =   154   342     3    15      0. sec   1s ( 1)  2p ( 1)  3p-( 1)  4f-( 1)
ic,nsymc,kt,kdt =   155   342     3    16      0. sec   1s ( 1)  2p ( 1)  3d ( 2)
ic,nsymc,kt,kdt =   156   342     5    28      0. sec   1s ( 1)  2p ( 1)  3d-( 1)  4d ( 1)
ic,nsymc,kt,kdt =   157   342     3     9      0. sec   1s ( 1)  2p ( 1)  3d-( 2)
ic,nsymc,kt,kdt =   158   342     3    15      0. sec   1s ( 1)  2p ( 1)  3d ( 1)  4s ( 1)
ic,nsymc,kt,kdt =   159   342     6    38      0. sec   1s ( 1)  2p ( 1)  3d ( 1)  4d ( 1)
ic,nsymc,kt,kdt =   160   342     5    28      0. sec   1s ( 1)  2p ( 1)  3d ( 1)  4d-( 1)
ic,nsymc,kt,kdt =   161   342     4    12      0. sec   1s ( 1)  2p ( 1)  3d-( 1)  4s ( 1)
ic,nsymc,kt,kdt =   162   342     6    22      0. sec   1s ( 1)  2p ( 1)  3d-( 1)  4d-( 1)
ic,nsymc,kt,kdt =   163   342     3    23      0. sec   1s ( 1)  2p ( 1)  3f ( 2)
ic,nsymc,kt,kdt =   164   342     5    44      0. sec   1s ( 1)  2p ( 1)  3f-( 1)  4f ( 1)
ic,nsymc,kt,kdt =   165   342     3    16      0. sec   1s ( 1)  2p ( 1)  3f-( 2)
ic,nsymc,kt,kdt =   166   342     1     1      0. sec   1s ( 1)  2p-( 1)  3s ( 2)
ic,nsymc,kt,kdt =   167   342     1     8      0. sec   1s ( 1)  2p-( 1)  3s ( 1)  4d ( 1)
ic,nsymc,kt,kdt =   168   342     3     7      0. sec   1s ( 1)  2p-( 1)  3s ( 1)  4d-( 1)
ic,nsymc,kt,kdt =   169   342     3     4      0. sec   1s ( 1)  2p-( 1)  3s ( 1)  4s ( 1)
ic,nsymc,kt,kdt =   170   342     3     7      0. sec   1s ( 1)  2p-( 1)  3p-( 1)  4p ( 1)
ic,nsymc,kt,kdt =   171   342     1     1      0. sec   1s ( 1)  2p-( 1)  3p-( 2)
ic,nsymc,kt,kdt =   172   342     3     4      0. sec   1s ( 1)  2p-( 1)  3p-( 1)  4p-( 1)
ic,nsymc,kt,kdt =   173   342     1     8      0. sec   1s ( 1)  2p-( 1)  3p-( 1)  4f-( 1)
ic,nsymc,kt,kdt =   174   342     2     9      0. sec   1s ( 1)  2p-( 1)  3d ( 2)
ic,nsymc,kt,kdt =   175   342     3    15      0. sec   1s ( 1)  2p-( 1)  3d-( 1)  4d ( 1)
ic,nsymc,kt,kdt =   176   342     2     5      0. sec   1s ( 1)  2p-( 1)  3d-( 2)
ic,nsymc,kt,kdt =   177   342     1     8      0. sec   1s ( 1)  2p-( 1)  3d ( 1)  4s ( 1)
ic,nsymc,kt,kdt =   178   342     4    20      0. sec   1s ( 1)  2p-( 1)  3d ( 1)  4d ( 1)
ic,nsymc,kt,kdt =   179   342     3    15      0. sec   1s ( 1)  2p-( 1)  3d ( 1)  4d-( 1)
ic,nsymc,kt,kdt =   180   342     3     7      0. sec   1s ( 1)  2p-( 1)  3d-( 1)  4s ( 1)
ic,nsymc,kt,kdt =   181   342     4    12      0. sec   1s ( 1)  2p-( 1)  3d-( 1)  4d-( 1)
ic,nsymc,kt,kdt =   182   342     2    13      0. sec   1s ( 1)  2p-( 1)  3f ( 2)
ic,nsymc,kt,kdt =   183   342     3    23      0. sec   1s ( 1)  2p-( 1)  3f-( 1)  4f ( 1)
ic,nsymc,kt,kdt =   184   342     2     9      0. sec   1s ( 1)  2p-( 1)  3f-( 2)
ic,nsymc,kt,kdt =   185   342     3    16      0. sec   1s ( 1)  2d ( 2)  3p ( 1)
ic,nsymc,kt,kdt =   186   342     2     9      0. sec   1s ( 1)  2d ( 2)  3p-( 1)
ic,nsymc,kt,kdt =   187   342     3    27      0. sec   1s ( 1)  2d ( 2)  3f ( 1)
ic,nsymc,kt,kdt =   188   342     3    23      0. sec   1s ( 1)  2d ( 2)  3f-( 1)
ic,nsymc,kt,kdt =   189   342     5    28      0. sec   1s ( 1)  2d-( 1)  3d ( 1)  4p ( 1)
ic,nsymc,kt,kdt =   190   342     3    15      0. sec   1s ( 1)  2d-( 1)  3d ( 1)  4p-( 1)
ic,nsymc,kt,kdt =   191   342     5    44      0. sec   1s ( 1)  2d-( 1)  3d ( 1)  4f ( 1)
ic,nsymc,kt,kdt =   192   342     6    38      0. sec   1s ( 1)  2d-( 1)  3d ( 1)  4f-( 1)
ic,nsymc,kt,kdt =   193   342     3     9      0. sec   1s ( 1)  2d-( 2)  3p ( 1)
ic,nsymc,kt,kdt =   194   342     2     5      0. sec   1s ( 1)  2d-( 2)  3p-( 1)
ic,nsymc,kt,kdt =   195   342     1    12      0. sec   1s ( 1)  2d-( 2)  3f ( 1)
ic,nsymc,kt,kdt =   196   342     2    11      0. sec   1s ( 1)  2d-( 2)  3f-( 1)
ic,nsymc,kt,kdt =   197   342     3    15      0. sec   1s ( 1)  2d ( 1)  3s ( 1)  4p ( 1)
ic,nsymc,kt,kdt =   198   342     1     8      0. sec   1s ( 1)  2d ( 1)  3s ( 1)  4p-( 1)
ic,nsymc,kt,kdt =   199   342     3    23      0. sec   1s ( 1)  2d ( 1)  3s ( 1)  4f ( 1)
ic,nsymc,kt,kdt =   200   342     4    20      0. sec   1s ( 1)  2d ( 1)  3s ( 1)  4f-( 1)
ic,nsymc,kt,kdt =   201   342     6    38      0. sec   1s ( 1)  2d ( 1)  3p ( 1)  4d ( 1)
ic,nsymc,kt,kdt =   202   342     5    28      0. sec   1s ( 1)  2d ( 1)  3p ( 1)  4d-( 1)
ic,nsymc,kt,kdt =   203   342     4    20      0. sec   1s ( 1)  2d ( 1)  3p-( 1)  4d ( 1)
ic,nsymc,kt,kdt =   204   342     3    15      0. sec   1s ( 1)  2d ( 1)  3p-( 1)  4d-( 1)
ic,nsymc,kt,kdt =   205   342     6    62      0. sec   1s ( 1)  2d ( 1)  3d ( 1)  4f ( 1)
ic,nsymc,kt,kdt =   206   342     6    52      0. sec   1s ( 1)  2d ( 1)  3d ( 1)  4f-( 1)
ic,nsymc,kt,kdt =   207   342     5    44      0. sec   1s ( 1)  2d ( 1)  3d-( 1)  4f ( 1)
ic,nsymc,kt,kdt =   208   342     6    38      0. sec   1s ( 1)  2d ( 1)  3d-( 1)  4f-( 1)
ic,nsymc,kt,kdt =   209   342     4    12      0. sec   1s ( 1)  2d-( 1)  3s ( 1)  4p ( 1)
ic,nsymc,kt,kdt =   210   342     3     7      0. sec   1s ( 1)  2d-( 1)  3s ( 1)  4p-( 1)
ic,nsymc,kt,kdt =   211   342     1    16      0. sec   1s ( 1)  2d-( 1)  3s ( 1)  4f ( 1)
ic,nsymc,kt,kdt =   212   342     3    15      0. sec   1s ( 1)  2d-( 1)  3s ( 1)  4f-( 1)
ic,nsymc,kt,kdt =   213   342     5    28      0. sec   1s ( 1)  2d-( 1)  3p ( 1)  4d ( 1)
ic,nsymc,kt,kdt =   214   342     6    22      0. sec   1s ( 1)  2d-( 1)  3p ( 1)  4d-( 1)
ic,nsymc,kt,kdt =   215   342     3    15      0. sec   1s ( 1)  2d-( 1)  3p-( 1)  4d ( 1)
ic,nsymc,kt,kdt =   216   342     4    12      0. sec   1s ( 1)  2d-( 1)  3p-( 1)  4d-( 1)
ic,nsymc,kt,kdt =   217   342     3    31      0. sec   1s ( 1)  2d-( 1)  3d-( 1)  4f ( 1)
ic,nsymc,kt,kdt =   218   342     5    28      0. sec   1s ( 1)  2d-( 1)  3d-( 1)  4f-( 1)
ic,nsymc,kt,kdt =   219   342     1     1      0. sec   1s ( 2)  2s ( 1)  3p ( 1)
ic,nsymc,kt,kdt =   220   342     1     2      0. sec   1s ( 2)  2s ( 1)  3f-( 1)
ic,nsymc,kt,kdt =   221   342     1     1      0. sec   1s ( 2)  2p ( 1)  3s ( 1)
ic,nsymc,kt,kdt =   222   342     1     3      0. sec   1s ( 2)  2p ( 1)  3d ( 1)
ic,nsymc,kt,kdt =   223   342     1     2      0. sec   1s ( 2)  2p ( 1)  3d-( 1)
ic,nsymc,kt,kdt =   224   342     1     2      0. sec   1s ( 2)  2p-( 1)  3d ( 1)
ic,nsymc,kt,kdt =   225   342     1     1      0. sec   1s ( 2)  2p-( 1)  3d-( 1)
ic,nsymc,kt,kdt =   226   342     1     3      0. sec   1s ( 2)  2d ( 1)  3p ( 1)
ic,nsymc,kt,kdt =   227   342     1     2      0. sec   1s ( 2)  2d ( 1)  3p-( 1)
ic,nsymc,kt,kdt =   228   342     1     5      0. sec   1s ( 2)  2d ( 1)  3f ( 1)
ic,nsymc,kt,kdt =   229   342     1     4      0. sec   1s ( 2)  2d ( 1)  3f-( 1)
ic,nsymc,kt,kdt =   230   342     1     2      0. sec   1s ( 2)  2d-( 1)  3p ( 1)
ic,nsymc,kt,kdt =   231   342     1     1      0. sec   1s ( 2)  2d-( 1)  3p-( 1)
ic,nsymc,kt,kdt =   232   342     1     4      0. sec   1s ( 2)  2d-( 1)  3f ( 1)
ic,nsymc,kt,kdt =   233   342     1     3      0. sec   1s ( 2)  2d-( 1)  3f-( 1)
ic,nsymc,kt,kdt =   234   342     1     1      0. sec   1s ( 1)  2s ( 2)  3p ( 1)
ic,nsymc,kt,kdt =   235   342     1     2      0. sec   1s ( 1)  2s ( 2)  3f-( 1)
ic,nsymc,kt,kdt =   236   342     3     4      0. sec   1s ( 1)  2s ( 1)  3p ( 1)  4s ( 1)
ic,nsymc,kt,kdt =   237   342     4    12      0. sec   1s ( 1)  2s ( 1)  3p ( 1)  4d ( 1)
ic,nsymc,kt,kdt =   238   342     4     8      0. sec   1s ( 1)  2s ( 1)  3p ( 1)  4d-( 1)
ic,nsymc,kt,kdt =   239   342     1     1      0. sec   1s ( 1)  2s ( 1)  3p-( 1)  4s ( 1)
ic,nsymc,kt,kdt =   240   342     3     7      0. sec   1s ( 1)  2s ( 1)  3p-( 1)  4d ( 1)
ic,nsymc,kt,kdt =   241   342     3     4      0. sec   1s ( 1)  2s ( 1)  3p-( 1)  4d-( 1)
ic,nsymc,kt,kdt =   242   342     3     4      0. sec   1s ( 1)  2s ( 1)  3s ( 1)  4p ( 1)
ic,nsymc,kt,kdt =   243   342     1     1      0. sec   1s ( 1)  2s ( 1)  3s ( 1)  4p-( 1)
ic,nsymc,kt,kdt =   244   342     1     8      0. sec   1s ( 1)  2s ( 1)  3s ( 1)  4f ( 1)
ic,nsymc,kt,kdt =   245   342     3     7      0. sec   1s ( 1)  2s ( 1)  3s ( 1)  4f-( 1)
ic,nsymc,kt,kdt =   246   342     4    12      0. sec   1s ( 1)  2s ( 1)  3d ( 1)  4p ( 1)
ic,nsymc,kt,kdt =   247   342     3     7      0. sec   1s ( 1)  2s ( 1)  3d ( 1)  4p-( 1)
ic,nsymc,kt,kdt =   248   342     4    20      0. sec   1s ( 1)  2s ( 1)  3d ( 1)  4f ( 1)
ic,nsymc,kt,kdt =   249   342     4    16      0. sec   1s ( 1)  2s ( 1)  3d ( 1)  4f-( 1)
ic,nsymc,kt,kdt =   250   342     4     8      0. sec   1s ( 1)  2s ( 1)  3d-( 1)  4p ( 1)
ic,nsymc,kt,kdt =   251   342     3     4      0. sec   1s ( 1)  2s ( 1)  3d-( 1)  4p-( 1)
ic,nsymc,kt,kdt =   252   342     3    15      0. sec   1s ( 1)  2s ( 1)  3d-( 1)  4f ( 1)
ic,nsymc,kt,kdt =   253   342     4    12      0. sec   1s ( 1)  2s ( 1)  3d-( 1)  4f-( 1)
ic,nsymc,kt,kdt =   254   342     1     1      0. sec   1s ( 1)  2p ( 3)
ic,nsymc,kt,kdt =   255   342     2     3      0. sec   1s ( 1)  2p-( 1)  3p ( 2)
ic,nsymc,kt,kdt =   256   342     1     1      0. sec   1s ( 1)  2p-( 2)  3p ( 1)
ic,nsymc,kt,kdt =   257   342     3     6      0. sec   1s ( 1)  2p ( 2)  3p ( 1)
ic,nsymc,kt,kdt =   258   342     2     3      0. sec   1s ( 1)  2p ( 2)  3p-( 1)
ic,nsymc,kt,kdt =   259   342     2    11      0. sec   1s ( 1)  2p ( 2)  3f ( 1)
ic,nsymc,kt,kdt =   260   342     3     9      0. sec   1s ( 1)  2p ( 2)  3f-( 1)
ic,nsymc,kt,kdt =   261   342     4     8      0. sec   1s ( 1)  2p-( 1)  3p ( 1)  4p ( 1)
ic,nsymc,kt,kdt =   262   342     3     4      0. sec   1s ( 1)  2p-( 1)  3p ( 1)  4p-( 1)
ic,nsymc,kt,kdt =   263   342     3    15      0. sec   1s ( 1)  2p-( 1)  3p ( 1)  4f ( 1)
ic,nsymc,kt,kdt =   264   342     4    12      0. sec   1s ( 1)  2p-( 1)  3p ( 1)  4f-( 1)
ic,nsymc,kt,kdt =   265   342     1     2      0. sec   1s ( 1)  2p-( 2)  3f-( 1)
ic,nsymc,kt,kdt =   266   342     1     1      0. sec   1s ( 1)  2p ( 1)  3s ( 2)
ic,nsymc,kt,kdt =   267   342     4    12      0. sec   1s ( 1)  2p ( 1)  3s ( 1)  4d ( 1)
ic,nsymc,kt,kdt =   268   342     4     8      0. sec   1s ( 1)  2p ( 1)  3s ( 1)  4d-( 1)
ic,nsymc,kt,kdt =   269   342     3     4      0. sec   1s ( 1)  2p ( 1)  3s ( 1)  4s ( 1)
ic,nsymc,kt,kdt =   270   342     3     6      0. sec   1s ( 1)  2p ( 1)  3p ( 2)
ic,nsymc,kt,kdt =   271   342     4     8      0. sec   1s ( 1)  2p ( 1)  3p-( 1)  4p ( 1)
ic,nsymc,kt,kdt =   272   342     1     1      0. sec   1s ( 1)  2p ( 1)  3p-( 2)
ic,nsymc,kt,kdt =   273   342     7    16      0. sec   1s ( 1)  2p ( 1)  3p ( 1)  4p ( 1)
ic,nsymc,kt,kdt =   274   342     4     8      0. sec   1s ( 1)  2p ( 1)  3p ( 1)  4p-( 1)
ic,nsymc,kt,kdt =   275   342     5    28      0. sec   1s ( 1)  2p ( 1)  3p ( 1)  4f ( 1)
ic,nsymc,kt,kdt =   276   342     7    23      0. sec   1s ( 1)  2p ( 1)  3p ( 1)  4f-( 1)
ic,nsymc,kt,kdt =   277   342     3     4      0. sec   1s ( 1)  2p ( 1)  3p-( 1)  4p-( 1)
ic,nsymc,kt,kdt =   278   342     3    15      0. sec   1s ( 1)  2p ( 1)  3p-( 1)  4f ( 1)
ic,nsymc,kt,kdt =   279   342     4    12      0. sec   1s ( 1)  2p ( 1)  3p-( 1)  4f-( 1)
ic,nsymc,kt,kdt =   280   342     4    14      0. sec   1s ( 1)  2p ( 1)  3d ( 2)
ic,nsymc,kt,kdt =   281   342     7    23      0. sec   1s ( 1)  2p ( 1)  3d-( 1)  4d ( 1)
ic,nsymc,kt,kdt =   282   342     3     6      0. sec   1s ( 1)  2p ( 1)  3d-( 2)
ic,nsymc,kt,kdt =   283   342     4    12      0. sec   1s ( 1)  2p ( 1)  3d ( 1)  4s ( 1)
ic,nsymc,kt,kdt =   284   342     8    32      0. sec   1s ( 1)  2p ( 1)  3d ( 1)  4d ( 1)
ic,nsymc,kt,kdt =   285   342     7    23      0. sec   1s ( 1)  2p ( 1)  3d ( 1)  4d-( 1)
ic,nsymc,kt,kdt =   286   342     4     8      0. sec   1s ( 1)  2p ( 1)  3d-( 1)  4s ( 1)
ic,nsymc,kt,kdt =   287   342     7    16      0. sec   1s ( 1)  2p ( 1)  3d-( 1)  4d-( 1)
ic,nsymc,kt,kdt =   288   342     4    22      0. sec   1s ( 1)  2p ( 1)  3f ( 2)
ic,nsymc,kt,kdt =   289   342     7    39      0. sec   1s ( 1)  2p ( 1)  3f-( 1)  4f ( 1)
ic,nsymc,kt,kdt =   290   342     4    14      0. sec   1s ( 1)  2p ( 1)  3f-( 2)
ic,nsymc,kt,kdt =   291   342     3     7      0. sec   1s ( 1)  2p-( 1)  3s ( 1)  4d ( 1)
ic,nsymc,kt,kdt =   292   342     3     4      0. sec   1s ( 1)  2p-( 1)  3s ( 1)  4d-( 1)
ic,nsymc,kt,kdt =   293   342     1     1      0. sec   1s ( 1)  2p-( 1)  3s ( 1)  4s ( 1)
ic,nsymc,kt,kdt =   294   342     3     4      0. sec   1s ( 1)  2p-( 1)  3p-( 1)  4p ( 1)
ic,nsymc,kt,kdt =   295   342     1     1      0. sec   1s ( 1)  2p-( 1)  3p-( 1)  4p-( 1)
ic,nsymc,kt,kdt =   296   342     1     8      0. sec   1s ( 1)  2p-( 1)  3p-( 1)  4f ( 1)
ic,nsymc,kt,kdt =   297   342     3     7      0. sec   1s ( 1)  2p-( 1)  3p-( 1)  4f-( 1)
ic,nsymc,kt,kdt =   298   342     2     6      0. sec   1s ( 1)  2p-( 1)  3d ( 2)
ic,nsymc,kt,kdt =   299   342     4    12      0. sec   1s ( 1)  2p-( 1)  3d-( 1)  4d ( 1)
ic,nsymc,kt,kdt =   300   342     2     3      0. sec   1s ( 1)  2p-( 1)  3d-( 2)
ic,nsymc,kt,kdt =   301   342     3     7      0. sec   1s ( 1)  2p-( 1)  3d ( 1)  4s ( 1)
ic,nsymc,kt,kdt =   302   342     4    16      0. sec   1s ( 1)  2p-( 1)  3d ( 1)  4d ( 1)
ic,nsymc,kt,kdt =   303   342     4    12      0. sec   1s ( 1)  2p-( 1)  3d ( 1)  4d-( 1)
ic,nsymc,kt,kdt =   304   342     3     4      0. sec   1s ( 1)  2p-( 1)  3d-( 1)  4s ( 1)
ic,nsymc,kt,kdt =   305   342     4     8      0. sec   1s ( 1)  2p-( 1)  3d-( 1)  4d-( 1)
ic,nsymc,kt,kdt =   306   342     2     9      0. sec   1s ( 1)  2p-( 1)  3f ( 2)
ic,nsymc,kt,kdt =   307   342     4    20      0. sec   1s ( 1)  2p-( 1)  3f-( 1)  4f ( 1)
ic,nsymc,kt,kdt =   308   342     2     6      0. sec   1s ( 1)  2p-( 1)  3f-( 2)
ic,nsymc,kt,kdt =   309   342     4    14      0. sec   1s ( 1)  2d ( 2)  3p ( 1)
ic,nsymc,kt,kdt =   310   342     2     6      0. sec   1s ( 1)  2d ( 2)  3p-( 1)
ic,nsymc,kt,kdt =   311   342     4    24      0. sec   1s ( 1)  2d ( 2)  3f ( 1)
ic,nsymc,kt,kdt =   312   342     5    20      0. sec   1s ( 1)  2d ( 2)  3f-( 1)
ic,nsymc,kt,kdt =   313   342     7    23      0. sec   1s ( 1)  2d-( 1)  3d ( 1)  4p ( 1)
ic,nsymc,kt,kdt =   314   342     4    12      0. sec   1s ( 1)  2d-( 1)  3d ( 1)  4p-( 1)
ic,nsymc,kt,kdt =   315   342     7    39      0. sec   1s ( 1)  2d-( 1)  3d ( 1)  4f ( 1)
ic,nsymc,kt,kdt =   316   342     8    32      0. sec   1s ( 1)  2d-( 1)  3d ( 1)  4f-( 1)
ic,nsymc,kt,kdt =   317   342     3     6      0. sec   1s ( 1)  2d-( 2)  3p ( 1)
ic,nsymc,kt,kdt =   318   342     2     3      0. sec   1s ( 1)  2d-( 2)  3p-( 1)
ic,nsymc,kt,kdt =   319   342     2    11      0. sec   1s ( 1)  2d-( 2)  3f ( 1)
ic,nsymc,kt,kdt =   320   342     3     9      0. sec   1s ( 1)  2d-( 2)  3f-( 1)
ic,nsymc,kt,kdt =   321   342     4    12      0. sec   1s ( 1)  2d ( 1)  3s ( 1)  4p ( 1)
ic,nsymc,kt,kdt =   322   342     3     7      0. sec   1s ( 1)  2d ( 1)  3s ( 1)  4p-( 1)
ic,nsymc,kt,kdt =   323   342     4    20      0. sec   1s ( 1)  2d ( 1)  3s ( 1)  4f ( 1)
ic,nsymc,kt,kdt =   324   342     4    16      0. sec   1s ( 1)  2d ( 1)  3s ( 1)  4f-( 1)
ic,nsymc,kt,kdt =   325   342     8    32      0. sec   1s ( 1)  2d ( 1)  3p ( 1)  4d ( 1)
ic,nsymc,kt,kdt =   326   342     7    23      0. sec   1s ( 1)  2d ( 1)  3p ( 1)  4d-( 1)
ic,nsymc,kt,kdt =   327   342     4    16      0. sec   1s ( 1)  2d ( 1)  3p-( 1)  4d ( 1)
ic,nsymc,kt,kdt =   328   342     4    12      0. sec   1s ( 1)  2d ( 1)  3p-( 1)  4d-( 1)
ic,nsymc,kt,kdt =   329   342     9    56      0. sec   1s ( 1)  2d ( 1)  3d ( 1)  4f ( 1)
ic,nsymc,kt,kdt =   330   342    10    46      0. sec   1s ( 1)  2d ( 1)  3d ( 1)  4f-( 1)
ic,nsymc,kt,kdt =   331   342     7    39      0. sec   1s ( 1)  2d ( 1)  3d-( 1)  4f ( 1)
ic,nsymc,kt,kdt =   332   342     8    32      0. sec   1s ( 1)  2d ( 1)  3d-( 1)  4f-( 1)
ic,nsymc,kt,kdt =   333   342     4     8      0. sec   1s ( 1)  2d-( 1)  3s ( 1)  4p ( 1)
ic,nsymc,kt,kdt =   334   342     3     4      0. sec   1s ( 1)  2d-( 1)  3s ( 1)  4p-( 1)
ic,nsymc,kt,kdt =   335   342     3    15      0. sec   1s ( 1)  2d-( 1)  3s ( 1)  4f ( 1)
ic,nsymc,kt,kdt =   336   342     4    12      0. sec   1s ( 1)  2d-( 1)  3s ( 1)  4f-( 1)
ic,nsymc,kt,kdt =   337   342     7    23      0. sec   1s ( 1)  2d-( 1)  3p ( 1)  4d ( 1)
ic,nsymc,kt,kdt =   338   342     7    16      0. sec   1s ( 1)  2d-( 1)  3p ( 1)  4d-( 1)
ic,nsymc,kt,kdt =   339   342     4    12      0. sec   1s ( 1)  2d-( 1)  3p-( 1)  4d ( 1)
ic,nsymc,kt,kdt =   340   342     4     8      0. sec   1s ( 1)  2d-( 1)  3p-( 1)  4d-( 1)
ic,nsymc,kt,kdt =   341   342     5    28      0. sec   1s ( 1)  2d-( 1)  3d-( 1)  4f ( 1)
ic,nsymc,kt,kdt =   342   342     7    23      0. sec   1s ( 1)  2d-( 1)  3d-( 1)  4f-( 1)

Results for new angular symmetry calculations:

number of overlap determinants =        58         2
number of overlap factors      =       633         3
total number of coeff.s        =    729021

time:         0.14 min
