================================================================================
                   MULTICONFIGURATION B-SPLINE DIRAC-HARTREE-FOCK
================================================================================

Name of case:                     2

Configuration file:               2.c

Angular-coefficients file:        2.bnk

--------------------------------------------------------------------------------

c-file data: 

number of electrons:              4
number of configurations:       368
core orbitals:                    0
number of peel orbitals:          9

     1s      2s      2p-     2p      3s      3p-     3p      3d-     3d 

number of J-blocks:   3

block  1  2J=  0   ncfg=    60
block  2  2J=  2   ncfg=   150
block  3  2J=  4   ncfg=   158

optimization mode: eol = 5  -  statistically weighted levels

number of levels to optimize:  4

block  1  level=  1   weight=    0.08333
block  2  level=  1   weight=    0.25000
block  2  level=  2   weight=    0.25000
block  3  level=  1   weight=    0.41667

Memory required for Hamiltonian matrix:      0.19 Mb

--------------------------------------------------------------------------------

B-spline parameters:

ns   =  113             -  number of splines
ks   =    9             -  order  of splines
ksp  =    8             -  for large component
ksq  =    9             -  for small component
he   =    0.250         -  exponetial step size
tmax =   50.538         -  maximum radius

Spline integrals:

kmin =    0             -  min. multipole index
kmax =    5             -  max. multipole index
ntype=    4             -  number of different integrals

Memory required for spline integrals:      189.38 Mb

--------------------------------------------------------------------------------

Initial estimations:

  1s  - read from file 1.bsw
  2s  - read from file 1.bsw
  2p- - read from file 1.bsw
  2p  - read from file 1.bsw
  3s  - hydrogenic orbital with screening  3.00  and  n =  1
  3p- - hydrogenic orbital with screening  3.00  and  n =  2
  3p  - hydrogenic orbital with screening  3.00  and  n =  2
  3d- - hydrogenic orbital with screening  3.00  and  n =  3
  3d  - hydrogenic orbital with screening  3.00  and  n =  3

--------------------------------------------------------------------------------

Running parameters:

scf_tol =  1.00E-09                    - tolerance for energy convergence
orb_tol =  1.00E-05                    - tolerance for orbital convergence
end_tol =  1.00E-06                    - tolerance for ending zeros
max_it  =  25                          - max. number of iterations

ipzero  =  0                           - initial zeros for larger component
iqzero  =  0                           - initial zeros for small component
jpzero  =  1                           - final zeros for larger component
jqzero  =  1                           - final zeros for small component

--------------------------------------------------------------------------------

Additonal options (not applied if = 0)

method  =  1                           - method for solving MCHF equation
all     =  0                           - collective optimization
irhs    =  0                           - convert right-hand-side to main matrix
newton  =  0                           - use Newton-Rapson method
rotate  =  0                           - use rotations
debug   =  0                           - additional debug output

--------------------------------------------------------------------------------

c_au    =  137.0359997600000           - speed of light

--------------------------------------------------------------------------------

Block Level  2J      Energy      Leading CSFs

    1     1   0    -14.51555773   1  0.9977   2 -0.0555   3  0.0331   5  0.0153   6 -0.0077
    2     1   2    -14.51554977   2 -0.8147   1  0.5760   4  0.0453   3 -0.0321   7 -0.0242
    2     2   2    -14.39655661   1  0.7659   2  0.5415   3  0.2621   4  0.1853   6  0.0964
    3     1   4    -14.51553384   1  0.9977   2 -0.0555   6  0.0229   4  0.0214   8  0.0153

--------------------------------------------------------------------------------
Iteration    1
--------------------------------------------------------------------------------

   nl       e(nl)          qsum           dpm           ns

   3s    -0.16528E+01    0.54455E-03    0.32218E+00     87
   3p-   -0.16023E+00    0.95437E-02    0.22557E+00    103
   3p    -0.16057E+00    0.19097E-01    0.22154E+00    103
   3d-   -0.29002E+00    0.19350E-02    0.14579E+01     86
   3d    -0.28720E+00    0.29025E-02    0.14444E+01     88

Block Level  2J      Energy      Leading CSFs

    1     1   0    -14.52044360   1  0.9925   3  0.0989   2 -0.0602   6 -0.0277   5  0.0246
    2     1   2    -14.52043333   2 -0.8105   1  0.5729   7 -0.0723   6  0.0542   4  0.0492
    2     2   2    -14.42300070   1  0.7664   2  0.5418   3  0.1964   6  0.1828   4  0.1388
    3     1   4    -14.52041279   1  0.9925   6  0.0686   4  0.0642   2 -0.0601   5 -0.0280

etotal =           -14.49606747

Maximum orbital diff (relative):         1.46D+00  1.00D-05
Energy difference (relative):            7.09D-04  1.00D-09

--------------------------------------------------------------------------------
Iteration    2
--------------------------------------------------------------------------------

   nl       e(nl)          qsum           dpm           ns

   3s    -0.84156E+00    0.12400E-02    0.27197E+00     85
   3p-   -0.23863E+00    0.65108E-02    0.20411E+01     91
   3p    -0.26822E+00    0.13039E-01    0.20487E+01     90
   3d-   -0.33510E+00    0.89679E-02    0.13644E+00     83
   3d    -0.33417E+00    0.13518E-01    0.14057E+00     84

Block Level  2J      Energy      Leading CSFs

    1     1   0    -14.52098962   1  0.9926   3  0.0942   2  0.0587   5 -0.0378   6  0.0282
    2     1   2    -14.52099208   2 -0.8103   1  0.5734   7 -0.0688   6  0.0517   4 -0.0479
    2     2   2    -14.42383319   1  0.7753   2  0.5491   6  0.1719   3 -0.1587   9  0.1278
    3     1   4    -14.52099706   1  0.9927   6  0.0653   4  0.0611   2  0.0576   8 -0.0385

etotal =           -14.49670423

Maximum orbital diff (relative):         2.05D+00  1.00D-05
Energy difference (relative):            4.39D-05  1.00D-09

--------------------------------------------------------------------------------
Iteration    3
--------------------------------------------------------------------------------

   nl       e(nl)          qsum           dpm           ns

   3s    -0.66383E+00    0.27759E-02    0.96540E-01     81
   3p-   -0.28458E+00    0.56074E-02    0.63675E-01     90
   3p    -0.29588E+00    0.10535E-01    0.47680E-01     90
   3d-   -0.33134E+00    0.80721E-02    0.64991E-01     84
   3d    -0.33184E+00    0.12148E-01    0.59760E-01     84

Block Level  2J      Energy      Leading CSFs

    1     1   0    -14.52103818   1  0.9925   3  0.0964   2  0.0554   5 -0.0410   6  0.0284
    2     1   2    -14.52103425   2 -0.8103   1  0.5731   7 -0.0704   6  0.0528   4 -0.0452
    2     2   2    -14.42416793   1  0.7744   2  0.5478   6  0.1776   3 -0.1572   9  0.1325
    3     1   4    -14.52102639   1  0.9925   6  0.0667   4  0.0624   2  0.0551   8 -0.0413

etotal =           -14.49681472

Maximum orbital diff (relative):         9.65D-02  1.00D-05
Energy difference (relative):            7.62D-06  1.00D-09

--------------------------------------------------------------------------------
Iteration    4
--------------------------------------------------------------------------------

   nl       e(nl)          qsum           dpm           ns

   3s    -0.65137E+00    0.31291E-02    0.79492E-02     81
   3p-   -0.29705E+00    0.53725E-02    0.19545E-01     90
   3p    -0.30102E+00    0.10530E-01    0.12455E-01     90
   3d-   -0.33032E+00    0.85888E-02    0.10006E-02     84
   3d    -0.33039E+00    0.12849E-01    0.19062E-02     84

Block Level  2J      Energy      Leading CSFs

    1     1   0    -14.52105858   1  0.9925   3  0.0964   2  0.0548   5 -0.0416   6  0.0283
    2     1   2    -14.52105195   2 -0.8104   1  0.5730   7 -0.0704   6  0.0528   4 -0.0447
    2     2   2    -14.42413236   1  0.7749   2  0.5479   6  0.1780   3 -0.1554   9  0.1327
    3     1   4    -14.52103870   1  0.9925   6  0.0668   4  0.0624   2  0.0547   8 -0.0417

etotal =           -14.49681708

Maximum orbital diff (relative):         1.95D-02  1.00D-05
Energy difference (relative):            1.63D-07  1.00D-09

--------------------------------------------------------------------------------
Iteration    5
--------------------------------------------------------------------------------

   nl       e(nl)          qsum           dpm           ns

   3s    -0.65128E+00    0.31641E-02    0.10731E-02     80
   3p-   -0.30303E+00    0.52308E-02    0.66793E-02     90
   3p    -0.30445E+00    0.10388E-01    0.40219E-02     90
   3d-   -0.33024E+00    0.85984E-02    0.80600E-03     84
   3d    -0.33026E+00    0.12890E-01    0.43478E-03     84

Block Level  2J      Energy      Leading CSFs

    1     1   0    -14.52106693   1  0.9925   3  0.0963   2  0.0546   5 -0.0417   6  0.0283
    2     1   2    -14.52105946   2 -0.8104   1  0.5730   7 -0.0704   6  0.0528   4 -0.0445
    2     2   2    -14.42411349   1  0.7751   2  0.5480   6  0.1781   3 -0.1546   9  0.1328
    3     1   4    -14.52104451   1  0.9925   6  0.0668   4  0.0624   2  0.0545   8 -0.0417

etotal =           -14.49681736

Maximum orbital diff (relative):         6.68D-03  1.00D-05
Energy difference (relative):            1.89D-08  1.00D-09

--------------------------------------------------------------------------------
Iteration    6
--------------------------------------------------------------------------------

   nl       e(nl)          qsum           dpm           ns

   3s    -0.65164E+00    0.31687E-02    0.55578E-03     80
   3p-   -0.30536E+00    0.51745E-02    0.24351E-02     90
   3p    -0.30586E+00    0.10325E-01    0.14401E-02     90
   3d-   -0.33023E+00    0.85977E-02    0.32735E-03     84
   3d    -0.33024E+00    0.12894E-01    0.22833E-03     84

Block Level  2J      Energy      Leading CSFs

    1     1   0    -14.52107006   1  0.9925   3  0.0963   2  0.0545   5 -0.0417   6  0.0283
    2     1   2    -14.52106229   2 -0.8104   1  0.5730   7 -0.0704   6  0.0527   4 -0.0445
    2     2   2    -14.42410604   1  0.7752   2  0.5480   6  0.1781   3 -0.1543   9  0.1328
    3     1   4    -14.52104674   1  0.9925   6  0.0667   4  0.0624   2  0.0545   8 -0.0418

etotal =           -14.49681740

Maximum orbital diff (relative):         2.44D-03  1.00D-05
Energy difference (relative):            2.67D-09  1.00D-09

--------------------------------------------------------------------------------
Iteration    7
--------------------------------------------------------------------------------

   nl       e(nl)          qsum           dpm           ns

   3s    -0.65181E+00    0.31698E-02    0.22795E-03     80
   3p-   -0.30624E+00    0.51533E-02    0.90328E-03     90
   3p    -0.30639E+00    0.10300E-01    0.53053E-03     90
   3d-   -0.33023E+00    0.85972E-02    0.12313E-03     84
   3d    -0.33023E+00    0.12895E-01    0.89432E-04     84

Block Level  2J      Energy      Leading CSFs

    1     1   0    -14.52107123   1  0.9925   3  0.0963   2  0.0545   5 -0.0418   6  0.0283
    2     1   2    -14.52106334   2 -0.8104   1  0.5730   7 -0.0703   6  0.0527   4 -0.0445
    2     2   2    -14.42410324   1  0.7752   2  0.5480   6  0.1781   3 -0.1542   9  0.1328
    3     1   4    -14.52104757   1  0.9925   6  0.0667   4  0.0624   2  0.0545   8 -0.0418

etotal =           -14.49681740

Maximum orbital diff (relative):         9.03D-04  1.00D-05
Energy difference (relative):            3.82D-10  1.00D-09

--------------------------------------------------------------------------------
Iteration    8
--------------------------------------------------------------------------------

   nl       e(nl)          qsum           dpm           ns

   3s    -0.65187E+00    0.31701E-02    0.86562E-04     80
   3p-   -0.30657E+00    0.51454E-02    0.33653E-03     90
   3p    -0.30659E+00    0.10291E-01    0.19663E-03     90
   3d-   -0.33023E+00    0.85971E-02    0.45891E-04     84
   3d    -0.33023E+00    0.12895E-01    0.33532E-04     84

Block Level  2J      Energy      Leading CSFs

    1     1   0    -14.52107166   1  0.9925   3  0.0963   2  0.0544   5 -0.0418   6  0.0283
    2     1   2    -14.52106373   2 -0.8104   1  0.5729   7 -0.0703   6  0.0527   4 -0.0444
    2     2   2    -14.42410219   1  0.7752   2  0.5480   6  0.1781   3 -0.1542   9  0.1328
    3     1   4    -14.52104788   1  0.9925   6  0.0667   4  0.0624   2  0.0545   8 -0.0418

etotal =           -14.49681740

Maximum orbital diff (relative):         3.37D-04  1.00D-05
Energy difference (relative):            5.70D-11  1.00D-09

--------------------------------------------------------------------------------
Iteration    9
--------------------------------------------------------------------------------

   nl       e(nl)          qsum           dpm           ns

   3s    -0.65189E+00    0.31702E-02    0.32361E-04     80
   3p-   -0.30670E+00    0.51425E-02    0.12556E-03     90
   3p    -0.30666E+00    0.10288E-01    0.72959E-04     90
   3d-   -0.33022E+00    0.85970E-02    0.17099E-04     84
   3d    -0.33023E+00    0.12896E-01    0.12474E-04     84

Block Level  2J      Energy      Leading CSFs

    1     1   0    -14.52107182   1  0.9925   3  0.0963   2  0.0544   5 -0.0418   6  0.0283
    2     1   2    -14.52106388   2 -0.8104   1  0.5729   7 -0.0703   6  0.0527   4 -0.0444
    2     2   2    -14.42410180   1  0.7752   2  0.5480   6  0.1781   3 -0.1542   9  0.1328
    3     1   4    -14.52104800   1  0.9925   6  0.0667   4  0.0624   2  0.0545   8 -0.0418

etotal =           -14.49681740

Maximum orbital diff (relative):         1.26D-04  1.00D-05
Energy difference (relative):            9.41D-12  1.00D-09

--------------------------------------------------------------------------------
Iteration   10
--------------------------------------------------------------------------------

   nl       e(nl)          qsum           dpm           ns

   3s    -0.65190E+00    0.31703E-02    0.12057E-04     80
   3p-   -0.30674E+00    0.51414E-02    0.46884E-04     90
   3p    -0.30669E+00    0.10287E-01    0.27073E-04     90
   3d-   -0.33022E+00    0.85970E-02    0.63745E-05     84
   3d    -0.33023E+00    0.12896E-01    0.46354E-05     84

Block Level  2J      Energy      Leading CSFs

    1     1   0    -14.52107188   1  0.9925   3  0.0963   2  0.0544   5 -0.0418   6  0.0283
    2     1   2    -14.52106393   2 -0.8104   1  0.5729   7 -0.0703   6  0.0527   4 -0.0444
    2     2   2    -14.42410165   1  0.7752   2  0.5480   6  0.1781   3 -0.1541   9  0.1328
    3     1   4    -14.52104804   1  0.9925   6  0.0667   4  0.0624   2  0.0545   8 -0.0418

etotal =           -14.49681740

Maximum orbital diff (relative):         4.69D-05  1.00D-05
Energy difference (relative):            1.87D-12  1.00D-09

--------------------------------------------------------------------------------
Iteration   11
--------------------------------------------------------------------------------

   nl       e(nl)          qsum           dpm           ns

   3s    -0.65191E+00    0.31703E-02    0.44886E-05     80
   3p-   -0.30676E+00    0.51410E-02    0.17516E-04     90
   3p    -0.30670E+00    0.10286E-01    0.10045E-04     90
   3d-   -0.33022E+00    0.85970E-02    0.23775E-05     84
   3d    -0.33023E+00    0.12896E-01    0.17216E-05     84

Block Level  2J      Energy      Leading CSFs

    1     1   0    -14.52107190   1  0.9925   3  0.0963   2  0.0544   5 -0.0418   6  0.0283
    2     1   2    -14.52106395   2 -0.8104   1  0.5729   7 -0.0703   6  0.0527   4 -0.0444
    2     2   2    -14.42410160   1  0.7752   2  0.5480   6  0.1781   3 -0.1541   9  0.1328
    3     1   4    -14.52104806   1  0.9925   6  0.0667   4  0.0624   2  0.0545   8 -0.0418

etotal =           -14.49681740

Maximum orbital diff (relative):         1.75D-05  1.00D-05
Energy difference (relative):            4.68D-13  1.00D-09

--------------------------------------------------------------------------------
Iteration   12
--------------------------------------------------------------------------------

   nl       e(nl)          qsum           dpm           ns

   3s    -0.65191E+00    0.31703E-02    0.16708E-05     80
   3p-   -0.30677E+00    0.51408E-02    0.65468E-05     90
   3p    -0.30670E+00    0.10286E-01    0.37270E-05     90
   3d-   -0.33022E+00    0.85970E-02    0.88708E-06     84
   3d    -0.33023E+00    0.12896E-01    0.81877E-06     84

Block Level  2J      Energy      Leading CSFs

    1     1   0    -14.52107191   1  0.9925   3  0.0963   2  0.0544   5 -0.0418   6  0.0283
    2     1   2    -14.52106396   2 -0.8104   1  0.5729   7 -0.0703   6  0.0527   4 -0.0444
    2     2   2    -14.42410158   1  0.7752   2  0.5480   6  0.1781   3 -0.1541   9  0.1328
    3     1   4    -14.52104806   1  0.9925   6  0.0667   4  0.0624   2  0.0545   8 -0.0418

etotal =           -14.49681740

Maximum orbital diff (relative):         6.55D-06  1.00D-05
Energy difference (relative):            1.43D-13  1.00D-09

--------------------------------------------------------------------------------

ATOM:  Be

Convergence (latest difference):
Orbital diff. =                          6.55D-06
SCF diff. =                              1.43D-13

  nl       E(nl)        1/R       R       R**2       dmp       ns     max_R

  1s     -4.76457212    3.681    0.415    0.234    0.00E+00    68     13.54
  2s     -0.36766260    0.544    2.545    7.719    0.00E+00    80     25.54
  2p-    -0.20709805    0.429    3.064   11.693    0.00E+00    87     32.54
  2p     -0.20707600    0.429    3.064   11.696    0.00E+00    87     32.54
  3s     -0.65190768    0.549    3.531   16.176    1.67E-06    80     25.54
  3p-    -0.30676504    0.351    4.787   29.716    6.55E-06    90     35.54
  3p     -0.30670422    0.351    4.787   29.721    3.73E-06    90     35.54
  3d-    -0.33022462    0.336    3.501   14.144    8.87E-07    84     29.54
  3d     -0.33023055    0.336    3.501   14.145    8.19E-07    84     29.54

Average energy:                         -14.4968174034657391

Optimized states:

2s.2p-.0*                               -14.5210719106364383
2s.3p-.0*                               -14.5210639625146154
2p-.3s.0*                               -14.5210480631183749
2p.3d-.0*                               -14.4241015759389040

time:                   15.08  sec

--------------------------------------------------------------------------------


debug timing:

time_matrix:             9.97  sec
time_solve:              0.23  sec
time_diag:               4.59  sec

time_convolution:        9.73  sec
time_density:            0.06  sec

Calls to convol  =       6552
Calls to density =      49072
