================================================================================
                   MULTICONFIGURATION B-SPLINE DIRAC-HARTREE-FOCK
================================================================================

Name of case:                     He_n4

Configuration file:               He_n4.c

Angular-coefficients file:        He_n4.bnk

--------------------------------------------------------------------------------

c-file data: 

number of electrons:              2
number of configurations:        16
core orbitals:                    0
number of peel orbitals:         16

     1s      2s      2p-     2p      3s      3p-     3p      3d-     3d      4s 
     4p-     4p      4d-     4d      4f-     4f 

number of J-blocks:   1

block  1  2J=  0   ncfg=    16

optimization mode: eol = 1  -  equally weighted levels

number of levels to optimize:  1

block  1  level=  1   weight=    1.00000

Memory required for Hamiltonian matrix:      0.00 Mb

--------------------------------------------------------------------------------

B-spline parameters:

ns   =   90             -  number of splines
ks   =    9             -  order  of splines
ksp  =    8             -  for large component
ksq  =    9             -  for small component
he   =    0.250         -  exponetial step size
tmax =   25.674         -  maximum radius

Spline integrals:

kmin =    0             -  min. multipole index
kmax =    7             -  max. multipole index
ntype=    4             -  number of different integrals

Memory required for spline integrals:      160.18 Mb

--------------------------------------------------------------------------------

Initial estimations:

  1s  - read from file He_n3.bsw
  2s  - read from file He_n3.bsw
  2p- - read from file He_n3.bsw
  2p  - read from file He_n3.bsw
  3s  - read from file He_n3.bsw
  3p- - read from file He_n3.bsw
  3p  - read from file He_n3.bsw
  3d- - read from file He_n3.bsw
  3d  - read from file He_n3.bsw
  4s  - hydrogenic orbital with screening  1.00
  4p- - hydrogenic orbital with screening  1.00
  4p  - hydrogenic orbital with screening  1.00
  4d- - hydrogenic orbital with screening  1.00
  4d  - hydrogenic orbital with screening  1.00
  4f- - hydrogenic orbital with screening  1.00
  4f  - hydrogenic orbital with screening  1.00

--------------------------------------------------------------------------------

Running parameters:

scf_tol =  1.00E-09                    - tolerance for energy convergence
orb_tol =  1.00E-05                    - tolerance for orbital convergence
end_tol =  1.00E-06                    - tolerance for ending zeros
max_it  =  25                          - max. number of iterations

ipzero  =  0                           - initial zeros for larger component
iqzero  =  0                           - initial zeros for small component
jpzero  =  1                           - final zeros for larger component
jqzero  =  1                           - final zeros for small component

--------------------------------------------------------------------------------

Additonal options (not applied if = 0)

method  =  1                           - method for solving MCHF equation
irhs    =  0                           - convert right-hand-side to main matrix
newton  =  0                           - use Newton-Rapson method
rotate  =  0                           - use rotations
debug   =  0                           - additional debug output

--------------------------------------------------------------------------------

c_au    =  137.0359997600000           - speed of light

--------------------------------------------------------------------------------

Block Level  2J      Energy      Leading CSFs

    1     1   0     -2.90183870   1  0.9962   2 -0.0605   4  0.0492   3  0.0348   9 -0.0095

--------------------------------------------------------------------------------
Iteration    1
--------------------------------------------------------------------------------

   nl       e(nl)          qsum           dpm           ns

   1s    -0.95806E+00    0.19848E+01    0.30337E-04     86     diagonalization MCHF matrix
   2s    -0.30237E+01    0.73191E-02    0.45601E-03     88     diagonalization MCHF matrix
   2p-   -0.34696E+01    0.24248E-02    0.51413E-03     88     diagonalization MCHF matrix
   2p    -0.34700E+01    0.48501E-02    0.50850E-03     88     diagonalization MCHF matrix
   3s    -0.86198E+01    0.91832E-04    0.39176E-03     88     diagonalization MCHF matrix
   3p-   -0.90727E+01    0.59445E-04    0.39881E-03     88     diagonalization MCHF matrix
   3p    -0.90754E+01    0.11892E-03    0.39191E-03     88     diagonalization MCHF matrix
   3d-   -0.68921E+01    0.11974E-03    0.95969E-04     86     diagonalization MCHF matrix
   3d    -0.68935E+01    0.17967E-03    0.95059E-04     86     diagonalization MCHF matrix
   4s    -0.94463E+03    0.10024E-07    0.60710E+01     88     diagonalization MCHF matrix
   4p-   -0.81069E+03    0.11214E-07    0.62139E+01     88     diagonalization MCHF matrix
   4p    -0.80717E+03    0.22629E-07    0.62127E+01     88     diagonalization MCHF matrix
   4d-   -0.11488E+03    0.10000E-07    0.58723E+01     67     diagonalization MCHF matrix
   4d    -0.18635E+03    0.10000E-07    0.60839E+01     67     diagonalization MCHF matrix
   4f-   -0.12411E+00    0.10000E-07    0.96370E+00     88     diagonalization MCHF matrix
   4f    -0.12389E+00    0.10000E-07    0.95984E+00     88     diagonalization MCHF matrix

Block Level  2J      Energy      Leading CSFs

    1     1   0     -2.90230207   1  0.9962   2 -0.0603   4  0.0492   3  0.0348   9 -0.0095

etotal =            -2.90230207

Maximum orbital diff (relative):         6.21D+00  1.00D-05
Energy difference (relative):            1.60D-04  1.00D-09

--------------------------------------------------------------------------------
Iteration    2
--------------------------------------------------------------------------------

   nl       e(nl)          qsum           dpm           ns

   1s    -0.95853E+00    0.19849E+01    0.16313E-04     72     diagonalization MCHF matrix
   2s    -0.30240E+01    0.72684E-02    0.17832E-03     72     diagonalization MCHF matrix
   2p-   -0.34701E+01    0.24178E-02    0.18363E-03     69     diagonalization MCHF matrix
   2p    -0.34705E+01    0.48365E-02    0.16390E-03     69     diagonalization MCHF matrix
   3s    -0.86218E+01    0.89716E-04    0.50860E-03     88     diagonalization MCHF matrix
   3p-   -0.90719E+01    0.58168E-04    0.35755E-03     69     diagonalization MCHF matrix
   3p    -0.90746E+01    0.11643E-03    0.37799E-03     69     diagonalization MCHF matrix
   3d-   -0.68917E+01    0.11902E-03    0.89910E-03     71     diagonalization MCHF matrix
   3d    -0.68930E+01    0.17868E-03    0.82377E-03     70     diagonalization MCHF matrix
   4s    -0.50935E+02    0.13175E-05    0.28936E+00     88     diagonalization MCHF matrix
   4p-   -0.50353E+02    0.11260E-05    0.31328E+00     69     diagonalization MCHF matrix
   4p    -0.50408E+02    0.22497E-05    0.31177E+00     69     diagonalization MCHF matrix
   4d-   -0.30342E+02    0.40173E-05    0.26154E+00     72     diagonalization MCHF matrix
   4d    -0.34251E+02    0.51673E-05    0.28851E+00     69     diagonalization MCHF matrix
   4f-   -0.44805E+02    0.10000E-07    0.26989E+01     88     diagonalization MCHF matrix
   4f    -0.55216E+02    0.10000E-07    0.27214E+01     88     diagonalization MCHF matrix

Block Level  2J      Energy      Leading CSFs

    1     1   0     -2.90258389   1  0.9962   2 -0.0602   4  0.0491   3  0.0347   9 -0.0094

etotal =            -2.90258389

Maximum orbital diff (relative):         2.72D+00  1.00D-05
Energy difference (relative):            9.71D-05  1.00D-09

--------------------------------------------------------------------------------
Iteration    3
--------------------------------------------------------------------------------

   nl       e(nl)          qsum           dpm           ns

   1s    -0.95881E+00    0.19849E+01    0.92925E-05     72     diagonalization MCHF matrix
   2s    -0.30243E+01    0.72570E-02    0.11972E-03     72     diagonalization MCHF matrix
   2p-   -0.34704E+01    0.24072E-02    0.12140E-03     70     diagonalization MCHF matrix
   2p    -0.34708E+01    0.48153E-02    0.12298E-03     70     diagonalization MCHF matrix
   3s    -0.86245E+01    0.89309E-04    0.28766E-03     72     diagonalization MCHF matrix
   3p-   -0.90714E+01    0.57647E-04    0.30395E-03     70     diagonalization MCHF matrix
   3p    -0.90747E+01    0.11531E-03    0.31495E-03     69     diagonalization MCHF matrix
   3d-   -0.68944E+01    0.11724E-03    0.57205E-03     77     diagonalization MCHF matrix
   3d    -0.68957E+01    0.17601E-03    0.61371E-03     76     diagonalization MCHF matrix
   4s    -0.27422E+02    0.28481E-05    0.13277E+00     72     diagonalization MCHF matrix
   4p-   -0.27403E+02    0.23923E-05    0.12360E+00     72     diagonalization MCHF matrix
   4p    -0.27488E+02    0.47718E-05    0.12316E+00     74     diagonalization MCHF matrix
   4d-   -0.19962E+02    0.65594E-05    0.89324E-01     76     diagonalization MCHF matrix
   4d    -0.20789E+02    0.94001E-05    0.10144E+00     75     diagonalization MCHF matrix
   4f-   -0.20460E+02    0.82569E-05    0.44718E+00     66     diagonalization MCHF matrix
   4f    -0.21759E+02    0.10142E-04    0.47285E+00     71     diagonalization MCHF matrix

Block Level  2J      Energy      Leading CSFs

    1     1   0     -2.90281750   1  0.9962   2 -0.0602   4  0.0490   3  0.0346   9 -0.0093

etotal =            -2.90281750

Maximum orbital diff (relative):         4.73D-01  1.00D-05
Energy difference (relative):            8.05D-05  1.00D-09

--------------------------------------------------------------------------------
Iteration    4
--------------------------------------------------------------------------------

   nl       e(nl)          qsum           dpm           ns

   2s    -0.30245E+01    0.72540E-02    0.45819E-04     72     diagonalization MCHF matrix
   2p-   -0.34707E+01    0.23961E-02    0.95044E-04     69     diagonalization MCHF matrix
   2p    -0.34711E+01    0.47929E-02    0.92192E-04     69     diagonalization MCHF matrix
   3s    -0.86250E+01    0.89081E-04    0.39860E-03     72     diagonalization MCHF matrix
   3p-   -0.90711E+01    0.57498E-04    0.36189E-03     69     diagonalization MCHF matrix
   3p    -0.90743E+01    0.11501E-03    0.37606E-03     69     diagonalization MCHF matrix
   3d-   -0.68951E+01    0.11517E-03    0.70037E-03     74     diagonalization MCHF matrix
   3d    -0.68966E+01    0.17286E-03    0.64825E-03     74     diagonalization MCHF matrix
   4s    -0.22950E+02    0.34767E-05    0.37945E-01     72     diagonalization MCHF matrix
   4p-   -0.22833E+02    0.29265E-05    0.39054E-01     70     diagonalization MCHF matrix
   4p    -0.22887E+02    0.58419E-05    0.39643E-01     72     diagonalization MCHF matrix
   4d-   -0.17541E+02    0.75388E-05    0.30226E-01     73     diagonalization MCHF matrix
   4d    -0.17783E+02    0.11147E-04    0.36612E-01     73     diagonalization MCHF matrix
   4f-   -0.13752E+02    0.12806E-04    0.97804E-01     66     diagonalization MCHF matrix
   4f    -0.14052E+02    0.16670E-04    0.10789E+00     66     diagonalization MCHF matrix

Block Level  2J      Energy      Leading CSFs

    1     1   0     -2.90282613   1  0.9962   2 -0.0602   4  0.0489   3  0.0346   9 -0.0093

etotal =            -2.90282613

Maximum orbital diff (relative):         1.08D-01  1.00D-05
Energy difference (relative):            2.97D-06  1.00D-09

--------------------------------------------------------------------------------
Iteration    5
--------------------------------------------------------------------------------

   nl       e(nl)          qsum           dpm           ns

   2s    -0.30245E+01    0.72540E-02    0.29803E-04     72     diagonalization MCHF matrix
   2p-   -0.34707E+01    0.23949E-02    0.50336E-04     69     diagonalization MCHF matrix
   2p    -0.34711E+01    0.47905E-02    0.51291E-04     69     diagonalization MCHF matrix
   3s    -0.86247E+01    0.89082E-04    0.22830E-03     72     diagonalization MCHF matrix
   3p-   -0.90709E+01    0.57514E-04    0.19730E-03     69     diagonalization MCHF matrix
   3p    -0.90741E+01    0.11505E-03    0.20850E-03     69     diagonalization MCHF matrix
   3d-   -0.68949E+01    0.11496E-03    0.43217E-03     74     diagonalization MCHF matrix
   3d    -0.68964E+01    0.17252E-03    0.41068E-03     74     diagonalization MCHF matrix
   4s    -0.21823E+02    0.36756E-05    0.11087E-01     72     diagonalization MCHF matrix
   4p-   -0.21659E+02    0.31004E-05    0.11829E-01     71     diagonalization MCHF matrix
   4p    -0.21690E+02    0.61953E-05    0.12201E-01     73     diagonalization MCHF matrix
   4d-   -0.16893E+02    0.78655E-05    0.89516E-02     71     diagonalization MCHF matrix
   4d    -0.16974E+02    0.11746E-04    0.11247E-01     73     diagonalization MCHF matrix
   4f-   -0.12183E+02    0.14695E-04    0.28407E-01     67     diagonalization MCHF matrix
   4f    -0.12273E+02    0.19449E-04    0.32486E-01     67     diagonalization MCHF matrix

Block Level  2J      Energy      Leading CSFs

    1     1   0     -2.90282691   1  0.9962   2 -0.0602   4  0.0489   3  0.0346   9 -0.0093

etotal =            -2.90282691

Maximum orbital diff (relative):         3.25D-02  1.00D-05
Energy difference (relative):            2.69D-07  1.00D-09

--------------------------------------------------------------------------------
Iteration    6
--------------------------------------------------------------------------------

   nl       e(nl)          qsum           dpm           ns

   2s    -0.30245E+01    0.72540E-02    0.87152E-05     72     diagonalization MCHF matrix
   2p-   -0.34707E+01    0.23947E-02    0.37542E-04     69     diagonalization MCHF matrix
   2p    -0.34711E+01    0.47899E-02    0.38529E-04     69     diagonalization MCHF matrix
   3s    -0.86246E+01    0.89088E-04    0.11572E-03     72     diagonalization MCHF matrix
   3p-   -0.90708E+01    0.57518E-04    0.12959E-03     69     diagonalization MCHF matrix
   3p    -0.90740E+01    0.11505E-03    0.13704E-03     69     diagonalization MCHF matrix
   3d-   -0.68949E+01    0.11492E-03    0.24976E-03     72     diagonalization MCHF matrix
   3d    -0.68963E+01    0.17245E-03    0.24181E-03     72     diagonalization MCHF matrix
   4s    -0.21510E+02    0.37342E-05    0.31868E-02     72     diagonalization MCHF matrix
   4p-   -0.21331E+02    0.31523E-05    0.34786E-02     71     diagonalization MCHF matrix
   4p    -0.21350E+02    0.63026E-05    0.36486E-02     73     diagonalization MCHF matrix
   4d-   -0.16696E+02    0.79689E-05    0.28522E-02     69     diagonalization MCHF matrix
   4d    -0.16726E+02    0.11939E-04    0.36294E-02     73     diagonalization MCHF matrix
   4f-   -0.11785E+02    0.15249E-04    0.76880E-02     67     diagonalization MCHF matrix
   4f    -0.11815E+02    0.20293E-04    0.90250E-02     67     diagonalization MCHF matrix

Block Level  2J      Energy      Leading CSFs

    1     1   0     -2.90282697   1  0.9962   2 -0.0602   4  0.0489   3  0.0346   9 -0.0093

etotal =            -2.90282697

Maximum orbital diff (relative):         9.02D-03  1.00D-05
Energy difference (relative):            2.17D-08  1.00D-09

--------------------------------------------------------------------------------
Iteration    7
--------------------------------------------------------------------------------

   nl       e(nl)          qsum           dpm           ns

   2p-   -0.34707E+01    0.23946E-02    0.21350E-04     69     diagonalization MCHF matrix
   2p    -0.34711E+01    0.47898E-02    0.22063E-04     69     diagonalization MCHF matrix
   3s    -0.86246E+01    0.89091E-04    0.57971E-04     72     diagonalization MCHF matrix
   3p-   -0.90708E+01    0.57518E-04    0.79152E-04     69     diagonalization MCHF matrix
   3p    -0.90739E+01    0.11506E-03    0.83928E-04     69     diagonalization MCHF matrix
   3d-   -0.68949E+01    0.11491E-03    0.13295E-03     70     diagonalization MCHF matrix
   3d    -0.68963E+01    0.17243E-03    0.12943E-03     70     diagonalization MCHF matrix
   4s    -0.21421E+02    0.37511E-05    0.91952E-03     72     diagonalization MCHF matrix
   4p-   -0.21236E+02    0.31677E-05    0.10288E-02     71     diagonalization MCHF matrix
   4p    -0.21250E+02    0.63347E-05    0.10974E-02     73     diagonalization MCHF matrix
   4d-   -0.16635E+02    0.80014E-05    0.92328E-03     68     diagonalization MCHF matrix
   4d    -0.16649E+02    0.12001E-04    0.11800E-02     73     diagonalization MCHF matrix
   4f-   -0.11682E+02    0.15399E-04    0.20379E-02     66     diagonalization MCHF matrix
   4f    -0.11693E+02    0.20528E-04    0.24570E-02     67     diagonalization MCHF matrix

Block Level  2J      Energy      Leading CSFs

    1     1   0     -2.90282698   1  0.9962   2 -0.0602   4  0.0489   3  0.0346   9 -0.0093

etotal =            -2.90282698

Maximum orbital diff (relative):         2.46D-03  1.00D-05
Energy difference (relative):            1.77D-09  1.00D-09

--------------------------------------------------------------------------------
Iteration    8
--------------------------------------------------------------------------------

   nl       e(nl)          qsum           dpm           ns

   2p-   -0.34707E+01    0.23946E-02    0.11051E-04     69     diagonalization MCHF matrix
   2p    -0.34711E+01    0.47897E-02    0.11504E-04     69     diagonalization MCHF matrix
   3s    -0.86245E+01    0.89091E-04    0.29461E-04     72     diagonalization MCHF matrix
   3p-   -0.90707E+01    0.57519E-04    0.44585E-04     69     diagonalization MCHF matrix
   3p    -0.90739E+01    0.11506E-03    0.47435E-04     69     diagonalization MCHF matrix
   3d-   -0.68948E+01    0.11491E-03    0.67651E-04     70     diagonalization MCHF matrix
   3d    -0.68962E+01    0.17242E-03    0.66126E-04     70     diagonalization MCHF matrix
   4s    -0.21396E+02    0.37561E-05    0.26993E-03     72     diagonalization MCHF matrix
   4p-   -0.21208E+02    0.31722E-05    0.31081E-03     71     diagonalization MCHF matrix
   4p    -0.21220E+02    0.63445E-05    0.33697E-03     73     diagonalization MCHF matrix
   4d-   -0.16615E+02    0.80118E-05    0.30831E-03     68     diagonalization MCHF matrix
   4d    -0.16624E+02    0.12020E-04    0.39200E-03     73     diagonalization MCHF matrix
   4f-   -0.11655E+02    0.15439E-04    0.53854E-03     66     diagonalization MCHF matrix
   4f    -0.11661E+02    0.20592E-04    0.66683E-03     67     diagonalization MCHF matrix

Block Level  2J      Energy      Leading CSFs

    1     1   0     -2.90282698   1  0.9962   2 -0.0602   4  0.0489   3  0.0346   9 -0.0093

etotal =            -2.90282698

Maximum orbital diff (relative):         6.67D-04  1.00D-05
Energy difference (relative):            1.63D-10  1.00D-09

--------------------------------------------------------------------------------
Iteration    9
--------------------------------------------------------------------------------

   nl       e(nl)          qsum           dpm           ns

   2p-   -0.34707E+01    0.23946E-02    0.10975E-04     69     diagonalization MCHF matrix
   2p    -0.34711E+01    0.47897E-02    0.11483E-04     69     diagonalization MCHF matrix
   3s    -0.86245E+01    0.89092E-04    0.14966E-04     72     diagonalization MCHF matrix
   3p-   -0.90707E+01    0.57519E-04    0.25637E-04     69     diagonalization MCHF matrix
   3p    -0.90739E+01    0.11506E-03    0.27345E-04     69     diagonalization MCHF matrix
   3d-   -0.68948E+01    0.11490E-03    0.67035E-04     69     diagonalization MCHF matrix
   3d    -0.68962E+01    0.17242E-03    0.65572E-04     69     diagonalization MCHF matrix
   4s    -0.21388E+02    0.37576E-05    0.82158E-04     72     diagonalization MCHF matrix
   4p-   -0.21200E+02    0.31736E-05    0.99690E-04     71     diagonalization MCHF matrix
   4p    -0.21210E+02    0.63475E-05    0.10935E-03     73     diagonalization MCHF matrix
   4d-   -0.16608E+02    0.80152E-05    0.12208E-03     70     diagonalization MCHF matrix
   4d    -0.16616E+02    0.12027E-04    0.14843E-03     73     diagonalization MCHF matrix
   4f-   -0.11648E+02    0.15449E-04    0.14485E-03     66     diagonalization MCHF matrix
   4f    -0.11652E+02    0.20609E-04    0.18358E-03     67     diagonalization MCHF matrix

Block Level  2J      Energy      Leading CSFs

    1     1   0     -2.90282698   1  0.9962   2 -0.0602   4  0.0489   3  0.0346   9 -0.0093

etotal =            -2.90282698

Maximum orbital diff (relative):         1.84D-04  1.00D-05
Energy difference (relative):            2.22D-11  1.00D-09

--------------------------------------------------------------------------------
Iteration   10
--------------------------------------------------------------------------------

   nl       e(nl)          qsum           dpm           ns

   2p-   -0.34707E+01    0.23946E-02    0.84322E-06     69     diagonalization MCHF matrix
   2p    -0.34711E+01    0.47897E-02    0.68778E-06     69     diagonalization MCHF matrix
   3s    -0.86245E+01    0.89092E-04    0.75072E-05     72     diagonalization MCHF matrix
   3p-   -0.90707E+01    0.57519E-04    0.25376E-04     69     diagonalization MCHF matrix
   3p    -0.90739E+01    0.11506E-03    0.27235E-04     69     diagonalization MCHF matrix
   3d-   -0.68948E+01    0.11490E-03    0.90398E-06     69     diagonalization MCHF matrix
   3d    -0.68962E+01    0.17242E-03    0.92533E-06     69     diagonalization MCHF matrix
   4s    -0.21385E+02    0.37580E-05    0.27900E-04     72     diagonalization MCHF matrix
   4p-   -0.21197E+02    0.31741E-05    0.39631E-04     71     diagonalization MCHF matrix
   4p    -0.21207E+02    0.63485E-05    0.43732E-04     73     diagonalization MCHF matrix
   4d-   -0.16606E+02    0.80165E-05    0.36480E-04     70     diagonalization MCHF matrix
   4d    -0.16613E+02    0.12029E-04    0.45492E-04     73     diagonalization MCHF matrix
   4f-   -0.11646E+02    0.15452E-04    0.38372E-04     66     diagonalization MCHF matrix
   4f    -0.11649E+02    0.20614E-04    0.49949E-04     67     diagonalization MCHF matrix

Block Level  2J      Energy      Leading CSFs

    1     1   0     -2.90282698   1  0.9962   2 -0.0602   4  0.0489   3  0.0346   9 -0.0093

etotal =            -2.90282698

Maximum orbital diff (relative):         4.99D-05  1.00D-05
Energy difference (relative):            1.79D-12  1.00D-09

--------------------------------------------------------------------------------
Iteration   11
--------------------------------------------------------------------------------

   nl       e(nl)          qsum           dpm           ns

   3s    -0.86245E+01    0.89092E-04    0.37567E-05     72     diagonalization MCHF matrix
   3p-   -0.90707E+01    0.57519E-04    0.25822E-06     69     diagonalization MCHF matrix
   3p    -0.90739E+01    0.11506E-03    0.37367E-06     69     diagonalization MCHF matrix
   3d-   -0.68948E+01    0.11490E-03    0.90388E-06     69     diagonalization MCHF matrix
   3d    -0.68962E+01    0.17242E-03    0.92519E-06     69     diagonalization MCHF matrix
   4s    -0.21385E+02    0.37582E-05    0.99831E-05     72     diagonalization MCHF matrix
   4p-   -0.21196E+02    0.31742E-05    0.11604E-04     71     diagonalization MCHF matrix
   4p    -0.21206E+02    0.63489E-05    0.13043E-04     73     diagonalization MCHF matrix
   4d-   -0.16605E+02    0.80169E-05    0.11122E-04     70     diagonalization MCHF matrix
   4d    -0.16612E+02    0.12030E-04    0.14104E-04     73     diagonalization MCHF matrix
   4f-   -0.11645E+02    0.15453E-04    0.10125E-04     66     diagonalization MCHF matrix
   4f    -0.11649E+02    0.20615E-04    0.13563E-04     67     diagonalization MCHF matrix

Block Level  2J      Energy      Leading CSFs

    1     1   0     -2.90282698   1  0.9962   2 -0.0602   4  0.0489   3  0.0346   9 -0.0093

etotal =            -2.90282698

Maximum orbital diff (relative):         1.41D-05  1.00D-05
Energy difference (relative):            1.13D-13  1.00D-09

--------------------------------------------------------------------------------
Iteration   12
--------------------------------------------------------------------------------

   nl       e(nl)          qsum           dpm           ns

   4p-   -0.21195E+02    0.31743E-05    0.33718E-05     71     diagonalization MCHF matrix
   4p    -0.21206E+02    0.63490E-05    0.38722E-05     73     diagonalization MCHF matrix
   4d-   -0.16605E+02    0.80170E-05    0.33601E-05     70     diagonalization MCHF matrix
   4d    -0.16611E+02    0.12030E-04    0.43435E-05     73     diagonalization MCHF matrix
   4f-   -0.11645E+02    0.15453E-04    0.26421E-05     66     diagonalization MCHF matrix
   4f    -0.11648E+02    0.20615E-04    0.36570E-05     67     diagonalization MCHF matrix

Block Level  2J      Energy      Leading CSFs

    1     1   0     -2.90282698   1  0.9962   2 -0.0602   4  0.0489   3  0.0346   9 -0.0093

etotal =            -2.90282698

Maximum orbital diff (relative):         9.98D-06  1.00D-05
Energy difference (relative):            7.19D-15  1.00D-09

--------------------------------------------------------------------------------

ATOM:  He

Convergence (latest difference):
Orbital diff. =                          9.98D-06
SCF diff. =                              7.19D-15

  nl       E(nl)        1/R       R       R**2       dmp       ns     max_R

  1s     -0.95880798    1.689    0.928    1.189    9.29E-06    72     15.67
  2s     -3.02452981    1.924    1.252    2.392    8.72E-06    72     15.67
  2p-    -3.47065925    1.226    0.999    1.186    8.43E-07    69     12.67
  2p     -3.47107222    1.226    0.999    1.186    6.88E-07    69     12.67
  3s     -8.62451279    2.783    1.024    1.907    3.76E-06    72     15.67
  3p-    -9.07069629    1.764    0.927    1.263    2.58E-07    69     12.67
  3p     -9.07385717    1.764    0.927    1.263    3.74E-07    69     12.67
  3d-    -6.89483547    1.187    0.968    1.065    9.04E-07    69     12.67
  3d     -6.89623485    1.187    0.968    1.065    9.25E-07    69     12.67
  4s    -21.38467771    3.616    0.834    1.385    9.98E-06    72     15.67
  4p-   -21.19546622    2.355    0.807    1.076    3.37E-06    71     14.67
  4p    -21.20572825    2.354    0.807    1.076    3.87E-06    73     16.67
  4d-   -16.60500216    1.638    0.867    1.024    3.36E-06    70     13.67
  4d    -16.61130469    1.638    0.866    1.024    4.34E-06    73     16.67
  4f-   -11.64509468    1.176    0.946    0.989    2.64E-06    66      9.67
  4f    -11.64848121    1.176    0.946    0.989    3.66E-06    67     10.67

Average energy:                          -2.902826977380

Optimized states:

1s2.0                                    -2.902826977380          0.00000

time:                   23.25  sec

--------------------------------------------------------------------------------


debug timing:

time_matrix:             9.33  sec
time_solve:              5.64  sec
time_diag:               8.16  sec

time_convolution:        8.64  sec
time_density:            0.22  sec

Calls to convol  =      14796
Calls to density =      25180
