==============================================================
 DBSR_BREIT: angular coefficients for Dirak-Breit Hamiltonian 
==============================================================

Max. multipole index =  9

Tollerance for coefficients =    1.E-07

Breit coefficients are not included

It is a new calculation 

Breit contribution is not included 

number of atomic states   =    12
number of configurations  =    12
number of ang. symmetries =    12

Need of additional calculations --> yes 

ic,nsymc,kt,kdt =     1    12     1     4      0. sec   1s ( 2)  2p-( 2)  3p ( 3)  4d-( 1)
ic,nsymc,kt,kdt =     2    12     1     3      0. sec   1s ( 2)  2p-( 2)  3p ( 3)  4d-( 1)
ic,nsymc,kt,kdt =     3    12     1     4      0. sec   1s ( 2)  2p-( 2)  3p ( 3)  4d ( 1)
ic,nsymc,kt,kdt =     4    12     1     2      0. sec   1s ( 2)  2p-( 1)  3p ( 4)  4d-( 1)
ic,nsymc,kt,kdt =     5    12     1     2      0. sec   1s ( 2)  2p-( 2)  3p ( 3)  4d-( 1)
ic,nsymc,kt,kdt =     6    12     1     3      0. sec   1s ( 2)  2p-( 2)  3p ( 3)  4d ( 1)
ic,nsymc,kt,kdt =     7    12     1     1      0. sec   1s ( 2)  2p-( 1)  3p ( 4)  4d-( 1)
ic,nsymc,kt,kdt =     8    12     1     2      0. sec   1s ( 2)  2p-( 1)  3p ( 4)  4d ( 1)
ic,nsymc,kt,kdt =     9    12     1     1      0. sec   1s ( 2)  2p-( 2)  3p ( 3)  4d-( 1)
ic,nsymc,kt,kdt =    10    12     1     2      0. sec   1s ( 2)  2p-( 2)  3p ( 3)  4d ( 1)
ic,nsymc,kt,kdt =    11    12     1     1      0. sec   1s ( 2)  2p-( 1)  3p ( 4)  4d ( 1)
ic,nsymc,kt,kdt =    12    12     1     1      0. sec   1s ( 2)  2p-( 2)  3p ( 3)  4d ( 1)

Results for new angular symmetry calculations:

number of overlap determinants =         4         2
number of overlap factors      =        22         4
total number of coeff.s        =       293

time:         0.00 min
