================================================================================
                   MULTICONFIGURATION B-SPLINE DIRAC-HARTREE-FOCK
================================================================================

Name of case:                     Ce

Configuration file:               Ce.c

Angular-coefficients file:        Ce.bnk

--------------------------------------------------------------------------------

c-file data: 

number of electrons:              4
number of configurations:        20
core orbitals:                   17
core:   1s   2s   2p-  2p   3s   3p-  3p   3d-  3d   4s   4p-  4p   4d-  4d   5s   5p-  5p
number of peel orbitals:          5

     4f-     4f      5d-     5d      6s 

number of J-blocks:   7

block  1  2J=  0   ncfg=     1
block  2  2J=  2   ncfg=     3
block  3  2J=  4   ncfg=     4
block  4  2J=  6   ncfg=     4
block  5  2J=  8   ncfg=     4
block  6  2J= 10   ncfg=     3
block  7  2J= 12   ncfg=     1

optimization mode: eol = 5  -  statistically weighted levels

number of levels to optimize: 20

block  1  level=  1   weight=    0.00714
block  2  level=  1   weight=    0.02143
block  2  level=  2   weight=    0.02143
block  2  level=  3   weight=    0.02143
block  3  level=  1   weight=    0.03571
block  3  level=  2   weight=    0.03571
block  3  level=  3   weight=    0.03571
block  3  level=  4   weight=    0.03571
block  4  level=  1   weight=    0.05000
block  4  level=  2   weight=    0.05000
block  4  level=  3   weight=    0.05000
block  4  level=  4   weight=    0.05000
block  5  level=  1   weight=    0.06429
block  5  level=  2   weight=    0.06429
block  5  level=  3   weight=    0.06429
block  5  level=  4   weight=    0.06429
block  6  level=  1   weight=    0.07857
block  6  level=  2   weight=    0.07857
block  6  level=  3   weight=    0.07857
block  7  level=  1   weight=    0.09286

Memory required for Hamiltonian matrix:      0.00 Mb

--------------------------------------------------------------------------------

B-spline parameters:

ns   =  113             -  number of splines
ks   =    9             -  order  of splines
ksp  =    8             -  for large component
ksq  =    9             -  for small component
he   =    0.250         -  exponetial step size
tmax =   50.538         -  maximum radius

Spline integrals:

kmin =    0             -  min. multipole index
kmax =    7             -  max. multipole index
ntype=    4             -  number of different integrals

Memory required for spline integrals:      252.51 Mb

--------------------------------------------------------------------------------

Initial estimations:

  1s  - hydrogenic orbital with screening  1.00  and  n =  1
  2s  - hydrogenic orbital with screening  3.00  and  n =  2
  2p- - hydrogenic orbital with screening  6.50  and  n =  2
  2p  - hydrogenic orbital with screening  6.50  and  n =  2
  3s  - hydrogenic orbital with screening 11.00  and  n =  3
  3p- - hydrogenic orbital with screening 14.50  and  n =  3
  3p  - hydrogenic orbital with screening 14.50  and  n =  3
  3d- - hydrogenic orbital with screening 22.50  and  n =  3
  3d  - hydrogenic orbital with screening 22.50  and  n =  3
  4s  - hydrogenic orbital with screening 29.00  and  n =  4
  4p- - hydrogenic orbital with screening 32.50  and  n =  4
  4p  - hydrogenic orbital with screening 32.50  and  n =  4
  4d- - hydrogenic orbital with screening 40.50  and  n =  4
  4d  - hydrogenic orbital with screening 40.50  and  n =  4
  5s  - hydrogenic orbital with screening 47.00  and  n =  5
  5p- - hydrogenic orbital with screening 50.50  and  n =  5
  5p  - hydrogenic orbital with screening 50.50  and  n =  5
  4f- - hydrogenic orbital with screening 54.00  and  n =  4
  4f  - hydrogenic orbital with screening 54.00  and  n =  4
  5d- - hydrogenic orbital with screening 55.00  and  n =  5
  5d  - hydrogenic orbital with screening 55.00  and  n =  5
  6s  - hydrogenic orbital with screening 57.00  and  n =  6

--------------------------------------------------------------------------------

Running parameters:

scf_tol =  1.00E-09                    - tolerance for energy convergence
orb_tol =  1.00E-05                    - tolerance for orbital convergence
end_tol =  1.00E-06                    - tolerance for ending zeros
max_it  =  25                          - max. number of iterations

ipzero  =  0                           - initial zeros for larger component
iqzero  =  0                           - initial zeros for small component
jpzero  =  1                           - final zeros for larger component
jqzero  =  1                           - final zeros for small component

--------------------------------------------------------------------------------

Additonal options (not applied if = 0)

method  =  1                           - method for solving MCHF equation
all     =  0                           - collective optimization
irhs    =  0                           - convert right-hand-side to main matrix
newton  =  0                           - use Newton-Rapson method
rotate  =  0                           - use rotations
debug   =  0                           - additional debug output

--------------------------------------------------------------------------------

c_au    =  137.0359997600000           - speed of light

--------------------------------------------------------------------------------

Ecore  =   -8602.85071526

Block Level  2J      Energy      Leading CSFs

    1     1   0  -8604.20229976   1  1.0000
    2     1   2  -8604.20713015   1  0.6817   2  0.6287   3 -0.3741
    2     2   2  -8604.20246504   2  0.7624   3  0.4690   1 -0.4458
    2     3   2  -8604.19803399   3  0.8001   1  0.5801   2 -0.1529
    3     1   4  -8604.21143444   1  0.8293   2  0.4636   3 -0.2241   4 -0.2169
    3     2   4  -8604.20893556   4  0.7311   1  0.4815   2 -0.3674   3  0.3142
    3     3   4  -8604.20709580   2  0.7304   3  0.6198   4  0.2212   1 -0.1830
    3     4   4  -8604.20275349   3  0.6833   4 -0.6079   2 -0.3415   1  0.2166
    4     1   6  -8604.21138781   3 -0.7233   1  0.5425   2 -0.3631   4 -0.2251
    4     2   6  -8604.21087014   2  0.6964   1  0.6902   3  0.1870   4 -0.0609
    4     3   6  -8604.20738352   3  0.6358   2 -0.6190   1  0.4574   4  0.0578
    4     4   6  -8604.20681102   4  0.9707   3 -0.1939   1  0.1418   2 -0.0037
    5     1   8  -8604.21314945   3  0.6349   2 -0.4690   4  0.4480   1  0.4198
    5     2   8  -8604.21112662   4  0.7190   3 -0.6724   2 -0.1615   1  0.0692
    5     3   8  -8604.21056834   2 -0.7507   4 -0.5136   3 -0.3451   1  0.2313
    5     4   8  -8604.20893759   1  0.8749   2  0.4363   3 -0.1602   4 -0.1361
    6     1  10  -8604.21041355   3  0.8801   2 -0.4428   1  0.1711
    6     2  10  -8604.20859103   1  0.7077   2  0.6768   3  0.2029
    6     3  10  -8604.20160740   1  0.6855   2 -0.5882   3 -0.4292
    7     1  12  -8604.20814809   1  1.0000

--------------------------------------------------------------------------------
Iteration    1
--------------------------------------------------------------------------------

   nl       e(nl)          qsum           dpm           ns

   1s    -0.15313E+04    0.20000E+01    0.93476E-02     52
   2s    -0.27216E+03    0.20000E+01    0.19825E+01     57
   2p-   -0.25897E+03    0.20000E+01    0.64055E-01     56
   2p    -0.24165E+03    0.40000E+01    0.47969E-01     58
   3s    -0.73757E+02    0.20000E+01    0.21994E+00     62
   3p-   -0.67770E+02    0.20000E+01    0.19220E+01     64
   3p    -0.63748E+02    0.40000E+01    0.19328E+01     64
   3d-   -0.53337E+02    0.40000E+01    0.30451E+00     62
   3d    -0.50923E+02    0.60000E+01    0.27400E+00     62
   4s    -0.22351E+02    0.20000E+01    0.16255E+01    111
   4p-   -0.19558E+02    0.20000E+01    0.12780E+01     69
   4p    -0.17986E+02    0.40000E+01    0.11715E+01     69
   4d-   -0.12752E+02    0.40000E+01    0.13888E+01     73
   4d    -0.10513E+02    0.60000E+01    0.14978E+01     73
   5s    -0.48490E+01    0.20000E+01    0.16570E+01    111
   5p-   -0.35747E+01    0.20000E+01    0.20187E+01    109
   5p    -0.27730E+01    0.40000E+01    0.19025E+01    111
   4f-   -0.46841E+00    0.42857E+00    0.10153E+01     83
   4f    -0.47309E+00    0.57143E+00    0.10216E+01     83
   5d-   -0.56776E+00    0.40000E+00    0.15204E+01     80
   5d    -0.54180E+00    0.60000E+00    0.13866E+01     78
   6s    -0.34941E+00    0.20000E+01    0.24580E+01    111

Ecore  =   -8853.10402611

Block Level  2J      Energy      Leading CSFs

    1     1   0  -8854.93143518   1  1.0000
    2     1   2  -8854.94292288   1  0.8342   3 -0.5514   2  0.0056
    2     2   2  -8854.93075145   2  0.9811   3  0.1644   1  0.1021
    2     3   2  -8854.88111687   3  0.8179   1  0.5419   2 -0.1935
    3     1   4  -8855.00726821   1  0.8913   2  0.3868   3 -0.1964   4 -0.1320
    3     2   4  -8854.97993717   4 -0.6908   3 -0.4645   2  0.4035   1 -0.3798
    3     3   4  -8854.94865051   3 -0.8584   4  0.4630   2 -0.2194   1 -0.0254
    3     4   4  -8854.93245084   2 -0.7997   4 -0.5394   1  0.2464   3 -0.0939
    4     1   6  -8855.00409948   3 -0.7680   2 -0.5954   1  0.1777   4 -0.1548
    4     2   6  -8854.94744862   1  0.9351   2  0.3096   4 -0.1721   3  0.0110
    4     3   6  -8854.93865336   2  0.6007   3 -0.5939   4  0.5267   1 -0.0950
    4     4   6  -8854.92042151   4 -0.8179   2  0.4344   1 -0.2915   3 -0.2394
    5     1   8  -8855.03118424   1  0.9966   2  0.0670   4  0.0413   3  0.0250
    5     2   8  -8855.01868491   3  0.7598   2 -0.5778   4  0.2979   1  0.0074
    5     3   8  -8854.99761678   4  0.9413   3 -0.3326   2  0.0475   1 -0.0339
    5     4   8  -8854.94104768   2 -0.8120   3 -0.5581   4 -0.1535   1  0.0750
    6     1  10  -8855.02137458   2 -0.7507   1 -0.6595   3 -0.0393
    6     2  10  -8854.93778378   3  0.8978   2 -0.3162   1  0.3065
    6     3  10  -8854.86052980   1  0.6864   2 -0.5801   3 -0.4386
    7     1  12  -8855.01065600   1  1.0000

etotal =         -8854.96616860

Maximum orbital diff (relative):         2.46D+00  1.00D-05
Energy difference (relative):            2.83D-02  1.00D-09

--------------------------------------------------------------------------------
Iteration    2
--------------------------------------------------------------------------------

   nl       e(nl)          qsum           dpm           ns

   1s    -0.14888E+04    0.20000E+01    0.10741E-02     53
   2s    -0.23864E+03    0.20000E+01    0.14302E-01     58
   2p-   -0.22435E+03    0.20000E+01    0.15059E-01     58
   2p    -0.20807E+03    0.40000E+01    0.15268E-01     58
   3s    -0.51367E+02    0.20000E+01    0.62924E-01     63
   3p-   -0.45387E+02    0.20000E+01    0.64905E-01     61
   3p    -0.42288E+02    0.40000E+01    0.66232E-01     61
   3d-   -0.32057E+02    0.40000E+01    0.61237E-01     59
   3d    -0.31747E+02    0.60000E+01    0.39720E-01     60
   4s    -0.10734E+02    0.20000E+01    0.16116E+00     70
   4p-   -0.85565E+01    0.20000E+01    0.17389E+00     68
   4p    -0.79920E+01    0.40000E+01    0.16637E+00     70
   4d-   -0.43779E+01    0.40000E+01    0.16697E+00     69
   4d    -0.45141E+01    0.60000E+01    0.94032E-01     69
   5s    -0.18505E+01    0.20000E+01    0.18243E+00     74
   5p-   -0.11485E+01    0.20000E+01    0.19352E+00     74
   5p    -0.10807E+01    0.40000E+01    0.15719E+00     74
   4f-   -0.47022E+00    0.42857E+00    0.77492E+00     73
   4f    -0.45839E+00    0.57143E+00    0.76210E+00     74
   5d-   -0.19616E+00    0.40000E+00    0.16926E+00     87
   5d    -0.19162E+00    0.60000E+00    0.11959E+00     87
   6s    -0.17340E+00    0.20000E+01    0.20072E+00     92

Ecore  =   -8858.34692668

Block Level  2J      Energy      Leading CSFs

    1     1   0  -8860.96477008   1  1.0000
    2     1   2  -8860.97689010   1  0.6941   2  0.6675   3 -0.2697
    2     2   2  -8860.96366629   2  0.7392   1 -0.5740   3  0.3522
    2     3   2  -8860.93687633   3  0.8962   1  0.4344   2 -0.0896
    3     1   4  -8861.00141203   1  0.8854   2  0.4328   3 -0.1355   4 -0.1019
    3     2   4  -8860.98457208   2 -0.7019   4  0.5356   1  0.4327   3  0.1826
    3     3   4  -8860.97152837   3  0.6506   4  0.5413   2  0.5242   1 -0.0943
    3     4   4  -8860.95696105   3 -0.7245   4  0.6401   2  0.2129   1 -0.1413
    4     1   6  -8860.99603630   2 -0.7967   3 -0.5554   1  0.1967   4 -0.1346
    4     2   6  -8860.99022883   1  0.9257   2  0.3396   3 -0.1360   4 -0.0961
    4     3   6  -8860.97230505   3  0.8076   2 -0.4982   1  0.3084   4  0.0673
    4     4   6  -8860.96462379   4  0.9839   3 -0.1445   1  0.0962   2 -0.0417
    5     1   8  -8861.00469711   1  0.7339   2 -0.4992   3  0.3957   4  0.2359
    5     2   8  -8860.99657363   1  0.6684   2  0.6351   3 -0.3693   4 -0.1161
    5     3   8  -8860.98836346   4  0.9447   3 -0.3065   1 -0.0829   2  0.0817
    5     4   8  -8860.98309234   3 -0.7830   2 -0.5838   4 -0.1958   1  0.0880
    6     1  10  -8860.99111910   1  0.7775   2  0.6212   3  0.0977
    6     2  10  -8860.97673478   3  0.8655   2 -0.4386   1  0.2417
    6     3  10  -8860.94381224   2 -0.6494   1  0.5805   3 -0.4912
    7     1  12  -8860.98255037   1  1.0000

etotal =         -8860.97991296

Maximum orbital diff (relative):         7.75D-01  1.00D-05
Energy difference (relative):            6.79D-04  1.00D-09

--------------------------------------------------------------------------------
Iteration    3
--------------------------------------------------------------------------------

   nl       e(nl)          qsum           dpm           ns

   1s    -0.14953E+04    0.20000E+01    0.17331E-03     53
   2s    -0.24358E+03    0.20000E+01    0.28298E-02     58
   2p-   -0.22937E+03    0.20000E+01    0.28862E-02     57
   2p    -0.21287E+03    0.40000E+01    0.27535E-02     57
   3s    -0.54177E+02    0.20000E+01    0.13098E-01     62
   3p-   -0.48107E+02    0.20000E+01    0.13630E-01     62
   3p    -0.44759E+02    0.40000E+01    0.13293E-01     62
   3d-   -0.34248E+02    0.40000E+01    0.11511E-01     61
   3d    -0.33484E+02    0.60000E+01    0.63499E-02     61
   4s    -0.11639E+02    0.20000E+01    0.24667E-01     69
   4p-   -0.92897E+01    0.20000E+01    0.26188E-01     68
   4p    -0.85635E+01    0.40000E+01    0.25893E-01     70
   4d-   -0.46288E+01    0.40000E+01    0.18364E-01     68
   4d    -0.45063E+01    0.60000E+01    0.21604E-01     69
   5s    -0.18744E+01    0.20000E+01    0.58205E-01     72
   5p-   -0.11615E+01    0.20000E+01    0.67345E-01     76
   5p    -0.10649E+01    0.40000E+01    0.68406E-01     77
   4f-   -0.60011E+00    0.42857E+00    0.13543E-01     73
   4f    -0.58942E+00    0.57143E+00    0.13453E-01     73
   5d-   -0.24955E+00    0.40000E+00    0.61314E-01     84
   5d    -0.24416E+00    0.60000E+00    0.59552E-01     84
   6s    -0.18493E+00    0.20000E+01    0.42087E-01     91

Ecore  =   -8858.34304041

Block Level  2J      Energy      Leading CSFs

    1     1   0  -8861.05039253   1  1.0000
    2     1   2  -8861.06403451   1  0.6958   2  0.6605   3 -0.2821
    2     2   2  -8861.04944404   2  0.7448   1 -0.5600   3  0.3628
    2     3   2  -8861.02168301   3  0.8881   1  0.4497   2 -0.0945
    3     1   4  -8861.08987341   1  0.8829   2  0.4344   3 -0.1417   4 -0.1084
    3     2   4  -8861.07243333   2 -0.6749   4  0.5634   1  0.4331   3  0.1987
    3     3   4  -8861.05919616   3  0.6514   2  0.5514   4  0.5107   1 -0.1040
    3     4   4  -8861.04347578   3 -0.7184   4  0.6403   2  0.2276   1 -0.1487
    4     1   6  -8861.08460871   2 -0.7801   3 -0.5762   1  0.2004   4 -0.1392
    4     2   6  -8861.07844052   1  0.9181   2  0.3568   3 -0.1391   4 -0.1018
    4     3   6  -8861.05996773   3  0.7926   2 -0.5122   1  0.3257   4  0.0588
    4     4   6  -8861.05234551   4  0.9833   3 -0.1433   1  0.1039   2 -0.0429
    5     1   8  -8861.09368630   1  0.7002   2 -0.5151   3  0.4237   4  0.2547
    5     2   8  -8861.08457623   1  0.7023   2  0.5988   3 -0.3710   4 -0.1024
    5     3   8  -8861.07736727   4  0.9408   3 -0.3165   1 -0.0948   2  0.0760
    5     4   8  -8861.07180590   3 -0.7633   2 -0.6085   4 -0.1989   1  0.0866
    6     1  10  -8861.07897722   1  0.7669   2  0.6352   3  0.0916
    6     2  10  -8861.06560679   3  0.8709   2 -0.4245   1  0.2476
    6     3  10  -8861.02969130   2 -0.6452   1  0.5921   3 -0.4828
    7     1  12  -8861.07060076   1  1.0000

etotal =         -8861.06778620

Maximum orbital diff (relative):         6.84D-02  1.00D-05
Energy difference (relative):            9.92D-06  1.00D-09

--------------------------------------------------------------------------------
Iteration    4
--------------------------------------------------------------------------------

   nl       e(nl)          qsum           dpm           ns

   1s    -0.14951E+04    0.20000E+01    0.19927E-04     53
   2s    -0.24347E+03    0.20000E+01    0.21236E-03     58
   2p-   -0.22927E+03    0.20000E+01    0.21458E-03     57
   2p    -0.21280E+03    0.40000E+01    0.16619E-03     57
   3s    -0.54205E+02    0.20000E+01    0.60583E-03     61
   3p-   -0.48164E+02    0.20000E+01    0.53960E-03     60
   3p    -0.44850E+02    0.40000E+01    0.36508E-03     60
   3d-   -0.34423E+02    0.40000E+01    0.69131E-03     61
   3d    -0.33716E+02    0.60000E+01    0.15113E-02     61
   4s    -0.11727E+02    0.20000E+01    0.27845E-02     68
   4p-   -0.93906E+01    0.20000E+01    0.33909E-02     68
   4p    -0.86701E+01    0.40000E+01    0.29892E-02     70
   4d-   -0.47606E+01    0.40000E+01    0.84339E-02     66
   4d    -0.46161E+01    0.60000E+01    0.70002E-02     68
   5s    -0.18769E+01    0.20000E+01    0.37371E-02     73
   5p-   -0.11518E+01    0.20000E+01    0.26074E-02     76
   5p    -0.10434E+01    0.40000E+01    0.28074E-02     76
   4f-   -0.53436E+00    0.42857E+00    0.13699E-01     73
   4f    -0.52410E+00    0.57143E+00    0.13978E-01     74
   5d-   -0.23790E+00    0.40000E+00    0.17942E-01     84
   5d    -0.23283E+00    0.60000E+00    0.16627E-01     85
   6s    -0.18222E+00    0.20000E+01    0.84206E-02     91

Ecore  =   -8858.38319650

Block Level  2J      Energy      Leading CSFs

    1     1   0  -8861.05704100   1  1.0000
    2     1   2  -8861.07011946   1  0.6936   2  0.6620   3 -0.2841
    2     2   2  -8861.05608658   2  0.7430   1 -0.5574   3  0.3705
    2     3   2  -8861.02828458   3  0.8843   1  0.4563   2 -0.0986
    3     1   4  -8861.09638839   1  0.8804   2  0.4379   3 -0.1437   4 -0.1120
    3     2   4  -8861.07906076   2 -0.6603   4  0.5750   1  0.4357   3  0.2087
    3     3   4  -8861.06555189   3  0.6458   2  0.5657   4  0.5003   1 -0.1123
    3     4   4  -8861.05040102   3 -0.7202   4  0.6376   2  0.2286   1 -0.1501
    4     1   6  -8861.09130325   2 -0.7766   3 -0.5818   1  0.1960   4 -0.1417
    4     2   6  -8861.08405295   1  0.9174   2  0.3570   3 -0.1421   4 -0.1039
    4     3   6  -8861.06608550   3  0.7900   2 -0.5165   1  0.3279   4  0.0403
    4     4   6  -8861.05873346   4  0.9836   3 -0.1312   1  0.1117   2 -0.0530
    5     1   8  -8861.10042705   1  0.7055   2 -0.5043   3  0.4256   4  0.2584
    5     2   8  -8861.09168016   1  0.6980   2  0.5941   3 -0.3829   4 -0.1154
    5     3   8  -8861.08436114   4  0.9405   3 -0.3152   1 -0.0918   2  0.0875
    5     4   8  -8861.07771223   3 -0.7569   2 -0.6206   4 -0.1880   1  0.0818
    6     1  10  -8861.08628670   1  0.7625   2  0.6411   3  0.0869
    6     2  10  -8861.07168645   3  0.8732   2 -0.4175   1  0.2515
    6     3  10  -8861.03543037   2 -0.6440   1  0.5960   3 -0.4796
    7     1  12  -8861.07818605   1  1.0000

etotal =         -8861.07435880

Maximum orbital diff (relative):         1.79D-02  1.00D-05
Energy difference (relative):            7.42D-07  1.00D-09

--------------------------------------------------------------------------------
Iteration    5
--------------------------------------------------------------------------------

   nl       e(nl)          qsum           dpm           ns

   1s    -0.14949E+04    0.20000E+01    0.94631E-06     53
   2s    -0.24332E+03    0.20000E+01    0.64785E-04     58
   2p-   -0.22911E+03    0.20000E+01    0.67512E-04     57
   2p    -0.21264E+03    0.40000E+01    0.79569E-04     57
   3s    -0.54107E+02    0.20000E+01    0.43134E-03     61
   3p-   -0.48064E+02    0.20000E+01    0.47418E-03     60
   3p    -0.44753E+02    0.40000E+01    0.52579E-03     60
   3d-   -0.34320E+02    0.40000E+01    0.58085E-03     61
   3d    -0.33623E+02    0.60000E+01    0.51947E-03     61
   4s    -0.11698E+02    0.20000E+01    0.13436E-02     68
   4p-   -0.93667E+01    0.20000E+01    0.14377E-02     68
   4p    -0.86507E+01    0.40000E+01    0.14493E-02     70
   4d-   -0.47516E+01    0.40000E+01    0.16354E-02     66
   4d    -0.46267E+01    0.60000E+01    0.83844E-03     68
   5s    -0.18893E+01    0.20000E+01    0.28685E-02     73
   5p-   -0.11631E+01    0.20000E+01    0.37183E-02     76
   5p    -0.10527E+01    0.40000E+01    0.35527E-02     76
   4f-   -0.53910E+00    0.42857E+00    0.90981E-03     73
   4f    -0.52872E+00    0.57143E+00    0.10205E-02     74
   5d-   -0.23862E+00    0.40000E+00    0.13268E-02     84
   5d    -0.23364E+00    0.60000E+00    0.83428E-03     85
   6s    -0.18257E+00    0.20000E+01    0.20160E-02     91

Ecore  =   -8858.38967324

Block Level  2J      Energy      Leading CSFs

    1     1   0  -8861.05759456   1  1.0000
    2     1   2  -8861.07061412   1  0.6914   2  0.6648   3 -0.2828
    2     2   2  -8861.05659317   2  0.7406   1 -0.5602   3  0.3712
    2     3   2  -8861.02881712   3  0.8844   1  0.4562   2 -0.0982
    3     1   4  -8861.09676823   1  0.8795   2  0.4397   3 -0.1433   4 -0.1124
    3     2   4  -8861.07950697   2 -0.6621   4  0.5726   1  0.4377   3  0.2054
    3     3   4  -8861.06599566   3  0.6440   2  0.5631   4  0.5057   1 -0.1119
    3     4   4  -8861.05080794   3 -0.7229   4  0.6355   2  0.2263   1 -0.1497
    4     1   6  -8861.09170703   2 -0.7803   3 -0.5780   1  0.1926   4 -0.1410
    4     2   6  -8861.08451470   1  0.9183   2  0.3532   3 -0.1452   4 -0.1047
    4     3   6  -8861.06651488   3  0.7918   2 -0.5135   1  0.3277   4  0.0439
    4     4   6  -8861.05920783   4  0.9835   3 -0.1337   1  0.1107   2 -0.0514
    5     1   8  -8861.10077633   1  0.7030   2 -0.5085   3  0.4244   4  0.2590
    5     2   8  -8861.09203677   1  0.7003   2  0.5955   3 -0.3768   4 -0.1139
    5     3   8  -8861.08474126   4  0.9410   3 -0.3125   1 -0.0924   2  0.0909
    5     4   8  -8861.07814536   3 -0.7617   2 -0.6152   4 -0.1853   1  0.0831
    6     1  10  -8861.08665315   1  0.7646   2  0.6383   3  0.0892
    6     2  10  -8861.07213517   3  0.8729   2 -0.4198   1  0.2486
    6     3  10  -8861.03598109   2 -0.6453   1  0.5946   3 -0.4796
    7     1  12  -8861.07856118   1  1.0000

etotal =         -8861.07478378

Maximum orbital diff (relative):         3.72D-03  1.00D-05
Energy difference (relative):            4.80D-08  1.00D-09

--------------------------------------------------------------------------------
Iteration    6
--------------------------------------------------------------------------------

   nl       e(nl)          qsum           dpm           ns

   1s    -0.14949E+04    0.20000E+01    0.94645E-06     53
   2s    -0.24334E+03    0.20000E+01    0.19436E-04     58
   2p-   -0.22913E+03    0.20000E+01    0.20256E-04     57
   2p    -0.21266E+03    0.40000E+01    0.20017E-04     57
   3s    -0.54114E+02    0.20000E+01    0.92995E-04     61
   3p-   -0.48069E+02    0.20000E+01    0.96602E-04     60
   3p    -0.44756E+02    0.40000E+01    0.92974E-04     60
   3d-   -0.34321E+02    0.40000E+01    0.68127E-04     61
   3d    -0.33619E+02    0.60000E+01    0.33311E-04     61
   4s    -0.11692E+02    0.20000E+01    0.12455E-03     68
   4p-   -0.93598E+01    0.20000E+01    0.16452E-03     68
   4p    -0.86432E+01    0.40000E+01    0.15934E-03     70
   4d-   -0.47422E+01    0.40000E+01    0.32112E-03     66
   4d    -0.46160E+01    0.60000E+01    0.38283E-03     68
   5s    -0.18855E+01    0.20000E+01    0.60605E-03     72
   5p-   -0.11607E+01    0.20000E+01    0.66208E-03     76
   5p    -0.10517E+01    0.40000E+01    0.34851E-03     76
   4f-   -0.54200E+00    0.42857E+00    0.77545E-03     73
   4f    -0.53162E+00    0.57143E+00    0.77628E-03     74
   5d-   -0.23896E+00    0.40000E+00    0.95330E-03     84
   5d    -0.23394E+00    0.60000E+00    0.10726E-02     85
   6s    -0.18257E+00    0.20000E+01    0.10468E-02     91

Ecore  =   -8858.38640281

Block Level  2J      Energy      Leading CSFs

    1     1   0  -8861.05759015   1  1.0000
    2     1   2  -8861.07065614   1  0.6920   2  0.6642   3 -0.2829
    2     2   2  -8861.05659773   2  0.7411   1 -0.5599   3  0.3705
    2     3   2  -8861.02882633   3  0.8847   1  0.4557   2 -0.0980
    3     1   4  -8861.09679542   1  0.8798   2  0.4391   3 -0.1432   4 -0.1121
    3     2   4  -8861.07951688   2 -0.6629   4  0.5722   1  0.4371   3  0.2053
    3     3   4  -8861.06602818   3  0.6447   2  0.5625   4  0.5054   1 -0.1114
    3     4   4  -8861.05081088   3 -0.7222   4  0.6361   2  0.2267   1 -0.1497
    4     1   6  -8861.09171750   2 -0.7799   3 -0.5783   1  0.1935   4 -0.1410
    4     2   6  -8861.08459278   1  0.9182   2  0.3538   3 -0.1444   4 -0.1043
    4     3   6  -8861.06656683   3  0.7917   2 -0.5138   1  0.3276   4  0.0446
    4     4   6  -8861.05923320   4  0.9835   3 -0.1341   1  0.1103   2 -0.0510
    5     1   8  -8861.10079172   1  0.7031   2 -0.5085   3  0.4245   4  0.2586
    5     2   8  -8861.09202789   1  0.7001   2  0.5956   3 -0.3772   4 -0.1133
    5     3   8  -8861.08473537   4  0.9410   3 -0.3130   1 -0.0925   2  0.0895
    5     4   8  -8861.07820819   3 -0.7613   2 -0.6154   4 -0.1865   1  0.0832
    6     1  10  -8861.08662904   1  0.7646   2  0.6384   3  0.0891
    6     2  10  -8861.07218298   3  0.8728   2 -0.4199   1  0.2488
    6     3  10  -8861.03604459   2 -0.6451   1  0.5946   3 -0.4799
    7     1  12  -8861.07851693   1  1.0000

etotal =         -8861.07480265

Maximum orbital diff (relative):         1.07D-03  1.00D-05
Energy difference (relative):            2.13D-09  1.00D-09

--------------------------------------------------------------------------------
Iteration    7
--------------------------------------------------------------------------------

   nl       e(nl)          qsum           dpm           ns

   1s    -0.14949E+04    0.20000E+01    0.94626E-06     53
   2s    -0.24334E+03    0.20000E+01    0.84425E-06     58
   2p-   -0.22914E+03    0.20000E+01    0.25424E-06     57
   2p    -0.21267E+03    0.40000E+01    0.84358E-06     57
   3s    -0.54118E+02    0.20000E+01    0.86263E-05     61
   3p-   -0.48074E+02    0.20000E+01    0.98442E-05     60
   3p    -0.44761E+02    0.40000E+01    0.12926E-04     60
   3d-   -0.34327E+02    0.40000E+01    0.19273E-04     61
   3d    -0.33626E+02    0.60000E+01    0.23883E-04     61
   4s    -0.11695E+02    0.20000E+01    0.72700E-04     68
   4p-   -0.93625E+01    0.20000E+01    0.82844E-04     68
   4p    -0.86457E+01    0.40000E+01    0.81604E-04     70
   4d-   -0.47442E+01    0.40000E+01    0.11788E-03     66
   4d    -0.46171E+01    0.60000E+01    0.55448E-04     68
   5s    -0.18855E+01    0.20000E+01    0.98886E-04     72
   5p-   -0.11605E+01    0.20000E+01    0.16112E-03     76
   5p    -0.10514E+01    0.40000E+01    0.19027E-03     76
   4f-   -0.54133E+00    0.42857E+00    0.16336E-03     73
   4f    -0.53096E+00    0.57143E+00    0.17083E-03     74
   5d-   -0.23891E+00    0.40000E+00    0.19989E-03     84
   5d    -0.23389E+00    0.60000E+00    0.13173E-03     85
   6s    -0.18257E+00    0.20000E+01    0.93447E-04     91

Ecore  =   -8858.38654005

Block Level  2J      Energy      Leading CSFs

    1     1   0  -8861.05758716   1  1.0000
    2     1   2  -8861.07064951   1  0.6920   2  0.6641   3 -0.2830
    2     2   2  -8861.05659586   2  0.7412   1 -0.5598   3  0.3705
    2     3   2  -8861.02882150   3  0.8847   1  0.4558   2 -0.0980
    3     1   4  -8861.09679791   1  0.8798   2  0.4391   3 -0.1433   4 -0.1121
    3     2   4  -8861.07951811   2 -0.6626   4  0.5724   1  0.4371   3  0.2055
    3     3   4  -8861.06602570   3  0.6447   2  0.5628   4  0.5052   1 -0.1115
    3     4   4  -8861.05081452   3 -0.7222   4  0.6361   2  0.2267   1 -0.1497
    4     1   6  -8861.09172121   2 -0.7798   3 -0.5784   1  0.1936   4 -0.1410
    4     2   6  -8861.08458270   1  0.9182   2  0.3539   3 -0.1444   4 -0.1044
    4     3   6  -8861.06656208   3  0.7916   2 -0.5139   1  0.3276   4  0.0443
    4     4   6  -8861.05923005   4  0.9835   3 -0.1339   1  0.1104   2 -0.0511
    5     1   8  -8861.10079781   1  0.7032   2 -0.5083   3  0.4245   4  0.2587
    5     2   8  -8861.09203708   1  0.7000   2  0.5955   3 -0.3774   4 -0.1135
    5     3   8  -8861.08474281   4  0.9410   3 -0.3130   1 -0.0924   2  0.0896
    5     4   8  -8861.07820198   3 -0.7611   2 -0.6156   4 -0.1864   1  0.0831
    6     1  10  -8861.08663993   1  0.7645   2  0.6385   3  0.0890
    6     2  10  -8861.07217817   3  0.8728   2 -0.4198   1  0.2490
    6     3  10  -8861.03603070   2 -0.6451   1  0.5947   3 -0.4798
    7     1  12  -8861.07853035   1  1.0000

etotal =         -8861.07480350

Maximum orbital diff (relative):         2.00D-04  1.00D-05
Energy difference (relative):            9.57D-11  1.00D-09

--------------------------------------------------------------------------------
Iteration    8
--------------------------------------------------------------------------------

   nl       e(nl)          qsum           dpm           ns

   1s    -0.14949E+04    0.20000E+01    0.94629E-06     53
   2s    -0.24334E+03    0.20000E+01    0.10033E-05     58
   2p-   -0.22913E+03    0.20000E+01    0.10464E-05     57
   2p    -0.21267E+03    0.40000E+01    0.11195E-05     57
   3s    -0.54117E+02    0.20000E+01    0.58242E-05     61
   3p-   -0.48073E+02    0.20000E+01    0.62405E-05     60
   3p    -0.44761E+02    0.40000E+01    0.65280E-05     60
   3d-   -0.34326E+02    0.40000E+01    0.60798E-05     61
   3d    -0.33625E+02    0.60000E+01    0.48640E-05     61
   4s    -0.11695E+02    0.20000E+01    0.12780E-04     68
   4p-   -0.93625E+01    0.20000E+01    0.12368E-04     68
   4p    -0.86458E+01    0.40000E+01    0.12147E-04     70
   4d-   -0.47445E+01    0.40000E+01    0.11503E-04     66
   4d    -0.46175E+01    0.60000E+01    0.19135E-04     68
   5s    -0.18857E+01    0.20000E+01    0.39889E-04     72
   5p-   -0.11606E+01    0.20000E+01    0.50016E-04     76
   5p    -0.10515E+01    0.40000E+01    0.40293E-04     76
   4f-   -0.54125E+00    0.42857E+00    0.22187E-04     73
   4f    -0.53088E+00    0.57143E+00    0.21724E-04     74
   5d-   -0.23889E+00    0.40000E+00    0.41687E-04     84
   5d    -0.23387E+00    0.60000E+00    0.45235E-04     85
   6s    -0.18256E+00    0.20000E+01    0.42719E-04     91

Ecore  =   -8858.38671116

Block Level  2J      Energy      Leading CSFs

    1     1   0  -8861.05758901   1  1.0000
    2     1   2  -8861.07064919   1  0.6920   2  0.6642   3 -0.2830
    2     2   2  -8861.05659707   2  0.7411   1 -0.5598   3  0.3706
    2     3   2  -8861.02882299   3  0.8847   1  0.4558   2 -0.0980
    3     1   4  -8861.09679711   1  0.8798   2  0.4391   3 -0.1433   4 -0.1121
    3     2   4  -8861.07951851   2 -0.6626   4  0.5724   1  0.4371   3  0.2055
    3     3   4  -8861.06602540   3  0.6447   2  0.5628   4  0.5052   1 -0.1115
    3     4   4  -8861.05081514   3 -0.7222   4  0.6361   2  0.2267   1 -0.1497
    4     1   6  -8861.09172121   2 -0.7798   3 -0.5784   1  0.1935   4 -0.1410
    4     2   6  -8861.08458075   1  0.9182   2  0.3539   3 -0.1444   4 -0.1044
    4     3   6  -8861.06656099   3  0.7916   2 -0.5139   1  0.3276   4  0.0443
    4     4   6  -8861.05923026   4  0.9835   3 -0.1339   1  0.1104   2 -0.0511
    5     1   8  -8861.10079718   1  0.7032   2 -0.5083   3  0.4245   4  0.2587
    5     2   8  -8861.09203745   1  0.7000   2  0.5955   3 -0.3774   4 -0.1135
    5     3   8  -8861.08474327   4  0.9410   3 -0.3130   1 -0.0924   2  0.0896
    5     4   8  -8861.07820041   3 -0.7612   2 -0.6156   4 -0.1864   1  0.0831
    6     1  10  -8861.08664094   1  0.7645   2  0.6385   3  0.0890
    6     2  10  -8861.07217728   3  0.8728   2 -0.4198   1  0.2489
    6     3  10  -8861.03603030   2 -0.6451   1  0.5947   3 -0.4798
    7     1  12  -8861.07853220   1  1.0000

etotal =         -8861.07480348

Maximum orbital diff (relative):         5.00D-05  1.00D-05
Energy difference (relative):            2.13D-12  1.00D-09

--------------------------------------------------------------------------------
Iteration    9
--------------------------------------------------------------------------------

   nl       e(nl)          qsum           dpm           ns

   1s    -0.14949E+04    0.20000E+01    0.94629E-06     53
   2s    -0.24334E+03    0.20000E+01    0.84407E-06     58
   2p-   -0.22913E+03    0.20000E+01    0.15274E-06     57
   2p    -0.21267E+03    0.40000E+01    0.16454E-06     57
   3s    -0.54117E+02    0.20000E+01    0.94806E-06     61
   3p-   -0.48073E+02    0.20000E+01    0.62204E-06     60
   3p    -0.44760E+02    0.40000E+01    0.39186E-06     60
   3d-   -0.34326E+02    0.40000E+01    0.41083E-06     61
   3d    -0.33625E+02    0.60000E+01    0.70914E-06     61
   4s    -0.11695E+02    0.20000E+01    0.25563E-05     68
   4p-   -0.93623E+01    0.20000E+01    0.32079E-05     68
   4p    -0.86456E+01    0.40000E+01    0.32186E-05     70
   4d-   -0.47443E+01    0.40000E+01    0.71015E-05     66
   4d    -0.46174E+01    0.60000E+01    0.52904E-05     68
   5s    -0.18857E+01    0.20000E+01    0.41372E-05     72
   5p-   -0.11606E+01    0.20000E+01    0.38397E-05     76
   5p    -0.10515E+01    0.40000E+01    0.56627E-05     76
   4f-   -0.54130E+00    0.42857E+00    0.12591E-04     73
   4f    -0.53093E+00    0.57143E+00    0.12906E-04     74
   5d-   -0.23889E+00    0.40000E+00    0.16022E-04     84
   5d    -0.23388E+00    0.60000E+00    0.14059E-04     85
   6s    -0.18256E+00    0.20000E+01    0.89158E-05     91

Ecore  =   -8858.38668010

Block Level  2J      Energy      Leading CSFs

    1     1   0  -8861.05758903   1  1.0000
    2     1   2  -8861.07064972   1  0.6920   2  0.6642   3 -0.2830
    2     2   2  -8861.05659710   2  0.7411   1 -0.5598   3  0.3706
    2     3   2  -8861.02882314   3  0.8847   1  0.4558   2 -0.0980
    3     1   4  -8861.09679718   1  0.8798   2  0.4391   3 -0.1433   4 -0.1121
    3     2   4  -8861.07951849   2 -0.6626   4  0.5724   1  0.4371   3  0.2055
    3     3   4  -8861.06602567   3  0.6447   2  0.5627   4  0.5052   1 -0.1115
    3     4   4  -8861.05081492   3 -0.7222   4  0.6361   2  0.2267   1 -0.1497
    4     1   6  -8861.09172110   2 -0.7798   3 -0.5784   1  0.1935   4 -0.1410
    4     2   6  -8861.08458171   1  0.9182   2  0.3539   3 -0.1444   4 -0.1044
    4     3   6  -8861.06656150   3  0.7916   2 -0.5138   1  0.3276   4  0.0443
    4     4   6  -8861.05923051   4  0.9835   3 -0.1339   1  0.1104   2 -0.0511
    5     1   8  -8861.10079702   1  0.7032   2 -0.5083   3  0.4245   4  0.2587
    5     2   8  -8861.09203696   1  0.7001   2  0.5955   3 -0.3774   4 -0.1135
    5     3   8  -8861.08474287   4  0.9410   3 -0.3130   1 -0.0924   2  0.0896
    5     4   8  -8861.07820108   3 -0.7612   2 -0.6156   4 -0.1864   1  0.0831
    6     1  10  -8861.08664027   1  0.7645   2  0.6385   3  0.0890
    6     2  10  -8861.07217778   3  0.8728   2 -0.4198   1  0.2489
    6     3  10  -8861.03603124   2 -0.6451   1  0.5946   3 -0.4798
    7     1  12  -8861.07853126   1  1.0000

etotal =         -8861.07480353

Maximum orbital diff (relative):         1.60D-05  1.00D-05
Energy difference (relative):            5.50D-12  1.00D-09

--------------------------------------------------------------------------------
Iteration   10
--------------------------------------------------------------------------------

   nl       e(nl)          qsum           dpm           ns

   1s    -0.14949E+04    0.20000E+01    0.94629E-06     53
   2s    -0.24334E+03    0.20000E+01    0.84408E-06     58
   2p-   -0.22913E+03    0.20000E+01    0.15276E-06     57
   2p    -0.21267E+03    0.40000E+01    0.16457E-06     57
   3s    -0.54117E+02    0.20000E+01    0.94807E-06     61
   3p-   -0.48073E+02    0.20000E+01    0.62203E-06     60
   3p    -0.44760E+02    0.40000E+01    0.39190E-06     60
   3d-   -0.34326E+02    0.40000E+01    0.41083E-06     61
   3d    -0.33625E+02    0.60000E+01    0.36305E-06     61
   4s    -0.11695E+02    0.20000E+01    0.11284E-05     68
   4p-   -0.93623E+01    0.20000E+01    0.11931E-05     68
   4p    -0.86457E+01    0.40000E+01    0.11869E-05     70
   4d-   -0.47443E+01    0.40000E+01    0.10739E-05     66
   4d    -0.46174E+01    0.60000E+01    0.91188E-06     68
   5s    -0.18857E+01    0.20000E+01    0.25351E-05     72
   5p-   -0.11606E+01    0.20000E+01    0.33286E-05     76
   5p    -0.10515E+01    0.40000E+01    0.31898E-05     76
   4f-   -0.54130E+00    0.42857E+00    0.93043E-06     73
   4f    -0.53093E+00    0.57143E+00    0.54482E-06     74
   5d-   -0.23889E+00    0.40000E+00    0.13142E-05     84
   5d    -0.23388E+00    0.60000E+00    0.10218E-05     85
   6s    -0.18256E+00    0.20000E+01    0.15651E-05     91

Ecore  =   -8858.38667417

Block Level  2J      Energy      Leading CSFs

    1     1   0  -8861.05758892   1  1.0000
    2     1   2  -8861.07064967   1  0.6920   2  0.6642   3 -0.2830
    2     2   2  -8861.05659703   2  0.7411   1 -0.5598   3  0.3706
    2     3   2  -8861.02882304   3  0.8847   1  0.4558   2 -0.0980
    3     1   4  -8861.09679722   1  0.8798   2  0.4391   3 -0.1433   4 -0.1121
    3     2   4  -8861.07951847   2 -0.6626   4  0.5724   1  0.4371   3  0.2055
    3     3   4  -8861.06602566   3  0.6447   2  0.5627   4  0.5052   1 -0.1115
    3     4   4  -8861.05081492   3 -0.7222   4  0.6361   2  0.2267   1 -0.1497
    4     1   6  -8861.09172112   2 -0.7798   3 -0.5784   1  0.1935   4 -0.1410
    4     2   6  -8861.08458170   1  0.9182   2  0.3539   3 -0.1444   4 -0.1044
    4     3   6  -8861.06656150   3  0.7916   2 -0.5139   1  0.3276   4  0.0443
    4     4   6  -8861.05923047   4  0.9835   3 -0.1339   1  0.1104   2 -0.0511
    5     1   8  -8861.10079708   1  0.7032   2 -0.5083   3  0.4245   4  0.2587
    5     2   8  -8861.09203701   1  0.7000   2  0.5955   3 -0.3774   4 -0.1135
    5     3   8  -8861.08474290   4  0.9410   3 -0.3130   1 -0.0924   2  0.0896
    5     4   8  -8861.07820109   3 -0.7612   2 -0.6156   4 -0.1864   1  0.0831
    6     1  10  -8861.08664031   1  0.7645   2  0.6385   3  0.0890
    6     2  10  -8861.07217777   3  0.8728   2 -0.4198   1  0.2489
    6     3  10  -8861.03603114   2 -0.6451   1  0.5946   3 -0.4798
    7     1  12  -8861.07853129   1  1.0000

etotal =         -8861.07480353

Maximum orbital diff (relative):         3.33D-06  1.00D-05
Energy difference (relative):            1.97D-13  1.00D-09

--------------------------------------------------------------------------------

ATOM:  Ce

Convergence (latest difference):
Orbital diff. =                          3.33D-06
SCF diff. =                              1.97D-13

  nl       E(nl)        1/R       R       R**2       dmp       ns     max_R

  1s  -1494.92003145   63.341    0.025    0.001    9.46E-07    53      1.19
  2s   -243.33983844   14.953    0.105    0.013    8.44E-07    58      3.63
  2p-  -229.13461120   14.894    0.088    0.010    1.53E-07    57      2.90
  2p   -212.66872961   13.501    0.094    0.011    1.65E-07    57      2.90
  3s    -54.11725714    5.414    0.277    0.088    9.48E-07    61      6.54
  3p-   -48.07303305    5.316    0.267    0.083    6.22E-07    60      5.54
  3p    -44.76045116    4.972    0.279    0.090    3.92E-07    60      5.54
  3d-   -34.32587682    4.824    0.251    0.074    4.11E-07    61      6.54
  3d    -33.62465976    4.736    0.254    0.076    3.63E-07    61      6.54
  4s    -11.69468498    2.220    0.637    0.457    1.13E-06    68     13.54
  4p-    -9.36234528    2.114    0.657    0.490    1.19E-06    68     13.54
  4p     -8.64565169    2.008    0.682    0.528    1.19E-06    70     15.54
  4d-    -4.74432065    1.784    0.740    0.633    1.07E-06    66     11.54
  4d     -4.61740876    1.756    0.749    0.649    9.12E-07    68     13.54
  5s     -1.88570451    0.856    1.535    2.642    2.54E-06    72     17.54
  5p-    -1.16059986    0.760    1.716    3.332    3.33E-06    76     21.54
  5p     -1.05149089    0.722    1.794    3.642    3.19E-06    76     21.54
  4f-    -0.54130126    1.248    1.037    1.372    9.30E-07    73     18.54
  4f     -0.53092662    1.239    1.044    1.394    5.45E-07    74     19.54
  5d-    -0.23889401    0.460    2.817    9.425    1.31E-06    84     29.54
  5d     -0.23387773    0.452    2.865    9.745    1.02E-06    85     30.54
  6s     -0.18256420    0.268    4.649   24.555    1.57E-06    91     36.54

Average energy:                       -8861.0748035265241924

Optimized states:

4f-.5d-.4_6s2.4*                      -8861.1007970817117894
4f-.5d-.2_6s2.2*                      -8861.0967972201324301
4f-.5d.4_6s2.4*                       -8861.0920370097082923
4f-.5d-.3_6s2.3*                      -8861.0917211159976432
4f-.5d.5_6s2.5*                       -8861.0866403060499579
4f.5d-.4_6s2.4*                       -8861.0847429025725432
4f-.5d.3_6s2.3*                       -8861.0845816950131848
4f-.5d.2_6s2.2*                       -8861.0795184696617071
4f.5d.6_6s2.6*                        -8861.0785312858843099
4f.5d.4_6s2.4*                        -8861.0782010865314078
4f.5d-.5_6s2.5*                       -8861.0721777664875844
4f-.5d-.1_6s2.1*                      -8861.0706496679176780
4f.5d-.3_6s2.3*                       -8861.0665615004818392
4f.5d-.2_6s2.2*                       -8861.0660256577084510
4f.5d.3_6s2.3*                        -8861.0592304664914991
4f-.5d.0_6s2.0*                       -8861.0575889181709499
4f-.5d.1_6s2.1*                       -8861.0565970320039924
4f.5d.2_6s2.2*                        -8861.0508149172928825
4f.5d.5_6s2.5*                        -8861.0360311418135097
4f.5d.1_6s2.1*                        -8861.0288230421592743

time:                   49.72  sec

--------------------------------------------------------------------------------


debug timing:

time_matrix:            22.00  sec
time_solve:             14.20  sec
time_diag:              10.59  sec

time_convolution:       15.00  sec
time_density:            0.62  sec

Calls to convol  =      17148
Calls to density =      71654
