==============================================================
 DBSR_BREIT: angular coefficients for Dirak-Breit Hamiltonian 
==============================================================

Max. multipole index =  9

Tollerance for coefficients =    1.E-07

Breit coefficients are not included

It is a new calculation 

Breit contribution is not included 

number of atomic states   =    20
number of configurations  =    20
number of ang. symmetries =    20

Need of additional calculations --> yes 

ic,nsymc,kt,kdt =     1    20     1     6      0. sec   1f-( 1)  2d ( 1)  3s ( 2)
ic,nsymc,kt,kdt =     2    20     1     4      0. sec   1f-( 1)  2d-( 1)  3s ( 2)
ic,nsymc,kt,kdt =     3    20     1     5      0. sec   1f-( 1)  2d ( 1)  3s ( 2)
ic,nsymc,kt,kdt =     4    20     1     6      0. sec   1f ( 1)  2d ( 1)  3s ( 2)
ic,nsymc,kt,kdt =     5    20     1     3      0. sec   1f-( 1)  2d-( 1)  3s ( 2)
ic,nsymc,kt,kdt =     6    20     1     4      0. sec   1f-( 1)  2d ( 1)  3s ( 2)
ic,nsymc,kt,kdt =     7    20     1     4      0. sec   1f ( 1)  2d-( 1)  3s ( 2)
ic,nsymc,kt,kdt =     8    20     1     5      0. sec   1f ( 1)  2d ( 1)  3s ( 2)
ic,nsymc,kt,kdt =     9    20     1     2      0. sec   1f-( 1)  2d-( 1)  3s ( 2)
ic,nsymc,kt,kdt =    10    20     1     3      0. sec   1f-( 1)  2d ( 1)  3s ( 2)
ic,nsymc,kt,kdt =    11    20     1     3      0. sec   1f ( 1)  2d-( 1)  3s ( 2)
ic,nsymc,kt,kdt =    12    20     1     4      0. sec   1f ( 1)  2d ( 1)  3s ( 2)
ic,nsymc,kt,kdt =    13    20     1     1      0. sec   1f-( 1)  2d-( 1)  3s ( 2)
ic,nsymc,kt,kdt =    14    20     1     2      0. sec   1f-( 1)  2d ( 1)  3s ( 2)
ic,nsymc,kt,kdt =    15    20     1     2      0. sec   1f ( 1)  2d-( 1)  3s ( 2)
ic,nsymc,kt,kdt =    16    20     1     3      0. sec   1f ( 1)  2d ( 1)  3s ( 2)
ic,nsymc,kt,kdt =    17    20     1     1      0. sec   1f-( 1)  2d ( 1)  3s ( 2)
ic,nsymc,kt,kdt =    18    20     1     1      0. sec   1f ( 1)  2d-( 1)  3s ( 2)
ic,nsymc,kt,kdt =    19    20     1     2      0. sec   1f ( 1)  2d ( 1)  3s ( 2)
ic,nsymc,kt,kdt =    20    20     1     1      0. sec   1f ( 1)  2d ( 1)  3s ( 2)

Results for new angular symmetry calculations:

number of overlap determinants =         3         2
number of overlap factors      =         8         3
total number of coeff.s        =       377

time:         0.00 min
