==============================================================
 DBSR_BREIT: angular coefficients for Dirak-Breit Hamiltonian 
==============================================================

Max. multipole index =  9

Tollerance for coefficients =    1.E-07

Breit coefficients are not included

It is a new calculation 

Breit contribution is not included 

number of atomic states   =    10
number of configurations  =    10
number of ang. symmetries =    10

Need of additional calculations --> yes 

ic,nsymc,kt,kdt =     1    10     1     4      0. sec   1s ( 2)  2p-( 2)  3p ( 3)  4p ( 1)
ic,nsymc,kt,kdt =     2    10     1     2      0. sec   1s ( 2)  2p-( 1)  3p ( 4)  4p-( 1)
ic,nsymc,kt,kdt =     3    10     1     2      0. sec   1s ( 2)  2p-( 2)  3p ( 3)  4p-( 1)
ic,nsymc,kt,kdt =     4    10     1     3      0. sec   1s ( 2)  2p-( 2)  3p ( 3)  4p ( 1)
ic,nsymc,kt,kdt =     5    10     1     1      0. sec   1s ( 2)  2p-( 1)  3p ( 4)  4p-( 1)
ic,nsymc,kt,kdt =     6    10     1     2      0. sec   1s ( 2)  2p-( 1)  3p ( 4)  4p ( 1)
ic,nsymc,kt,kdt =     7    10     1     1      0. sec   1s ( 2)  2p-( 2)  3p ( 3)  4p-( 1)
ic,nsymc,kt,kdt =     8    10     1     2      0. sec   1s ( 2)  2p-( 2)  3p ( 3)  4p ( 1)
ic,nsymc,kt,kdt =     9    10     1     1      0. sec   1s ( 2)  2p-( 1)  3p ( 4)  4p ( 1)
ic,nsymc,kt,kdt =    10    10     1     1      0. sec   1s ( 2)  2p-( 2)  3p ( 3)  4p ( 1)

Results for new angular symmetry calculations:

number of overlap determinants =        10         2
number of overlap factors      =       104         4
total number of coeff.s        =       553

time:         0.00 min
