================================================================================
                   MULTICONFIGURATION B-SPLINE DIRAC-HARTREE-FOCK
================================================================================

Name of case:                     3

Configuration file:               3.c

Angular-coefficients file:        3.bnk

--------------------------------------------------------------------------------

c-file data: 

number of electrons:              3
number of configurations:        35
core orbitals:                    4
core:   1s   2s   2p-  2p
number of peel orbitals:          5

     3s      3p-     3p      3d-     3d 

number of J-blocks:   2

block  1  2J=  1   ncfg=    13
block  2  2J=  3   ncfg=    22

optimization mode: eol = 5  -  statistically weighted levels

number of levels to optimize:  2

block  1  level=  1   weight=    0.33333
block  2  level=  1   weight=    0.66667

Memory required for Hamiltonian matrix:      0.00 Mb

--------------------------------------------------------------------------------

B-spline parameters:

ns   =  113             -  number of splines
ks   =    9             -  order  of splines
ksp  =    8             -  for large component
ksq  =    9             -  for small component
he   =    0.250         -  exponetial step size
tmax =   50.538         -  maximum radius

Spline integrals:

kmin =    0             -  min. multipole index
kmax =    5             -  max. multipole index
ntype=    4             -  number of different integrals

Memory required for spline integrals:      189.38 Mb

--------------------------------------------------------------------------------

Initial estimations:

  1s  - read from file 1.bsw
  2s  - read from file 1.bsw
  2p- - read from file 1.bsw
  2p  - read from file 1.bsw
  3s  - read from file 1.bsw
  3p- - read from file 1.bsw
  3p  - read from file 1.bsw
  3d- - read from file 1.bsw
  3d  - read from file 1.bsw

--------------------------------------------------------------------------------

Running parameters:

scf_tol =  1.00E-09                    - tolerance for energy convergence
orb_tol =  1.00E-05                    - tolerance for orbital convergence
end_tol =  1.00E-06                    - tolerance for ending zeros
max_it  =  25                          - max. number of iterations

ipzero  =  0                           - initial zeros for larger component
iqzero  =  0                           - initial zeros for small component
jpzero  =  1                           - final zeros for larger component
jqzero  =  1                           - final zeros for small component

--------------------------------------------------------------------------------

Additonal options (not applied if = 0)

method  =  2                           - method for solving MCHF equation
irhs    =  1                           - convert right-hand-side to main matrix
newton  =  0                           - use Newton-Rapson method
rotate  =  0                           - use rotations
debug   =  0                           - additional debug output

--------------------------------------------------------------------------------

c_au    =  137.0359997600000           - speed of light

--------------------------------------------------------------------------------

Ecore  =    -240.44964131

Block Level  2J      Energy      Leading CSFs

    1     1   1   -242.34574095   1  0.9619   6  0.2127   2  0.1105   5  0.1015   3  0.0756
    2     1   3   -242.34532038   1  0.9618   9  0.1510  11  0.1503   7  0.1227   3 -0.0710

--------------------------------------------------------------------------------
Iteration    1
--------------------------------------------------------------------------------

   nl       e(nl)          qsum           dpm           ns

srhs =     0.00E+00
method - solve_eiv
   3s    -0.38966E+00    0.18788E+01    0.88591E-01     81
srhs =     0.00E+00
method - solve_eiv
   3p-   -0.26632E+00    0.36380E+00    0.10838E+00     89
srhs =     0.00E+00
method - solve_eiv
   3p    -0.26687E+00    0.72690E+00    0.10880E+00     89
srhs =     0.00E+00
method - solve_eiv
   3d-   -0.65752E+00    0.12235E-01    0.58412E+00    106
srhs =     0.00E+00
method - solve_eiv
   3d    -0.65315E+00    0.18294E-01    0.57816E+00    106

Ecore  =    -240.44964131

Block Level  2J      Energy      Leading CSFs

    1     1   1   -242.37078279   1  0.9605   6  0.1900   2  0.1288   5  0.1055   3  0.0981
    2     1   3   -242.37029632   1  0.9605   7  0.1459   9  0.1351  11  0.1342   3 -0.0782

etotal =          -242.37045848

Maximum orbital diff (relative):         5.84D-01  1.00D-05
Energy difference (relative):            1.03D-04  1.00D-09

--------------------------------------------------------------------------------
Iteration    2
--------------------------------------------------------------------------------

   nl       e(nl)          qsum           dpm           ns

srhs =     0.00E+00
method - solve_eiv
   3s    -0.42033E+00    0.18829E+01    0.20720E-01     81
srhs =     0.00E+00
method - solve_eiv
   3p-   -0.27538E+00    0.35773E+00    0.11908E-01     88
srhs =     0.00E+00
method - solve_eiv
   3p    -0.27445E+00    0.71471E+00    0.12921E-01     88
srhs =     0.00E+00
method - solve_eiv
   3d-   -0.53705E+00    0.17934E-01    0.14198E+00    104
srhs =     0.00E+00
method - solve_eiv
   3d    -0.53685E+00    0.26773E-01    0.14356E+00    104

Ecore  =    -240.44964131

Block Level  2J      Energy      Leading CSFs

    1     1   1   -242.37379709   1  0.9602   6  0.1890   2  0.1294   5  0.1045   3  0.1000
    2     1   3   -242.37327368   1  0.9601   7  0.1472   9  0.1343  11  0.1336   3 -0.0780

etotal =          -242.37344815

Maximum orbital diff (relative):         1.44D-01  1.00D-05
Energy difference (relative):            1.23D-05  1.00D-09

--------------------------------------------------------------------------------
Iteration    3
--------------------------------------------------------------------------------

   nl       e(nl)          qsum           dpm           ns

srhs =     0.00E+00
method - solve_eiv
   3s    -0.41727E+00    0.18820E+01    0.33614E-02     80
srhs =     0.00E+00
method - solve_eiv
   3p-   -0.27744E+00    0.35741E+00    0.61494E-02     87
srhs =     0.00E+00
method - solve_eiv
   3p    -0.27662E+00    0.71422E+00    0.61350E-02     87
srhs =     0.00E+00
method - solve_eiv
   3d-   -0.51564E+00    0.18589E-01    0.61088E-01    102
srhs =     0.00E+00
method - solve_eiv
   3d    -0.51568E+00    0.27827E-01    0.61633E-01    102

Ecore  =    -240.44964131

Block Level  2J      Energy      Leading CSFs

    1     1   1   -242.37441673   1  0.9604   6  0.1891   2  0.1286   5  0.1035   3  0.0996
    2     1   3   -242.37389421   1  0.9603   7  0.1464   9  0.1343  11  0.1336   3 -0.0774

etotal =          -242.37406839

Maximum orbital diff (relative):         6.16D-02  1.00D-05
Energy difference (relative):            2.56D-06  1.00D-09

--------------------------------------------------------------------------------
Iteration    4
--------------------------------------------------------------------------------

   nl       e(nl)          qsum           dpm           ns

srhs =     0.00E+00
method - solve_eiv
   3s    -0.41732E+00    0.18821E+01    0.70564E-03     79
srhs =     0.00E+00
method - solve_eiv
   3p-   -0.27744E+00    0.35742E+00    0.22408E-02     86
srhs =     0.00E+00
method - solve_eiv
   3p    -0.27664E+00    0.71427E+00    0.21281E-02     86
srhs =     0.00E+00
method - solve_eiv
   3d-   -0.51108E+00    0.18504E-01    0.29736E-01    101
srhs =     0.00E+00
method - solve_eiv
   3d    -0.51130E+00    0.27710E-01    0.30141E-01    101

Ecore  =    -240.44964131

Block Level  2J      Energy      Leading CSFs

    1     1   1   -242.37456211   1  0.9606   6  0.1891   2  0.1280   5  0.1029   3  0.0992
    2     1   3   -242.37404519   1  0.9605   7  0.1457   9  0.1343  11  0.1336   3 -0.0770

etotal =          -242.37421750

Maximum orbital diff (relative):         3.01D-02  1.00D-05
Energy difference (relative):            6.15D-07  1.00D-09

--------------------------------------------------------------------------------
Iteration    5
--------------------------------------------------------------------------------

   nl       e(nl)          qsum           dpm           ns

srhs =     0.00E+00
method - solve_eiv
   3s    -0.41708E+00    0.18824E+01    0.17548E-03     79
srhs =     0.00E+00
method - solve_eiv
   3p-   -0.27736E+00    0.35743E+00    0.95227E-03     85
srhs =     0.00E+00
method - solve_eiv
   3p    -0.27657E+00    0.71429E+00    0.90518E-03     85
srhs =     0.00E+00
method - solve_eiv
   3d-   -0.51040E+00    0.18375E-01    0.14829E-01     99
srhs =     0.00E+00
method - solve_eiv
   3d    -0.51074E+00    0.27512E-01    0.15101E-01     99

Ecore  =    -240.44964131

Block Level  2J      Energy      Leading CSFs

    1     1   1   -242.37459917   1  0.9607   6  0.1891   2  0.1276   5  0.1026   3  0.0990
    2     1   3   -242.37408365   1  0.9606   7  0.1453   9  0.1344  11  0.1337   3 -0.0767

etotal =          -242.37425549

Maximum orbital diff (relative):         1.51D-02  1.00D-05
Energy difference (relative):            1.57D-07  1.00D-09

--------------------------------------------------------------------------------
Iteration    6
--------------------------------------------------------------------------------

   nl       e(nl)          qsum           dpm           ns

srhs =     0.00E+00
method - solve_eiv
   3s    -0.41699E+00    0.18826E+01    0.10092E-03     79
srhs =     0.00E+00
method - solve_eiv
   3p-   -0.27729E+00    0.35744E+00    0.42949E-03     84
srhs =     0.00E+00
method - solve_eiv
   3p    -0.27650E+00    0.71430E+00    0.41275E-03     84
srhs =     0.00E+00
method - solve_eiv
   3d-   -0.51041E+00    0.18294E-01    0.74673E-02     97
srhs =     0.00E+00
method - solve_eiv
   3d    -0.51081E+00    0.27385E-01    0.76396E-02     97

Ecore  =    -240.44964131

Block Level  2J      Energy      Leading CSFs

    1     1   1   -242.37460898   1  0.9607   6  0.1892   2  0.1274   5  0.1025   3  0.0988
    2     1   3   -242.37409361   1  0.9606   7  0.1451   9  0.1344  11  0.1337   3 -0.0766

etotal =          -242.37426540

Maximum orbital diff (relative):         7.64D-03  1.00D-05
Energy difference (relative):            4.09D-08  1.00D-09

--------------------------------------------------------------------------------
Iteration    7
--------------------------------------------------------------------------------

   nl       e(nl)          qsum           dpm           ns

srhs =     0.00E+00
method - solve_eiv
   3s    -0.41694E+00    0.18827E+01    0.45692E-04     79
srhs =     0.00E+00
method - solve_eiv
   3p-   -0.27725E+00    0.35744E+00    0.20437E-03     84
srhs =     0.00E+00
method - solve_eiv
   3p    -0.27646E+00    0.71430E+00    0.19876E-03     84
srhs =     0.00E+00
method - solve_eiv
   3d-   -0.51051E+00    0.18248E-01    0.37783E-02     95
srhs =     0.00E+00
method - solve_eiv
   3d    -0.51094E+00    0.27314E-01    0.38837E-02     95

Ecore  =    -240.44964131

Block Level  2J      Energy      Leading CSFs

    1     1   1   -242.37461170   1  0.9607   6  0.1892   2  0.1273   5  0.1024   3  0.0987
    2     1   3   -242.37409618   1  0.9607   7  0.1449   9  0.1344  11  0.1337   3 -0.0766

etotal =          -242.37426802

Maximum orbital diff (relative):         3.88D-03  1.00D-05
Energy difference (relative):            1.08D-08  1.00D-09

--------------------------------------------------------------------------------
Iteration    8
--------------------------------------------------------------------------------

   nl       e(nl)          qsum           dpm           ns

srhs =     0.00E+00
method - solve_eiv
   3s    -0.41692E+00    0.18827E+01    0.22834E-04     79
srhs =     0.00E+00
method - solve_eiv
   3p-   -0.27723E+00    0.35745E+00    0.99913E-04     83
srhs =     0.00E+00
method - solve_eiv
   3p    -0.27644E+00    0.71431E+00    0.98032E-04     83
srhs =     0.00E+00
method - solve_eiv
   3d-   -0.51058E+00    0.18225E-01    0.19172E-02     94
srhs =     0.00E+00
method - solve_eiv
   3d    -0.51103E+00    0.27277E-01    0.19800E-02     94

Ecore  =    -240.44964131

Block Level  2J      Energy      Leading CSFs

    1     1   1   -242.37461249   1  0.9608   6  0.1892   2  0.1273   5  0.1023   3  0.0987
    2     1   3   -242.37409683   1  0.9607   7  0.1449   9  0.1344  11  0.1337   3 -0.0765

etotal =          -242.37426871

Maximum orbital diff (relative):         1.98D-03  1.00D-05
Energy difference (relative):            2.87D-09  1.00D-09

--------------------------------------------------------------------------------
Iteration    9
--------------------------------------------------------------------------------

   nl       e(nl)          qsum           dpm           ns

srhs =     0.00E+00
method - solve_eiv
   3s    -0.41691E+00    0.18828E+01    0.11312E-04     79
srhs =     0.00E+00
method - solve_eiv
   3p-   -0.27722E+00    0.35745E+00    0.49682E-04     83
srhs =     0.00E+00
method - solve_eiv
   3p    -0.27643E+00    0.71431E+00    0.49102E-04     83
srhs =     0.00E+00
method - solve_eiv
   3d-   -0.51062E+00    0.18212E-01    0.98199E-03     92
srhs =     0.00E+00
method - solve_eiv
   3d    -0.51108E+00    0.27258E-01    0.10114E-02     92

Ecore  =    -240.44964131

Block Level  2J      Energy      Leading CSFs

    1     1   1   -242.37461275   1  0.9608   6  0.1892   2  0.1272   5  0.1023   3  0.0987
    2     1   3   -242.37409697   1  0.9607   7  0.1448   9  0.1344  11  0.1337   3 -0.0765

etotal =          -242.37426890

Maximum orbital diff (relative):         1.01D-03  1.00D-05
Energy difference (relative):            7.65D-10  1.00D-09

--------------------------------------------------------------------------------
Iteration   10
--------------------------------------------------------------------------------

   nl       e(nl)          qsum           dpm           ns

srhs =     0.00E+00
method - solve_eiv
   3s    -0.41690E+00    0.18828E+01    0.56839E-05     79
srhs =     0.00E+00
method - solve_eiv
   3p-   -0.27721E+00    0.35745E+00    0.24938E-04     83
srhs =     0.00E+00
method - solve_eiv
   3p    -0.27642E+00    0.71431E+00    0.24801E-04     83
srhs =     0.00E+00
method - solve_eiv
   3d-   -0.51064E+00    0.18206E-01    0.50479E-03     90
srhs =     0.00E+00
method - solve_eiv
   3d    -0.51111E+00    0.27248E-01    0.52154E-03     90

Ecore  =    -240.44964131

Block Level  2J      Energy      Leading CSFs

    1     1   1   -242.37461285   1  0.9608   6  0.1892   2  0.1272   5  0.1023   3  0.0987
    2     1   3   -242.37409700   1  0.9607   7  0.1448   9  0.1344  11  0.1337   3 -0.0765

etotal =          -242.37426895

Maximum orbital diff (relative):         5.22D-04  1.00D-05
Energy difference (relative):            2.04D-10  1.00D-09

--------------------------------------------------------------------------------
Iteration   11
--------------------------------------------------------------------------------

   nl       e(nl)          qsum           dpm           ns

srhs =     0.00E+00
method - solve_eiv
   3p-   -0.27721E+00    0.35745E+00    0.12424E-04     83
srhs =     0.00E+00
method - solve_eiv
   3p    -0.27642E+00    0.71431E+00    0.12419E-04     83
srhs =     0.00E+00
method - solve_eiv
   3d-   -0.51065E+00    0.18203E-01    0.25944E-03     88
srhs =     0.00E+00
method - solve_eiv
   3d    -0.51112E+00    0.27242E-01    0.26911E-03     88

Ecore  =    -240.44964131

Block Level  2J      Energy      Leading CSFs

    1     1   1   -242.37461289   1  0.9608   6  0.1892   2  0.1272   5  0.1023   3  0.0987
    2     1   3   -242.37409700   1  0.9607   7  0.1448   9  0.1344  11  0.1337   3 -0.0765

etotal =          -242.37426896

Maximum orbital diff (relative):         2.69D-04  1.00D-05
Energy difference (relative):            5.45D-11  1.00D-09

--------------------------------------------------------------------------------
Iteration   12
--------------------------------------------------------------------------------

   nl       e(nl)          qsum           dpm           ns

srhs =     0.00E+00
method - solve_eiv
   3p-   -0.27720E+00    0.35745E+00    0.62583E-05     83
srhs =     0.00E+00
method - solve_eiv
   3p    -0.27642E+00    0.71431E+00    0.62944E-05     83
srhs =     0.00E+00
method - solve_eiv
   3d-   -0.51066E+00    0.18201E-01    0.13336E-03     86
srhs =     0.00E+00
method - solve_eiv
   3d    -0.51113E+00    0.27240E-01    0.13888E-03     86

Ecore  =    -240.44964131

Block Level  2J      Energy      Leading CSFs

    1     1   1   -242.37461291   1  0.9608   6  0.1892   2  0.1272   5  0.1023   3  0.0987
    2     1   3   -242.37409700   1  0.9607   7  0.1448   9  0.1344  11  0.1337   3 -0.0765

etotal =          -242.37426897

Maximum orbital diff (relative):         1.39D-04  1.00D-05
Energy difference (relative):            1.45D-11  1.00D-09

--------------------------------------------------------------------------------
Iteration   13
--------------------------------------------------------------------------------

   nl       e(nl)          qsum           dpm           ns

srhs =     0.00E+00
method - solve_eiv
   3d-   -0.51066E+00    0.18201E-01    0.68308E-04     85
srhs =     0.00E+00
method - solve_eiv
   3d    -0.51113E+00    0.27238E-01    0.71428E-04     85

Ecore  =    -240.44964131

Block Level  2J      Energy      Leading CSFs

    1     1   1   -242.37461291   1  0.9608   6  0.1892   2  0.1272   5  0.1023   3  0.0987
    2     1   3   -242.37409700   1  0.9607   7  0.1448   9  0.1344  11  0.1337   3 -0.0765

etotal =          -242.37426897

Maximum orbital diff (relative):         7.14D-05  1.00D-05
Energy difference (relative):            3.82D-12  1.00D-09

--------------------------------------------------------------------------------
Iteration   14
--------------------------------------------------------------------------------

   nl       e(nl)          qsum           dpm           ns

srhs =     0.00E+00
method - solve_eiv
   3d-   -0.51066E+00    0.18200E-01    0.35015E-04     83
srhs =     0.00E+00
method - solve_eiv
   3d    -0.51114E+00    0.27238E-01    0.36764E-04     83

Ecore  =    -240.44964131

Block Level  2J      Energy      Leading CSFs

    1     1   1   -242.37461292   1  0.9608   6  0.1892   2  0.1272   5  0.1023   3  0.0987
    2     1   3   -242.37409699   1  0.9607   7  0.1448   9  0.1344  11  0.1337   3 -0.0765

etotal =          -242.37426897

Maximum orbital diff (relative):         3.68D-05  1.00D-05
Energy difference (relative):            1.00D-12  1.00D-09

--------------------------------------------------------------------------------
Iteration   15
--------------------------------------------------------------------------------

   nl       e(nl)          qsum           dpm           ns

srhs =     0.00E+00
method - solve_eiv
   3d-   -0.51066E+00    0.18200E-01    0.17952E-04     81
srhs =     0.00E+00
method - solve_eiv
   3d    -0.51114E+00    0.27237E-01    0.18926E-04     81

Ecore  =    -240.44964131

Block Level  2J      Energy      Leading CSFs

    1     1   1   -242.37461292   1  0.9608   6  0.1892   2  0.1272   5  0.1023   3  0.0987
    2     1   3   -242.37409699   1  0.9607   7  0.1448   9  0.1344  11  0.1337   3 -0.0765

etotal =          -242.37426897

Maximum orbital diff (relative):         1.89D-05  1.00D-05
Energy difference (relative):            2.60D-13  1.00D-09

--------------------------------------------------------------------------------
Iteration   16
--------------------------------------------------------------------------------

   nl       e(nl)          qsum           dpm           ns

srhs =     0.00E+00
method - solve_eiv
   3d-   -0.51067E+00    0.18200E-01    0.92062E-05     80
srhs =     0.00E+00
method - solve_eiv
   3d    -0.51114E+00    0.27237E-01    0.97452E-05     80

Ecore  =    -240.44964131

Block Level  2J      Energy      Leading CSFs

    1     1   1   -242.37461292   1  0.9608   6  0.1892   2  0.1272   5  0.1023   3  0.0987
    2     1   3   -242.37409699   1  0.9607   7  0.1448   9  0.1344  11  0.1337   3 -0.0765

etotal =          -242.37426897

Maximum orbital diff (relative):         9.75D-06  1.00D-05
Energy difference (relative):            6.51D-14  1.00D-09

--------------------------------------------------------------------------------

ATOM:  Al

Convergence (latest difference):
Orbital diff. =                          9.75D-06
SCF diff. =                              6.51D-14

  nl       E(nl)        1/R       R       R**2       dmp       ns     max_R

  1s    -58.63332663   12.644    0.120    0.019    0.00E+00    59      4.54
  2s     -4.92916990    2.360    0.618    0.456    0.00E+00    67     12.54
  2p-    -3.22813864    2.215    0.599    0.453    0.00E+00    67     12.54
  2p     -3.21078333    2.205    0.601    0.456    0.00E+00    68     13.54
  3s     -0.41690280    0.503    2.608    7.922    5.68E-06    79     24.54
  3p-    -0.27720494    0.414    3.123   11.410    6.26E-06    83     28.54
  3p     -0.27641649    0.413    3.128   11.449    6.29E-06    83     28.54
  3d-    -0.51066516    0.382    3.019   10.345    9.21E-06    80     25.54
  3d     -0.51113920    0.382    3.020   10.354    9.75E-06    80     25.54

Average energy:                        -242.3742689677922613

Optimized states:

3p-.1/2*                               -242.3746129189152327
3p.3/2*                                -242.3740969922307897

time:                   17.94  sec

--------------------------------------------------------------------------------


debug timing:

time_matrix:            10.67  sec
time_solve:              3.27  sec
time_diag:               2.75  sec

time_convolution:        7.84  sec
time_density:            0.09  sec

Calls to convol  =       6108
Calls to density =      16284
