================================================================================
                   MULTICONFIGURATION B-SPLINE DIRAC-HARTREE-FOCK
================================================================================

Name of case:                     1

Configuration file:               1.c

Angular-coefficients file:        1.bnk

--------------------------------------------------------------------------------

c-file data: 

number of electrons:              2
number of configurations:         4
core orbitals:                    1
core:   1s
number of peel orbitals:          3

     2s      2p-     2p 

number of J-blocks:   3

block  1  2J=  0   ncfg=     1
block  2  2J=  2   ncfg=     2
block  3  2J=  4   ncfg=     1

optimization mode: eol = 5  -  statistically weighted levels

number of levels to optimize:  4

block  1  level=  1   weight=    0.08333
block  2  level=  1   weight=    0.25000
block  2  level=  2   weight=    0.25000
block  3  level=  1   weight=    0.41667

Memory required for Hamiltonian matrix:      0.00 Mb

--------------------------------------------------------------------------------

B-spline parameters:

ns   =  113             -  number of splines
ks   =    9             -  order  of splines
ksp  =    8             -  for large component
ksq  =    9             -  for small component
he   =    0.250         -  exponetial step size
tmax =   50.538         -  maximum radius

Spline integrals:

kmin =    0             -  min. multipole index
kmax =    3             -  max. multipole index
ntype=    4             -  number of different integrals

Memory required for spline integrals:      126.26 Mb

--------------------------------------------------------------------------------

Initial estimations:

  1s  - read from file 1.bsw
  2s  - read from file 1.bsw
  2p- - read from file 1.bsw
  2p  - read from file 1.bsw

--------------------------------------------------------------------------------

Running parameters:

scf_tol =  1.00E-09                    - tolerance for energy convergence
orb_tol =  1.00E-05                    - tolerance for orbital convergence
end_tol =  1.00E-06                    - tolerance for ending zeros
max_it  =  25                          - max. number of iterations

ipzero  =  0                           - initial zeros for larger component
iqzero  =  0                           - initial zeros for small component
jpzero  =  1                           - final zeros for larger component
jqzero  =  1                           - final zeros for small component

--------------------------------------------------------------------------------

Additonal options (not applied if = 0)

method  =  1                           - method for solving MCHF equation
all     =  0                           - collective optimization
irhs    =  0                           - convert right-hand-side to main matrix
newton  =  0                           - use Newton-Rapson method
rotate  =  0                           - use rotations
debug   =  0                           - additional debug output

--------------------------------------------------------------------------------

c_au    =  137.0359997600000           - speed of light

--------------------------------------------------------------------------------

Ecore  =     -13.61388728

Block Level  2J      Energy      Leading CSFs

    1     1   0    -14.51340329   1  1.0000
    2     1   2    -14.51339521   1  0.8165   2 -0.5773
    2     2   2    -14.37801462   2  0.8165   1  0.5773
    3     1   4    -14.51337905   1  1.0000

--------------------------------------------------------------------------------
Iteration    1
--------------------------------------------------------------------------------

   nl       e(nl)          qsum           dpm           ns

   1s    -0.47646E+01    0.20000E+01    0.95837E-06     68
   2s    -0.36766E+00    0.10000E+01    0.82043E-06     80
   2p-   -0.20710E+00    0.33333E+00    0.91090E-06     87
   2p    -0.20708E+00    0.66667E+00    0.91210E-06     87

Ecore  =     -13.61388726

Block Level  2J      Energy      Leading CSFs

    1     1   0    -14.51340329   1  1.0000
    2     1   2    -14.51339521   1  0.8165   2 -0.5773
    2     2   2    -14.37801462   2  0.8165   1  0.5773
    3     1   4    -14.51337905   1  1.0000

etotal =           -14.47954400

Maximum orbital diff (relative):         9.58D-07  1.00D-05
Energy difference (relative):            8.07D-11  1.00D-09

--------------------------------------------------------------------------------

ATOM:  Be

Convergence (latest difference):
Orbital diff. =                          9.58D-07
SCF diff. =                              8.07D-11

  nl       E(nl)        1/R       R       R**2       dmp       ns     max_R

  1s     -4.76456400    3.681    0.415    0.234    9.58E-07    68     13.54
  2s     -0.36766263    0.544    2.545    7.719    8.20E-07    80     25.54
  2p-    -0.20709806    0.429    3.064   11.693    9.11E-07    87     32.54
  2p     -0.20707601    0.429    3.064   11.696    9.12E-07    87     32.54

Average energy:                         -14.4795440042337962

Optimized states:

2s.2p-.0*                               -14.5134032920582285
2s.2p-.1*                               -14.5133952126235837
2s.2p.2*                                -14.5133790522070942
2s.2p.1*                                -14.3780146199470327

time:                    1.48  sec

--------------------------------------------------------------------------------


debug timing:

time_matrix:             0.66  sec
time_solve:              0.17  sec
time_diag:               0.05  sec

time_convolution:        0.12  sec
time_density:            0.00  sec

Calls to convol  =        120
Calls to density =        160
